2024-05-21 13:06:58 LogWrapper init() ./logs/AUD_CAD.log
2024-05-21 13:06:58 {'n_ma': 12, 'n_std': 2.5, 'maxspread': 0.0004, 'mingain': 0.0014, 'riskreward': 1.4}
2024-05-21 13:07:03 CandleManager() init last_candle: last_candle:2024-05-21 17:06 is_ready:False
2024-05-21 13:08:14 CandleManager() new candle:last_candle:2024-05-21 17:07 is_ready:True
2024-05-21 13:08:19 tech_manager: max_rows:32 candle_time2024-05-21 17:07:00+00:00 granularity:M1
2024-05-21 13:08:19 process_candles:
       PAIR                      time    mid_c    mid_o   SL   TP   SPREAD      GAIN     LOSS  SIGNAL
26  AUD_CAD 2024-05-21 17:03:00+00:00  0.90972  0.90970  0.0  0.0  0.00015  0.000087  0.90972       0
27  AUD_CAD 2024-05-21 17:04:00+00:00  0.90968  0.90972  0.0  0.0  0.00016  0.000052  0.90968       0
28  AUD_CAD 2024-05-21 17:05:00+00:00  0.90964  0.90968  0.0  0.0  0.00015  0.000014  0.90964       0
29  AUD_CAD 2024-05-21 17:06:00+00:00  0.90969  0.90965  0.0  0.0  0.00016  0.000065  0.90969       0
30  AUD_CAD 2024-05-21 17:07:00+00:00  0.90972  0.90970  0.0  0.0  0.00015  0.000091  0.90972       0
2024-05-21 13:09:02 CandleManager() new candle:last_candle:2024-05-21 17:08 is_ready:True
2024-05-21 13:09:07 tech_manager: max_rows:32 candle_time2024-05-21 17:08:00+00:00 granularity:M1
2024-05-21 13:09:07 process_candles:
       PAIR                      time    mid_c    mid_o   SL   TP   SPREAD      GAIN     LOSS  SIGNAL
26  AUD_CAD 2024-05-21 17:04:00+00:00  0.90968  0.90972  0.0  0.0  0.00016  0.000052  0.90968       0
27  AUD_CAD 2024-05-21 17:05:00+00:00  0.90964  0.90968  0.0  0.0  0.00015  0.000014  0.90964       0
28  AUD_CAD 2024-05-21 17:06:00+00:00  0.90969  0.90965  0.0  0.0  0.00016  0.000065  0.90969       0
29  AUD_CAD 2024-05-21 17:07:00+00:00  0.90972  0.90970  0.0  0.0  0.00015  0.000091  0.90972       0
30  AUD_CAD 2024-05-21 17:08:00+00:00  0.90978  0.90974  0.0  0.0  0.00017  0.000137  0.90978       0
2024-05-21 13:10:04 CandleManager() new candle:last_candle:2024-05-21 17:09 is_ready:True
2024-05-21 13:10:11 tech_manager: max_rows:32 candle_time2024-05-21 17:09:00+00:00 granularity:M1
2024-05-21 13:10:11 process_candles:
       PAIR                      time    mid_c    mid_o   SL   TP   SPREAD      GAIN     LOSS  SIGNAL
26  AUD_CAD 2024-05-21 17:05:00+00:00  0.90964  0.90968  0.0  0.0  0.00015  0.000014  0.90964       0
27  AUD_CAD 2024-05-21 17:06:00+00:00  0.90969  0.90965  0.0  0.0  0.00016  0.000065  0.90969       0
28  AUD_CAD 2024-05-21 17:07:00+00:00  0.90972  0.90970  0.0  0.0  0.00015  0.000091  0.90972       0
29  AUD_CAD 2024-05-21 17:08:00+00:00  0.90978  0.90974  0.0  0.0  0.00017  0.000137  0.90978       0
30  AUD_CAD 2024-05-21 17:09:00+00:00  0.90980  0.90979  0.0  0.0  0.00016  0.000134  0.90980       0
2024-05-21 13:11:13 CandleManager() new candle:last_candle:2024-05-21 17:10 is_ready:True
2024-05-21 13:11:18 tech_manager: max_rows:32 candle_time2024-05-21 17:10:00+00:00 granularity:M1
2024-05-21 13:11:18 process_candles:
       PAIR                      time    mid_c    mid_o   SL   TP   SPREAD      GAIN     LOSS  SIGNAL
26  AUD_CAD 2024-05-21 17:06:00+00:00  0.90969  0.90965  0.0  0.0  0.00016  0.000065  0.90969       0
27  AUD_CAD 2024-05-21 17:07:00+00:00  0.90972  0.90970  0.0  0.0  0.00015  0.000091  0.90972       0
28  AUD_CAD 2024-05-21 17:08:00+00:00  0.90978  0.90974  0.0  0.0  0.00017  0.000137  0.90978       0
29  AUD_CAD 2024-05-21 17:09:00+00:00  0.90980  0.90979  0.0  0.0  0.00016  0.000134  0.90980       0
30  AUD_CAD 2024-05-21 17:10:00+00:00  0.90969  0.90976  0.0  0.0  0.00016  0.000006  0.90969       0
