2024-05-21 13:06:58 LogWrapper init() ./logs/AUD_JPY.log
2024-05-21 13:06:58 {'n_ma': 12, 'n_std': 2.5, 'maxspread': 0.04, 'mingain': 0.14, 'riskreward': 1.4}
2024-05-21 13:07:03 CandleManager() init last_candle: last_candle:2024-05-21 17:06 is_ready:False
2024-05-21 13:08:14 CandleManager() new candle:last_candle:2024-05-21 17:07 is_ready:True
2024-05-21 13:08:19 tech_manager: max_rows:32 candle_time2024-05-21 17:07:00+00:00 granularity:M1
2024-05-21 13:08:19 process_candles:
       PAIR                      time    mid_c    mid_o   SL   TP  SPREAD      GAIN     LOSS  SIGNAL
26  AUD_JPY 2024-05-21 17:03:00+00:00  104.068  104.060  0.0  0.0   0.018  0.006083  104.068       0
27  AUD_JPY 2024-05-21 17:04:00+00:00  104.064  104.066  0.0  0.0   0.017  0.004472  104.064       0
28  AUD_JPY 2024-05-21 17:05:00+00:00  104.066  104.064  0.0  0.0   0.017  0.007972  104.066       0
29  AUD_JPY 2024-05-21 17:06:00+00:00  104.074  104.066  0.0  0.0   0.019  0.016694  104.074       0
30  AUD_JPY 2024-05-21 17:07:00+00:00  104.075  104.074  0.0  0.0   0.018  0.017778  104.075       0
2024-05-21 13:09:02 CandleManager() new candle:last_candle:2024-05-21 17:08 is_ready:True
2024-05-21 13:09:07 tech_manager: max_rows:32 candle_time2024-05-21 17:08:00+00:00 granularity:M1
2024-05-21 13:09:07 process_candles:
       PAIR                      time    mid_c    mid_o   SL   TP  SPREAD      GAIN     LOSS  SIGNAL
26  AUD_JPY 2024-05-21 17:04:00+00:00  104.064  104.066  0.0  0.0   0.017  0.004472  104.064       0
27  AUD_JPY 2024-05-21 17:05:00+00:00  104.066  104.064  0.0  0.0   0.017  0.007972  104.066       0
28  AUD_JPY 2024-05-21 17:06:00+00:00  104.074  104.066  0.0  0.0   0.019  0.016694  104.074       0
29  AUD_JPY 2024-05-21 17:07:00+00:00  104.075  104.074  0.0  0.0   0.018  0.017778  104.075       0
30  AUD_JPY 2024-05-21 17:08:00+00:00  104.086  104.076  0.0  0.0   0.017  0.027361  104.086       0
2024-05-21 13:10:04 CandleManager() new candle:last_candle:2024-05-21 17:09 is_ready:True
2024-05-21 13:10:11 tech_manager: max_rows:32 candle_time2024-05-21 17:09:00+00:00 granularity:M1
2024-05-21 13:10:11 process_candles:
       PAIR                      time    mid_c    mid_o   SL   TP  SPREAD      GAIN     LOSS  SIGNAL
26  AUD_JPY 2024-05-21 17:05:00+00:00  104.066  104.064  0.0  0.0   0.017  0.007972  104.066       0
27  AUD_JPY 2024-05-21 17:06:00+00:00  104.074  104.066  0.0  0.0   0.019  0.016694  104.074       0
28  AUD_JPY 2024-05-21 17:07:00+00:00  104.075  104.074  0.0  0.0   0.018  0.017778  104.075       0
29  AUD_JPY 2024-05-21 17:08:00+00:00  104.086  104.076  0.0  0.0   0.017  0.027361  104.086       0
30  AUD_JPY 2024-05-21 17:09:00+00:00  104.082  104.087  0.0  0.0   0.015  0.021139  104.082       0
2024-05-21 13:11:13 CandleManager() new candle:last_candle:2024-05-21 17:10 is_ready:True
2024-05-21 13:11:18 tech_manager: max_rows:32 candle_time2024-05-21 17:10:00+00:00 granularity:M1
2024-05-21 13:11:18 process_candles:
       PAIR                      time    mid_c    mid_o   SL   TP  SPREAD      GAIN     LOSS  SIGNAL
26  AUD_JPY 2024-05-21 17:06:00+00:00  104.074  104.066  0.0  0.0   0.019  0.016694  104.074       0
27  AUD_JPY 2024-05-21 17:07:00+00:00  104.075  104.074  0.0  0.0   0.018  0.017778  104.075       0
28  AUD_JPY 2024-05-21 17:08:00+00:00  104.086  104.076  0.0  0.0   0.017  0.027361  104.086       0
29  AUD_JPY 2024-05-21 17:09:00+00:00  104.082  104.087  0.0  0.0   0.015  0.021139  104.082       0
30  AUD_JPY 2024-05-21 17:10:00+00:00  104.066  104.081  0.0  0.0   0.015  0.003000  104.066       0
