2024-05-21 13:06:58 LogWrapper init() ./logs/AUD_SGD.log
2024-05-21 13:06:58 {'n_ma': 12, 'n_std': 2.5, 'maxspread': 0.04, 'mingain': 0.14, 'riskreward': 1.4}
2024-05-21 13:07:03 CandleManager() init last_candle: last_candle:2024-05-21 17:06 is_ready:False
2024-05-21 13:08:16 CandleManager() new candle:last_candle:2024-05-21 17:07 is_ready:True
2024-05-21 13:08:20 tech_manager: max_rows:32 candle_time2024-05-21 17:07:00+00:00 granularity:M1
2024-05-21 13:08:20 process_candles:
       PAIR                      time    mid_c    mid_o   SL   TP   SPREAD      GAIN     LOSS  SIGNAL
26  AUD_SGD 2024-05-21 17:03:00+00:00  0.89806  0.89802  0.0  0.0  0.00021  0.000085  0.89806       0
27  AUD_SGD 2024-05-21 17:04:00+00:00  0.89804  0.89806  0.0  0.0  0.00017  0.000071  0.89804       0
28  AUD_SGD 2024-05-21 17:05:00+00:00  0.89800  0.89803  0.0  0.0  0.00021  0.000032  0.89800       0
29  AUD_SGD 2024-05-21 17:06:00+00:00  0.89802  0.89800  0.0  0.0  0.00020  0.000053  0.89802       0
30  AUD_SGD 2024-05-21 17:07:00+00:00  0.89796  0.89800  0.0  0.0  0.00021  0.000004  0.89796       0
2024-05-21 13:09:04 CandleManager() new candle:last_candle:2024-05-21 17:08 is_ready:True
2024-05-21 13:09:08 tech_manager: max_rows:32 candle_time2024-05-21 17:08:00+00:00 granularity:M1
2024-05-21 13:09:08 process_candles:
       PAIR                      time    mid_c    mid_o   SL   TP   SPREAD      GAIN     LOSS  SIGNAL
26  AUD_SGD 2024-05-21 17:04:00+00:00  0.89804  0.89806  0.0  0.0  0.00017  0.000071  0.89804       0
27  AUD_SGD 2024-05-21 17:05:00+00:00  0.89800  0.89803  0.0  0.0  0.00021  0.000032  0.89800       0
28  AUD_SGD 2024-05-21 17:06:00+00:00  0.89802  0.89800  0.0  0.0  0.00020  0.000053  0.89802       0
29  AUD_SGD 2024-05-21 17:07:00+00:00  0.89796  0.89800  0.0  0.0  0.00021  0.000004  0.89796       0
30  AUD_SGD 2024-05-21 17:08:00+00:00  0.89797  0.89802  0.0  0.0  0.00022  0.000003  0.89797       0
2024-05-21 13:10:06 CandleManager() new candle:last_candle:2024-05-21 17:09 is_ready:True
2024-05-21 13:10:14 tech_manager: max_rows:32 candle_time2024-05-21 17:09:00+00:00 granularity:M1
2024-05-21 13:10:14 process_candles:
       PAIR                      time    mid_c    mid_o   SL   TP   SPREAD      GAIN     LOSS  SIGNAL
26  AUD_SGD 2024-05-21 17:05:00+00:00  0.89800  0.89803  0.0  0.0  0.00021  0.000032  0.89800       0
27  AUD_SGD 2024-05-21 17:06:00+00:00  0.89802  0.89800  0.0  0.0  0.00020  0.000053  0.89802       0
28  AUD_SGD 2024-05-21 17:07:00+00:00  0.89796  0.89800  0.0  0.0  0.00021  0.000004  0.89796       0
29  AUD_SGD 2024-05-21 17:08:00+00:00  0.89797  0.89802  0.0  0.0  0.00022  0.000003  0.89797       0
30  AUD_SGD 2024-05-21 17:09:00+00:00  0.89800  0.89800  0.0  0.0  0.00021  0.000022  0.89800       0
2024-05-21 13:11:15 CandleManager() new candle:last_candle:2024-05-21 17:10 is_ready:True
2024-05-21 13:11:20 tech_manager: max_rows:32 candle_time2024-05-21 17:10:00+00:00 granularity:M1
2024-05-21 13:11:20 process_candles:
       PAIR                      time    mid_c    mid_o   SL   TP   SPREAD      GAIN     LOSS  SIGNAL
26  AUD_SGD 2024-05-21 17:06:00+00:00  0.89802  0.89800  0.0  0.0  0.00020  0.000053  0.89802       0
27  AUD_SGD 2024-05-21 17:07:00+00:00  0.89796  0.89800  0.0  0.0  0.00021  0.000004  0.89796       0
28  AUD_SGD 2024-05-21 17:08:00+00:00  0.89797  0.89802  0.0  0.0  0.00022  0.000003  0.89797       0
29  AUD_SGD 2024-05-21 17:09:00+00:00  0.89800  0.89800  0.0  0.0  0.00021  0.000022  0.89800       0
30  AUD_SGD 2024-05-21 17:10:00+00:00  0.89783  0.89795  0.0  0.0  0.00022  0.000148  0.89783       0
