2024-05-21 13:06:58 LogWrapper init() ./logs/AUD_NZD.log
2024-05-21 13:06:58 {'n_ma': 12, 'n_std': 2.5, 'maxspread': 0.0004, 'mingain': 0.0014, 'riskreward': 1.4}
2024-05-21 13:07:03 CandleManager() init last_candle: last_candle:2024-05-21 17:06 is_ready:False
2024-05-21 13:08:15 CandleManager() new candle:last_candle:2024-05-21 17:07 is_ready:True
2024-05-21 13:08:19 tech_manager: max_rows:32 candle_time2024-05-21 17:07:00+00:00 granularity:M1
2024-05-21 13:08:19 process_candles:
       PAIR                      time    mid_c    mid_o   SL   TP   SPREAD      GAIN     LOSS  SIGNAL
26  AUD_NZD 2024-05-21 17:03:00+00:00  1.09352  1.09348  0.0  0.0  0.00025  0.000005  1.09352       0
27  AUD_NZD 2024-05-21 17:04:00+00:00  1.09349  1.09350  0.0  0.0  0.00024  0.000031  1.09349       0
28  AUD_NZD 2024-05-21 17:05:00+00:00  1.09355  1.09355  0.0  0.0  0.00024  0.000029  1.09355       0
29  AUD_NZD 2024-05-21 17:06:00+00:00  1.09354  1.09354  0.0  0.0  0.00023  0.000021  1.09354       0
30  AUD_NZD 2024-05-21 17:07:00+00:00  1.09357  1.09354  0.0  0.0  0.00024  0.000053  1.09357       0
2024-05-21 13:09:02 CandleManager() new candle:last_candle:2024-05-21 17:08 is_ready:True
2024-05-21 13:09:07 tech_manager: max_rows:32 candle_time2024-05-21 17:08:00+00:00 granularity:M1
2024-05-21 13:09:07 process_candles:
       PAIR                      time    mid_c    mid_o   SL   TP   SPREAD      GAIN     LOSS  SIGNAL
26  AUD_NZD 2024-05-21 17:04:00+00:00  1.09349  1.09350  0.0  0.0  0.00024  0.000031  1.09349       0
27  AUD_NZD 2024-05-21 17:05:00+00:00  1.09355  1.09355  0.0  0.0  0.00024  0.000029  1.09355       0
28  AUD_NZD 2024-05-21 17:06:00+00:00  1.09354  1.09354  0.0  0.0  0.00023  0.000021  1.09354       0
29  AUD_NZD 2024-05-21 17:07:00+00:00  1.09357  1.09354  0.0  0.0  0.00024  0.000053  1.09357       0
30  AUD_NZD 2024-05-21 17:08:00+00:00  1.09355  1.09358  0.0  0.0  0.00024  0.000034  1.09355       0
2024-05-21 13:10:04 CandleManager() new candle:last_candle:2024-05-21 17:09 is_ready:True
2024-05-21 13:10:11 tech_manager: max_rows:32 candle_time2024-05-21 17:09:00+00:00 granularity:M1
2024-05-21 13:10:11 process_candles:
       PAIR                      time    mid_c    mid_o   SL   TP   SPREAD      GAIN     LOSS  SIGNAL
26  AUD_NZD 2024-05-21 17:05:00+00:00  1.09355  1.09355  0.0  0.0  0.00024  0.000029  1.09355       0
27  AUD_NZD 2024-05-21 17:06:00+00:00  1.09354  1.09354  0.0  0.0  0.00023  0.000021  1.09354       0
28  AUD_NZD 2024-05-21 17:07:00+00:00  1.09357  1.09354  0.0  0.0  0.00024  0.000053  1.09357       0
29  AUD_NZD 2024-05-21 17:08:00+00:00  1.09355  1.09358  0.0  0.0  0.00024  0.000034  1.09355       0
30  AUD_NZD 2024-05-21 17:09:00+00:00  1.09352  1.09354  0.0  0.0  0.00023  0.000006  1.09352       0
2024-05-21 13:11:13 CandleManager() new candle:last_candle:2024-05-21 17:10 is_ready:True
2024-05-21 13:11:18 tech_manager: max_rows:32 candle_time2024-05-21 17:10:00+00:00 granularity:M1
2024-05-21 13:11:18 process_candles:
       PAIR                      time    mid_c    mid_o   SL   TP   SPREAD      GAIN     LOSS  SIGNAL
26  AUD_NZD 2024-05-21 17:06:00+00:00  1.09354  1.09354  0.0  0.0  0.00023  0.000021  1.09354       0
27  AUD_NZD 2024-05-21 17:07:00+00:00  1.09357  1.09354  0.0  0.0  0.00024  0.000053  1.09357       0
28  AUD_NZD 2024-05-21 17:08:00+00:00  1.09355  1.09358  0.0  0.0  0.00024  0.000034  1.09355       0
29  AUD_NZD 2024-05-21 17:09:00+00:00  1.09352  1.09354  0.0  0.0  0.00023  0.000006  1.09352       0
30  AUD_NZD 2024-05-21 17:10:00+00:00  1.09358  1.09356  0.0  0.0  0.00023  0.000060  1.09358       0
