2024-05-21 13:06:58 LogWrapper init() ./logs/AUD_USD.log
2024-05-21 13:06:58 {'n_ma': 12, 'n_std': 2.5, 'maxspread': 0.0004, 'mingain': 0.0014, 'riskreward': 1.4}
2024-05-21 13:07:03 CandleManager() init last_candle: last_candle:2024-05-21 17:06 is_ready:False
2024-05-21 13:08:13 CandleManager() new candle:last_candle:2024-05-21 17:07 is_ready:True
2024-05-21 13:08:17 tech_manager: max_rows:32 candle_time2024-05-21 17:07:00+00:00 granularity:M1
2024-05-21 13:08:17 process_candles:
       PAIR                      time    mid_c    mid_o   SL   TP   SPREAD      GAIN     LOSS  SIGNAL
26  AUD_USD 2024-05-21 17:03:00+00:00  0.66652  0.66648  0.0  0.0  0.00012  0.000047  0.66652       0
27  AUD_USD 2024-05-21 17:04:00+00:00  0.66649  0.66654  0.0  0.0  0.00012  0.000028  0.66649       0
28  AUD_USD 2024-05-21 17:05:00+00:00  0.66640  0.66650  0.0  0.0  0.00013  0.000052  0.66640       0
29  AUD_USD 2024-05-21 17:06:00+00:00  0.66643  0.66642  0.0  0.0  0.00012  0.000012  0.66643       0
30  AUD_USD 2024-05-21 17:07:00+00:00  0.66640  0.66642  0.0  0.0  0.00012  0.000030  0.66640       0
2024-05-21 13:09:01 CandleManager() new candle:last_candle:2024-05-21 17:08 is_ready:True
2024-05-21 13:09:05 tech_manager: max_rows:32 candle_time2024-05-21 17:08:00+00:00 granularity:M1
2024-05-21 13:09:05 process_candles:
       PAIR                      time    mid_c    mid_o   SL   TP   SPREAD      GAIN     LOSS  SIGNAL
26  AUD_USD 2024-05-21 17:04:00+00:00  0.66649  0.66654  0.0  0.0  0.00012  0.000028  0.66649       0
27  AUD_USD 2024-05-21 17:05:00+00:00  0.66640  0.66650  0.0  0.0  0.00013  0.000052  0.66640       0
28  AUD_USD 2024-05-21 17:06:00+00:00  0.66643  0.66642  0.0  0.0  0.00012  0.000012  0.66643       0
29  AUD_USD 2024-05-21 17:07:00+00:00  0.66640  0.66642  0.0  0.0  0.00012  0.000030  0.66640       0
30  AUD_USD 2024-05-21 17:08:00+00:00  0.66642  0.66642  0.0  0.0  0.00013  0.000005  0.66642       0
2024-05-21 13:10:03 CandleManager() new candle:last_candle:2024-05-21 17:09 is_ready:True
2024-05-21 13:10:09 tech_manager: max_rows:32 candle_time2024-05-21 17:09:00+00:00 granularity:M1
2024-05-21 13:10:09 process_candles:
       PAIR                      time    mid_c    mid_o   SL   TP   SPREAD      GAIN     LOSS  SIGNAL
26  AUD_USD 2024-05-21 17:05:00+00:00  0.66640  0.66650  0.0  0.0  0.00013  0.000052  0.66640       0
27  AUD_USD 2024-05-21 17:06:00+00:00  0.66643  0.66642  0.0  0.0  0.00012  0.000012  0.66643       0
28  AUD_USD 2024-05-21 17:07:00+00:00  0.66640  0.66642  0.0  0.0  0.00012  0.000030  0.66640       0
29  AUD_USD 2024-05-21 17:08:00+00:00  0.66642  0.66642  0.0  0.0  0.00013  0.000005  0.66642       0
30  AUD_USD 2024-05-21 17:09:00+00:00  0.66642  0.66642  0.0  0.0  0.00011  0.000011  0.66642       0
2024-05-21 13:11:12 CandleManager() new candle:last_candle:2024-05-21 17:10 is_ready:True
2024-05-21 13:11:16 tech_manager: max_rows:32 candle_time2024-05-21 17:10:00+00:00 granularity:M1
2024-05-21 13:11:16 process_candles:
       PAIR                      time    mid_c    mid_o   SL   TP   SPREAD      GAIN     LOSS  SIGNAL
26  AUD_USD 2024-05-21 17:06:00+00:00  0.66643  0.66642  0.0  0.0  0.00012  0.000012  0.66643       0
27  AUD_USD 2024-05-21 17:07:00+00:00  0.66640  0.66642  0.0  0.0  0.00012  0.000030  0.66640       0
28  AUD_USD 2024-05-21 17:08:00+00:00  0.66642  0.66642  0.0  0.0  0.00013  0.000005  0.66642       0
29  AUD_USD 2024-05-21 17:09:00+00:00  0.66642  0.66642  0.0  0.0  0.00011  0.000011  0.66642       0
30  AUD_USD 2024-05-21 17:10:00+00:00  0.66622  0.66638  0.0  0.0  0.00011  0.000204  0.66622       0
