2024-05-21 13:06:58 LogWrapper init() ./logs/AUD_HKD.log
2024-05-21 13:06:58 {'n_ma': 12, 'n_std': 2.5, 'maxspread': 0.04, 'mingain': 0.14, 'riskreward': 1.4}
2024-05-21 13:07:03 CandleManager() init last_candle: last_candle:2024-05-21 17:06 is_ready:False
2024-05-21 13:08:16 CandleManager() new candle:last_candle:2024-05-21 17:07 is_ready:True
2024-05-21 13:08:20 tech_manager: max_rows:32 candle_time2024-05-21 17:07:00+00:00 granularity:M1
2024-05-21 13:08:20 process_candles:
       PAIR                      time    mid_c    mid_o   SL   TP   SPREAD      GAIN     LOSS  SIGNAL
26  AUD_HKD 2024-05-21 17:03:00+00:00  5.20174  5.20156  0.0  0.0  0.00113  0.000359  5.20174       0
27  AUD_HKD 2024-05-21 17:04:00+00:00  5.20154  5.20170  0.0  0.0  0.00109  0.000257  5.20154       0
28  AUD_HKD 2024-05-21 17:05:00+00:00  5.20090  5.20150  0.0  0.0  0.00119  0.000305  5.20090       0
29  AUD_HKD 2024-05-21 17:06:00+00:00  5.20100  5.20090  0.0  0.0  0.00120  0.000125  5.20100       0
30  AUD_HKD 2024-05-21 17:07:00+00:00  5.20081  5.20091  0.0  0.0  0.00118  0.000224  5.20081       0
2024-05-21 13:09:03 CandleManager() new candle:last_candle:2024-05-21 17:08 is_ready:True
2024-05-21 13:09:08 tech_manager: max_rows:32 candle_time2024-05-21 17:08:00+00:00 granularity:M1
2024-05-21 13:09:08 process_candles:
       PAIR                      time    mid_c    mid_o   SL   TP   SPREAD      GAIN     LOSS  SIGNAL
26  AUD_HKD 2024-05-21 17:04:00+00:00  5.20154  5.20170  0.0  0.0  0.00109  0.000257  5.20154       0
27  AUD_HKD 2024-05-21 17:05:00+00:00  5.20090  5.20150  0.0  0.0  0.00119  0.000305  5.20090       0
28  AUD_HKD 2024-05-21 17:06:00+00:00  5.20100  5.20090  0.0  0.0  0.00120  0.000125  5.20100       0
29  AUD_HKD 2024-05-21 17:07:00+00:00  5.20081  5.20091  0.0  0.0  0.00118  0.000224  5.20081       0
30  AUD_HKD 2024-05-21 17:08:00+00:00  5.20105  5.20086  0.0  0.0  0.00110  0.000049  5.20105       0
2024-05-21 13:10:06 CandleManager() new candle:last_candle:2024-05-21 17:09 is_ready:True
2024-05-21 13:10:13 tech_manager: max_rows:32 candle_time2024-05-21 17:09:00+00:00 granularity:M1
2024-05-21 13:10:14 process_candles:
       PAIR                      time    mid_c    mid_o   SL   TP   SPREAD      GAIN     LOSS  SIGNAL
26  AUD_HKD 2024-05-21 17:05:00+00:00  5.20090  5.20150  0.0  0.0  0.00119  0.000305  5.20090       0
27  AUD_HKD 2024-05-21 17:06:00+00:00  5.20100  5.20090  0.0  0.0  0.00120  0.000125  5.20100       0
28  AUD_HKD 2024-05-21 17:07:00+00:00  5.20081  5.20091  0.0  0.0  0.00118  0.000224  5.20081       0
29  AUD_HKD 2024-05-21 17:08:00+00:00  5.20105  5.20086  0.0  0.0  0.00110  0.000049  5.20105       0
30  AUD_HKD 2024-05-21 17:09:00+00:00  5.20093  5.20110  0.0  0.0  0.00114  0.000105  5.20093       0
2024-05-21 13:11:15 CandleManager() new candle:last_candle:2024-05-21 17:10 is_ready:True
2024-05-21 13:11:20 tech_manager: max_rows:32 candle_time2024-05-21 17:10:00+00:00 granularity:M1
2024-05-21 13:11:20 process_candles:
       PAIR                      time    mid_c    mid_o   SL   TP   SPREAD      GAIN     LOSS  SIGNAL
26  AUD_HKD 2024-05-21 17:06:00+00:00  5.20100  5.20090  0.0  0.0  0.00120  0.000125  5.20100       0
27  AUD_HKD 2024-05-21 17:07:00+00:00  5.20081  5.20091  0.0  0.0  0.00118  0.000224  5.20081       0
28  AUD_HKD 2024-05-21 17:08:00+00:00  5.20105  5.20086  0.0  0.0  0.00110  0.000049  5.20105       0
29  AUD_HKD 2024-05-21 17:09:00+00:00  5.20093  5.20110  0.0  0.0  0.00114  0.000105  5.20093       0
30  AUD_HKD 2024-05-21 17:10:00+00:00  5.19942  5.20086  0.0  0.0  0.00124  0.001565  5.19942       0
