2024-05-21 13:06:58 LogWrapper init() ./logs/AUD_CHF.log
2024-05-21 13:06:58 {'n_ma': 12, 'n_std': 2.5, 'maxspread': 0.0004, 'mingain': 0.0014, 'riskreward': 1.4}
2024-05-21 13:07:03 CandleManager() init last_candle: last_candle:2024-05-21 17:05 is_ready:False
2024-05-21 13:07:15 CandleManager() new candle:last_candle:2024-05-21 17:06 is_ready:True
2024-05-21 13:07:18 tech_manager: max_rows:32 candle_time2024-05-21 17:06:00+00:00 granularity:M1
2024-05-21 13:07:18 process_candles:
       PAIR                      time    mid_c    mid_o   SL   TP   SPREAD      GAIN     LOSS  SIGNAL
26  AUD_CHF 2024-05-21 17:02:00+00:00  0.60701  0.60694  0.0  0.0  0.00014  0.000049  0.60701       0
27  AUD_CHF 2024-05-21 17:03:00+00:00  0.60707  0.60702  0.0  0.0  0.00012  0.000113  0.60707       0
28  AUD_CHF 2024-05-21 17:04:00+00:00  0.60712  0.60708  0.0  0.0  0.00015  0.000161  0.60712       0
29  AUD_CHF 2024-05-21 17:05:00+00:00  0.60716  0.60709  0.0  0.0  0.00014  0.000188  0.60716       0
30  AUD_CHF 2024-05-21 17:06:00+00:00  0.60712  0.60716  0.0  0.0  0.00015  0.000136  0.60712       0
2024-05-21 13:08:14 CandleManager() new candle:last_candle:2024-05-21 17:07 is_ready:True
2024-05-21 13:08:19 tech_manager: max_rows:32 candle_time2024-05-21 17:07:00+00:00 granularity:M1
2024-05-21 13:08:19 process_candles:
       PAIR                      time    mid_c    mid_o   SL   TP   SPREAD      GAIN     LOSS  SIGNAL
26  AUD_CHF 2024-05-21 17:03:00+00:00  0.60707  0.60702  0.0  0.0  0.00012  0.000113  0.60707       0
27  AUD_CHF 2024-05-21 17:04:00+00:00  0.60712  0.60708  0.0  0.0  0.00015  0.000161  0.60712       0
28  AUD_CHF 2024-05-21 17:05:00+00:00  0.60716  0.60709  0.0  0.0  0.00014  0.000188  0.60716       0
29  AUD_CHF 2024-05-21 17:06:00+00:00  0.60712  0.60716  0.0  0.0  0.00015  0.000136  0.60712       0
30  AUD_CHF 2024-05-21 17:07:00+00:00  0.60716  0.60714  0.0  0.0  0.00015  0.000165  0.60716       0
2024-05-21 13:09:02 CandleManager() new candle:last_candle:2024-05-21 17:08 is_ready:True
2024-05-21 13:09:07 tech_manager: max_rows:32 candle_time2024-05-21 17:08:00+00:00 granularity:M1
2024-05-21 13:09:07 process_candles:
       PAIR                      time    mid_c    mid_o   SL   TP   SPREAD      GAIN     LOSS  SIGNAL
26  AUD_CHF 2024-05-21 17:04:00+00:00  0.60712  0.60708  0.0  0.0  0.00015  0.000161  0.60712       0
27  AUD_CHF 2024-05-21 17:05:00+00:00  0.60716  0.60709  0.0  0.0  0.00014  0.000188  0.60716       0
28  AUD_CHF 2024-05-21 17:06:00+00:00  0.60712  0.60716  0.0  0.0  0.00015  0.000136  0.60712       0
29  AUD_CHF 2024-05-21 17:07:00+00:00  0.60716  0.60714  0.0  0.0  0.00015  0.000165  0.60716       0
30  AUD_CHF 2024-05-21 17:08:00+00:00  0.60718  0.60715  0.0  0.0  0.00015  0.000167  0.60718       0
2024-05-21 13:10:04 CandleManager() new candle:last_candle:2024-05-21 17:09 is_ready:True
2024-05-21 13:10:11 tech_manager: max_rows:32 candle_time2024-05-21 17:09:00+00:00 granularity:M1
2024-05-21 13:10:11 process_candles:
       PAIR                      time    mid_c    mid_o   SL   TP   SPREAD      GAIN     LOSS  SIGNAL
26  AUD_CHF 2024-05-21 17:05:00+00:00  0.60716  0.60709  0.0  0.0  0.00014  0.000188  0.60716       0
27  AUD_CHF 2024-05-21 17:06:00+00:00  0.60712  0.60716  0.0  0.0  0.00015  0.000136  0.60712       0
28  AUD_CHF 2024-05-21 17:07:00+00:00  0.60716  0.60714  0.0  0.0  0.00015  0.000165  0.60716       0
29  AUD_CHF 2024-05-21 17:08:00+00:00  0.60718  0.60715  0.0  0.0  0.00015  0.000167  0.60718       0
30  AUD_CHF 2024-05-21 17:09:00+00:00  0.60716  0.60718  0.0  0.0  0.00014  0.000126  0.60716       0
2024-05-21 13:11:13 CandleManager() new candle:last_candle:2024-05-21 17:10 is_ready:True
2024-05-21 13:11:18 tech_manager: max_rows:32 candle_time2024-05-21 17:10:00+00:00 granularity:M1
2024-05-21 13:11:18 process_candles:
       PAIR                      time    mid_c    mid_o   SL   TP   SPREAD      GAIN     LOSS  SIGNAL
26  AUD_CHF 2024-05-21 17:06:00+00:00  0.60712  0.60716  0.0  0.0  0.00015  0.000136  0.60712       0
27  AUD_CHF 2024-05-21 17:07:00+00:00  0.60716  0.60714  0.0  0.0  0.00015  0.000165  0.60716       0
28  AUD_CHF 2024-05-21 17:08:00+00:00  0.60718  0.60715  0.0  0.0  0.00015  0.000167  0.60718       0
29  AUD_CHF 2024-05-21 17:09:00+00:00  0.60716  0.60718  0.0  0.0  0.00014  0.000126  0.60716       0
30  AUD_CHF 2024-05-21 17:10:00+00:00  0.60718  0.60718  0.0  0.0  0.00014  0.000119  0.60718       0
