2024-05-21 13:06:58 LogWrapper init() ./logs/CAD_JPY.log
2024-05-21 13:06:58 {'n_ma': 12, 'n_std': 2.5, 'maxspread': 0.04, 'mingain': 0.14, 'riskreward': 1.4}
2024-05-21 13:07:03 CandleManager() init last_candle: last_candle:2024-05-21 17:06 is_ready:False
2024-05-21 13:07:59 CandleManager() new candle:last_candle:2024-05-21 17:07 is_ready:True
2024-05-21 13:08:02 tech_manager: max_rows:32 candle_time2024-05-21 17:07:00+00:00 granularity:M1
2024-05-21 13:08:02 process_candles:
       PAIR                      time    mid_c    mid_o   SL   TP  SPREAD      GAIN     LOSS  SIGNAL
26  CAD_JPY 2024-05-21 17:03:00+00:00  114.396  114.392  0.0  0.0   0.020  0.004556  114.396       0
27  CAD_JPY 2024-05-21 17:04:00+00:00  114.398  114.396  0.0  0.0   0.022  0.000528  114.398       0
28  CAD_JPY 2024-05-21 17:05:00+00:00  114.405  114.398  0.0  0.0   0.018  0.007667  114.405       0
29  CAD_JPY 2024-05-21 17:06:00+00:00  114.408  114.402  0.0  0.0   0.019  0.011361  114.408       0
30  CAD_JPY 2024-05-21 17:07:00+00:00  114.402  114.404  0.0  0.0   0.019  0.006056  114.402       0
2024-05-21 13:09:02 CandleManager() new candle:last_candle:2024-05-21 17:08 is_ready:True
2024-05-21 13:09:07 tech_manager: max_rows:32 candle_time2024-05-21 17:08:00+00:00 granularity:M1
2024-05-21 13:09:07 process_candles:
       PAIR                      time    mid_c    mid_o   SL   TP  SPREAD      GAIN     LOSS  SIGNAL
26  CAD_JPY 2024-05-21 17:04:00+00:00  114.398  114.396  0.0  0.0   0.022  0.000528  114.398       0
27  CAD_JPY 2024-05-21 17:05:00+00:00  114.405  114.398  0.0  0.0   0.018  0.007667  114.405       0
28  CAD_JPY 2024-05-21 17:06:00+00:00  114.408  114.402  0.0  0.0   0.019  0.011361  114.408       0
29  CAD_JPY 2024-05-21 17:07:00+00:00  114.402  114.404  0.0  0.0   0.019  0.006056  114.402       0
30  CAD_JPY 2024-05-21 17:08:00+00:00  114.411  114.402  0.0  0.0   0.018  0.015194  114.411       0
2024-05-21 13:10:04 CandleManager() new candle:last_candle:2024-05-21 17:09 is_ready:True
2024-05-21 13:10:11 tech_manager: max_rows:32 candle_time2024-05-21 17:09:00+00:00 granularity:M1
2024-05-21 13:10:11 process_candles:
       PAIR                      time    mid_c    mid_o   SL   TP  SPREAD      GAIN     LOSS  SIGNAL
26  CAD_JPY 2024-05-21 17:05:00+00:00  114.405  114.398  0.0  0.0   0.018  0.007667  114.405       0
27  CAD_JPY 2024-05-21 17:06:00+00:00  114.408  114.402  0.0  0.0   0.019  0.011361  114.408       0
28  CAD_JPY 2024-05-21 17:07:00+00:00  114.402  114.404  0.0  0.0   0.019  0.006056  114.402       0
29  CAD_JPY 2024-05-21 17:08:00+00:00  114.411  114.402  0.0  0.0   0.018  0.015194  114.411       0
30  CAD_JPY 2024-05-21 17:09:00+00:00  114.400  114.408  0.0  0.0   0.020  0.004611  114.400       0
2024-05-21 13:11:13 CandleManager() new candle:last_candle:2024-05-21 17:10 is_ready:True
2024-05-21 13:11:18 tech_manager: max_rows:32 candle_time2024-05-21 17:10:00+00:00 granularity:M1
2024-05-21 13:11:18 process_candles:
       PAIR                      time    mid_c    mid_o   SL   TP  SPREAD      GAIN     LOSS  SIGNAL
26  CAD_JPY 2024-05-21 17:06:00+00:00  114.408  114.402  0.0  0.0   0.019  0.011361  114.408       0
27  CAD_JPY 2024-05-21 17:07:00+00:00  114.402  114.404  0.0  0.0   0.019  0.006056  114.402       0
28  CAD_JPY 2024-05-21 17:08:00+00:00  114.411  114.402  0.0  0.0   0.018  0.015194  114.411       0
29  CAD_JPY 2024-05-21 17:09:00+00:00  114.400  114.408  0.0  0.0   0.020  0.004611  114.400       0
30  CAD_JPY 2024-05-21 17:10:00+00:00  114.400  114.401  0.0  0.0   0.019  0.004583  114.400       0
