2024-05-21 13:06:58 LogWrapper init() ./logs/CAD_HKD.log
2024-05-21 13:06:58 {'n_ma': 12, 'n_std': 2.5, 'maxspread': 0.04, 'mingain': 0.14, 'riskreward': 1.4}
2024-05-21 13:07:03 CandleManager() init last_candle: last_candle:2024-05-21 17:06 is_ready:False
2024-05-21 13:08:16 CandleManager() new candle:last_candle:2024-05-21 17:07 is_ready:True
2024-05-21 13:08:20 tech_manager: max_rows:32 candle_time2024-05-21 17:07:00+00:00 granularity:M1
2024-05-21 13:08:20 process_candles:
       PAIR                      time    mid_c    mid_o   SL   TP   SPREAD      GAIN     LOSS  SIGNAL
26  CAD_HKD 2024-05-21 17:03:00+00:00  5.71806  5.71790  0.0  0.0  0.00092  0.000036  5.71806       0
27  CAD_HKD 2024-05-21 17:04:00+00:00  5.71792  5.71808  0.0  0.0  0.00097  0.000098  5.71792       0
28  CAD_HKD 2024-05-21 17:05:00+00:00  5.71754  5.71794  0.0  0.0  0.00091  0.000411  5.71754       0
29  CAD_HKD 2024-05-21 17:06:00+00:00  5.71732  5.71756  0.0  0.0  0.00088  0.000548  5.71732       0
30  CAD_HKD 2024-05-21 17:07:00+00:00  5.71689  5.71724  0.0  0.0  0.00088  0.000853  5.71689       0
2024-05-21 13:09:03 CandleManager() new candle:last_candle:2024-05-21 17:08 is_ready:True
2024-05-21 13:09:08 tech_manager: max_rows:32 candle_time2024-05-21 17:08:00+00:00 granularity:M1
2024-05-21 13:09:08 process_candles:
       PAIR                      time    mid_c    mid_o   SL   TP   SPREAD      GAIN     LOSS  SIGNAL
26  CAD_HKD 2024-05-21 17:04:00+00:00  5.71792  5.71808  0.0  0.0  0.00097  0.000098  5.71792       0
27  CAD_HKD 2024-05-21 17:05:00+00:00  5.71754  5.71794  0.0  0.0  0.00091  0.000411  5.71754       0
28  CAD_HKD 2024-05-21 17:06:00+00:00  5.71732  5.71756  0.0  0.0  0.00088  0.000548  5.71732       0
29  CAD_HKD 2024-05-21 17:07:00+00:00  5.71689  5.71724  0.0  0.0  0.00088  0.000853  5.71689       0
30  CAD_HKD 2024-05-21 17:08:00+00:00  5.71688  5.71698  0.0  0.0  0.00085  0.000744  5.71688       0
2024-05-21 13:10:06 CandleManager() new candle:last_candle:2024-05-21 17:09 is_ready:True
2024-05-21 13:10:13 tech_manager: max_rows:32 candle_time2024-05-21 17:09:00+00:00 granularity:M1
2024-05-21 13:10:13 process_candles:
       PAIR                      time    mid_c    mid_o   SL   TP   SPREAD      GAIN     LOSS  SIGNAL
26  CAD_HKD 2024-05-21 17:05:00+00:00  5.71754  5.71794  0.0  0.0  0.00091  0.000411  5.71754       0
27  CAD_HKD 2024-05-21 17:06:00+00:00  5.71732  5.71756  0.0  0.0  0.00088  0.000548  5.71732       0
28  CAD_HKD 2024-05-21 17:07:00+00:00  5.71689  5.71724  0.0  0.0  0.00088  0.000853  5.71689       0
29  CAD_HKD 2024-05-21 17:08:00+00:00  5.71688  5.71698  0.0  0.0  0.00085  0.000744  5.71688       0
30  CAD_HKD 2024-05-21 17:09:00+00:00  5.71662  5.71680  0.0  0.0  0.00093  0.000904  5.71662       0
2024-05-21 13:11:15 CandleManager() new candle:last_candle:2024-05-21 17:10 is_ready:True
2024-05-21 13:11:20 tech_manager: max_rows:32 candle_time2024-05-21 17:10:00+00:00 granularity:M1
2024-05-21 13:11:20 process_candles:
       PAIR                      time    mid_c    mid_o   SL   TP   SPREAD      GAIN     LOSS  SIGNAL
26  CAD_HKD 2024-05-21 17:06:00+00:00  5.71732  5.71756  0.0  0.0  0.00088  0.000548  5.71732       0
27  CAD_HKD 2024-05-21 17:07:00+00:00  5.71689  5.71724  0.0  0.0  0.00088  0.000853  5.71689       0
28  CAD_HKD 2024-05-21 17:08:00+00:00  5.71688  5.71698  0.0  0.0  0.00085  0.000744  5.71688       0
29  CAD_HKD 2024-05-21 17:09:00+00:00  5.71662  5.71680  0.0  0.0  0.00093  0.000904  5.71662       0
30  CAD_HKD 2024-05-21 17:10:00+00:00  5.71567  5.71658  0.0  0.0  0.00086  0.001691  5.71567       0
