2024-05-21 13:06:58 LogWrapper init() ./logs/CAD_CHF.log
2024-05-21 13:06:58 {'n_ma': 12, 'n_std': 2.5, 'maxspread': 0.0004, 'mingain': 0.0014, 'riskreward': 1.4}
2024-05-21 13:07:03 CandleManager() init last_candle: last_candle:2024-05-21 17:06 is_ready:False
2024-05-21 13:08:13 CandleManager() new candle:last_candle:2024-05-21 17:07 is_ready:True
2024-05-21 13:08:18 tech_manager: max_rows:32 candle_time2024-05-21 17:07:00+00:00 granularity:M1
2024-05-21 13:08:18 process_candles:
       PAIR                      time    mid_c    mid_o   SL   TP   SPREAD      GAIN     LOSS  SIGNAL
26  CAD_CHF 2024-05-21 17:03:00+00:00  0.66733  0.66730  0.0  0.0  0.00014  0.000076  0.66733       0
27  CAD_CHF 2024-05-21 17:04:00+00:00  0.66738  0.66733  0.0  0.0  0.00015  0.000121  0.66738       0
28  CAD_CHF 2024-05-21 17:05:00+00:00  0.66748  0.66736  0.0  0.0  0.00013  0.000206  0.66748       0
29  CAD_CHF 2024-05-21 17:06:00+00:00  0.66740  0.66742  0.0  0.0  0.00012  0.000113  0.66740       0
30  CAD_CHF 2024-05-21 17:07:00+00:00  0.66738  0.66738  0.0  0.0  0.00015  0.000084  0.66738       0
2024-05-21 13:09:01 CandleManager() new candle:last_candle:2024-05-21 17:08 is_ready:True
2024-05-21 13:09:06 tech_manager: max_rows:32 candle_time2024-05-21 17:08:00+00:00 granularity:M1
2024-05-21 13:09:06 process_candles:
       PAIR                      time    mid_c    mid_o   SL   TP   SPREAD      GAIN     LOSS  SIGNAL
26  CAD_CHF 2024-05-21 17:04:00+00:00  0.66738  0.66733  0.0  0.0  0.00015  0.000121  0.66738       0
27  CAD_CHF 2024-05-21 17:05:00+00:00  0.66748  0.66736  0.0  0.0  0.00013  0.000206  0.66748       0
28  CAD_CHF 2024-05-21 17:06:00+00:00  0.66740  0.66742  0.0  0.0  0.00012  0.000113  0.66740       0
29  CAD_CHF 2024-05-21 17:07:00+00:00  0.66738  0.66738  0.0  0.0  0.00015  0.000084  0.66738       0
30  CAD_CHF 2024-05-21 17:08:00+00:00  0.66741  0.66738  0.0  0.0  0.00014  0.000104  0.66741       0
2024-05-21 13:10:03 CandleManager() new candle:last_candle:2024-05-21 17:09 is_ready:True
2024-05-21 13:10:10 tech_manager: max_rows:32 candle_time2024-05-21 17:09:00+00:00 granularity:M1
2024-05-21 13:10:10 process_candles:
       PAIR                      time    mid_c    mid_o   SL   TP   SPREAD      GAIN     LOSS  SIGNAL
26  CAD_CHF 2024-05-21 17:05:00+00:00  0.66748  0.66736  0.0  0.0  0.00013  0.000206  0.66748       0
27  CAD_CHF 2024-05-21 17:06:00+00:00  0.66740  0.66742  0.0  0.0  0.00012  0.000113  0.66740       0
28  CAD_CHF 2024-05-21 17:07:00+00:00  0.66738  0.66738  0.0  0.0  0.00015  0.000084  0.66738       0
29  CAD_CHF 2024-05-21 17:08:00+00:00  0.66741  0.66738  0.0  0.0  0.00014  0.000104  0.66741       0
30  CAD_CHF 2024-05-21 17:09:00+00:00  0.66738  0.66740  0.0  0.0  0.00015  0.000067  0.66738       0
2024-05-21 13:11:12 CandleManager() new candle:last_candle:2024-05-21 17:10 is_ready:True
2024-05-21 13:11:17 tech_manager: max_rows:32 candle_time2024-05-21 17:10:00+00:00 granularity:M1
2024-05-21 13:11:17 process_candles:
       PAIR                      time    mid_c    mid_o   SL   TP   SPREAD      GAIN     LOSS  SIGNAL
26  CAD_CHF 2024-05-21 17:06:00+00:00  0.66740  0.66742  0.0  0.0  0.00012  0.000113  0.66740       0
27  CAD_CHF 2024-05-21 17:07:00+00:00  0.66738  0.66738  0.0  0.0  0.00015  0.000084  0.66738       0
28  CAD_CHF 2024-05-21 17:08:00+00:00  0.66741  0.66738  0.0  0.0  0.00014  0.000104  0.66741       0
29  CAD_CHF 2024-05-21 17:09:00+00:00  0.66738  0.66740  0.0  0.0  0.00015  0.000067  0.66738       0
30  CAD_CHF 2024-05-21 17:10:00+00:00  0.66745  0.66741  0.0  0.0  0.00014  0.000121  0.66745       0
