2024-05-21 13:06:58 LogWrapper init() ./logs/CAD_SGD.log
2024-05-21 13:06:58 {'n_ma': 12, 'n_std': 2.5, 'maxspread': 0.04, 'mingain': 0.14, 'riskreward': 1.4}
2024-05-21 13:07:03 CandleManager() init last_candle: last_candle:2024-05-21 17:06 is_ready:False
2024-05-21 13:08:17 CandleManager() new candle:last_candle:2024-05-21 17:07 is_ready:True
2024-05-21 13:08:21 tech_manager: max_rows:32 candle_time2024-05-21 17:07:00+00:00 granularity:M1
2024-05-21 13:08:21 process_candles:
       PAIR                      time    mid_c    mid_o   SL   TP   SPREAD      GAIN     LOSS  SIGNAL
26  CAD_SGD 2024-05-21 17:03:00+00:00  0.98720  0.98714  0.0  0.0  0.00020  0.000029  0.98720       0
27  CAD_SGD 2024-05-21 17:04:00+00:00  0.98720  0.98720  0.0  0.0  0.00019  0.000029  0.98720       0
28  CAD_SGD 2024-05-21 17:05:00+00:00  0.98721  0.98720  0.0  0.0  0.00020  0.000037  0.98721       0
29  CAD_SGD 2024-05-21 17:06:00+00:00  0.98716  0.98719  0.0  0.0  0.00019  0.000013  0.98716       0
30  CAD_SGD 2024-05-21 17:07:00+00:00  0.98706  0.98712  0.0  0.0  0.00019  0.000105  0.98706       0
2024-05-21 13:09:05 CandleManager() new candle:last_candle:2024-05-21 17:08 is_ready:True
2024-05-21 13:09:09 tech_manager: max_rows:32 candle_time2024-05-21 17:08:00+00:00 granularity:M1
2024-05-21 13:09:09 process_candles:
       PAIR                      time    mid_c    mid_o   SL   TP   SPREAD      GAIN     LOSS  SIGNAL
26  CAD_SGD 2024-05-21 17:04:00+00:00  0.98720  0.98720  0.0  0.0  0.00019  0.000029  0.98720       0
27  CAD_SGD 2024-05-21 17:05:00+00:00  0.98721  0.98720  0.0  0.0  0.00020  0.000037  0.98721       0
28  CAD_SGD 2024-05-21 17:06:00+00:00  0.98716  0.98719  0.0  0.0  0.00019  0.000013  0.98716       0
29  CAD_SGD 2024-05-21 17:07:00+00:00  0.98706  0.98712  0.0  0.0  0.00019  0.000105  0.98706       0
30  CAD_SGD 2024-05-21 17:08:00+00:00  0.98700  0.98706  0.0  0.0  0.00021  0.000152  0.98700       0
2024-05-21 13:10:08 CandleManager() new candle:last_candle:2024-05-21 17:09 is_ready:True
2024-05-21 13:10:16 tech_manager: max_rows:32 candle_time2024-05-21 17:09:00+00:00 granularity:M1
2024-05-21 13:10:16 process_candles:
       PAIR                      time    mid_c    mid_o   SL   TP   SPREAD      GAIN     LOSS  SIGNAL
26  CAD_SGD 2024-05-21 17:05:00+00:00  0.98721  0.98720  0.0  0.0  0.00020  0.000037  0.98721       0
27  CAD_SGD 2024-05-21 17:06:00+00:00  0.98716  0.98719  0.0  0.0  0.00019  0.000013  0.98716       0
28  CAD_SGD 2024-05-21 17:07:00+00:00  0.98706  0.98712  0.0  0.0  0.00019  0.000105  0.98706       0
29  CAD_SGD 2024-05-21 17:08:00+00:00  0.98700  0.98706  0.0  0.0  0.00021  0.000152  0.98700       0
30  CAD_SGD 2024-05-21 17:09:00+00:00  0.98700  0.98700  0.0  0.0  0.00019  0.000139  0.98700       0
2024-05-21 13:11:00 CandleManager() new candle:last_candle:2024-05-21 17:10 is_ready:True
2024-05-21 13:11:01 tech_manager: max_rows:32 candle_time2024-05-21 17:10:00+00:00 granularity:M1
2024-05-21 13:11:01 process_candles:
       PAIR                      time    mid_c    mid_o   SL   TP   SPREAD      GAIN     LOSS  SIGNAL
26  CAD_SGD 2024-05-21 17:06:00+00:00  0.98716  0.98719  0.0  0.0  0.00019  0.000013  0.98716       0
27  CAD_SGD 2024-05-21 17:07:00+00:00  0.98706  0.98712  0.0  0.0  0.00019  0.000105  0.98706       0
28  CAD_SGD 2024-05-21 17:08:00+00:00  0.98700  0.98706  0.0  0.0  0.00021  0.000152  0.98700       0
29  CAD_SGD 2024-05-21 17:09:00+00:00  0.98700  0.98700  0.0  0.0  0.00019  0.000139  0.98700       0
30  CAD_SGD 2024-05-21 17:10:00+00:00  0.98698  0.98700  0.0  0.0  0.00021  0.000141  0.98698       0
