2024-05-21 13:06:58 LogWrapper init() ./logs/CHF_HKD.log
2024-05-21 13:06:58 {'n_ma': 12, 'n_std': 2.5, 'maxspread': 0.04, 'mingain': 0.14, 'riskreward': 1.4}
2024-05-21 13:07:03 CandleManager() init last_candle: last_candle:2024-05-21 17:06 is_ready:False
2024-05-21 13:08:15 CandleManager() new candle:last_candle:2024-05-21 17:07 is_ready:True
2024-05-21 13:08:20 tech_manager: max_rows:32 candle_time2024-05-21 17:07:00+00:00 granularity:M1
2024-05-21 13:08:20 process_candles:
       PAIR                      time    mid_c    mid_o   SL   TP   SPREAD      GAIN     LOSS  SIGNAL
26  CHF_HKD 2024-05-21 17:03:00+00:00  8.56868  8.56906  0.0  0.0  0.00165  0.000946  8.56868       0
27  CHF_HKD 2024-05-21 17:04:00+00:00  8.56773  8.56862  0.0  0.0  0.00184  0.001714  8.56773       0
28  CHF_HKD 2024-05-21 17:05:00+00:00  8.56594  8.56770  0.0  0.0  0.00183  0.003198  8.56594       0
29  CHF_HKD 2024-05-21 17:06:00+00:00  8.56670  8.56592  0.0  0.0  0.00159  0.002134  8.56670       0
30  CHF_HKD 2024-05-21 17:07:00+00:00  8.56600  8.56664  0.0  0.0  0.00176  0.002538  8.56600       0
2024-05-21 13:09:03 CandleManager() new candle:last_candle:2024-05-21 17:08 is_ready:True
2024-05-21 13:09:08 tech_manager: max_rows:32 candle_time2024-05-21 17:08:00+00:00 granularity:M1
2024-05-21 13:09:08 process_candles:
       PAIR                      time    mid_c    mid_o   SL   TP   SPREAD      GAIN     LOSS  SIGNAL
26  CHF_HKD 2024-05-21 17:04:00+00:00  8.56773  8.56862  0.0  0.0  0.00184  0.001714  8.56773       0
27  CHF_HKD 2024-05-21 17:05:00+00:00  8.56594  8.56770  0.0  0.0  0.00183  0.003198  8.56594       0
28  CHF_HKD 2024-05-21 17:06:00+00:00  8.56670  8.56592  0.0  0.0  0.00159  0.002134  8.56670       0
29  CHF_HKD 2024-05-21 17:07:00+00:00  8.56600  8.56664  0.0  0.0  0.00176  0.002538  8.56600       0
30  CHF_HKD 2024-05-21 17:08:00+00:00  8.56585  8.56602  0.0  0.0  0.00166  0.002385  8.56585       0
2024-05-21 13:10:06 CandleManager() new candle:last_candle:2024-05-21 17:09 is_ready:True
2024-05-21 13:10:13 tech_manager: max_rows:32 candle_time2024-05-21 17:09:00+00:00 granularity:M1
2024-05-21 13:10:13 process_candles:
       PAIR                      time    mid_c    mid_o   SL   TP   SPREAD      GAIN     LOSS  SIGNAL
26  CHF_HKD 2024-05-21 17:05:00+00:00  8.56594  8.56770  0.0  0.0  0.00183  0.003198  8.56594       0
27  CHF_HKD 2024-05-21 17:06:00+00:00  8.56670  8.56592  0.0  0.0  0.00159  0.002134  8.56670       0
28  CHF_HKD 2024-05-21 17:07:00+00:00  8.56600  8.56664  0.0  0.0  0.00176  0.002538  8.56600       0
29  CHF_HKD 2024-05-21 17:08:00+00:00  8.56585  8.56602  0.0  0.0  0.00166  0.002385  8.56585       0
30  CHF_HKD 2024-05-21 17:09:00+00:00  8.56574  8.56590  0.0  0.0  0.00183  0.002233  8.56574       0
2024-05-21 13:11:14 CandleManager() new candle:last_candle:2024-05-21 17:10 is_ready:True
2024-05-21 13:11:19 tech_manager: max_rows:32 candle_time2024-05-21 17:10:00+00:00 granularity:M1
2024-05-21 13:11:19 process_candles:
       PAIR                      time    mid_c    mid_o   SL   TP   SPREAD      GAIN     LOSS  SIGNAL
26  CHF_HKD 2024-05-21 17:06:00+00:00  8.56670  8.56592  0.0  0.0  0.00159  0.002134  8.56670       0
27  CHF_HKD 2024-05-21 17:07:00+00:00  8.56600  8.56664  0.0  0.0  0.00176  0.002538  8.56600       0
28  CHF_HKD 2024-05-21 17:08:00+00:00  8.56585  8.56602  0.0  0.0  0.00166  0.002385  8.56585       0
29  CHF_HKD 2024-05-21 17:09:00+00:00  8.56574  8.56590  0.0  0.0  0.00183  0.002233  8.56574       0
30  CHF_HKD 2024-05-21 17:10:00+00:00  8.56323  8.56578  0.0  0.0  0.00186  0.004301  8.56323       0
