2024-05-21 13:06:58 LogWrapper init() ./logs/CHF_JPY.log
2024-05-21 13:06:58 {'n_ma': 12, 'n_std': 2.5, 'maxspread': 0.04, 'mingain': 0.14, 'riskreward': 1.4}
2024-05-21 13:07:03 CandleManager() init last_candle: last_candle:2024-05-21 17:06 is_ready:False
2024-05-21 13:08:13 CandleManager() new candle:last_candle:2024-05-21 17:07 is_ready:True
2024-05-21 13:08:18 tech_manager: max_rows:32 candle_time2024-05-21 17:07:00+00:00 granularity:M1
2024-05-21 13:08:18 process_candles:
       PAIR                      time    mid_c    mid_o   SL   TP  SPREAD      GAIN     LOSS  SIGNAL
26  CHF_JPY 2024-05-21 17:03:00+00:00  171.425  171.428  0.0  0.0   0.022  0.024278  171.425       0
27  CHF_JPY 2024-05-21 17:04:00+00:00  171.412  171.427  0.0  0.0   0.021  0.032833  171.412       0
28  CHF_JPY 2024-05-21 17:05:00+00:00  171.401  171.412  0.0  0.0   0.022  0.037833  171.401       0
29  CHF_JPY 2024-05-21 17:06:00+00:00  171.423  171.400  0.0  0.0   0.020  0.011083  171.423       0
30  CHF_JPY 2024-05-21 17:07:00+00:00  171.418  171.422  0.0  0.0   0.019  0.012972  171.418       0
2024-05-21 13:09:01 CandleManager() new candle:last_candle:2024-05-21 17:08 is_ready:True
2024-05-21 13:09:06 tech_manager: max_rows:32 candle_time2024-05-21 17:08:00+00:00 granularity:M1
2024-05-21 13:09:06 process_candles:
       PAIR                      time    mid_c    mid_o   SL   TP  SPREAD      GAIN     LOSS  SIGNAL
26  CHF_JPY 2024-05-21 17:04:00+00:00  171.412  171.427  0.0  0.0   0.021  0.032833  171.412       0
27  CHF_JPY 2024-05-21 17:05:00+00:00  171.401  171.412  0.0  0.0   0.022  0.037833  171.401       0
28  CHF_JPY 2024-05-21 17:06:00+00:00  171.423  171.400  0.0  0.0   0.020  0.011083  171.423       0
29  CHF_JPY 2024-05-21 17:07:00+00:00  171.418  171.422  0.0  0.0   0.019  0.012972  171.418       0
30  CHF_JPY 2024-05-21 17:08:00+00:00  171.426  171.419  0.0  0.0   0.020  0.002333  171.426       0
2024-05-21 13:10:03 CandleManager() new candle:last_candle:2024-05-21 17:09 is_ready:True
2024-05-21 13:10:10 tech_manager: max_rows:32 candle_time2024-05-21 17:09:00+00:00 granularity:M1
2024-05-21 13:10:10 process_candles:
       PAIR                      time    mid_c    mid_o   SL   TP  SPREAD      GAIN     LOSS  SIGNAL
26  CHF_JPY 2024-05-21 17:05:00+00:00  171.401  171.412  0.0  0.0   0.022  0.037833  171.401       0
27  CHF_JPY 2024-05-21 17:06:00+00:00  171.423  171.400  0.0  0.0   0.020  0.011083  171.423       0
28  CHF_JPY 2024-05-21 17:07:00+00:00  171.418  171.422  0.0  0.0   0.019  0.012972  171.418       0
29  CHF_JPY 2024-05-21 17:08:00+00:00  171.426  171.419  0.0  0.0   0.020  0.002333  171.426       0
30  CHF_JPY 2024-05-21 17:09:00+00:00  171.420  171.426  0.0  0.0   0.024  0.005833  171.420       0
2024-05-21 13:11:12 CandleManager() new candle:last_candle:2024-05-21 17:10 is_ready:True
2024-05-21 13:11:17 tech_manager: max_rows:32 candle_time2024-05-21 17:10:00+00:00 granularity:M1
2024-05-21 13:11:17 process_candles:
       PAIR                      time    mid_c    mid_o   SL   TP  SPREAD      GAIN     LOSS  SIGNAL
26  CHF_JPY 2024-05-21 17:06:00+00:00  171.423  171.400  0.0  0.0   0.020  0.011083  171.423       0
27  CHF_JPY 2024-05-21 17:07:00+00:00  171.418  171.422  0.0  0.0   0.019  0.012972  171.418       0
28  CHF_JPY 2024-05-21 17:08:00+00:00  171.426  171.419  0.0  0.0   0.020  0.002333  171.426       0
29  CHF_JPY 2024-05-21 17:09:00+00:00  171.420  171.426  0.0  0.0   0.024  0.005833  171.420       0
30  CHF_JPY 2024-05-21 17:10:00+00:00  171.397  171.416  0.0  0.0   0.020  0.025111  171.397       0
