2024-05-21 13:06:58 LogWrapper init() ./logs/CHF_ZAR.log
2024-05-21 13:06:58 {'n_ma': 12, 'n_std': 2.5, 'maxspread': 0.04, 'mingain': 0.14, 'riskreward': 1.4}
2024-05-21 13:07:03 CandleManager() init last_candle: last_candle:2024-05-21 17:06 is_ready:False
2024-05-21 13:08:01 CandleManager() new candle:last_candle:2024-05-21 17:07 is_ready:True
2024-05-21 13:08:02 tech_manager: max_rows:32 candle_time2024-05-21 17:07:00+00:00 granularity:M1
2024-05-21 13:08:02 process_candles:
       PAIR                      time     mid_c     mid_o   SL   TP   SPREAD      GAIN      LOSS  SIGNAL
26  CHF_ZAR 2024-05-21 17:03:00+00:00  19.83690  19.83900  0.0  0.0  0.01270  0.001991  19.83690       0
27  CHF_ZAR 2024-05-21 17:04:00+00:00  19.83694  19.83610  0.0  0.0  0.01257  0.001918  19.83694       0
28  CHF_ZAR 2024-05-21 17:05:00+00:00  19.83264  19.83630  0.0  0.0  0.01262  0.005772  19.83264       0
29  CHF_ZAR 2024-05-21 17:06:00+00:00  19.83480  19.83266  0.0  0.0  0.01270  0.003370  19.83480       0
30  CHF_ZAR 2024-05-21 17:07:00+00:00  19.83318  19.83418  0.0  0.0  0.01193  0.004761  19.83318       0
2024-05-21 13:09:04 CandleManager() new candle:last_candle:2024-05-21 17:08 is_ready:True
2024-05-21 13:09:09 tech_manager: max_rows:32 candle_time2024-05-21 17:08:00+00:00 granularity:M1
2024-05-21 13:09:09 process_candles:
       PAIR                      time     mid_c     mid_o   SL   TP   SPREAD      GAIN      LOSS  SIGNAL
26  CHF_ZAR 2024-05-21 17:04:00+00:00  19.83694  19.83610  0.0  0.0  0.01257  0.001918  19.83694       0
27  CHF_ZAR 2024-05-21 17:05:00+00:00  19.83264  19.83630  0.0  0.0  0.01262  0.005772  19.83264       0
28  CHF_ZAR 2024-05-21 17:06:00+00:00  19.83480  19.83266  0.0  0.0  0.01270  0.003370  19.83480       0
29  CHF_ZAR 2024-05-21 17:07:00+00:00  19.83318  19.83418  0.0  0.0  0.01193  0.004761  19.83318       0
30  CHF_ZAR 2024-05-21 17:08:00+00:00  19.83210  19.83320  0.0  0.0  0.01270  0.005372  19.83210       0
2024-05-21 13:10:07 CandleManager() new candle:last_candle:2024-05-21 17:09 is_ready:True
2024-05-21 13:10:16 tech_manager: max_rows:32 candle_time2024-05-21 17:09:00+00:00 granularity:M1
2024-05-21 13:10:16 process_candles:
       PAIR                      time     mid_c     mid_o   SL   TP   SPREAD      GAIN      LOSS  SIGNAL
26  CHF_ZAR 2024-05-21 17:05:00+00:00  19.83264  19.83630  0.0  0.0  0.01262  0.005772  19.83264       0
27  CHF_ZAR 2024-05-21 17:06:00+00:00  19.83480  19.83266  0.0  0.0  0.01270  0.003370  19.83480       0
28  CHF_ZAR 2024-05-21 17:07:00+00:00  19.83318  19.83418  0.0  0.0  0.01193  0.004761  19.83318       0
29  CHF_ZAR 2024-05-21 17:08:00+00:00  19.83210  19.83320  0.0  0.0  0.01270  0.005372  19.83210       0
30  CHF_ZAR 2024-05-21 17:09:00+00:00  19.83280  19.83138  0.0  0.0  0.01270  0.004175  19.83280       0
2024-05-21 13:11:00 CandleManager() new candle:last_candle:2024-05-21 17:10 is_ready:True
2024-05-21 13:11:01 tech_manager: max_rows:32 candle_time2024-05-21 17:10:00+00:00 granularity:M1
2024-05-21 13:11:01 process_candles:
       PAIR                      time     mid_c     mid_o   SL   TP   SPREAD      GAIN      LOSS  SIGNAL
26  CHF_ZAR 2024-05-21 17:06:00+00:00  19.83480  19.83266  0.0  0.0  0.01270  0.003370  19.83480       0
27  CHF_ZAR 2024-05-21 17:07:00+00:00  19.83318  19.83418  0.0  0.0  0.01193  0.004761  19.83318       0
28  CHF_ZAR 2024-05-21 17:08:00+00:00  19.83210  19.83320  0.0  0.0  0.01270  0.005372  19.83210       0
29  CHF_ZAR 2024-05-21 17:09:00+00:00  19.83280  19.83138  0.0  0.0  0.01270  0.004175  19.83280       0
30  CHF_ZAR 2024-05-21 17:10:00+00:00  19.83475  19.83259  0.0  0.0  0.01320  0.001744  19.83475       0
