2024-05-21 13:06:58 LogWrapper init() ./logs/EUR_CZK.log
2024-05-21 13:06:58 {'n_ma': 12, 'n_std': 2.5, 'maxspread': 0.04, 'mingain': 0.14, 'riskreward': 1.4}
2024-05-21 13:07:03 CandleManager() init last_candle: last_candle:2024-05-21 17:06 is_ready:False
2024-05-21 13:08:15 CandleManager() new candle:last_candle:2024-05-21 17:07 is_ready:True
2024-05-21 13:08:20 tech_manager: max_rows:32 candle_time2024-05-21 17:07:00+00:00 granularity:M1
2024-05-21 13:08:20 process_candles:
       PAIR                      time     mid_c     mid_o   SL   TP  SPREAD      GAIN      LOSS  SIGNAL
26  EUR_CZK 2024-05-21 17:03:00+00:00  24.71125  24.71130  0.0  0.0  0.0095  0.000051  24.71125       0
27  EUR_CZK 2024-05-21 17:04:00+00:00  24.71135  24.71130  0.0  0.0  0.0097  0.000040  24.71135       0
28  EUR_CZK 2024-05-21 17:05:00+00:00  24.71140  24.71140  0.0  0.0  0.0098  0.000078  24.71140       0
29  EUR_CZK 2024-05-21 17:06:00+00:00  24.71150  24.71135  0.0  0.0  0.0096  0.000162  24.71150       0
30  EUR_CZK 2024-05-21 17:07:00+00:00  24.71150  24.71140  0.0  0.0  0.0096  0.000157  24.71150       0
2024-05-21 13:09:22 CandleManager() new candle:last_candle:2024-05-21 17:08 is_ready:True
2024-05-21 13:09:24 tech_manager: max_rows:32 candle_time2024-05-21 17:08:00+00:00 granularity:M1
2024-05-21 13:09:24 process_candles:
       PAIR                      time     mid_c     mid_o   SL   TP  SPREAD      GAIN      LOSS  SIGNAL
26  EUR_CZK 2024-05-21 17:04:00+00:00  24.71135  24.71130  0.0  0.0  0.0097  0.000040  24.71135       0
27  EUR_CZK 2024-05-21 17:05:00+00:00  24.71140  24.71140  0.0  0.0  0.0098  0.000078  24.71140       0
28  EUR_CZK 2024-05-21 17:06:00+00:00  24.71150  24.71135  0.0  0.0  0.0096  0.000163  24.71150       0
29  EUR_CZK 2024-05-21 17:07:00+00:00  24.71150  24.71140  0.0  0.0  0.0096  0.000157  24.71150       0
30  EUR_CZK 2024-05-21 17:08:00+00:00  24.71140  24.71145  0.0  0.0  0.0098  0.000047  24.71140       0
2024-05-21 13:10:06 CandleManager() new candle:last_candle:2024-05-21 17:09 is_ready:True
2024-05-21 13:10:13 tech_manager: max_rows:32 candle_time2024-05-21 17:09:00+00:00 granularity:M1
2024-05-21 13:10:13 process_candles:
       PAIR                      time    mid_c     mid_o   SL   TP  SPREAD      GAIN     LOSS  SIGNAL
26  EUR_CZK 2024-05-21 17:05:00+00:00  24.7114  24.71140  0.0  0.0  0.0098  0.000078  24.7114       0
27  EUR_CZK 2024-05-21 17:06:00+00:00  24.7115  24.71135  0.0  0.0  0.0096  0.000163  24.7115       0
28  EUR_CZK 2024-05-21 17:07:00+00:00  24.7115  24.71140  0.0  0.0  0.0096  0.000157  24.7115       0
29  EUR_CZK 2024-05-21 17:08:00+00:00  24.7114  24.71145  0.0  0.0  0.0098  0.000047  24.7114       0
30  EUR_CZK 2024-05-21 17:09:00+00:00  24.7114  24.71145  0.0  0.0  0.0098  0.000033  24.7114       0
2024-05-21 13:11:14 CandleManager() new candle:last_candle:2024-05-21 17:10 is_ready:True
2024-05-21 13:11:19 tech_manager: max_rows:32 candle_time2024-05-21 17:10:00+00:00 granularity:M1
2024-05-21 13:11:20 process_candles:
       PAIR                      time    mid_c     mid_o   SL   TP  SPREAD      GAIN     LOSS  SIGNAL
26  EUR_CZK 2024-05-21 17:06:00+00:00  24.7115  24.71135  0.0  0.0  0.0096  0.000163  24.7115       0
27  EUR_CZK 2024-05-21 17:07:00+00:00  24.7115  24.71140  0.0  0.0  0.0096  0.000157  24.7115       0
28  EUR_CZK 2024-05-21 17:08:00+00:00  24.7114  24.71145  0.0  0.0  0.0098  0.000047  24.7114       0
29  EUR_CZK 2024-05-21 17:09:00+00:00  24.7114  24.71145  0.0  0.0  0.0098  0.000033  24.7114       0
30  EUR_CZK 2024-05-21 17:10:00+00:00  24.7110  24.71145  0.0  0.0  0.0106  0.000367  24.7110       0
