2024-05-21 13:06:58 LogWrapper init() ./logs/EUR_HKD.log
2024-05-21 13:06:58 {'n_ma': 12, 'n_std': 2.5, 'maxspread': 0.04, 'mingain': 0.14, 'riskreward': 1.4}
2024-05-21 13:07:03 CandleManager() init last_candle: last_candle:2024-05-21 17:06 is_ready:False
2024-05-21 13:08:16 CandleManager() new candle:last_candle:2024-05-21 17:07 is_ready:True
2024-05-21 13:08:20 tech_manager: max_rows:32 candle_time2024-05-21 17:07:00+00:00 granularity:M1
2024-05-21 13:08:20 process_candles:
       PAIR                      time    mid_c    mid_o   SL   TP   SPREAD      GAIN     LOSS  SIGNAL
26  EUR_HKD 2024-05-21 17:03:00+00:00  8.47102  8.47060  0.0  0.0  0.00136  0.000402  8.47102       0
27  EUR_HKD 2024-05-21 17:04:00+00:00  8.47102  8.47090  0.0  0.0  0.00144  0.000537  8.47102       0
28  EUR_HKD 2024-05-21 17:05:00+00:00  8.47000  8.47095  0.0  0.0  0.00135  0.000348  8.47000       0
29  EUR_HKD 2024-05-21 17:06:00+00:00  8.46990  8.46990  0.0  0.0  0.00132  0.000296  8.46990       0
30  EUR_HKD 2024-05-21 17:07:00+00:00  8.46926  8.46997  0.0  0.0  0.00131  0.000791  8.46926       0
2024-05-21 13:09:03 CandleManager() new candle:last_candle:2024-05-21 17:08 is_ready:True
2024-05-21 13:09:08 tech_manager: max_rows:32 candle_time2024-05-21 17:08:00+00:00 granularity:M1
2024-05-21 13:09:08 process_candles:
       PAIR                      time    mid_c    mid_o   SL   TP   SPREAD      GAIN     LOSS  SIGNAL
26  EUR_HKD 2024-05-21 17:04:00+00:00  8.47102  8.47090  0.0  0.0  0.00144  0.000537  8.47102       0
27  EUR_HKD 2024-05-21 17:05:00+00:00  8.47000  8.47095  0.0  0.0  0.00135  0.000348  8.47000       0
28  EUR_HKD 2024-05-21 17:06:00+00:00  8.46990  8.46990  0.0  0.0  0.00132  0.000296  8.46990       0
29  EUR_HKD 2024-05-21 17:07:00+00:00  8.46926  8.46997  0.0  0.0  0.00131  0.000791  8.46926       0
30  EUR_HKD 2024-05-21 17:08:00+00:00  8.46882  8.46942  0.0  0.0  0.00135  0.001089  8.46882       0
2024-05-21 13:10:06 CandleManager() new candle:last_candle:2024-05-21 17:09 is_ready:True
2024-05-21 13:10:14 tech_manager: max_rows:32 candle_time2024-05-21 17:09:00+00:00 granularity:M1
2024-05-21 13:10:14 process_candles:
       PAIR                      time    mid_c    mid_o   SL   TP   SPREAD      GAIN     LOSS  SIGNAL
26  EUR_HKD 2024-05-21 17:05:00+00:00  8.47000  8.47095  0.0  0.0  0.00135  0.000348  8.47000       0
27  EUR_HKD 2024-05-21 17:06:00+00:00  8.46990  8.46990  0.0  0.0  0.00132  0.000296  8.46990       0
28  EUR_HKD 2024-05-21 17:07:00+00:00  8.46926  8.46997  0.0  0.0  0.00131  0.000791  8.46926       0
29  EUR_HKD 2024-05-21 17:08:00+00:00  8.46882  8.46942  0.0  0.0  0.00135  0.001089  8.46882       0
30  EUR_HKD 2024-05-21 17:09:00+00:00  8.46886  8.46884  0.0  0.0  0.00129  0.000966  8.46886       0
2024-05-21 13:10:59 CandleManager() new candle:last_candle:2024-05-21 17:10 is_ready:True
2024-05-21 13:11:00 tech_manager: max_rows:32 candle_time2024-05-21 17:10:00+00:00 granularity:M1
2024-05-21 13:11:00 process_candles:
       PAIR                      time    mid_c    mid_o   SL   TP   SPREAD      GAIN     LOSS  SIGNAL
26  EUR_HKD 2024-05-21 17:06:00+00:00  8.46990  8.46990  0.0  0.0  0.00132  0.000296  8.46990       0
27  EUR_HKD 2024-05-21 17:07:00+00:00  8.46926  8.46997  0.0  0.0  0.00131  0.000791  8.46926       0
28  EUR_HKD 2024-05-21 17:08:00+00:00  8.46882  8.46942  0.0  0.0  0.00135  0.001089  8.46882       0
29  EUR_HKD 2024-05-21 17:09:00+00:00  8.46886  8.46884  0.0  0.0  0.00129  0.000966  8.46886       0
30  EUR_HKD 2024-05-21 17:10:00+00:00  8.46736  8.46882  0.0  0.0  0.00139  0.002278  8.46736       0
