2024-05-21 13:06:58 LogWrapper init() ./logs/EUR_HUF.log
2024-05-21 13:06:58 {'n_ma': 12, 'n_std': 2.5, 'maxspread': 0.04, 'mingain': 0.14, 'riskreward': 1.4}
2024-05-21 13:07:03 CandleManager() init last_candle: last_candle:2024-05-21 17:06 is_ready:False
2024-05-21 13:08:16 CandleManager() new candle:last_candle:2024-05-21 17:07 is_ready:True
2024-05-21 13:08:20 tech_manager: max_rows:32 candle_time2024-05-21 17:07:00+00:00 granularity:M1
2024-05-21 13:08:20 process_candles:
       PAIR                      time    mid_c    mid_o   SL   TP  SPREAD      GAIN     LOSS  SIGNAL
26  EUR_HUF 2024-05-21 17:03:00+00:00  385.428  385.430  0.0  0.0   0.266  0.003500  385.428       0
27  EUR_HUF 2024-05-21 17:04:00+00:00  385.431  385.432  0.0  0.0   0.268  0.000694  385.431       0
28  EUR_HUF 2024-05-21 17:05:00+00:00  385.432  385.434  0.0  0.0   0.253  0.000333  385.432       0
29  EUR_HUF 2024-05-21 17:06:00+00:00  385.432  385.426  0.0  0.0   0.253  0.000583  385.432       0
30  EUR_HUF 2024-05-21 17:07:00+00:00  385.431  385.430  0.0  0.0   0.252  0.000444  385.431       0
2024-05-21 13:09:22 CandleManager() new candle:last_candle:2024-05-21 17:08 is_ready:True
2024-05-21 13:09:24 tech_manager: max_rows:32 candle_time2024-05-21 17:08:00+00:00 granularity:M1
2024-05-21 13:09:24 process_candles:
       PAIR                      time    mid_c    mid_o   SL   TP  SPREAD      GAIN     LOSS  SIGNAL
26  EUR_HUF 2024-05-21 17:04:00+00:00  385.431  385.432  0.0  0.0   0.268  0.000694  385.431       0
27  EUR_HUF 2024-05-21 17:05:00+00:00  385.432  385.434  0.0  0.0   0.253  0.000333  385.432       0
28  EUR_HUF 2024-05-21 17:06:00+00:00  385.432  385.426  0.0  0.0   0.253  0.000583  385.432       0
29  EUR_HUF 2024-05-21 17:07:00+00:00  385.431  385.430  0.0  0.0   0.252  0.000444  385.431       0
30  EUR_HUF 2024-05-21 17:08:00+00:00  385.427  385.432  0.0  0.0   0.264  0.004528  385.427       0
2024-05-21 13:10:06 CandleManager() new candle:last_candle:2024-05-21 17:09 is_ready:True
2024-05-21 13:10:13 tech_manager: max_rows:32 candle_time2024-05-21 17:09:00+00:00 granularity:M1
2024-05-21 13:10:13 process_candles:
       PAIR                      time    mid_c    mid_o   SL   TP  SPREAD      GAIN     LOSS  SIGNAL
26  EUR_HUF 2024-05-21 17:05:00+00:00  385.432  385.434  0.0  0.0   0.253  0.000333  385.432       0
27  EUR_HUF 2024-05-21 17:06:00+00:00  385.432  385.426  0.0  0.0   0.253  0.000583  385.432       0
28  EUR_HUF 2024-05-21 17:07:00+00:00  385.431  385.430  0.0  0.0   0.252  0.000444  385.431       0
29  EUR_HUF 2024-05-21 17:08:00+00:00  385.427  385.432  0.0  0.0   0.264  0.004528  385.427       0
30  EUR_HUF 2024-05-21 17:09:00+00:00  385.427  385.432  0.0  0.0   0.264  0.004250  385.427       0
2024-05-21 13:11:15 CandleManager() new candle:last_candle:2024-05-21 17:10 is_ready:True
2024-05-21 13:11:20 tech_manager: max_rows:32 candle_time2024-05-21 17:10:00+00:00 granularity:M1
2024-05-21 13:11:20 process_candles:
       PAIR                      time    mid_c    mid_o   SL   TP  SPREAD      GAIN     LOSS  SIGNAL
26  EUR_HUF 2024-05-21 17:06:00+00:00  385.432  385.426  0.0  0.0   0.253  0.000583  385.432       0
27  EUR_HUF 2024-05-21 17:07:00+00:00  385.431  385.430  0.0  0.0   0.252  0.000444  385.431       0
28  EUR_HUF 2024-05-21 17:08:00+00:00  385.427  385.432  0.0  0.0   0.264  0.004528  385.427       0
29  EUR_HUF 2024-05-21 17:09:00+00:00  385.427  385.432  0.0  0.0   0.264  0.004250  385.427       0
30  EUR_HUF 2024-05-21 17:10:00+00:00  385.328  385.432  0.0  0.0   0.167  0.097667  385.328       0
