2024-04-19 10:57:35 LogWrapper init() ./logs/EUR_GBP.log
2024-04-19 10:57:35 {'n_ma': 12, 'n_std': 2.5, 'maxspread': 0.0004, 'mingain': 0.0014, 'riskreward': 1.5}
2024-04-19 10:57:37 CandleManager() init last_candle: last_candle:2024-04-19 14:56 is_ready:False
2024-04-19 10:58:08 CandleManager() new candle:last_candle:2024-04-19 14:57 is_ready:True
2024-04-19 10:58:08 tech_manager: max_rows:32 candle_time2024-04-19 14:57:00+00:00 granularity:M1
2024-04-19 10:58:08 process_candles:
       PAIR                      time    mid_c    mid_o   SL   TP   SPREAD      GAIN  SIGNAL
26  EUR_GBP 2024-04-19 14:53:00+00:00  0.85795  0.85789  0.0  0.0  0.00012  0.000181       0
27  EUR_GBP 2024-04-19 14:54:00+00:00  0.85785  0.85792  0.0  0.0  0.00012  0.000058       0
28  EUR_GBP 2024-04-19 14:55:00+00:00  0.85796  0.85788  0.0  0.0  0.00013  0.000146       0
29  EUR_GBP 2024-04-19 14:56:00+00:00  0.85804  0.85794  0.0  0.0  0.00012  0.000204       0
30  EUR_GBP 2024-04-19 14:57:00+00:00  0.85814  0.85804  0.0  0.0  0.00014  0.000280       0
2024-04-19 10:59:00 CandleManager() new candle:last_candle:2024-04-19 14:58 is_ready:True
2024-04-19 10:59:01 tech_manager: max_rows:32 candle_time2024-04-19 14:58:00+00:00 granularity:M1
2024-04-19 10:59:01 process_candles:
       PAIR                      time    mid_c    mid_o   SL   TP   SPREAD      GAIN  SIGNAL
26  EUR_GBP 2024-04-19 14:54:00+00:00  0.85785  0.85792  0.0  0.0  0.00012  0.000058       0
27  EUR_GBP 2024-04-19 14:55:00+00:00  0.85796  0.85788  0.0  0.0  0.00013  0.000146       0
28  EUR_GBP 2024-04-19 14:56:00+00:00  0.85804  0.85794  0.0  0.0  0.00012  0.000204       0
29  EUR_GBP 2024-04-19 14:57:00+00:00  0.85814  0.85804  0.0  0.0  0.00014  0.000280       0
30  EUR_GBP 2024-04-19 14:58:00+00:00  0.85814  0.85816  0.0  0.0  0.00014  0.000255       0
2024-04-19 11:00:03 CandleManager() new candle:last_candle:2024-04-19 14:59 is_ready:True
2024-04-19 11:00:03 tech_manager: max_rows:32 candle_time2024-04-19 14:59:00+00:00 granularity:M1
2024-04-19 11:00:03 process_candles:
       PAIR                      time    mid_c    mid_o   SL   TP   SPREAD      GAIN  SIGNAL
26  EUR_GBP 2024-04-19 14:55:00+00:00  0.85796  0.85788  0.0  0.0  0.00013  0.000146       0
27  EUR_GBP 2024-04-19 14:56:00+00:00  0.85804  0.85794  0.0  0.0  0.00012  0.000204       0
28  EUR_GBP 2024-04-19 14:57:00+00:00  0.85814  0.85804  0.0  0.0  0.00014  0.000280       0
29  EUR_GBP 2024-04-19 14:58:00+00:00  0.85814  0.85816  0.0  0.0  0.00014  0.000255       0
30  EUR_GBP 2024-04-19 14:59:00+00:00  0.85808  0.85816  0.0  0.0  0.00013  0.000168       0
2024-04-19 11:01:05 CandleManager() new candle:last_candle:2024-04-19 15:00 is_ready:True
2024-04-19 11:01:06 tech_manager: max_rows:32 candle_time2024-04-19 15:00:00+00:00 granularity:M1
2024-04-19 11:01:06 process_candles:
       PAIR                      time    mid_c    mid_o   SL   TP   SPREAD      GAIN  SIGNAL
26  EUR_GBP 2024-04-19 14:56:00+00:00  0.85804  0.85794  0.0  0.0  0.00012  0.000204       0
27  EUR_GBP 2024-04-19 14:57:00+00:00  0.85814  0.85804  0.0  0.0  0.00014  0.000280       0
28  EUR_GBP 2024-04-19 14:58:00+00:00  0.85814  0.85816  0.0  0.0  0.00014  0.000255       0
29  EUR_GBP 2024-04-19 14:59:00+00:00  0.85808  0.85816  0.0  0.0  0.00013  0.000168       0
30  EUR_GBP 2024-04-19 15:00:00+00:00  0.85812  0.85811  0.0  0.0  0.00013  0.000174       0
2024-04-19 11:02:08 CandleManager() new candle:last_candle:2024-04-19 15:01 is_ready:True
2024-04-19 11:02:09 tech_manager: max_rows:32 candle_time2024-04-19 15:01:00+00:00 granularity:M1
2024-04-19 11:02:09 process_candles:
       PAIR                      time    mid_c    mid_o   SL   TP   SPREAD      GAIN  SIGNAL
26  EUR_GBP 2024-04-19 14:57:00+00:00  0.85814  0.85804  0.0  0.0  0.00014  0.000280       0
27  EUR_GBP 2024-04-19 14:58:00+00:00  0.85814  0.85816  0.0  0.0  0.00014  0.000255       0
28  EUR_GBP 2024-04-19 14:59:00+00:00  0.85808  0.85816  0.0  0.0  0.00013  0.000168       0
29  EUR_GBP 2024-04-19 15:00:00+00:00  0.85812  0.85811  0.0  0.0  0.00013  0.000174       0
30  EUR_GBP 2024-04-19 15:01:00+00:00  0.85804  0.85816  0.0  0.0  0.00013  0.000064       0
2024-04-19 11:03:01 CandleManager() new candle:last_candle:2024-04-19 15:02 is_ready:True
2024-04-19 11:03:01 tech_manager: max_rows:32 candle_time2024-04-19 15:02:00+00:00 granularity:M1
2024-04-19 11:03:01 process_candles:
       PAIR                      time    mid_c    mid_o   SL   TP   SPREAD      GAIN  SIGNAL
26  EUR_GBP 2024-04-19 14:58:00+00:00  0.85814  0.85816  0.0  0.0  0.00014  0.000255       0
27  EUR_GBP 2024-04-19 14:59:00+00:00  0.85808  0.85816  0.0  0.0  0.00013  0.000168       0
28  EUR_GBP 2024-04-19 15:00:00+00:00  0.85812  0.85811  0.0  0.0  0.00013  0.000174       0
29  EUR_GBP 2024-04-19 15:01:00+00:00  0.85804  0.85816  0.0  0.0  0.00013  0.000064       0
30  EUR_GBP 2024-04-19 15:02:00+00:00  0.85804  0.85805  0.0  0.0  0.00013  0.000043       0
2024-04-19 11:04:14 CandleManager() new candle:last_candle:2024-04-19 15:03 is_ready:True
2024-04-19 11:04:14 tech_manager: max_rows:32 candle_time2024-04-19 15:03:00+00:00 granularity:M1
2024-04-19 11:04:14 process_candles:
       PAIR                      time    mid_c    mid_o   SL   TP   SPREAD      GAIN  SIGNAL
26  EUR_GBP 2024-04-19 14:59:00+00:00  0.85808  0.85816  0.0  0.0  0.00013  0.000168       0
27  EUR_GBP 2024-04-19 15:00:00+00:00  0.85812  0.85811  0.0  0.0  0.00013  0.000174       0
28  EUR_GBP 2024-04-19 15:01:00+00:00  0.85804  0.85816  0.0  0.0  0.00013  0.000064       0
29  EUR_GBP 2024-04-19 15:02:00+00:00  0.85804  0.85805  0.0  0.0  0.00013  0.000043       0
30  EUR_GBP 2024-04-19 15:03:00+00:00  0.85816  0.85803  0.0  0.0  0.00013  0.000134       0
2024-04-19 11:05:06 CandleManager() new candle:last_candle:2024-04-19 15:04 is_ready:True
2024-04-19 11:05:06 tech_manager: max_rows:32 candle_time2024-04-19 15:04:00+00:00 granularity:M1
2024-04-19 11:05:06 process_candles:
       PAIR                      time    mid_c    mid_o   SL   TP   SPREAD      GAIN  SIGNAL
27  EUR_GBP 2024-04-19 15:00:00+00:00  0.85812  0.85811  0.0  0.0  0.00013  0.000174       0
28  EUR_GBP 2024-04-19 15:01:00+00:00  0.85804  0.85816  0.0  0.0  0.00013  0.000064       0
29  EUR_GBP 2024-04-19 15:02:00+00:00  0.85804  0.85805  0.0  0.0  0.00013  0.000043       0
30  EUR_GBP 2024-04-19 15:03:00+00:00  0.85816  0.85803  0.0  0.0  0.00013  0.000134       0
31  EUR_GBP 2024-04-19 15:04:00+00:00  0.85820  0.85817  0.0  0.0  0.00013  0.000146       0
2024-04-19 11:06:08 CandleManager() new candle:last_candle:2024-04-19 15:05 is_ready:True
2024-04-19 11:06:09 tech_manager: max_rows:32 candle_time2024-04-19 15:05:00+00:00 granularity:M1
2024-04-19 11:06:09 process_candles:
       PAIR                      time    mid_c    mid_o   SL   TP   SPREAD      GAIN  SIGNAL
26  EUR_GBP 2024-04-19 15:01:00+00:00  0.85804  0.85816  0.0  0.0  0.00013  0.000064       0
27  EUR_GBP 2024-04-19 15:02:00+00:00  0.85804  0.85805  0.0  0.0  0.00013  0.000043       0
28  EUR_GBP 2024-04-19 15:03:00+00:00  0.85816  0.85803  0.0  0.0  0.00013  0.000134       0
29  EUR_GBP 2024-04-19 15:04:00+00:00  0.85820  0.85817  0.0  0.0  0.00013  0.000146       0
30  EUR_GBP 2024-04-19 15:05:00+00:00  0.85818  0.85822  0.0  0.0  0.00013  0.000104       0
2024-04-19 11:07:01 CandleManager() new candle:last_candle:2024-04-19 15:06 is_ready:True
2024-04-19 11:07:01 tech_manager: max_rows:32 candle_time2024-04-19 15:06:00+00:00 granularity:M1
2024-04-19 11:07:01 process_candles:
       PAIR                      time    mid_c    mid_o   SL   TP   SPREAD      GAIN  SIGNAL
26  EUR_GBP 2024-04-19 15:02:00+00:00  0.85804  0.85805  0.0  0.0  0.00013  0.000043       0
27  EUR_GBP 2024-04-19 15:03:00+00:00  0.85816  0.85803  0.0  0.0  0.00013  0.000134       0
28  EUR_GBP 2024-04-19 15:04:00+00:00  0.85820  0.85817  0.0  0.0  0.00013  0.000146       0
29  EUR_GBP 2024-04-19 15:05:00+00:00  0.85818  0.85822  0.0  0.0  0.00013  0.000104       0
30  EUR_GBP 2024-04-19 15:06:00+00:00  0.85830  0.85819  0.0  0.0  0.00013  0.000191       0
2024-04-19 11:08:04 CandleManager() new candle:last_candle:2024-04-19 15:07 is_ready:True
2024-04-19 11:08:04 tech_manager: max_rows:32 candle_time2024-04-19 15:07:00+00:00 granularity:M1
2024-04-19 11:08:04 process_candles:
       PAIR                      time    mid_c    mid_o   SL   TP   SPREAD      GAIN  SIGNAL
26  EUR_GBP 2024-04-19 15:03:00+00:00  0.85816  0.85803  0.0  0.0  0.00013  0.000134       0
27  EUR_GBP 2024-04-19 15:04:00+00:00  0.85820  0.85817  0.0  0.0  0.00013  0.000146       0
28  EUR_GBP 2024-04-19 15:05:00+00:00  0.85818  0.85822  0.0  0.0  0.00013  0.000104       0
29  EUR_GBP 2024-04-19 15:06:00+00:00  0.85830  0.85819  0.0  0.0  0.00013  0.000191       0
30  EUR_GBP 2024-04-19 15:07:00+00:00  0.85834  0.85832  0.0  0.0  0.00014  0.000197       0
2024-04-19 11:09:06 CandleManager() new candle:last_candle:2024-04-19 15:08 is_ready:True
2024-04-19 11:09:07 tech_manager: max_rows:32 candle_time2024-04-19 15:08:00+00:00 granularity:M1
2024-04-19 11:09:07 process_candles:
       PAIR                      time    mid_c    mid_o   SL   TP   SPREAD      GAIN  SIGNAL
26  EUR_GBP 2024-04-19 15:04:00+00:00  0.85820  0.85817  0.0  0.0  0.00013  0.000146       0
27  EUR_GBP 2024-04-19 15:05:00+00:00  0.85818  0.85822  0.0  0.0  0.00013  0.000104       0
28  EUR_GBP 2024-04-19 15:06:00+00:00  0.85830  0.85819  0.0  0.0  0.00013  0.000191       0
29  EUR_GBP 2024-04-19 15:07:00+00:00  0.85834  0.85832  0.0  0.0  0.00014  0.000197       0
30  EUR_GBP 2024-04-19 15:08:00+00:00  0.85838  0.85834  0.0  0.0  0.00013  0.000206       0
2024-04-19 11:10:09 CandleManager() new candle:last_candle:2024-04-19 15:09 is_ready:True
2024-04-19 11:10:09 tech_manager: max_rows:32 candle_time2024-04-19 15:09:00+00:00 granularity:M1
2024-04-19 11:10:10 process_candles:
       PAIR                      time    mid_c    mid_o        SL        TP   SPREAD      GAIN  SIGNAL
26  EUR_GBP 2024-04-19 15:05:00+00:00  0.85818  0.85822  0.000000  0.000000  0.00013  0.000104       0
27  EUR_GBP 2024-04-19 15:06:00+00:00  0.85830  0.85819  0.000000  0.000000  0.00013  0.000191       0
28  EUR_GBP 2024-04-19 15:07:00+00:00  0.85834  0.85832  0.000000  0.000000  0.00014  0.000197       0
29  EUR_GBP 2024-04-19 15:08:00+00:00  0.85838  0.85834  0.000000  0.000000  0.00013  0.000206       0
30  EUR_GBP 2024-04-19 15:09:00+00:00  0.85857  0.85839  0.858813  0.858206  0.00012  0.000364      -1
2024-04-19 11:10:10 Place Trade: TradeDecision(): EUR_GBP dir:-1 gain:0.0004 sl:0.8588 tp:0.8582
2024-04-19 11:10:10 Placed trade_id:428 for TradeDecision(): EUR_GBP dir:-1 gain:0.0004 sl:0.8588 tp:0.8582
2024-04-19 11:11:12 CandleManager() new candle:last_candle:2024-04-19 15:10 is_ready:True
2024-04-19 11:11:12 tech_manager: max_rows:32 candle_time2024-04-19 15:10:00+00:00 granularity:M1
2024-04-19 11:11:12 process_candles:
       PAIR                      time    mid_c    mid_o        SL        TP   SPREAD      GAIN  SIGNAL
26  EUR_GBP 2024-04-19 15:06:00+00:00  0.85830  0.85819  0.000000  0.000000  0.00013  0.000191       0
27  EUR_GBP 2024-04-19 15:07:00+00:00  0.85834  0.85832  0.000000  0.000000  0.00014  0.000197       0
28  EUR_GBP 2024-04-19 15:08:00+00:00  0.85838  0.85834  0.000000  0.000000  0.00013  0.000206       0
29  EUR_GBP 2024-04-19 15:09:00+00:00  0.85857  0.85839  0.858813  0.858206  0.00012  0.000364      -1
30  EUR_GBP 2024-04-19 15:10:00+00:00  0.85870  0.85858  0.000000  0.000000  0.00013  0.000451       0
2024-04-19 11:12:04 CandleManager() new candle:last_candle:2024-04-19 15:11 is_ready:True
2024-04-19 11:12:04 tech_manager: max_rows:32 candle_time2024-04-19 15:11:00+00:00 granularity:M1
2024-04-19 11:12:05 process_candles:
       PAIR                      time    mid_c    mid_o        SL        TP   SPREAD      GAIN  SIGNAL
26  EUR_GBP 2024-04-19 15:07:00+00:00  0.85834  0.85832  0.000000  0.000000  0.00014  0.000197       0
27  EUR_GBP 2024-04-19 15:08:00+00:00  0.85838  0.85834  0.000000  0.000000  0.00013  0.000206       0
28  EUR_GBP 2024-04-19 15:09:00+00:00  0.85857  0.85839  0.858813  0.858206  0.00012  0.000364      -1
29  EUR_GBP 2024-04-19 15:10:00+00:00  0.85870  0.85858  0.000000  0.000000  0.00013  0.000451       0
30  EUR_GBP 2024-04-19 15:11:00+00:00  0.85875  0.85870  0.000000  0.000000  0.00012  0.000449       0
2024-04-19 11:13:07 CandleManager() new candle:last_candle:2024-04-19 15:12 is_ready:True
2024-04-19 11:13:07 tech_manager: max_rows:32 candle_time2024-04-19 15:12:00+00:00 granularity:M1
2024-04-19 11:13:07 process_candles:
       PAIR                      time    mid_c    mid_o        SL        TP   SPREAD      GAIN  SIGNAL
26  EUR_GBP 2024-04-19 15:08:00+00:00  0.85838  0.85834  0.000000  0.000000  0.00013  0.000206       0
27  EUR_GBP 2024-04-19 15:09:00+00:00  0.85857  0.85839  0.858813  0.858206  0.00012  0.000364      -1
28  EUR_GBP 2024-04-19 15:10:00+00:00  0.85870  0.85858  0.000000  0.000000  0.00013  0.000451       0
29  EUR_GBP 2024-04-19 15:11:00+00:00  0.85875  0.85870  0.000000  0.000000  0.00012  0.000449       0
30  EUR_GBP 2024-04-19 15:12:00+00:00  0.85876  0.85875  0.000000  0.000000  0.00013  0.000405       0
2024-04-19 11:14:09 CandleManager() new candle:last_candle:2024-04-19 15:13 is_ready:True
2024-04-19 11:14:09 tech_manager: max_rows:32 candle_time2024-04-19 15:13:00+00:00 granularity:M1
2024-04-19 11:14:10 process_candles:
       PAIR                      time    mid_c    mid_o        SL        TP   SPREAD      GAIN  SIGNAL
26  EUR_GBP 2024-04-19 15:09:00+00:00  0.85857  0.85839  0.858813  0.858206  0.00012  0.000364      -1
27  EUR_GBP 2024-04-19 15:10:00+00:00  0.85870  0.85858  0.000000  0.000000  0.00013  0.000451       0
28  EUR_GBP 2024-04-19 15:11:00+00:00  0.85875  0.85870  0.000000  0.000000  0.00012  0.000449       0
29  EUR_GBP 2024-04-19 15:12:00+00:00  0.85876  0.85875  0.000000  0.000000  0.00013  0.000405       0
30  EUR_GBP 2024-04-19 15:13:00+00:00  0.85877  0.85875  0.000000  0.000000  0.00012  0.000359       0
2024-04-19 11:15:01 CandleManager() new candle:last_candle:2024-04-19 15:14 is_ready:True
2024-04-19 11:15:02 tech_manager: max_rows:32 candle_time2024-04-19 15:14:00+00:00 granularity:M1
2024-04-19 11:15:02 process_candles:
       PAIR                      time    mid_c    mid_o   SL   TP   SPREAD      GAIN  SIGNAL
26  EUR_GBP 2024-04-19 15:10:00+00:00  0.85870  0.85858  0.0  0.0  0.00013  0.000451       0
27  EUR_GBP 2024-04-19 15:11:00+00:00  0.85875  0.85870  0.0  0.0  0.00012  0.000449       0
28  EUR_GBP 2024-04-19 15:12:00+00:00  0.85876  0.85875  0.0  0.0  0.00013  0.000405       0
29  EUR_GBP 2024-04-19 15:13:00+00:00  0.85877  0.85875  0.0  0.0  0.00012  0.000359       0
30  EUR_GBP 2024-04-19 15:14:00+00:00  0.85878  0.85875  0.0  0.0  0.00013  0.000308       0
2024-04-19 11:16:04 CandleManager() new candle:last_candle:2024-04-19 15:15 is_ready:True
2024-04-19 11:16:04 tech_manager: max_rows:32 candle_time2024-04-19 15:15:00+00:00 granularity:M1
2024-04-19 11:16:04 process_candles:
       PAIR                      time    mid_c    mid_o   SL   TP   SPREAD      GAIN  SIGNAL
26  EUR_GBP 2024-04-19 15:11:00+00:00  0.85875  0.85870  0.0  0.0  0.00012  0.000449       0
27  EUR_GBP 2024-04-19 15:12:00+00:00  0.85876  0.85875  0.0  0.0  0.00013  0.000405       0
28  EUR_GBP 2024-04-19 15:13:00+00:00  0.85877  0.85875  0.0  0.0  0.00012  0.000359       0
29  EUR_GBP 2024-04-19 15:14:00+00:00  0.85878  0.85875  0.0  0.0  0.00013  0.000308       0
30  EUR_GBP 2024-04-19 15:15:00+00:00  0.85889  0.85877  0.0  0.0  0.00012  0.000357       0
2024-04-19 11:17:06 CandleManager() new candle:last_candle:2024-04-19 15:16 is_ready:True
2024-04-19 11:17:07 tech_manager: max_rows:32 candle_time2024-04-19 15:16:00+00:00 granularity:M1
2024-04-19 11:17:07 process_candles:
       PAIR                      time    mid_c    mid_o   SL   TP   SPREAD      GAIN  SIGNAL
26  EUR_GBP 2024-04-19 15:12:00+00:00  0.85876  0.85875  0.0  0.0  0.00013  0.000405       0
27  EUR_GBP 2024-04-19 15:13:00+00:00  0.85877  0.85875  0.0  0.0  0.00012  0.000359       0
28  EUR_GBP 2024-04-19 15:14:00+00:00  0.85878  0.85875  0.0  0.0  0.00013  0.000308       0
29  EUR_GBP 2024-04-19 15:15:00+00:00  0.85889  0.85877  0.0  0.0  0.00012  0.000357       0
30  EUR_GBP 2024-04-19 15:16:00+00:00  0.85890  0.85891  0.0  0.0  0.00013  0.000311       0
2024-04-19 11:18:09 CandleManager() new candle:last_candle:2024-04-19 15:17 is_ready:True
2024-04-19 11:18:09 tech_manager: max_rows:32 candle_time2024-04-19 15:17:00+00:00 granularity:M1
2024-04-19 11:18:10 process_candles:
       PAIR                      time    mid_c    mid_o   SL   TP   SPREAD      GAIN  SIGNAL
26  EUR_GBP 2024-04-19 15:13:00+00:00  0.85877  0.85875  0.0  0.0  0.00012  0.000359       0
27  EUR_GBP 2024-04-19 15:14:00+00:00  0.85878  0.85875  0.0  0.0  0.00013  0.000308       0
28  EUR_GBP 2024-04-19 15:15:00+00:00  0.85889  0.85877  0.0  0.0  0.00012  0.000357       0
29  EUR_GBP 2024-04-19 15:16:00+00:00  0.85890  0.85891  0.0  0.0  0.00013  0.000311       0
30  EUR_GBP 2024-04-19 15:17:00+00:00  0.85918  0.85894  0.0  0.0  0.00012  0.000516       0
2024-04-19 11:19:01 CandleManager() new candle:last_candle:2024-04-19 15:18 is_ready:True
2024-04-19 11:19:02 tech_manager: max_rows:32 candle_time2024-04-19 15:18:00+00:00 granularity:M1
2024-04-19 11:19:02 process_candles:
       PAIR                      time    mid_c    mid_o   SL   TP   SPREAD      GAIN  SIGNAL
26  EUR_GBP 2024-04-19 15:14:00+00:00  0.85878  0.85875  0.0  0.0  0.00013  0.000308       0
27  EUR_GBP 2024-04-19 15:15:00+00:00  0.85889  0.85877  0.0  0.0  0.00012  0.000357       0
28  EUR_GBP 2024-04-19 15:16:00+00:00  0.85890  0.85891  0.0  0.0  0.00013  0.000311       0
29  EUR_GBP 2024-04-19 15:17:00+00:00  0.85918  0.85894  0.0  0.0  0.00012  0.000516       0
30  EUR_GBP 2024-04-19 15:18:00+00:00  0.85914  0.85920  0.0  0.0  0.00013  0.000402       0
2024-04-19 11:20:04 CandleManager() new candle:last_candle:2024-04-19 15:19 is_ready:True
2024-04-19 11:20:04 tech_manager: max_rows:32 candle_time2024-04-19 15:19:00+00:00 granularity:M1
2024-04-19 11:20:04 process_candles:
       PAIR                      time    mid_c    mid_o   SL   TP   SPREAD      GAIN  SIGNAL
26  EUR_GBP 2024-04-19 15:15:00+00:00  0.85889  0.85877  0.0  0.0  0.00012  0.000357       0
27  EUR_GBP 2024-04-19 15:16:00+00:00  0.85890  0.85891  0.0  0.0  0.00013  0.000311       0
28  EUR_GBP 2024-04-19 15:17:00+00:00  0.85918  0.85894  0.0  0.0  0.00012  0.000516       0
29  EUR_GBP 2024-04-19 15:18:00+00:00  0.85914  0.85920  0.0  0.0  0.00013  0.000402       0
30  EUR_GBP 2024-04-19 15:19:00+00:00  0.85920  0.85914  0.0  0.0  0.00013  0.000389       0
2024-04-19 11:21:07 CandleManager() new candle:last_candle:2024-04-19 15:20 is_ready:True
2024-04-19 11:21:07 tech_manager: max_rows:32 candle_time2024-04-19 15:20:00+00:00 granularity:M1
2024-04-19 11:21:07 process_candles:
       PAIR                      time    mid_c    mid_o   SL   TP   SPREAD      GAIN  SIGNAL
26  EUR_GBP 2024-04-19 15:16:00+00:00  0.85890  0.85891  0.0  0.0  0.00013  0.000311       0
27  EUR_GBP 2024-04-19 15:17:00+00:00  0.85918  0.85894  0.0  0.0  0.00012  0.000516       0
28  EUR_GBP 2024-04-19 15:18:00+00:00  0.85914  0.85920  0.0  0.0  0.00013  0.000402       0
29  EUR_GBP 2024-04-19 15:19:00+00:00  0.85920  0.85914  0.0  0.0  0.00013  0.000389       0
30  EUR_GBP 2024-04-19 15:20:00+00:00  0.85922  0.85919  0.0  0.0  0.00014  0.000338       0
2024-04-19 11:21:59 CandleManager() new candle:last_candle:2024-04-19 15:21 is_ready:True
2024-04-19 11:21:59 tech_manager: max_rows:32 candle_time2024-04-19 15:21:00+00:00 granularity:M1
2024-04-19 11:21:59 process_candles:
       PAIR                      time    mid_c    mid_o   SL   TP   SPREAD      GAIN  SIGNAL
27  EUR_GBP 2024-04-19 15:17:00+00:00  0.85918  0.85894  0.0  0.0  0.00012  0.000516       0
28  EUR_GBP 2024-04-19 15:18:00+00:00  0.85914  0.85920  0.0  0.0  0.00013  0.000402       0
29  EUR_GBP 2024-04-19 15:19:00+00:00  0.85920  0.85914  0.0  0.0  0.00013  0.000389       0
30  EUR_GBP 2024-04-19 15:20:00+00:00  0.85922  0.85919  0.0  0.0  0.00014  0.000338       0
31  EUR_GBP 2024-04-19 15:21:00+00:00  0.85946  0.85922  0.0  0.0  0.00013  0.000503       0
2024-04-19 11:23:02 CandleManager() new candle:last_candle:2024-04-19 15:22 is_ready:True
2024-04-19 11:23:03 tech_manager: max_rows:32 candle_time2024-04-19 15:22:00+00:00 granularity:M1
2024-04-19 11:23:03 process_candles:
       PAIR                      time    mid_c    mid_o   SL   TP   SPREAD      GAIN  SIGNAL
26  EUR_GBP 2024-04-19 15:18:00+00:00  0.85914  0.85920  0.0  0.0  0.00013  0.000402       0
27  EUR_GBP 2024-04-19 15:19:00+00:00  0.85920  0.85914  0.0  0.0  0.00013  0.000389       0
28  EUR_GBP 2024-04-19 15:20:00+00:00  0.85922  0.85919  0.0  0.0  0.00014  0.000338       0
29  EUR_GBP 2024-04-19 15:21:00+00:00  0.85946  0.85922  0.0  0.0  0.00013  0.000503       0
30  EUR_GBP 2024-04-19 15:22:00+00:00  0.85952  0.85946  0.0  0.0  0.00013  0.000491       0
2024-04-19 11:24:05 CandleManager() new candle:last_candle:2024-04-19 15:23 is_ready:True
2024-04-19 11:24:06 tech_manager: max_rows:32 candle_time2024-04-19 15:23:00+00:00 granularity:M1
2024-04-19 11:24:06 process_candles:
       PAIR                      time    mid_c    mid_o   SL   TP   SPREAD      GAIN  SIGNAL
27  EUR_GBP 2024-04-19 15:19:00+00:00  0.85920  0.85914  0.0  0.0  0.00013  0.000389       0
28  EUR_GBP 2024-04-19 15:20:00+00:00  0.85922  0.85919  0.0  0.0  0.00014  0.000338       0
29  EUR_GBP 2024-04-19 15:21:00+00:00  0.85946  0.85922  0.0  0.0  0.00013  0.000503       0
30  EUR_GBP 2024-04-19 15:22:00+00:00  0.85952  0.85946  0.0  0.0  0.00013  0.000491       0
31  EUR_GBP 2024-04-19 15:23:00+00:00  0.85945  0.85951  0.0  0.0  0.00012  0.000361       0
2024-04-19 11:25:08 CandleManager() new candle:last_candle:2024-04-19 15:24 is_ready:True
2024-04-19 11:25:09 tech_manager: max_rows:32 candle_time2024-04-19 15:24:00+00:00 granularity:M1
2024-04-19 11:25:09 process_candles:
       PAIR                      time    mid_c    mid_o   SL   TP   SPREAD      GAIN  SIGNAL
26  EUR_GBP 2024-04-19 15:20:00+00:00  0.85922  0.85919  0.0  0.0  0.00014  0.000338       0
27  EUR_GBP 2024-04-19 15:21:00+00:00  0.85946  0.85922  0.0  0.0  0.00013  0.000503       0
28  EUR_GBP 2024-04-19 15:22:00+00:00  0.85952  0.85946  0.0  0.0  0.00013  0.000491       0
29  EUR_GBP 2024-04-19 15:23:00+00:00  0.85945  0.85951  0.0  0.0  0.00012  0.000361       0
30  EUR_GBP 2024-04-19 15:24:00+00:00  0.85936  0.85942  0.0  0.0  0.00013  0.000220       0
2024-04-19 11:26:11 CandleManager() new candle:last_candle:2024-04-19 15:25 is_ready:True
2024-04-19 11:26:11 tech_manager: max_rows:32 candle_time2024-04-19 15:25:00+00:00 granularity:M1
2024-04-19 11:26:11 process_candles:
       PAIR                      time    mid_c    mid_o   SL   TP   SPREAD      GAIN  SIGNAL
26  EUR_GBP 2024-04-19 15:21:00+00:00  0.85946  0.85922  0.0  0.0  0.00013  0.000503       0
27  EUR_GBP 2024-04-19 15:22:00+00:00  0.85952  0.85946  0.0  0.0  0.00013  0.000491       0
28  EUR_GBP 2024-04-19 15:23:00+00:00  0.85945  0.85951  0.0  0.0  0.00012  0.000361       0
29  EUR_GBP 2024-04-19 15:24:00+00:00  0.85936  0.85942  0.0  0.0  0.00013  0.000220       0
30  EUR_GBP 2024-04-19 15:25:00+00:00  0.85947  0.85933  0.0  0.0  0.00012  0.000276       0
2024-04-19 11:27:04 CandleManager() new candle:last_candle:2024-04-19 15:26 is_ready:True
2024-04-19 11:27:05 tech_manager: max_rows:32 candle_time2024-04-19 15:26:00+00:00 granularity:M1
2024-04-19 11:27:05 process_candles:
       PAIR                      time    mid_c    mid_o   SL   TP   SPREAD      GAIN  SIGNAL
26  EUR_GBP 2024-04-19 15:22:00+00:00  0.85952  0.85946  0.0  0.0  0.00013  0.000491       0
27  EUR_GBP 2024-04-19 15:23:00+00:00  0.85945  0.85951  0.0  0.0  0.00012  0.000361       0
28  EUR_GBP 2024-04-19 15:24:00+00:00  0.85936  0.85942  0.0  0.0  0.00013  0.000220       0
29  EUR_GBP 2024-04-19 15:25:00+00:00  0.85947  0.85933  0.0  0.0  0.00012  0.000276       0
30  EUR_GBP 2024-04-19 15:26:00+00:00  0.85930  0.85947  0.0  0.0  0.00014  0.000057       0
2024-04-19 11:28:07 CandleManager() new candle:last_candle:2024-04-19 15:27 is_ready:True
2024-04-19 11:28:07 tech_manager: max_rows:32 candle_time2024-04-19 15:27:00+00:00 granularity:M1
2024-04-19 11:28:07 process_candles:
       PAIR                      time    mid_c    mid_o   SL   TP   SPREAD      GAIN  SIGNAL
26  EUR_GBP 2024-04-19 15:23:00+00:00  0.85945  0.85951  0.0  0.0  0.00012  0.000361       0
27  EUR_GBP 2024-04-19 15:24:00+00:00  0.85936  0.85942  0.0  0.0  0.00013  0.000220       0
28  EUR_GBP 2024-04-19 15:25:00+00:00  0.85947  0.85933  0.0  0.0  0.00012  0.000276       0
29  EUR_GBP 2024-04-19 15:26:00+00:00  0.85930  0.85947  0.0  0.0  0.00014  0.000057       0
30  EUR_GBP 2024-04-19 15:27:00+00:00  0.85923  0.85928  0.0  0.0  0.00014  0.000047       0
2024-04-19 11:29:10 CandleManager() new candle:last_candle:2024-04-19 15:28 is_ready:True
2024-04-19 11:29:10 tech_manager: max_rows:32 candle_time2024-04-19 15:28:00+00:00 granularity:M1
2024-04-19 11:29:10 process_candles:
       PAIR                      time    mid_c    mid_o   SL   TP   SPREAD      GAIN  SIGNAL
26  EUR_GBP 2024-04-19 15:24:00+00:00  0.85936  0.85942  0.0  0.0  0.00013  0.000220       0
27  EUR_GBP 2024-04-19 15:25:00+00:00  0.85947  0.85933  0.0  0.0  0.00012  0.000276       0
28  EUR_GBP 2024-04-19 15:26:00+00:00  0.85930  0.85947  0.0  0.0  0.00014  0.000057       0
29  EUR_GBP 2024-04-19 15:27:00+00:00  0.85923  0.85928  0.0  0.0  0.00014  0.000047       0
30  EUR_GBP 2024-04-19 15:28:00+00:00  0.85920  0.85925  0.0  0.0  0.00014  0.000106       0
2024-04-19 11:30:02 CandleManager() new candle:last_candle:2024-04-19 15:29 is_ready:True
2024-04-19 11:30:02 tech_manager: max_rows:32 candle_time2024-04-19 15:29:00+00:00 granularity:M1
2024-04-19 11:30:02 process_candles:
       PAIR                      time    mid_c    mid_o   SL   TP   SPREAD      GAIN  SIGNAL
26  EUR_GBP 2024-04-19 15:25:00+00:00  0.85947  0.85933  0.0  0.0  0.00012  0.000276       0
27  EUR_GBP 2024-04-19 15:26:00+00:00  0.85930  0.85947  0.0  0.0  0.00014  0.000057       0
28  EUR_GBP 2024-04-19 15:27:00+00:00  0.85923  0.85928  0.0  0.0  0.00014  0.000047       0
29  EUR_GBP 2024-04-19 15:28:00+00:00  0.85920  0.85925  0.0  0.0  0.00014  0.000106       0
30  EUR_GBP 2024-04-19 15:29:00+00:00  0.85914  0.85920  0.0  0.0  0.00014  0.000172       0
2024-04-19 11:31:05 CandleManager() new candle:last_candle:2024-04-19 15:30 is_ready:True
2024-04-19 11:31:05 tech_manager: max_rows:32 candle_time2024-04-19 15:30:00+00:00 granularity:M1
2024-04-19 11:31:05 process_candles:
       PAIR                      time    mid_c    mid_o   SL   TP   SPREAD      GAIN  SIGNAL
26  EUR_GBP 2024-04-19 15:26:00+00:00  0.85930  0.85947  0.0  0.0  0.00014  0.000057       0
27  EUR_GBP 2024-04-19 15:27:00+00:00  0.85923  0.85928  0.0  0.0  0.00014  0.000047       0
28  EUR_GBP 2024-04-19 15:28:00+00:00  0.85920  0.85925  0.0  0.0  0.00014  0.000106       0
29  EUR_GBP 2024-04-19 15:29:00+00:00  0.85914  0.85920  0.0  0.0  0.00014  0.000172       0
30  EUR_GBP 2024-04-19 15:30:00+00:00  0.85912  0.85914  0.0  0.0  0.00013  0.000189       0
2024-04-19 11:32:07 CandleManager() new candle:last_candle:2024-04-19 15:31 is_ready:True
2024-04-19 11:32:08 tech_manager: max_rows:32 candle_time2024-04-19 15:31:00+00:00 granularity:M1
2024-04-19 11:32:08 process_candles:
       PAIR                      time    mid_c    mid_o   SL   TP   SPREAD      GAIN  SIGNAL
26  EUR_GBP 2024-04-19 15:27:00+00:00  0.85923  0.85928  0.0  0.0  0.00014  0.000047       0
27  EUR_GBP 2024-04-19 15:28:00+00:00  0.85920  0.85925  0.0  0.0  0.00014  0.000106       0
28  EUR_GBP 2024-04-19 15:29:00+00:00  0.85914  0.85920  0.0  0.0  0.00014  0.000172       0
29  EUR_GBP 2024-04-19 15:30:00+00:00  0.85912  0.85914  0.0  0.0  0.00013  0.000189       0
30  EUR_GBP 2024-04-19 15:31:00+00:00  0.85926  0.85915  0.0  0.0  0.00012  0.000049       0
2024-04-19 11:33:00 CandleManager() new candle:last_candle:2024-04-19 15:32 is_ready:True
2024-04-19 11:33:00 tech_manager: max_rows:32 candle_time2024-04-19 15:32:00+00:00 granularity:M1
2024-04-19 11:33:00 process_candles:
       PAIR                      time    mid_c    mid_o   SL   TP   SPREAD      GAIN  SIGNAL
26  EUR_GBP 2024-04-19 15:28:00+00:00  0.85920  0.85925  0.0  0.0  0.00014  0.000106       0
27  EUR_GBP 2024-04-19 15:29:00+00:00  0.85914  0.85920  0.0  0.0  0.00014  0.000172       0
28  EUR_GBP 2024-04-19 15:30:00+00:00  0.85912  0.85914  0.0  0.0  0.00013  0.000189       0
29  EUR_GBP 2024-04-19 15:31:00+00:00  0.85926  0.85915  0.0  0.0  0.00012  0.000049       0
30  EUR_GBP 2024-04-19 15:32:00+00:00  0.85922  0.85925  0.0  0.0  0.00013  0.000089       0
2024-04-19 11:34:13 CandleManager() new candle:last_candle:2024-04-19 15:33 is_ready:True
2024-04-19 11:34:13 tech_manager: max_rows:32 candle_time2024-04-19 15:33:00+00:00 granularity:M1
2024-04-19 11:34:13 process_candles:
       PAIR                      time    mid_c    mid_o   SL   TP   SPREAD      GAIN  SIGNAL
26  EUR_GBP 2024-04-19 15:29:00+00:00  0.85914  0.85920  0.0  0.0  0.00014  0.000172       0
27  EUR_GBP 2024-04-19 15:30:00+00:00  0.85912  0.85914  0.0  0.0  0.00013  0.000189       0
28  EUR_GBP 2024-04-19 15:31:00+00:00  0.85926  0.85915  0.0  0.0  0.00012  0.000049       0
29  EUR_GBP 2024-04-19 15:32:00+00:00  0.85922  0.85925  0.0  0.0  0.00013  0.000089       0
30  EUR_GBP 2024-04-19 15:33:00+00:00  0.85927  0.85921  0.0  0.0  0.00012  0.000026       0
2024-04-19 11:35:05 CandleManager() new candle:last_candle:2024-04-19 15:34 is_ready:True
2024-04-19 11:35:05 tech_manager: max_rows:32 candle_time2024-04-19 15:34:00+00:00 granularity:M1
2024-04-19 11:35:05 process_candles:
       PAIR                      time    mid_c    mid_o   SL   TP   SPREAD      GAIN  SIGNAL
26  EUR_GBP 2024-04-19 15:30:00+00:00  0.85912  0.85914  0.0  0.0  0.00013  0.000189       0
27  EUR_GBP 2024-04-19 15:31:00+00:00  0.85926  0.85915  0.0  0.0  0.00012  0.000049       0
28  EUR_GBP 2024-04-19 15:32:00+00:00  0.85922  0.85925  0.0  0.0  0.00013  0.000089       0
29  EUR_GBP 2024-04-19 15:33:00+00:00  0.85927  0.85921  0.0  0.0  0.00012  0.000026       0
30  EUR_GBP 2024-04-19 15:34:00+00:00  0.85934  0.85928  0.0  0.0  0.00014  0.000059       0
2024-04-19 11:36:07 CandleManager() new candle:last_candle:2024-04-19 15:35 is_ready:True
2024-04-19 11:36:07 tech_manager: max_rows:32 candle_time2024-04-19 15:35:00+00:00 granularity:M1
2024-04-19 11:36:07 process_candles:
       PAIR                      time    mid_c    mid_o   SL   TP   SPREAD      GAIN  SIGNAL
26  EUR_GBP 2024-04-19 15:31:00+00:00  0.85926  0.85915  0.0  0.0  0.00012  0.000049       0
27  EUR_GBP 2024-04-19 15:32:00+00:00  0.85922  0.85925  0.0  0.0  0.00013  0.000089       0
28  EUR_GBP 2024-04-19 15:33:00+00:00  0.85927  0.85921  0.0  0.0  0.00012  0.000026       0
29  EUR_GBP 2024-04-19 15:34:00+00:00  0.85934  0.85928  0.0  0.0  0.00014  0.000059       0
30  EUR_GBP 2024-04-19 15:35:00+00:00  0.85934  0.85934  0.0  0.0  0.00013  0.000068       0
2024-04-19 11:36:59 CandleManager() new candle:last_candle:2024-04-19 15:36 is_ready:True
2024-04-19 11:36:59 tech_manager: max_rows:32 candle_time2024-04-19 15:36:00+00:00 granularity:M1
2024-04-19 11:37:00 process_candles:
       PAIR                      time    mid_c    mid_o   SL   TP   SPREAD      GAIN  SIGNAL
27  EUR_GBP 2024-04-19 15:32:00+00:00  0.85922  0.85925  0.0  0.0  0.00013  0.000089       0
28  EUR_GBP 2024-04-19 15:33:00+00:00  0.85927  0.85921  0.0  0.0  0.00012  0.000026       0
29  EUR_GBP 2024-04-19 15:34:00+00:00  0.85934  0.85928  0.0  0.0  0.00014  0.000059       0
30  EUR_GBP 2024-04-19 15:35:00+00:00  0.85934  0.85934  0.0  0.0  0.00013  0.000068       0
31  EUR_GBP 2024-04-19 15:36:00+00:00  0.85934  0.85932  0.0  0.0  0.00014  0.000070       0
2024-04-19 11:38:02 CandleManager() new candle:last_candle:2024-04-19 15:37 is_ready:True
2024-04-19 11:38:02 tech_manager: max_rows:32 candle_time2024-04-19 15:37:00+00:00 granularity:M1
2024-04-19 11:38:02 process_candles:
       PAIR                      time    mid_c    mid_o   SL   TP   SPREAD      GAIN  SIGNAL
26  EUR_GBP 2024-04-19 15:33:00+00:00  0.85927  0.85921  0.0  0.0  0.00012  0.000026       0
27  EUR_GBP 2024-04-19 15:34:00+00:00  0.85934  0.85928  0.0  0.0  0.00014  0.000059       0
28  EUR_GBP 2024-04-19 15:35:00+00:00  0.85934  0.85934  0.0  0.0  0.00013  0.000068       0
29  EUR_GBP 2024-04-19 15:36:00+00:00  0.85934  0.85932  0.0  0.0  0.00014  0.000070       0
30  EUR_GBP 2024-04-19 15:37:00+00:00  0.85938  0.85934  0.0  0.0  0.00013  0.000112       0
2024-04-19 11:39:04 CandleManager() new candle:last_candle:2024-04-19 15:38 is_ready:True
2024-04-19 11:39:05 tech_manager: max_rows:32 candle_time2024-04-19 15:38:00+00:00 granularity:M1
2024-04-19 11:39:05 process_candles:
       PAIR                      time    mid_c    mid_o   SL   TP   SPREAD      GAIN  SIGNAL
26  EUR_GBP 2024-04-19 15:34:00+00:00  0.85934  0.85928  0.0  0.0  0.00014  0.000059       0
27  EUR_GBP 2024-04-19 15:35:00+00:00  0.85934  0.85934  0.0  0.0  0.00013  0.000068       0
28  EUR_GBP 2024-04-19 15:36:00+00:00  0.85934  0.85932  0.0  0.0  0.00014  0.000070       0
29  EUR_GBP 2024-04-19 15:37:00+00:00  0.85938  0.85934  0.0  0.0  0.00013  0.000113       0
30  EUR_GBP 2024-04-19 15:38:00+00:00  0.85941  0.85940  0.0  0.0  0.00012  0.000139       0
2024-04-19 11:40:07 CandleManager() new candle:last_candle:2024-04-19 15:39 is_ready:True
2024-04-19 11:40:07 tech_manager: max_rows:32 candle_time2024-04-19 15:39:00+00:00 granularity:M1
2024-04-19 11:40:07 process_candles:
       PAIR                      time    mid_c    mid_o   SL   TP   SPREAD      GAIN  SIGNAL
26  EUR_GBP 2024-04-19 15:35:00+00:00  0.85934  0.85934  0.0  0.0  0.00013  0.000068       0
27  EUR_GBP 2024-04-19 15:36:00+00:00  0.85934  0.85932  0.0  0.0  0.00014  0.000070       0
28  EUR_GBP 2024-04-19 15:37:00+00:00  0.85938  0.85934  0.0  0.0  0.00013  0.000112       0
29  EUR_GBP 2024-04-19 15:38:00+00:00  0.85941  0.85940  0.0  0.0  0.00012  0.000139       0
30  EUR_GBP 2024-04-19 15:39:00+00:00  0.85932  0.85939  0.0  0.0  0.00013  0.000041       0
2024-04-19 11:41:10 CandleManager() new candle:last_candle:2024-04-19 15:40 is_ready:True
2024-04-19 11:41:10 tech_manager: max_rows:32 candle_time2024-04-19 15:40:00+00:00 granularity:M1
2024-04-19 11:41:10 process_candles:
       PAIR                      time    mid_c    mid_o   SL   TP   SPREAD      GAIN  SIGNAL
26  EUR_GBP 2024-04-19 15:36:00+00:00  0.85934  0.85932  0.0  0.0  0.00014  0.000070       0
27  EUR_GBP 2024-04-19 15:37:00+00:00  0.85938  0.85934  0.0  0.0  0.00013  0.000113       0
28  EUR_GBP 2024-04-19 15:38:00+00:00  0.85941  0.85940  0.0  0.0  0.00012  0.000139       0
29  EUR_GBP 2024-04-19 15:39:00+00:00  0.85932  0.85939  0.0  0.0  0.00013  0.000041       0
30  EUR_GBP 2024-04-19 15:40:00+00:00  0.85919  0.85932  0.0  0.0  0.00014  0.000090       0
2024-04-19 11:42:02 CandleManager() new candle:last_candle:2024-04-19 15:41 is_ready:True
2024-04-19 11:42:02 tech_manager: max_rows:32 candle_time2024-04-19 15:41:00+00:00 granularity:M1
2024-04-19 11:42:02 process_candles:
       PAIR                      time    mid_c    mid_o   SL   TP   SPREAD      GAIN  SIGNAL
26  EUR_GBP 2024-04-19 15:37:00+00:00  0.85938  0.85934  0.0  0.0  0.00013  0.000113       0
27  EUR_GBP 2024-04-19 15:38:00+00:00  0.85941  0.85940  0.0  0.0  0.00012  0.000139       0
28  EUR_GBP 2024-04-19 15:39:00+00:00  0.85932  0.85939  0.0  0.0  0.00013  0.000041       0
29  EUR_GBP 2024-04-19 15:40:00+00:00  0.85919  0.85932  0.0  0.0  0.00014  0.000090       0
30  EUR_GBP 2024-04-19 15:41:00+00:00  0.85912  0.85918  0.0  0.0  0.00012  0.000157       0
2024-04-19 11:43:04 CandleManager() new candle:last_candle:2024-04-19 15:42 is_ready:True
2024-04-19 11:43:05 tech_manager: max_rows:32 candle_time2024-04-19 15:42:00+00:00 granularity:M1
2024-04-19 11:43:05 process_candles:
       PAIR                      time    mid_c    mid_o   SL   TP   SPREAD      GAIN  SIGNAL
26  EUR_GBP 2024-04-19 15:38:00+00:00  0.85941  0.85940  0.0  0.0  0.00012  0.000139       0
27  EUR_GBP 2024-04-19 15:39:00+00:00  0.85932  0.85939  0.0  0.0  0.00013  0.000041       0
28  EUR_GBP 2024-04-19 15:40:00+00:00  0.85919  0.85932  0.0  0.0  0.00014  0.000090       0
29  EUR_GBP 2024-04-19 15:41:00+00:00  0.85912  0.85918  0.0  0.0  0.00012  0.000157       0
30  EUR_GBP 2024-04-19 15:42:00+00:00  0.85907  0.85912  0.0  0.0  0.00012  0.000205       0
2024-04-19 11:44:07 CandleManager() new candle:last_candle:2024-04-19 15:43 is_ready:True
2024-04-19 11:44:08 tech_manager: max_rows:32 candle_time2024-04-19 15:43:00+00:00 granularity:M1
2024-04-19 11:44:08 process_candles:
       PAIR                      time    mid_c    mid_o   SL   TP   SPREAD      GAIN  SIGNAL
26  EUR_GBP 2024-04-19 15:39:00+00:00  0.85932  0.85939  0.0  0.0  0.00013  0.000041       0
27  EUR_GBP 2024-04-19 15:40:00+00:00  0.85919  0.85932  0.0  0.0  0.00014  0.000090       0
28  EUR_GBP 2024-04-19 15:41:00+00:00  0.85912  0.85918  0.0  0.0  0.00012  0.000157       0
29  EUR_GBP 2024-04-19 15:42:00+00:00  0.85907  0.85912  0.0  0.0  0.00012  0.000205       0
30  EUR_GBP 2024-04-19 15:43:00+00:00  0.85905  0.85912  0.0  0.0  0.00014  0.000213       0
2024-04-19 11:45:10 CandleManager() new candle:last_candle:2024-04-19 15:44 is_ready:True
2024-04-19 11:45:10 tech_manager: max_rows:32 candle_time2024-04-19 15:44:00+00:00 granularity:M1
2024-04-19 11:45:10 process_candles:
       PAIR                      time    mid_c    mid_o   SL   TP   SPREAD      GAIN  SIGNAL
26  EUR_GBP 2024-04-19 15:40:00+00:00  0.85919  0.85932  0.0  0.0  0.00014  0.000090       0
27  EUR_GBP 2024-04-19 15:41:00+00:00  0.85912  0.85918  0.0  0.0  0.00012  0.000157       0
28  EUR_GBP 2024-04-19 15:42:00+00:00  0.85907  0.85912  0.0  0.0  0.00012  0.000205       0
29  EUR_GBP 2024-04-19 15:43:00+00:00  0.85905  0.85912  0.0  0.0  0.00014  0.000213       0
30  EUR_GBP 2024-04-19 15:44:00+00:00  0.85899  0.85902  0.0  0.0  0.00012  0.000253       0
2024-04-19 11:46:02 CandleManager() new candle:last_candle:2024-04-19 15:45 is_ready:True
2024-04-19 11:46:02 tech_manager: max_rows:32 candle_time2024-04-19 15:45:00+00:00 granularity:M1
2024-04-19 11:46:02 process_candles:
       PAIR                      time    mid_c    mid_o   SL   TP   SPREAD      GAIN  SIGNAL
26  EUR_GBP 2024-04-19 15:41:00+00:00  0.85912  0.85918  0.0  0.0  0.00012  0.000157       0
27  EUR_GBP 2024-04-19 15:42:00+00:00  0.85907  0.85912  0.0  0.0  0.00012  0.000205       0
28  EUR_GBP 2024-04-19 15:43:00+00:00  0.85905  0.85912  0.0  0.0  0.00014  0.000213       0
29  EUR_GBP 2024-04-19 15:44:00+00:00  0.85899  0.85902  0.0  0.0  0.00012  0.000253       0
30  EUR_GBP 2024-04-19 15:45:00+00:00  0.85908  0.85901  0.0  0.0  0.00013  0.000147       0
2024-04-19 11:47:04 CandleManager() new candle:last_candle:2024-04-19 15:46 is_ready:True
2024-04-19 11:47:05 tech_manager: max_rows:32 candle_time2024-04-19 15:46:00+00:00 granularity:M1
2024-04-19 11:47:05 process_candles:
       PAIR                      time    mid_c    mid_o   SL   TP   SPREAD      GAIN  SIGNAL
26  EUR_GBP 2024-04-19 15:42:00+00:00  0.85907  0.85912  0.0  0.0  0.00012  0.000205       0
27  EUR_GBP 2024-04-19 15:43:00+00:00  0.85905  0.85912  0.0  0.0  0.00014  0.000213       0
28  EUR_GBP 2024-04-19 15:44:00+00:00  0.85899  0.85902  0.0  0.0  0.00012  0.000253       0
29  EUR_GBP 2024-04-19 15:45:00+00:00  0.85908  0.85901  0.0  0.0  0.00013  0.000147       0
30  EUR_GBP 2024-04-19 15:46:00+00:00  0.85905  0.85904  0.0  0.0  0.00014  0.000153       0
2024-04-19 11:48:07 CandleManager() new candle:last_candle:2024-04-19 15:47 is_ready:True
2024-04-19 11:48:07 tech_manager: max_rows:32 candle_time2024-04-19 15:47:00+00:00 granularity:M1
2024-04-19 11:48:07 process_candles:
       PAIR                      time    mid_c    mid_o   SL   TP   SPREAD      GAIN  SIGNAL
27  EUR_GBP 2024-04-19 15:43:00+00:00  0.85905  0.85912  0.0  0.0  0.00014  0.000213       0
28  EUR_GBP 2024-04-19 15:44:00+00:00  0.85899  0.85902  0.0  0.0  0.00012  0.000253       0
29  EUR_GBP 2024-04-19 15:45:00+00:00  0.85908  0.85901  0.0  0.0  0.00013  0.000147       0
30  EUR_GBP 2024-04-19 15:46:00+00:00  0.85905  0.85904  0.0  0.0  0.00014  0.000153       0
31  EUR_GBP 2024-04-19 15:47:00+00:00  0.85902  0.85906  0.0  0.0  0.00013  0.000158       0
2024-04-19 11:49:09 CandleManager() new candle:last_candle:2024-04-19 15:48 is_ready:True
2024-04-19 11:49:09 tech_manager: max_rows:32 candle_time2024-04-19 15:48:00+00:00 granularity:M1
2024-04-19 11:49:09 process_candles:
       PAIR                      time    mid_c    mid_o   SL   TP   SPREAD      GAIN  SIGNAL
26  EUR_GBP 2024-04-19 15:44:00+00:00  0.85899  0.85902  0.0  0.0  0.00012  0.000253       0
27  EUR_GBP 2024-04-19 15:45:00+00:00  0.85908  0.85901  0.0  0.0  0.00013  0.000147       0
28  EUR_GBP 2024-04-19 15:46:00+00:00  0.85905  0.85904  0.0  0.0  0.00014  0.000153       0
29  EUR_GBP 2024-04-19 15:47:00+00:00  0.85902  0.85906  0.0  0.0  0.00013  0.000158       0
30  EUR_GBP 2024-04-19 15:48:00+00:00  0.85914  0.85905  0.0  0.0  0.00014  0.000018       0
2024-04-19 11:50:12 CandleManager() new candle:last_candle:2024-04-19 15:49 is_ready:True
2024-04-19 11:50:12 tech_manager: max_rows:32 candle_time2024-04-19 15:49:00+00:00 granularity:M1
2024-04-19 11:50:12 process_candles:
       PAIR                      time    mid_c    mid_o   SL   TP   SPREAD      GAIN  SIGNAL
26  EUR_GBP 2024-04-19 15:45:00+00:00  0.85908  0.85901  0.0  0.0  0.00013  0.000147       0
27  EUR_GBP 2024-04-19 15:46:00+00:00  0.85905  0.85904  0.0  0.0  0.00014  0.000153       0
28  EUR_GBP 2024-04-19 15:47:00+00:00  0.85902  0.85906  0.0  0.0  0.00013  0.000158       0
29  EUR_GBP 2024-04-19 15:48:00+00:00  0.85914  0.85905  0.0  0.0  0.00014  0.000018       0
30  EUR_GBP 2024-04-19 15:49:00+00:00  0.85917  0.85914  0.0  0.0  0.00014  0.000029       0
2024-04-19 11:51:15 CandleManager() new candle:last_candle:2024-04-19 15:50 is_ready:True
2024-04-19 11:51:15 tech_manager: max_rows:32 candle_time2024-04-19 15:50:00+00:00 granularity:M1
2024-04-19 11:51:15 process_candles:
       PAIR                      time    mid_c    mid_o   SL   TP   SPREAD      GAIN  SIGNAL
26  EUR_GBP 2024-04-19 15:46:00+00:00  0.85905  0.85904  0.0  0.0  0.00014  0.000153       0
27  EUR_GBP 2024-04-19 15:47:00+00:00  0.85902  0.85906  0.0  0.0  0.00013  0.000158       0
28  EUR_GBP 2024-04-19 15:48:00+00:00  0.85914  0.85905  0.0  0.0  0.00014  0.000018       0
29  EUR_GBP 2024-04-19 15:49:00+00:00  0.85917  0.85914  0.0  0.0  0.00014  0.000029       0
30  EUR_GBP 2024-04-19 15:50:00+00:00  0.85918  0.85918  0.0  0.0  0.00012  0.000059       0
2024-04-19 11:52:06 CandleManager() new candle:last_candle:2024-04-19 15:51 is_ready:True
2024-04-19 11:52:07 tech_manager: max_rows:32 candle_time2024-04-19 15:51:00+00:00 granularity:M1
2024-04-19 11:52:07 process_candles:
       PAIR                      time    mid_c    mid_o   SL   TP   SPREAD      GAIN  SIGNAL
26  EUR_GBP 2024-04-19 15:47:00+00:00  0.85902  0.85906  0.0  0.0  0.00013  0.000158       0
27  EUR_GBP 2024-04-19 15:48:00+00:00  0.85914  0.85905  0.0  0.0  0.00014  0.000018       0
28  EUR_GBP 2024-04-19 15:49:00+00:00  0.85917  0.85914  0.0  0.0  0.00014  0.000029       0
29  EUR_GBP 2024-04-19 15:50:00+00:00  0.85918  0.85918  0.0  0.0  0.00012  0.000059       0
30  EUR_GBP 2024-04-19 15:51:00+00:00  0.85918  0.85918  0.0  0.0  0.00014  0.000073       0
