2024-05-21 13:06:58 LogWrapper init() ./logs/EUR_JPY.log
2024-05-21 13:06:58 {'n_ma': 12, 'n_std': 2.5, 'maxspread': 0.04, 'mingain': 0.14, 'riskreward': 1.4}
2024-05-21 13:07:03 CandleManager() init last_candle: last_candle:2024-05-21 17:06 is_ready:False
2024-05-21 13:08:13 CandleManager() new candle:last_candle:2024-05-21 17:07 is_ready:True
2024-05-21 13:08:18 tech_manager: max_rows:32 candle_time2024-05-21 17:07:00+00:00 granularity:M1
2024-05-21 13:08:18 process_candles:
       PAIR                      time    mid_c    mid_o   SL   TP  SPREAD      GAIN     LOSS  SIGNAL
26  EUR_JPY 2024-05-21 17:03:00+00:00  169.474  169.458  0.0  0.0   0.021  0.004528  169.474       0
27  EUR_JPY 2024-05-21 17:04:00+00:00  169.476  169.474  0.0  0.0   0.019  0.009944  169.476       0
28  EUR_JPY 2024-05-21 17:05:00+00:00  169.478  169.474  0.0  0.0   0.020  0.014722  169.478       0
29  EUR_JPY 2024-05-21 17:06:00+00:00  169.488  169.476  0.0  0.0   0.019  0.026083  169.488       0
30  EUR_JPY 2024-05-21 17:07:00+00:00  169.482  169.488  0.0  0.0   0.017  0.020139  169.482       0
2024-05-21 13:09:01 CandleManager() new candle:last_candle:2024-05-21 17:08 is_ready:True
2024-05-21 13:09:05 tech_manager: max_rows:32 candle_time2024-05-21 17:08:00+00:00 granularity:M1
2024-05-21 13:09:05 process_candles:
       PAIR                      time    mid_c    mid_o   SL   TP  SPREAD      GAIN     LOSS  SIGNAL
26  EUR_JPY 2024-05-21 17:04:00+00:00  169.476  169.474  0.0  0.0   0.019  0.009944  169.476       0
27  EUR_JPY 2024-05-21 17:05:00+00:00  169.478  169.474  0.0  0.0   0.020  0.014722  169.478       0
28  EUR_JPY 2024-05-21 17:06:00+00:00  169.488  169.476  0.0  0.0   0.019  0.026083  169.488       0
29  EUR_JPY 2024-05-21 17:07:00+00:00  169.482  169.488  0.0  0.0   0.017  0.020139  169.482       0
30  EUR_JPY 2024-05-21 17:08:00+00:00  169.484  169.482  0.0  0.0   0.020  0.021639  169.484       0
2024-05-21 13:10:03 CandleManager() new candle:last_candle:2024-05-21 17:09 is_ready:True
2024-05-21 13:10:09 tech_manager: max_rows:32 candle_time2024-05-21 17:09:00+00:00 granularity:M1
2024-05-21 13:10:09 process_candles:
       PAIR                      time    mid_c    mid_o   SL   TP  SPREAD      GAIN     LOSS  SIGNAL
26  EUR_JPY 2024-05-21 17:05:00+00:00  169.478  169.474  0.0  0.0   0.020  0.014722  169.478       0
27  EUR_JPY 2024-05-21 17:06:00+00:00  169.488  169.476  0.0  0.0   0.019  0.026083  169.488       0
28  EUR_JPY 2024-05-21 17:07:00+00:00  169.482  169.488  0.0  0.0   0.017  0.020139  169.482       0
29  EUR_JPY 2024-05-21 17:08:00+00:00  169.484  169.482  0.0  0.0   0.020  0.021639  169.484       0
30  EUR_JPY 2024-05-21 17:09:00+00:00  169.478  169.482  0.0  0.0   0.017  0.014861  169.478       0
2024-05-21 13:11:12 CandleManager() new candle:last_candle:2024-05-21 17:10 is_ready:True
2024-05-21 13:11:17 tech_manager: max_rows:32 candle_time2024-05-21 17:10:00+00:00 granularity:M1
2024-05-21 13:11:17 process_candles:
       PAIR                      time    mid_c    mid_o   SL   TP  SPREAD      GAIN     LOSS  SIGNAL
26  EUR_JPY 2024-05-21 17:06:00+00:00  169.488  169.476  0.0  0.0   0.019  0.026083  169.488       0
27  EUR_JPY 2024-05-21 17:07:00+00:00  169.482  169.488  0.0  0.0   0.017  0.020139  169.482       0
28  EUR_JPY 2024-05-21 17:08:00+00:00  169.484  169.482  0.0  0.0   0.020  0.021639  169.484       0
29  EUR_JPY 2024-05-21 17:09:00+00:00  169.478  169.482  0.0  0.0   0.017  0.014861  169.478       0
30  EUR_JPY 2024-05-21 17:10:00+00:00  169.476  169.478  0.0  0.0   0.019  0.011722  169.476       0
