2024-04-19 10:57:35 LogWrapper init() ./logs/EUR_CHF.log
2024-04-19 10:57:35 {'n_ma': 12, 'n_std': 2.5, 'maxspread': 0.0004, 'mingain': 0.0014, 'riskreward': 1.5}
2024-04-19 10:57:37 CandleManager() init last_candle: last_candle:2024-04-19 14:56 is_ready:False
2024-04-19 10:58:08 CandleManager() new candle:last_candle:2024-04-19 14:57 is_ready:True
2024-04-19 10:58:08 tech_manager: max_rows:32 candle_time2024-04-19 14:57:00+00:00 granularity:M1
2024-04-19 10:58:08 process_candles:
       PAIR                      time    mid_c    mid_o        SL        TP   SPREAD      GAIN  SIGNAL
26  EUR_CHF 2024-04-19 14:53:00+00:00  0.96991  0.96975  0.000000  0.000000  0.00016  0.000162       0
27  EUR_CHF 2024-04-19 14:54:00+00:00  0.97006  0.96994  0.000000  0.000000  0.00014  0.000298       0
28  EUR_CHF 2024-04-19 14:55:00+00:00  0.97048  0.97006  0.970931  0.969804  0.00015  0.000676      -1
29  EUR_CHF 2024-04-19 14:56:00+00:00  0.97033  0.97052  0.000000  0.000000  0.00016  0.000473       0
30  EUR_CHF 2024-04-19 14:57:00+00:00  0.97016  0.97030  0.000000  0.000000  0.00015  0.000273       0
2024-04-19 10:59:00 CandleManager() new candle:last_candle:2024-04-19 14:58 is_ready:True
2024-04-19 10:59:00 tech_manager: max_rows:32 candle_time2024-04-19 14:58:00+00:00 granularity:M1
2024-04-19 10:59:00 process_candles:
       PAIR                      time    mid_c    mid_o        SL        TP   SPREAD      GAIN  SIGNAL
26  EUR_CHF 2024-04-19 14:54:00+00:00  0.97006  0.96994  0.000000  0.000000  0.00014  0.000298       0
27  EUR_CHF 2024-04-19 14:55:00+00:00  0.97048  0.97006  0.970931  0.969804  0.00015  0.000676      -1
28  EUR_CHF 2024-04-19 14:56:00+00:00  0.97033  0.97052  0.000000  0.000000  0.00016  0.000473       0
29  EUR_CHF 2024-04-19 14:57:00+00:00  0.97016  0.97030  0.000000  0.000000  0.00015  0.000273       0
30  EUR_CHF 2024-04-19 14:58:00+00:00  0.97028  0.97018  0.000000  0.000000  0.00015  0.000335       0
2024-04-19 11:00:03 CandleManager() new candle:last_candle:2024-04-19 14:59 is_ready:True
2024-04-19 11:00:03 tech_manager: max_rows:32 candle_time2024-04-19 14:59:00+00:00 granularity:M1
2024-04-19 11:00:03 process_candles:
       PAIR                      time    mid_c    mid_o        SL        TP   SPREAD      GAIN  SIGNAL
26  EUR_CHF 2024-04-19 14:55:00+00:00  0.97048  0.97006  0.970931  0.969804  0.00015  0.000676      -1
27  EUR_CHF 2024-04-19 14:56:00+00:00  0.97033  0.97052  0.000000  0.000000  0.00016  0.000473       0
28  EUR_CHF 2024-04-19 14:57:00+00:00  0.97016  0.97030  0.000000  0.000000  0.00015  0.000273       0
29  EUR_CHF 2024-04-19 14:58:00+00:00  0.97028  0.97018  0.000000  0.000000  0.00015  0.000335       0
30  EUR_CHF 2024-04-19 14:59:00+00:00  0.97028  0.97032  0.000000  0.000000  0.00015  0.000264       0
2024-04-19 11:01:05 CandleManager() new candle:last_candle:2024-04-19 15:00 is_ready:True
2024-04-19 11:01:06 tech_manager: max_rows:32 candle_time2024-04-19 15:00:00+00:00 granularity:M1
2024-04-19 11:01:06 process_candles:
       PAIR                      time    mid_c    mid_o   SL   TP   SPREAD      GAIN  SIGNAL
26  EUR_CHF 2024-04-19 14:56:00+00:00  0.97033  0.97052  0.0  0.0  0.00016  0.000473       0
27  EUR_CHF 2024-04-19 14:57:00+00:00  0.97016  0.97030  0.0  0.0  0.00015  0.000273       0
28  EUR_CHF 2024-04-19 14:58:00+00:00  0.97028  0.97018  0.0  0.0  0.00015  0.000335       0
29  EUR_CHF 2024-04-19 14:59:00+00:00  0.97028  0.97032  0.0  0.0  0.00015  0.000264       0
30  EUR_CHF 2024-04-19 15:00:00+00:00  0.97008  0.97025  0.0  0.0  0.00015  0.000017       0
2024-04-19 11:02:08 CandleManager() new candle:last_candle:2024-04-19 15:01 is_ready:True
2024-04-19 11:02:08 tech_manager: max_rows:32 candle_time2024-04-19 15:01:00+00:00 granularity:M1
2024-04-19 11:02:08 process_candles:
       PAIR                      time    mid_c    mid_o   SL   TP   SPREAD      GAIN  SIGNAL
26  EUR_CHF 2024-04-19 14:57:00+00:00  0.97016  0.97030  0.0  0.0  0.00015  0.000273       0
27  EUR_CHF 2024-04-19 14:58:00+00:00  0.97028  0.97018  0.0  0.0  0.00015  0.000335       0
28  EUR_CHF 2024-04-19 14:59:00+00:00  0.97028  0.97032  0.0  0.0  0.00015  0.000264       0
29  EUR_CHF 2024-04-19 15:00:00+00:00  0.97008  0.97025  0.0  0.0  0.00015  0.000017       0
30  EUR_CHF 2024-04-19 15:01:00+00:00  0.97015  0.97006  0.0  0.0  0.00014  0.000045       0
2024-04-19 11:03:11 CandleManager() new candle:last_candle:2024-04-19 15:02 is_ready:True
2024-04-19 11:03:11 tech_manager: max_rows:32 candle_time2024-04-19 15:02:00+00:00 granularity:M1
2024-04-19 11:03:11 process_candles:
       PAIR                      time    mid_c    mid_o   SL   TP   SPREAD      GAIN  SIGNAL
26  EUR_CHF 2024-04-19 14:58:00+00:00  0.97028  0.97018  0.0  0.0  0.00015  0.000335       0
27  EUR_CHF 2024-04-19 14:59:00+00:00  0.97028  0.97032  0.0  0.0  0.00015  0.000264       0
28  EUR_CHF 2024-04-19 15:00:00+00:00  0.97008  0.97025  0.0  0.0  0.00015  0.000017       0
29  EUR_CHF 2024-04-19 15:01:00+00:00  0.97015  0.97006  0.0  0.0  0.00014  0.000045       0
30  EUR_CHF 2024-04-19 15:02:00+00:00  0.97010  0.97014  0.0  0.0  0.00015  0.000032       0
2024-04-19 11:04:03 CandleManager() new candle:last_candle:2024-04-19 15:03 is_ready:True
2024-04-19 11:04:03 tech_manager: max_rows:32 candle_time2024-04-19 15:03:00+00:00 granularity:M1
2024-04-19 11:04:03 process_candles:
       PAIR                      time    mid_c    mid_o   SL   TP   SPREAD      GAIN  SIGNAL
26  EUR_CHF 2024-04-19 14:59:00+00:00  0.97028  0.97032  0.0  0.0  0.00015  0.000264       0
27  EUR_CHF 2024-04-19 15:00:00+00:00  0.97008  0.97025  0.0  0.0  0.00015  0.000017       0
28  EUR_CHF 2024-04-19 15:01:00+00:00  0.97015  0.97006  0.0  0.0  0.00014  0.000045       0
29  EUR_CHF 2024-04-19 15:02:00+00:00  0.97010  0.97014  0.0  0.0  0.00015  0.000032       0
30  EUR_CHF 2024-04-19 15:03:00+00:00  0.96990  0.97010  0.0  0.0  0.00016  0.000236       0
2024-04-19 11:05:06 CandleManager() new candle:last_candle:2024-04-19 15:04 is_ready:True
2024-04-19 11:05:06 tech_manager: max_rows:32 candle_time2024-04-19 15:04:00+00:00 granularity:M1
2024-04-19 11:05:06 process_candles:
       PAIR                      time    mid_c    mid_o   SL   TP   SPREAD      GAIN  SIGNAL
26  EUR_CHF 2024-04-19 15:00:00+00:00  0.97008  0.97025  0.0  0.0  0.00015  0.000017       0
27  EUR_CHF 2024-04-19 15:01:00+00:00  0.97015  0.97006  0.0  0.0  0.00014  0.000045       0
28  EUR_CHF 2024-04-19 15:02:00+00:00  0.97010  0.97014  0.0  0.0  0.00015  0.000032       0
29  EUR_CHF 2024-04-19 15:03:00+00:00  0.96990  0.97010  0.0  0.0  0.00016  0.000236       0
30  EUR_CHF 2024-04-19 15:04:00+00:00  0.96982  0.96986  0.0  0.0  0.00015  0.000316       0
2024-04-19 11:06:08 CandleManager() new candle:last_candle:2024-04-19 15:05 is_ready:True
2024-04-19 11:06:09 tech_manager: max_rows:32 candle_time2024-04-19 15:05:00+00:00 granularity:M1
2024-04-19 11:06:09 process_candles:
       PAIR                      time    mid_c    mid_o   SL   TP   SPREAD      GAIN  SIGNAL
26  EUR_CHF 2024-04-19 15:01:00+00:00  0.97015  0.97006  0.0  0.0  0.00014  0.000045       0
27  EUR_CHF 2024-04-19 15:02:00+00:00  0.97010  0.97014  0.0  0.0  0.00015  0.000032       0
28  EUR_CHF 2024-04-19 15:03:00+00:00  0.96990  0.97010  0.0  0.0  0.00016  0.000236       0
29  EUR_CHF 2024-04-19 15:04:00+00:00  0.96982  0.96986  0.0  0.0  0.00015  0.000316       0
30  EUR_CHF 2024-04-19 15:05:00+00:00  0.96972  0.96983  0.0  0.0  0.00017  0.000401       0
2024-04-19 11:07:01 CandleManager() new candle:last_candle:2024-04-19 15:06 is_ready:True
2024-04-19 11:07:01 tech_manager: max_rows:32 candle_time2024-04-19 15:06:00+00:00 granularity:M1
2024-04-19 11:07:01 process_candles:
       PAIR                      time    mid_c    mid_o   SL   TP   SPREAD      GAIN  SIGNAL
26  EUR_CHF 2024-04-19 15:02:00+00:00  0.97010  0.97014  0.0  0.0  0.00015  0.000032       0
27  EUR_CHF 2024-04-19 15:03:00+00:00  0.96990  0.97010  0.0  0.0  0.00016  0.000236       0
28  EUR_CHF 2024-04-19 15:04:00+00:00  0.96982  0.96986  0.0  0.0  0.00015  0.000316       0
29  EUR_CHF 2024-04-19 15:05:00+00:00  0.96972  0.96983  0.0  0.0  0.00017  0.000401       0
30  EUR_CHF 2024-04-19 15:06:00+00:00  0.96976  0.96972  0.0  0.0  0.00017  0.000336       0
2024-04-19 11:08:03 CandleManager() new candle:last_candle:2024-04-19 15:07 is_ready:True
2024-04-19 11:08:04 tech_manager: max_rows:32 candle_time2024-04-19 15:07:00+00:00 granularity:M1
2024-04-19 11:08:04 process_candles:
       PAIR                      time    mid_c    mid_o   SL   TP   SPREAD      GAIN  SIGNAL
26  EUR_CHF 2024-04-19 15:03:00+00:00  0.96990  0.97010  0.0  0.0  0.00016  0.000236       0
27  EUR_CHF 2024-04-19 15:04:00+00:00  0.96982  0.96986  0.0  0.0  0.00015  0.000316       0
28  EUR_CHF 2024-04-19 15:05:00+00:00  0.96972  0.96983  0.0  0.0  0.00017  0.000401       0
29  EUR_CHF 2024-04-19 15:06:00+00:00  0.96976  0.96972  0.0  0.0  0.00017  0.000336       0
30  EUR_CHF 2024-04-19 15:07:00+00:00  0.96970  0.96976  0.0  0.0  0.00017  0.000347       0
2024-04-19 11:09:06 CandleManager() new candle:last_candle:2024-04-19 15:08 is_ready:True
2024-04-19 11:09:07 tech_manager: max_rows:32 candle_time2024-04-19 15:08:00+00:00 granularity:M1
2024-04-19 11:09:07 process_candles:
       PAIR                      time    mid_c    mid_o   SL   TP   SPREAD      GAIN  SIGNAL
26  EUR_CHF 2024-04-19 15:04:00+00:00  0.96982  0.96986  0.0  0.0  0.00015  0.000316       0
27  EUR_CHF 2024-04-19 15:05:00+00:00  0.96972  0.96983  0.0  0.0  0.00017  0.000401       0
28  EUR_CHF 2024-04-19 15:06:00+00:00  0.96976  0.96972  0.0  0.0  0.00017  0.000336       0
29  EUR_CHF 2024-04-19 15:07:00+00:00  0.96970  0.96976  0.0  0.0  0.00017  0.000347       0
30  EUR_CHF 2024-04-19 15:08:00+00:00  0.96966  0.96970  0.0  0.0  0.00015  0.000318       0
2024-04-19 11:10:09 CandleManager() new candle:last_candle:2024-04-19 15:09 is_ready:True
2024-04-19 11:10:09 tech_manager: max_rows:32 candle_time2024-04-19 15:09:00+00:00 granularity:M1
2024-04-19 11:10:09 process_candles:
       PAIR                      time    mid_c    mid_o   SL   TP   SPREAD      GAIN  SIGNAL
26  EUR_CHF 2024-04-19 15:05:00+00:00  0.96972  0.96983  0.0  0.0  0.00017  0.000401       0
27  EUR_CHF 2024-04-19 15:06:00+00:00  0.96976  0.96972  0.0  0.0  0.00017  0.000336       0
28  EUR_CHF 2024-04-19 15:07:00+00:00  0.96970  0.96976  0.0  0.0  0.00017  0.000347       0
29  EUR_CHF 2024-04-19 15:08:00+00:00  0.96966  0.96970  0.0  0.0  0.00015  0.000318       0
30  EUR_CHF 2024-04-19 15:09:00+00:00  0.96962  0.96969  0.0  0.0  0.00015  0.000313       0
2024-04-19 11:11:01 CandleManager() new candle:last_candle:2024-04-19 15:10 is_ready:True
2024-04-19 11:11:01 tech_manager: max_rows:32 candle_time2024-04-19 15:10:00+00:00 granularity:M1
2024-04-19 11:11:02 process_candles:
       PAIR                      time    mid_c    mid_o   SL   TP   SPREAD      GAIN  SIGNAL
26  EUR_CHF 2024-04-19 15:06:00+00:00  0.96976  0.96972  0.0  0.0  0.00017  0.000336       0
27  EUR_CHF 2024-04-19 15:07:00+00:00  0.96970  0.96976  0.0  0.0  0.00017  0.000347       0
28  EUR_CHF 2024-04-19 15:08:00+00:00  0.96966  0.96970  0.0  0.0  0.00015  0.000318       0
29  EUR_CHF 2024-04-19 15:09:00+00:00  0.96962  0.96969  0.0  0.0  0.00015  0.000313       0
30  EUR_CHF 2024-04-19 15:10:00+00:00  0.96974  0.96964  0.0  0.0  0.00015  0.000149       0
2024-04-19 11:12:04 CandleManager() new candle:last_candle:2024-04-19 15:11 is_ready:True
2024-04-19 11:12:04 tech_manager: max_rows:32 candle_time2024-04-19 15:11:00+00:00 granularity:M1
2024-04-19 11:12:04 process_candles:
       PAIR                      time    mid_c    mid_o   SL   TP   SPREAD      GAIN  SIGNAL
26  EUR_CHF 2024-04-19 15:07:00+00:00  0.96970  0.96976  0.0  0.0  0.00017  0.000347       0
27  EUR_CHF 2024-04-19 15:08:00+00:00  0.96966  0.96970  0.0  0.0  0.00015  0.000318       0
28  EUR_CHF 2024-04-19 15:09:00+00:00  0.96962  0.96969  0.0  0.0  0.00015  0.000313       0
29  EUR_CHF 2024-04-19 15:10:00+00:00  0.96974  0.96964  0.0  0.0  0.00015  0.000149       0
30  EUR_CHF 2024-04-19 15:11:00+00:00  0.96938  0.96974  0.0  0.0  0.00015  0.000440       0
2024-04-19 11:13:06 CandleManager() new candle:last_candle:2024-04-19 15:12 is_ready:True
2024-04-19 11:13:07 tech_manager: max_rows:32 candle_time2024-04-19 15:12:00+00:00 granularity:M1
2024-04-19 11:13:07 process_candles:
       PAIR                      time    mid_c    mid_o   SL   TP   SPREAD      GAIN  SIGNAL
26  EUR_CHF 2024-04-19 15:08:00+00:00  0.96966  0.96970  0.0  0.0  0.00015  0.000318       0
27  EUR_CHF 2024-04-19 15:09:00+00:00  0.96962  0.96969  0.0  0.0  0.00015  0.000313       0
28  EUR_CHF 2024-04-19 15:10:00+00:00  0.96974  0.96964  0.0  0.0  0.00015  0.000149       0
29  EUR_CHF 2024-04-19 15:11:00+00:00  0.96938  0.96974  0.0  0.0  0.00015  0.000440       0
30  EUR_CHF 2024-04-19 15:12:00+00:00  0.96943  0.96939  0.0  0.0  0.00014  0.000329       0
2024-04-19 11:14:09 CandleManager() new candle:last_candle:2024-04-19 15:13 is_ready:True
2024-04-19 11:14:09 tech_manager: max_rows:32 candle_time2024-04-19 15:13:00+00:00 granularity:M1
2024-04-19 11:14:09 process_candles:
       PAIR                      time    mid_c    mid_o   SL   TP   SPREAD      GAIN  SIGNAL
26  EUR_CHF 2024-04-19 15:09:00+00:00  0.96962  0.96969  0.0  0.0  0.00015  0.000313       0
27  EUR_CHF 2024-04-19 15:10:00+00:00  0.96974  0.96964  0.0  0.0  0.00015  0.000149       0
28  EUR_CHF 2024-04-19 15:11:00+00:00  0.96938  0.96974  0.0  0.0  0.00015  0.000440       0
29  EUR_CHF 2024-04-19 15:12:00+00:00  0.96943  0.96939  0.0  0.0  0.00014  0.000329       0
30  EUR_CHF 2024-04-19 15:13:00+00:00  0.96950  0.96942  0.0  0.0  0.00013  0.000206       0
2024-04-19 11:15:01 CandleManager() new candle:last_candle:2024-04-19 15:14 is_ready:True
2024-04-19 11:15:02 tech_manager: max_rows:32 candle_time2024-04-19 15:14:00+00:00 granularity:M1
2024-04-19 11:15:02 process_candles:
       PAIR                      time    mid_c    mid_o   SL   TP   SPREAD      GAIN  SIGNAL
26  EUR_CHF 2024-04-19 15:10:00+00:00  0.96974  0.96964  0.0  0.0  0.00015  0.000149       0
27  EUR_CHF 2024-04-19 15:11:00+00:00  0.96938  0.96974  0.0  0.0  0.00015  0.000440       0
28  EUR_CHF 2024-04-19 15:12:00+00:00  0.96943  0.96939  0.0  0.0  0.00014  0.000329       0
29  EUR_CHF 2024-04-19 15:13:00+00:00  0.96950  0.96942  0.0  0.0  0.00013  0.000206       0
30  EUR_CHF 2024-04-19 15:14:00+00:00  0.96946  0.96952  0.0  0.0  0.00015  0.000189       0
2024-04-19 11:16:04 CandleManager() new candle:last_candle:2024-04-19 15:15 is_ready:True
2024-04-19 11:16:04 tech_manager: max_rows:32 candle_time2024-04-19 15:15:00+00:00 granularity:M1
2024-04-19 11:16:04 process_candles:
       PAIR                      time    mid_c    mid_o   SL   TP   SPREAD      GAIN  SIGNAL
26  EUR_CHF 2024-04-19 15:11:00+00:00  0.96938  0.96974  0.0  0.0  0.00015  0.000440       0
27  EUR_CHF 2024-04-19 15:12:00+00:00  0.96943  0.96939  0.0  0.0  0.00014  0.000329       0
28  EUR_CHF 2024-04-19 15:13:00+00:00  0.96950  0.96942  0.0  0.0  0.00013  0.000206       0
29  EUR_CHF 2024-04-19 15:14:00+00:00  0.96946  0.96952  0.0  0.0  0.00015  0.000189       0
30  EUR_CHF 2024-04-19 15:15:00+00:00  0.96954  0.96944  0.0  0.0  0.00013  0.000072       0
2024-04-19 11:17:06 CandleManager() new candle:last_candle:2024-04-19 15:16 is_ready:True
2024-04-19 11:17:07 tech_manager: max_rows:32 candle_time2024-04-19 15:16:00+00:00 granularity:M1
2024-04-19 11:17:07 process_candles:
       PAIR                      time    mid_c    mid_o   SL   TP   SPREAD      GAIN  SIGNAL
26  EUR_CHF 2024-04-19 15:12:00+00:00  0.96943  0.96939  0.0  0.0  0.00014  0.000329       0
27  EUR_CHF 2024-04-19 15:13:00+00:00  0.96950  0.96942  0.0  0.0  0.00013  0.000206       0
28  EUR_CHF 2024-04-19 15:14:00+00:00  0.96946  0.96952  0.0  0.0  0.00015  0.000189       0
29  EUR_CHF 2024-04-19 15:15:00+00:00  0.96954  0.96944  0.0  0.0  0.00013  0.000072       0
30  EUR_CHF 2024-04-19 15:16:00+00:00  0.96956  0.96954  0.0  0.0  0.00017  0.000031       0
2024-04-19 11:18:09 CandleManager() new candle:last_candle:2024-04-19 15:17 is_ready:True
2024-04-19 11:18:09 tech_manager: max_rows:32 candle_time2024-04-19 15:17:00+00:00 granularity:M1
2024-04-19 11:18:09 process_candles:
       PAIR                      time    mid_c    mid_o   SL   TP   SPREAD      GAIN  SIGNAL
26  EUR_CHF 2024-04-19 15:13:00+00:00  0.96950  0.96942  0.0  0.0  0.00013  0.000206       0
27  EUR_CHF 2024-04-19 15:14:00+00:00  0.96946  0.96952  0.0  0.0  0.00015  0.000189       0
28  EUR_CHF 2024-04-19 15:15:00+00:00  0.96954  0.96944  0.0  0.0  0.00013  0.000072       0
29  EUR_CHF 2024-04-19 15:16:00+00:00  0.96956  0.96954  0.0  0.0  0.00017  0.000031       0
30  EUR_CHF 2024-04-19 15:17:00+00:00  0.96959  0.96955  0.0  0.0  0.00016  0.000009       0
2024-04-19 11:19:01 CandleManager() new candle:last_candle:2024-04-19 15:18 is_ready:True
2024-04-19 11:19:02 tech_manager: max_rows:32 candle_time2024-04-19 15:18:00+00:00 granularity:M1
2024-04-19 11:19:02 process_candles:
       PAIR                      time    mid_c    mid_o   SL   TP   SPREAD      GAIN  SIGNAL
26  EUR_CHF 2024-04-19 15:14:00+00:00  0.96946  0.96952  0.0  0.0  0.00015  0.000189       0
27  EUR_CHF 2024-04-19 15:15:00+00:00  0.96954  0.96944  0.0  0.0  0.00013  0.000072       0
28  EUR_CHF 2024-04-19 15:16:00+00:00  0.96956  0.96954  0.0  0.0  0.00017  0.000031       0
29  EUR_CHF 2024-04-19 15:17:00+00:00  0.96959  0.96955  0.0  0.0  0.00016  0.000009       0
30  EUR_CHF 2024-04-19 15:18:00+00:00  0.96964  0.96960  0.0  0.0  0.00018  0.000066       0
2024-04-19 11:20:04 CandleManager() new candle:last_candle:2024-04-19 15:19 is_ready:True
2024-04-19 11:20:04 tech_manager: max_rows:32 candle_time2024-04-19 15:19:00+00:00 granularity:M1
2024-04-19 11:20:04 process_candles:
       PAIR                      time    mid_c    mid_o   SL   TP   SPREAD      GAIN  SIGNAL
26  EUR_CHF 2024-04-19 15:15:00+00:00  0.96954  0.96944  0.0  0.0  0.00013  0.000072       0
27  EUR_CHF 2024-04-19 15:16:00+00:00  0.96956  0.96954  0.0  0.0  0.00017  0.000031       0
28  EUR_CHF 2024-04-19 15:17:00+00:00  0.96959  0.96955  0.0  0.0  0.00016  0.000009       0
29  EUR_CHF 2024-04-19 15:18:00+00:00  0.96964  0.96960  0.0  0.0  0.00018  0.000066       0
30  EUR_CHF 2024-04-19 15:19:00+00:00  0.96966  0.96965  0.0  0.0  0.00016  0.000095       0
2024-04-19 11:21:07 CandleManager() new candle:last_candle:2024-04-19 15:20 is_ready:True
2024-04-19 11:21:07 tech_manager: max_rows:32 candle_time2024-04-19 15:20:00+00:00 granularity:M1
2024-04-19 11:21:07 process_candles:
       PAIR                      time    mid_c    mid_o   SL   TP   SPREAD      GAIN  SIGNAL
26  EUR_CHF 2024-04-19 15:16:00+00:00  0.96956  0.96954  0.0  0.0  0.00017  0.000031       0
27  EUR_CHF 2024-04-19 15:17:00+00:00  0.96959  0.96955  0.0  0.0  0.00016  0.000009       0
28  EUR_CHF 2024-04-19 15:18:00+00:00  0.96964  0.96960  0.0  0.0  0.00018  0.000066       0
29  EUR_CHF 2024-04-19 15:19:00+00:00  0.96966  0.96965  0.0  0.0  0.00016  0.000095       0
30  EUR_CHF 2024-04-19 15:20:00+00:00  0.96946  0.96964  0.0  0.0  0.00013  0.000094       0
2024-04-19 11:22:10 CandleManager() new candle:last_candle:2024-04-19 15:21 is_ready:True
2024-04-19 11:22:10 tech_manager: max_rows:32 candle_time2024-04-19 15:21:00+00:00 granularity:M1
2024-04-19 11:22:10 process_candles:
       PAIR                      time    mid_c    mid_o   SL   TP   SPREAD      GAIN  SIGNAL
26  EUR_CHF 2024-04-19 15:17:00+00:00  0.96959  0.96955  0.0  0.0  0.00016  0.000009       0
27  EUR_CHF 2024-04-19 15:18:00+00:00  0.96964  0.96960  0.0  0.0  0.00018  0.000066       0
28  EUR_CHF 2024-04-19 15:19:00+00:00  0.96966  0.96965  0.0  0.0  0.00016  0.000095       0
29  EUR_CHF 2024-04-19 15:20:00+00:00  0.96946  0.96964  0.0  0.0  0.00013  0.000094       0
30  EUR_CHF 2024-04-19 15:21:00+00:00  0.96946  0.96945  0.0  0.0  0.00016  0.000081       0
2024-04-19 11:23:02 CandleManager() new candle:last_candle:2024-04-19 15:22 is_ready:True
2024-04-19 11:23:02 tech_manager: max_rows:32 candle_time2024-04-19 15:22:00+00:00 granularity:M1
2024-04-19 11:23:02 process_candles:
       PAIR                      time    mid_c    mid_o        SL        TP   SPREAD      GAIN  SIGNAL
26  EUR_CHF 2024-04-19 15:18:00+00:00  0.96964  0.96960  0.000000  0.000000  0.00018  0.000066       0
27  EUR_CHF 2024-04-19 15:19:00+00:00  0.96966  0.96965  0.000000  0.000000  0.00016  0.000095       0
28  EUR_CHF 2024-04-19 15:20:00+00:00  0.96946  0.96964  0.000000  0.000000  0.00013  0.000094       0
29  EUR_CHF 2024-04-19 15:21:00+00:00  0.96946  0.96945  0.000000  0.000000  0.00016  0.000081       0
30  EUR_CHF 2024-04-19 15:22:00+00:00  0.96922  0.96945  0.969028  0.969507  0.00015  0.000287       1
2024-04-19 11:23:02 Place Trade: TradeDecision(): EUR_CHF dir:1 gain:0.0003 sl:0.9690 tp:0.9695
2024-04-19 11:23:02 Placed trade_id:442 for TradeDecision(): EUR_CHF dir:1 gain:0.0003 sl:0.9690 tp:0.9695
2024-04-19 11:24:05 CandleManager() new candle:last_candle:2024-04-19 15:23 is_ready:True
2024-04-19 11:24:05 tech_manager: max_rows:32 candle_time2024-04-19 15:23:00+00:00 granularity:M1
2024-04-19 11:24:05 process_candles:
       PAIR                      time    mid_c    mid_o        SL        TP   SPREAD      GAIN  SIGNAL
26  EUR_CHF 2024-04-19 15:19:00+00:00  0.96966  0.96965  0.000000  0.000000  0.00016  0.000095       0
27  EUR_CHF 2024-04-19 15:20:00+00:00  0.96946  0.96964  0.000000  0.000000  0.00013  0.000094       0
28  EUR_CHF 2024-04-19 15:21:00+00:00  0.96946  0.96945  0.000000  0.000000  0.00016  0.000081       0
29  EUR_CHF 2024-04-19 15:22:00+00:00  0.96922  0.96945  0.969028  0.969507  0.00015  0.000287       1
30  EUR_CHF 2024-04-19 15:23:00+00:00  0.96930  0.96920  0.000000  0.000000  0.00015  0.000189       0
2024-04-19 11:25:08 CandleManager() new candle:last_candle:2024-04-19 15:24 is_ready:True
2024-04-19 11:25:08 tech_manager: max_rows:32 candle_time2024-04-19 15:24:00+00:00 granularity:M1
2024-04-19 11:25:08 process_candles:
       PAIR                      time    mid_c    mid_o        SL        TP   SPREAD      GAIN  SIGNAL
26  EUR_CHF 2024-04-19 15:20:00+00:00  0.96946  0.96964  0.000000  0.000000  0.00013  0.000094       0
27  EUR_CHF 2024-04-19 15:21:00+00:00  0.96946  0.96945  0.000000  0.000000  0.00016  0.000081       0
28  EUR_CHF 2024-04-19 15:22:00+00:00  0.96922  0.96945  0.969028  0.969507  0.00015  0.000287       1
29  EUR_CHF 2024-04-19 15:23:00+00:00  0.96930  0.96920  0.000000  0.000000  0.00015  0.000189       0
30  EUR_CHF 2024-04-19 15:24:00+00:00  0.96940  0.96930  0.000000  0.000000  0.00015  0.000084       0
2024-04-19 11:26:11 CandleManager() new candle:last_candle:2024-04-19 15:25 is_ready:True
2024-04-19 11:26:11 tech_manager: max_rows:32 candle_time2024-04-19 15:25:00+00:00 granularity:M1
2024-04-19 11:26:11 process_candles:
       PAIR                      time    mid_c    mid_o        SL        TP   SPREAD      GAIN  SIGNAL
26  EUR_CHF 2024-04-19 15:21:00+00:00  0.96946  0.96945  0.000000  0.000000  0.00016  0.000081       0
27  EUR_CHF 2024-04-19 15:22:00+00:00  0.96922  0.96945  0.969028  0.969507  0.00015  0.000287       1
28  EUR_CHF 2024-04-19 15:23:00+00:00  0.96930  0.96920  0.000000  0.000000  0.00015  0.000189       0
29  EUR_CHF 2024-04-19 15:24:00+00:00  0.96940  0.96930  0.000000  0.000000  0.00015  0.000084       0
30  EUR_CHF 2024-04-19 15:25:00+00:00  0.96954  0.96940  0.000000  0.000000  0.00016  0.000056       0
2024-04-19 11:27:03 CandleManager() new candle:last_candle:2024-04-19 15:26 is_ready:True
2024-04-19 11:27:04 tech_manager: max_rows:32 candle_time2024-04-19 15:26:00+00:00 granularity:M1
2024-04-19 11:27:04 process_candles:
       PAIR                      time    mid_c    mid_o        SL        TP   SPREAD      GAIN  SIGNAL
26  EUR_CHF 2024-04-19 15:22:00+00:00  0.96922  0.96945  0.969028  0.969507  0.00015  0.000287       1
27  EUR_CHF 2024-04-19 15:23:00+00:00  0.96930  0.96920  0.000000  0.000000  0.00015  0.000189       0
28  EUR_CHF 2024-04-19 15:24:00+00:00  0.96940  0.96930  0.000000  0.000000  0.00015  0.000084       0
29  EUR_CHF 2024-04-19 15:25:00+00:00  0.96954  0.96940  0.000000  0.000000  0.00016  0.000056       0
30  EUR_CHF 2024-04-19 15:26:00+00:00  0.96942  0.96957  0.000000  0.000000  0.00016  0.000065       0
2024-04-19 11:28:07 CandleManager() new candle:last_candle:2024-04-19 15:27 is_ready:True
2024-04-19 11:28:07 tech_manager: max_rows:32 candle_time2024-04-19 15:27:00+00:00 granularity:M1
2024-04-19 11:28:07 process_candles:
       PAIR                      time    mid_c    mid_o   SL   TP   SPREAD      GAIN  SIGNAL
26  EUR_CHF 2024-04-19 15:23:00+00:00  0.96930  0.96920  0.0  0.0  0.00015  0.000189       0
27  EUR_CHF 2024-04-19 15:24:00+00:00  0.96940  0.96930  0.0  0.0  0.00015  0.000084       0
28  EUR_CHF 2024-04-19 15:25:00+00:00  0.96954  0.96940  0.0  0.0  0.00016  0.000056       0
29  EUR_CHF 2024-04-19 15:26:00+00:00  0.96942  0.96957  0.0  0.0  0.00016  0.000065       0
30  EUR_CHF 2024-04-19 15:27:00+00:00  0.96922  0.96942  0.0  0.0  0.00016  0.000246       0
2024-04-19 11:29:09 CandleManager() new candle:last_candle:2024-04-19 15:28 is_ready:True
2024-04-19 11:29:10 tech_manager: max_rows:32 candle_time2024-04-19 15:28:00+00:00 granularity:M1
2024-04-19 11:29:10 process_candles:
       PAIR                      time    mid_c    mid_o   SL   TP   SPREAD      GAIN  SIGNAL
26  EUR_CHF 2024-04-19 15:24:00+00:00  0.96940  0.96930  0.0  0.0  0.00015  0.000084       0
27  EUR_CHF 2024-04-19 15:25:00+00:00  0.96954  0.96940  0.0  0.0  0.00016  0.000056       0
28  EUR_CHF 2024-04-19 15:26:00+00:00  0.96942  0.96957  0.0  0.0  0.00016  0.000065       0
29  EUR_CHF 2024-04-19 15:27:00+00:00  0.96922  0.96942  0.0  0.0  0.00016  0.000246       0
30  EUR_CHF 2024-04-19 15:28:00+00:00  0.96922  0.96924  0.0  0.0  0.00017  0.000221       0
2024-04-19 11:30:02 CandleManager() new candle:last_candle:2024-04-19 15:29 is_ready:True
2024-04-19 11:30:02 tech_manager: max_rows:32 candle_time2024-04-19 15:29:00+00:00 granularity:M1
2024-04-19 11:30:02 process_candles:
       PAIR                      time    mid_c    mid_o   SL   TP   SPREAD      GAIN  SIGNAL
26  EUR_CHF 2024-04-19 15:25:00+00:00  0.96954  0.96940  0.0  0.0  0.00016  0.000056       0
27  EUR_CHF 2024-04-19 15:26:00+00:00  0.96942  0.96957  0.0  0.0  0.00016  0.000065       0
28  EUR_CHF 2024-04-19 15:27:00+00:00  0.96922  0.96942  0.0  0.0  0.00016  0.000246       0
29  EUR_CHF 2024-04-19 15:28:00+00:00  0.96922  0.96924  0.0  0.0  0.00017  0.000221       0
30  EUR_CHF 2024-04-19 15:29:00+00:00  0.96927  0.96921  0.0  0.0  0.00016  0.000142       0
2024-04-19 11:31:04 CandleManager() new candle:last_candle:2024-04-19 15:30 is_ready:True
2024-04-19 11:31:05 tech_manager: max_rows:32 candle_time2024-04-19 15:30:00+00:00 granularity:M1
2024-04-19 11:31:05 process_candles:
       PAIR                      time    mid_c    mid_o   SL   TP   SPREAD      GAIN  SIGNAL
26  EUR_CHF 2024-04-19 15:26:00+00:00  0.96942  0.96957  0.0  0.0  0.00016  0.000065       0
27  EUR_CHF 2024-04-19 15:27:00+00:00  0.96922  0.96942  0.0  0.0  0.00016  0.000246       0
28  EUR_CHF 2024-04-19 15:28:00+00:00  0.96922  0.96924  0.0  0.0  0.00017  0.000221       0
29  EUR_CHF 2024-04-19 15:29:00+00:00  0.96927  0.96921  0.0  0.0  0.00016  0.000142       0
30  EUR_CHF 2024-04-19 15:30:00+00:00  0.96948  0.96928  0.0  0.0  0.00014  0.000085       0
2024-04-19 11:32:07 CandleManager() new candle:last_candle:2024-04-19 15:31 is_ready:True
2024-04-19 11:32:08 tech_manager: max_rows:32 candle_time2024-04-19 15:31:00+00:00 granularity:M1
2024-04-19 11:32:08 process_candles:
       PAIR                      time    mid_c    mid_o   SL   TP   SPREAD      GAIN  SIGNAL
26  EUR_CHF 2024-04-19 15:27:00+00:00  0.96922  0.96942  0.0  0.0  0.00016  0.000246       0
27  EUR_CHF 2024-04-19 15:28:00+00:00  0.96922  0.96924  0.0  0.0  0.00017  0.000221       0
28  EUR_CHF 2024-04-19 15:29:00+00:00  0.96927  0.96921  0.0  0.0  0.00016  0.000142       0
29  EUR_CHF 2024-04-19 15:30:00+00:00  0.96948  0.96928  0.0  0.0  0.00014  0.000085       0
30  EUR_CHF 2024-04-19 15:31:00+00:00  0.96937  0.96949  0.0  0.0  0.00016  0.000004       0
2024-04-19 11:32:59 CandleManager() new candle:last_candle:2024-04-19 15:32 is_ready:True
2024-04-19 11:33:00 tech_manager: max_rows:32 candle_time2024-04-19 15:32:00+00:00 granularity:M1
2024-04-19 11:33:00 process_candles:
       PAIR                      time    mid_c    mid_o   SL   TP   SPREAD      GAIN  SIGNAL
27  EUR_CHF 2024-04-19 15:28:00+00:00  0.96922  0.96924  0.0  0.0  0.00017  0.000221       0
28  EUR_CHF 2024-04-19 15:29:00+00:00  0.96927  0.96921  0.0  0.0  0.00016  0.000142       0
29  EUR_CHF 2024-04-19 15:30:00+00:00  0.96948  0.96928  0.0  0.0  0.00014  0.000085       0
30  EUR_CHF 2024-04-19 15:31:00+00:00  0.96937  0.96949  0.0  0.0  0.00016  0.000004       0
31  EUR_CHF 2024-04-19 15:32:00+00:00  0.96932  0.96935  0.0  0.0  0.00013  0.000039       0
2024-04-19 11:34:02 CandleManager() new candle:last_candle:2024-04-19 15:33 is_ready:True
2024-04-19 11:34:02 tech_manager: max_rows:32 candle_time2024-04-19 15:33:00+00:00 granularity:M1
2024-04-19 11:34:02 process_candles:
       PAIR                      time    mid_c    mid_o   SL   TP   SPREAD      GAIN  SIGNAL
26  EUR_CHF 2024-04-19 15:29:00+00:00  0.96927  0.96921  0.0  0.0  0.00016  0.000142       0
27  EUR_CHF 2024-04-19 15:30:00+00:00  0.96948  0.96928  0.0  0.0  0.00014  0.000085       0
28  EUR_CHF 2024-04-19 15:31:00+00:00  0.96937  0.96949  0.0  0.0  0.00016  0.000004       0
29  EUR_CHF 2024-04-19 15:32:00+00:00  0.96932  0.96935  0.0  0.0  0.00013  0.000039       0
30  EUR_CHF 2024-04-19 15:33:00+00:00  0.96918  0.96932  0.0  0.0  0.00014  0.000155       0
2024-04-19 11:35:04 CandleManager() new candle:last_candle:2024-04-19 15:34 is_ready:True
2024-04-19 11:35:05 tech_manager: max_rows:32 candle_time2024-04-19 15:34:00+00:00 granularity:M1
2024-04-19 11:35:05 process_candles:
       PAIR                      time    mid_c    mid_o        SL        TP   SPREAD      GAIN  SIGNAL
26  EUR_CHF 2024-04-19 15:30:00+00:00  0.96948  0.96928  0.000000  0.000000  0.00014  0.000085       0
27  EUR_CHF 2024-04-19 15:31:00+00:00  0.96937  0.96949  0.000000  0.000000  0.00016  0.000004       0
28  EUR_CHF 2024-04-19 15:32:00+00:00  0.96932  0.96935  0.000000  0.000000  0.00013  0.000039       0
29  EUR_CHF 2024-04-19 15:33:00+00:00  0.96918  0.96932  0.000000  0.000000  0.00014  0.000155       0
30  EUR_CHF 2024-04-19 15:34:00+00:00  0.96898  0.96918  0.968757  0.969314  0.00014  0.000334       1
2024-04-19 11:35:05 Place Trade: TradeDecision(): EUR_CHF dir:1 gain:0.0003 sl:0.9688 tp:0.9693
2024-04-19 11:35:05 Placed trade_id:448 for TradeDecision(): EUR_CHF dir:1 gain:0.0003 sl:0.9688 tp:0.9693
2024-04-19 11:36:07 CandleManager() new candle:last_candle:2024-04-19 15:35 is_ready:True
2024-04-19 11:36:07 tech_manager: max_rows:32 candle_time2024-04-19 15:35:00+00:00 granularity:M1
2024-04-19 11:36:07 process_candles:
       PAIR                      time    mid_c    mid_o        SL        TP   SPREAD      GAIN  SIGNAL
26  EUR_CHF 2024-04-19 15:31:00+00:00  0.96937  0.96949  0.000000  0.000000  0.00016  0.000004       0
27  EUR_CHF 2024-04-19 15:32:00+00:00  0.96932  0.96935  0.000000  0.000000  0.00013  0.000039       0
28  EUR_CHF 2024-04-19 15:33:00+00:00  0.96918  0.96932  0.000000  0.000000  0.00014  0.000155       0
29  EUR_CHF 2024-04-19 15:34:00+00:00  0.96898  0.96918  0.968757  0.969314  0.00014  0.000334       1
30  EUR_CHF 2024-04-19 15:35:00+00:00  0.96884  0.96898  0.000000  0.000000  0.00015  0.000441       0
2024-04-19 11:37:10 CandleManager() new candle:last_candle:2024-04-19 15:36 is_ready:True
2024-04-19 11:37:10 tech_manager: max_rows:32 candle_time2024-04-19 15:36:00+00:00 granularity:M1
2024-04-19 11:37:10 process_candles:
       PAIR                      time    mid_c    mid_o        SL        TP   SPREAD      GAIN  SIGNAL
26  EUR_CHF 2024-04-19 15:32:00+00:00  0.96932  0.96935  0.000000  0.000000  0.00013  0.000039       0
27  EUR_CHF 2024-04-19 15:33:00+00:00  0.96918  0.96932  0.000000  0.000000  0.00014  0.000155       0
28  EUR_CHF 2024-04-19 15:34:00+00:00  0.96898  0.96918  0.968757  0.969314  0.00014  0.000334       1
29  EUR_CHF 2024-04-19 15:35:00+00:00  0.96884  0.96898  0.000000  0.000000  0.00015  0.000441       0
30  EUR_CHF 2024-04-19 15:36:00+00:00  0.96884  0.96883  0.000000  0.000000  0.00016  0.000397       0
2024-04-19 11:38:12 CandleManager() new candle:last_candle:2024-04-19 15:37 is_ready:True
2024-04-19 11:38:12 tech_manager: max_rows:32 candle_time2024-04-19 15:37:00+00:00 granularity:M1
2024-04-19 11:38:13 process_candles:
       PAIR                      time    mid_c    mid_o        SL        TP   SPREAD      GAIN  SIGNAL
26  EUR_CHF 2024-04-19 15:33:00+00:00  0.96918  0.96932  0.000000  0.000000  0.00014  0.000155       0
27  EUR_CHF 2024-04-19 15:34:00+00:00  0.96898  0.96918  0.968757  0.969314  0.00014  0.000334       1
28  EUR_CHF 2024-04-19 15:35:00+00:00  0.96884  0.96898  0.000000  0.000000  0.00015  0.000441       0
29  EUR_CHF 2024-04-19 15:36:00+00:00  0.96884  0.96883  0.000000  0.000000  0.00016  0.000397       0
30  EUR_CHF 2024-04-19 15:37:00+00:00  0.96899  0.96882  0.000000  0.000000  0.00014  0.000201       0
2024-04-19 11:39:04 CandleManager() new candle:last_candle:2024-04-19 15:38 is_ready:True
2024-04-19 11:39:04 tech_manager: max_rows:32 candle_time2024-04-19 15:38:00+00:00 granularity:M1
2024-04-19 11:39:05 process_candles:
       PAIR                      time    mid_c    mid_o        SL        TP   SPREAD      GAIN  SIGNAL
26  EUR_CHF 2024-04-19 15:34:00+00:00  0.96898  0.96918  0.968757  0.969314  0.00014  0.000334       1
27  EUR_CHF 2024-04-19 15:35:00+00:00  0.96884  0.96898  0.000000  0.000000  0.00015  0.000441       0
28  EUR_CHF 2024-04-19 15:36:00+00:00  0.96884  0.96883  0.000000  0.000000  0.00016  0.000397       0
29  EUR_CHF 2024-04-19 15:37:00+00:00  0.96899  0.96882  0.000000  0.000000  0.00014  0.000201       0
30  EUR_CHF 2024-04-19 15:38:00+00:00  0.96912  0.96902  0.000000  0.000000  0.00015  0.000039       0
2024-04-19 11:40:07 CandleManager() new candle:last_candle:2024-04-19 15:39 is_ready:True
2024-04-19 11:40:07 tech_manager: max_rows:32 candle_time2024-04-19 15:39:00+00:00 granularity:M1
2024-04-19 11:40:07 process_candles:
       PAIR                      time    mid_c    mid_o   SL   TP   SPREAD      GAIN  SIGNAL
26  EUR_CHF 2024-04-19 15:35:00+00:00  0.96884  0.96898  0.0  0.0  0.00015  0.000441       0
27  EUR_CHF 2024-04-19 15:36:00+00:00  0.96884  0.96883  0.0  0.0  0.00016  0.000397       0
28  EUR_CHF 2024-04-19 15:37:00+00:00  0.96899  0.96882  0.0  0.0  0.00014  0.000201       0
29  EUR_CHF 2024-04-19 15:38:00+00:00  0.96912  0.96902  0.0  0.0  0.00015  0.000039       0
30  EUR_CHF 2024-04-19 15:39:00+00:00  0.96916  0.96913  0.0  0.0  0.00017  0.000014       0
2024-04-19 11:40:59 CandleManager() new candle:last_candle:2024-04-19 15:40 is_ready:True
2024-04-19 11:40:59 tech_manager: max_rows:32 candle_time2024-04-19 15:40:00+00:00 granularity:M1
2024-04-19 11:40:59 process_candles:
       PAIR                      time    mid_c    mid_o   SL   TP   SPREAD      GAIN  SIGNAL
27  EUR_CHF 2024-04-19 15:36:00+00:00  0.96884  0.96883  0.0  0.0  0.00016  0.000397       0
28  EUR_CHF 2024-04-19 15:37:00+00:00  0.96899  0.96882  0.0  0.0  0.00014  0.000201       0
29  EUR_CHF 2024-04-19 15:38:00+00:00  0.96912  0.96902  0.0  0.0  0.00015  0.000039       0
30  EUR_CHF 2024-04-19 15:39:00+00:00  0.96916  0.96913  0.0  0.0  0.00017  0.000014       0
31  EUR_CHF 2024-04-19 15:40:00+00:00  0.96916  0.96916  0.0  0.0  0.00014  0.000021       0
2024-04-19 11:42:02 CandleManager() new candle:last_candle:2024-04-19 15:41 is_ready:True
2024-04-19 11:42:02 tech_manager: max_rows:32 candle_time2024-04-19 15:41:00+00:00 granularity:M1
2024-04-19 11:42:02 process_candles:
       PAIR                      time    mid_c    mid_o   SL   TP   SPREAD      GAIN  SIGNAL
26  EUR_CHF 2024-04-19 15:37:00+00:00  0.96899  0.96882  0.0  0.0  0.00014  0.000201       0
27  EUR_CHF 2024-04-19 15:38:00+00:00  0.96912  0.96902  0.0  0.0  0.00015  0.000039       0
28  EUR_CHF 2024-04-19 15:39:00+00:00  0.96916  0.96913  0.0  0.0  0.00017  0.000014       0
29  EUR_CHF 2024-04-19 15:40:00+00:00  0.96916  0.96916  0.0  0.0  0.00014  0.000021       0
30  EUR_CHF 2024-04-19 15:41:00+00:00  0.96900  0.96915  0.0  0.0  0.00015  0.000123       0
2024-04-19 11:43:04 CandleManager() new candle:last_candle:2024-04-19 15:42 is_ready:True
2024-04-19 11:43:04 tech_manager: max_rows:32 candle_time2024-04-19 15:42:00+00:00 granularity:M1
2024-04-19 11:43:05 process_candles:
       PAIR                      time    mid_c    mid_o   SL   TP   SPREAD      GAIN  SIGNAL
26  EUR_CHF 2024-04-19 15:38:00+00:00  0.96912  0.96902  0.0  0.0  0.00015  0.000039       0
27  EUR_CHF 2024-04-19 15:39:00+00:00  0.96916  0.96913  0.0  0.0  0.00017  0.000014       0
28  EUR_CHF 2024-04-19 15:40:00+00:00  0.96916  0.96916  0.0  0.0  0.00014  0.000021       0
29  EUR_CHF 2024-04-19 15:41:00+00:00  0.96900  0.96915  0.0  0.0  0.00015  0.000123       0
30  EUR_CHF 2024-04-19 15:42:00+00:00  0.96902  0.96900  0.0  0.0  0.00013  0.000071       0
2024-04-19 11:44:07 CandleManager() new candle:last_candle:2024-04-19 15:43 is_ready:True
2024-04-19 11:44:07 tech_manager: max_rows:32 candle_time2024-04-19 15:43:00+00:00 granularity:M1
2024-04-19 11:44:07 process_candles:
       PAIR                      time    mid_c    mid_o   SL   TP   SPREAD      GAIN  SIGNAL
26  EUR_CHF 2024-04-19 15:39:00+00:00  0.96916  0.96913  0.0  0.0  0.00017  0.000014       0
27  EUR_CHF 2024-04-19 15:40:00+00:00  0.96916  0.96916  0.0  0.0  0.00014  0.000021       0
28  EUR_CHF 2024-04-19 15:41:00+00:00  0.96900  0.96915  0.0  0.0  0.00015  0.000123       0
29  EUR_CHF 2024-04-19 15:42:00+00:00  0.96902  0.96900  0.0  0.0  0.00013  0.000071       0
30  EUR_CHF 2024-04-19 15:43:00+00:00  0.96901  0.96902  0.0  0.0  0.00016  0.000047       0
2024-04-19 11:45:10 CandleManager() new candle:last_candle:2024-04-19 15:44 is_ready:True
2024-04-19 11:45:10 tech_manager: max_rows:32 candle_time2024-04-19 15:44:00+00:00 granularity:M1
2024-04-19 11:45:10 process_candles:
       PAIR                      time    mid_c    mid_o   SL   TP   SPREAD      GAIN  SIGNAL
26  EUR_CHF 2024-04-19 15:40:00+00:00  0.96916  0.96916  0.0  0.0  0.00014  0.000021       0
27  EUR_CHF 2024-04-19 15:41:00+00:00  0.96900  0.96915  0.0  0.0  0.00015  0.000123       0
28  EUR_CHF 2024-04-19 15:42:00+00:00  0.96902  0.96900  0.0  0.0  0.00013  0.000071       0
29  EUR_CHF 2024-04-19 15:43:00+00:00  0.96901  0.96902  0.0  0.0  0.00016  0.000047       0
30  EUR_CHF 2024-04-19 15:44:00+00:00  0.96906  0.96902  0.0  0.0  0.00013  0.000026       0
2024-04-19 11:46:02 CandleManager() new candle:last_candle:2024-04-19 15:45 is_ready:True
2024-04-19 11:46:02 tech_manager: max_rows:32 candle_time2024-04-19 15:45:00+00:00 granularity:M1
2024-04-19 11:46:02 process_candles:
       PAIR                      time    mid_c    mid_o   SL   TP   SPREAD      GAIN  SIGNAL
26  EUR_CHF 2024-04-19 15:41:00+00:00  0.96900  0.96915  0.0  0.0  0.00015  0.000123       0
27  EUR_CHF 2024-04-19 15:42:00+00:00  0.96902  0.96900  0.0  0.0  0.00013  0.000071       0
28  EUR_CHF 2024-04-19 15:43:00+00:00  0.96901  0.96902  0.0  0.0  0.00016  0.000047       0
29  EUR_CHF 2024-04-19 15:44:00+00:00  0.96906  0.96902  0.0  0.0  0.00013  0.000026       0
30  EUR_CHF 2024-04-19 15:45:00+00:00  0.96899  0.96906  0.0  0.0  0.00016  0.000026       0
2024-04-19 11:47:04 CandleManager() new candle:last_candle:2024-04-19 15:46 is_ready:True
2024-04-19 11:47:04 tech_manager: max_rows:32 candle_time2024-04-19 15:46:00+00:00 granularity:M1
2024-04-19 11:47:04 process_candles:
       PAIR                      time    mid_c    mid_o   SL   TP   SPREAD      GAIN  SIGNAL
26  EUR_CHF 2024-04-19 15:42:00+00:00  0.96902  0.96900  0.0  0.0  0.00013  0.000071       0
27  EUR_CHF 2024-04-19 15:43:00+00:00  0.96901  0.96902  0.0  0.0  0.00016  0.000047       0
28  EUR_CHF 2024-04-19 15:44:00+00:00  0.96906  0.96902  0.0  0.0  0.00013  0.000026       0
29  EUR_CHF 2024-04-19 15:45:00+00:00  0.96899  0.96906  0.0  0.0  0.00016  0.000026       0
30  EUR_CHF 2024-04-19 15:46:00+00:00  0.96900  0.96902  0.0  0.0  0.00013  0.000014       0
2024-04-19 11:48:06 CandleManager() new candle:last_candle:2024-04-19 15:47 is_ready:True
2024-04-19 11:48:07 tech_manager: max_rows:32 candle_time2024-04-19 15:47:00+00:00 granularity:M1
2024-04-19 11:48:07 process_candles:
       PAIR                      time    mid_c    mid_o   SL   TP   SPREAD      GAIN  SIGNAL
26  EUR_CHF 2024-04-19 15:43:00+00:00  0.96901  0.96902  0.0  0.0  0.00016  0.000047       0
27  EUR_CHF 2024-04-19 15:44:00+00:00  0.96906  0.96902  0.0  0.0  0.00013  0.000026       0
28  EUR_CHF 2024-04-19 15:45:00+00:00  0.96899  0.96906  0.0  0.0  0.00016  0.000026       0
29  EUR_CHF 2024-04-19 15:46:00+00:00  0.96900  0.96902  0.0  0.0  0.00013  0.000014       0
30  EUR_CHF 2024-04-19 15:47:00+00:00  0.96904  0.96901  0.0  0.0  0.00017  0.000013       0
2024-04-19 11:49:09 CandleManager() new candle:last_candle:2024-04-19 15:48 is_ready:True
2024-04-19 11:49:09 tech_manager: max_rows:32 candle_time2024-04-19 15:48:00+00:00 granularity:M1
2024-04-19 11:49:09 process_candles:
       PAIR                      time    mid_c    mid_o   SL   TP   SPREAD      GAIN  SIGNAL
26  EUR_CHF 2024-04-19 15:44:00+00:00  0.96906  0.96902  0.0  0.0  0.00013  0.000026       0
27  EUR_CHF 2024-04-19 15:45:00+00:00  0.96899  0.96906  0.0  0.0  0.00016  0.000026       0
28  EUR_CHF 2024-04-19 15:46:00+00:00  0.96900  0.96902  0.0  0.0  0.00013  0.000014       0
29  EUR_CHF 2024-04-19 15:47:00+00:00  0.96904  0.96901  0.0  0.0  0.00017  0.000013       0
30  EUR_CHF 2024-04-19 15:48:00+00:00  0.96904  0.96906  0.0  0.0  0.00015  0.000004       0
2024-04-19 11:50:01 CandleManager() new candle:last_candle:2024-04-19 15:49 is_ready:True
2024-04-19 11:50:01 tech_manager: max_rows:32 candle_time2024-04-19 15:49:00+00:00 granularity:M1
2024-04-19 11:50:01 process_candles:
       PAIR                      time    mid_c    mid_o   SL   TP   SPREAD      GAIN  SIGNAL
26  EUR_CHF 2024-04-19 15:45:00+00:00  0.96899  0.96906  0.0  0.0  0.00016  0.000026       0
27  EUR_CHF 2024-04-19 15:46:00+00:00  0.96900  0.96902  0.0  0.0  0.00013  0.000014       0
28  EUR_CHF 2024-04-19 15:47:00+00:00  0.96904  0.96901  0.0  0.0  0.00017  0.000013       0
29  EUR_CHF 2024-04-19 15:48:00+00:00  0.96904  0.96906  0.0  0.0  0.00015  0.000004       0
30  EUR_CHF 2024-04-19 15:49:00+00:00  0.96892  0.96903  0.0  0.0  0.00017  0.000126       0
2024-04-19 11:51:04 CandleManager() new candle:last_candle:2024-04-19 15:50 is_ready:True
2024-04-19 11:51:04 tech_manager: max_rows:32 candle_time2024-04-19 15:50:00+00:00 granularity:M1
2024-04-19 11:51:04 process_candles:
       PAIR                      time    mid_c    mid_o   SL   TP   SPREAD      GAIN  SIGNAL
26  EUR_CHF 2024-04-19 15:46:00+00:00  0.96900  0.96902  0.0  0.0  0.00013  0.000014       0
27  EUR_CHF 2024-04-19 15:47:00+00:00  0.96904  0.96901  0.0  0.0  0.00017  0.000013       0
28  EUR_CHF 2024-04-19 15:48:00+00:00  0.96904  0.96906  0.0  0.0  0.00015  0.000004       0
29  EUR_CHF 2024-04-19 15:49:00+00:00  0.96892  0.96903  0.0  0.0  0.00017  0.000126       0
30  EUR_CHF 2024-04-19 15:50:00+00:00  0.96897  0.96892  0.0  0.0  0.00016  0.000064       0
2024-04-19 11:52:06 CandleManager() new candle:last_candle:2024-04-19 15:51 is_ready:True
2024-04-19 11:52:06 tech_manager: max_rows:32 candle_time2024-04-19 15:51:00+00:00 granularity:M1
2024-04-19 11:52:06 process_candles:
       PAIR                      time    mid_c    mid_o        SL        TP   SPREAD      GAIN  SIGNAL
26  EUR_CHF 2024-04-19 15:47:00+00:00  0.96904  0.96901  0.000000  0.000000  0.00017  0.000013       0
27  EUR_CHF 2024-04-19 15:48:00+00:00  0.96904  0.96906  0.000000  0.000000  0.00015  0.000004       0
28  EUR_CHF 2024-04-19 15:49:00+00:00  0.96892  0.96903  0.000000  0.000000  0.00017  0.000126       0
29  EUR_CHF 2024-04-19 15:50:00+00:00  0.96897  0.96892  0.000000  0.000000  0.00016  0.000064       0
30  EUR_CHF 2024-04-19 15:51:00+00:00  0.96878  0.96896  0.968627  0.969009  0.00017  0.000229       1
2024-04-19 11:52:06 Place Trade: TradeDecision(): EUR_CHF dir:1 gain:0.0002 sl:0.9686 tp:0.9690
2024-04-19 11:52:07 Placed trade_id:454 for TradeDecision(): EUR_CHF dir:1 gain:0.0002 sl:0.9686 tp:0.9690
