2024-05-21 13:06:58 LogWrapper init() ./logs/EUR_ZAR.log
2024-05-21 13:06:58 {'n_ma': 12, 'n_std': 2.5, 'maxspread': 0.04, 'mingain': 0.14, 'riskreward': 1.4}
2024-05-21 13:07:03 CandleManager() init last_candle: last_candle:2024-05-21 17:05 is_ready:False
2024-05-21 13:07:17 CandleManager() new candle:last_candle:2024-05-21 17:06 is_ready:True
2024-05-21 13:07:18 tech_manager: max_rows:32 candle_time2024-05-21 17:06:00+00:00 granularity:M1
2024-05-21 13:07:18 process_candles:
       PAIR                      time     mid_c     mid_o   SL   TP   SPREAD      GAIN      LOSS  SIGNAL
26  EUR_ZAR 2024-05-21 17:02:00+00:00  19.60885  19.60704  0.0  0.0  0.01260  0.000805  19.60885       0
27  EUR_ZAR 2024-05-21 17:03:00+00:00  19.61026  19.60907  0.0  0.0  0.01197  0.000647  19.61026       0
28  EUR_ZAR 2024-05-21 17:04:00+00:00  19.61235  19.61002  0.0  0.0  0.01220  0.002726  19.61235       0
29  EUR_ZAR 2024-05-21 17:05:00+00:00  19.61055  19.61290  0.0  0.0  0.01240  0.000990  19.61055       0
30  EUR_ZAR 2024-05-21 17:06:00+00:00  19.61055  19.61020  0.0  0.0  0.01220  0.000885  19.61055       0
2024-05-21 13:08:17 CandleManager() new candle:last_candle:2024-05-21 17:07 is_ready:True
2024-05-21 13:08:21 tech_manager: max_rows:32 candle_time2024-05-21 17:07:00+00:00 granularity:M1
2024-05-21 13:08:21 process_candles:
       PAIR                      time     mid_c     mid_o   SL   TP   SPREAD      GAIN      LOSS  SIGNAL
26  EUR_ZAR 2024-05-21 17:03:00+00:00  19.61026  19.60907  0.0  0.0  0.01197  0.000647  19.61026       0
27  EUR_ZAR 2024-05-21 17:04:00+00:00  19.61235  19.61002  0.0  0.0  0.01220  0.002726  19.61235       0
28  EUR_ZAR 2024-05-21 17:05:00+00:00  19.61055  19.61290  0.0  0.0  0.01240  0.000990  19.61055       0
29  EUR_ZAR 2024-05-21 17:06:00+00:00  19.61055  19.61020  0.0  0.0  0.01220  0.000885  19.61055       0
30  EUR_ZAR 2024-05-21 17:07:00+00:00  19.60925  19.61180  0.0  0.0  0.01220  0.000581  19.60925       0
2024-05-21 13:09:04 CandleManager() new candle:last_candle:2024-05-21 17:08 is_ready:True
2024-05-21 13:09:09 tech_manager: max_rows:32 candle_time2024-05-21 17:08:00+00:00 granularity:M1
2024-05-21 13:09:09 process_candles:
       PAIR                      time     mid_c     mid_o   SL   TP   SPREAD      GAIN      LOSS  SIGNAL
26  EUR_ZAR 2024-05-21 17:04:00+00:00  19.61235  19.61002  0.0  0.0  0.01220  0.002726  19.61235       0
27  EUR_ZAR 2024-05-21 17:05:00+00:00  19.61055  19.61290  0.0  0.0  0.01240  0.000990  19.61055       0
28  EUR_ZAR 2024-05-21 17:06:00+00:00  19.61055  19.61020  0.0  0.0  0.01220  0.000885  19.61055       0
29  EUR_ZAR 2024-05-21 17:07:00+00:00  19.60925  19.61180  0.0  0.0  0.01220  0.000581  19.60925       0
30  EUR_ZAR 2024-05-21 17:08:00+00:00  19.60648  19.60785  0.0  0.0  0.01213  0.003205  19.60648       0
2024-05-21 13:10:07 CandleManager() new candle:last_candle:2024-05-21 17:09 is_ready:True
2024-05-21 13:10:15 tech_manager: max_rows:32 candle_time2024-05-21 17:09:00+00:00 granularity:M1
2024-05-21 13:10:16 process_candles:
       PAIR                      time     mid_c     mid_o   SL   TP   SPREAD      GAIN      LOSS  SIGNAL
26  EUR_ZAR 2024-05-21 17:05:00+00:00  19.61055  19.61290  0.0  0.0  0.01240  0.000990  19.61055       0
27  EUR_ZAR 2024-05-21 17:06:00+00:00  19.61055  19.61020  0.0  0.0  0.01220  0.000885  19.61055       0
28  EUR_ZAR 2024-05-21 17:07:00+00:00  19.60925  19.61180  0.0  0.0  0.01220  0.000581  19.60925       0
29  EUR_ZAR 2024-05-21 17:08:00+00:00  19.60648  19.60785  0.0  0.0  0.01213  0.003205  19.60648       0
30  EUR_ZAR 2024-05-21 17:09:00+00:00  19.60795  19.60807  0.0  0.0  0.01220  0.001625  19.60795       0
2024-05-21 13:11:00 CandleManager() new candle:last_candle:2024-05-21 17:10 is_ready:True
2024-05-21 13:11:01 tech_manager: max_rows:32 candle_time2024-05-21 17:10:00+00:00 granularity:M1
2024-05-21 13:11:01 process_candles:
       PAIR                      time     mid_c     mid_o   SL   TP   SPREAD      GAIN      LOSS  SIGNAL
26  EUR_ZAR 2024-05-21 17:06:00+00:00  19.61055  19.61020  0.0  0.0  0.01220  0.000885  19.61055       0
27  EUR_ZAR 2024-05-21 17:07:00+00:00  19.60925  19.61180  0.0  0.0  0.01220  0.000581  19.60925       0
28  EUR_ZAR 2024-05-21 17:08:00+00:00  19.60648  19.60785  0.0  0.0  0.01213  0.003205  19.60648       0
29  EUR_ZAR 2024-05-21 17:09:00+00:00  19.60795  19.60807  0.0  0.0  0.01220  0.001625  19.60795       0
30  EUR_ZAR 2024-05-21 17:10:00+00:00  19.61285  19.60738  0.0  0.0  0.01240  0.003254  19.61285       0
