2024-05-21 13:06:58 LogWrapper init() ./logs/EUR_CAD.log
2024-05-21 13:06:58 {'n_ma': 12, 'n_std': 2.5, 'maxspread': 0.0004, 'mingain': 0.0014, 'riskreward': 1.4}
2024-05-21 13:07:03 CandleManager() init last_candle: last_candle:2024-05-21 17:06 is_ready:False
2024-05-21 13:08:14 CandleManager() new candle:last_candle:2024-05-21 17:07 is_ready:True
2024-05-21 13:08:18 tech_manager: max_rows:32 candle_time2024-05-21 17:07:00+00:00 granularity:M1
2024-05-21 13:08:18 process_candles:
       PAIR                      time    mid_c    mid_o   SL   TP   SPREAD      GAIN     LOSS  SIGNAL
26  EUR_CAD 2024-05-21 17:03:00+00:00  1.48146  1.48140  0.0  0.0  0.00014  0.000073  1.48146       0
27  EUR_CAD 2024-05-21 17:04:00+00:00  1.48148  1.48146  0.0  0.0  0.00015  0.000096  1.48148       0
28  EUR_CAD 2024-05-21 17:05:00+00:00  1.48140  1.48146  0.0  0.0  0.00012  0.000023  1.48140       0
29  EUR_CAD 2024-05-21 17:06:00+00:00  1.48146  1.48142  0.0  0.0  0.00011  0.000086  1.48146       0
30  EUR_CAD 2024-05-21 17:07:00+00:00  1.48147  1.48147  0.0  0.0  0.00012  0.000088  1.48147       0
2024-05-21 13:09:01 CandleManager() new candle:last_candle:2024-05-21 17:08 is_ready:True
2024-05-21 13:09:06 tech_manager: max_rows:32 candle_time2024-05-21 17:08:00+00:00 granularity:M1
2024-05-21 13:09:06 process_candles:
       PAIR                      time    mid_c    mid_o   SL   TP   SPREAD      GAIN     LOSS  SIGNAL
26  EUR_CAD 2024-05-21 17:04:00+00:00  1.48148  1.48146  0.0  0.0  0.00015  0.000096  1.48148       0
27  EUR_CAD 2024-05-21 17:05:00+00:00  1.48140  1.48146  0.0  0.0  0.00012  0.000023  1.48140       0
28  EUR_CAD 2024-05-21 17:06:00+00:00  1.48146  1.48142  0.0  0.0  0.00011  0.000086  1.48146       0
29  EUR_CAD 2024-05-21 17:07:00+00:00  1.48147  1.48147  0.0  0.0  0.00012  0.000088  1.48147       0
30  EUR_CAD 2024-05-21 17:08:00+00:00  1.48138  1.48148  0.0  0.0  0.00013  0.000008  1.48138       0
2024-05-21 13:10:03 CandleManager() new candle:last_candle:2024-05-21 17:09 is_ready:True
2024-05-21 13:10:10 tech_manager: max_rows:32 candle_time2024-05-21 17:09:00+00:00 granularity:M1
2024-05-21 13:10:10 process_candles:
       PAIR                      time    mid_c    mid_o   SL   TP   SPREAD      GAIN     LOSS  SIGNAL
26  EUR_CAD 2024-05-21 17:05:00+00:00  1.48140  1.48146  0.0  0.0  0.00012  0.000023  1.48140       0
27  EUR_CAD 2024-05-21 17:06:00+00:00  1.48146  1.48142  0.0  0.0  0.00011  0.000086  1.48146       0
28  EUR_CAD 2024-05-21 17:07:00+00:00  1.48147  1.48147  0.0  0.0  0.00012  0.000088  1.48147       0
29  EUR_CAD 2024-05-21 17:08:00+00:00  1.48138  1.48148  0.0  0.0  0.00013  0.000008  1.48138       0
30  EUR_CAD 2024-05-21 17:09:00+00:00  1.48146  1.48138  0.0  0.0  0.00013  0.000062  1.48146       0
2024-05-21 13:11:12 CandleManager() new candle:last_candle:2024-05-21 17:10 is_ready:True
2024-05-21 13:11:17 tech_manager: max_rows:32 candle_time2024-05-21 17:10:00+00:00 granularity:M1
2024-05-21 13:11:17 process_candles:
       PAIR                      time    mid_c    mid_o   SL   TP   SPREAD      GAIN     LOSS  SIGNAL
26  EUR_CAD 2024-05-21 17:06:00+00:00  1.48146  1.48142  0.0  0.0  0.00011  0.000086  1.48146       0
27  EUR_CAD 2024-05-21 17:07:00+00:00  1.48147  1.48147  0.0  0.0  0.00012  0.000088  1.48147       0
28  EUR_CAD 2024-05-21 17:08:00+00:00  1.48138  1.48148  0.0  0.0  0.00013  0.000007  1.48138       0
29  EUR_CAD 2024-05-21 17:09:00+00:00  1.48146  1.48138  0.0  0.0  0.00013  0.000062  1.48146       0
30  EUR_CAD 2024-05-21 17:10:00+00:00  1.48144  1.48142  0.0  0.0  0.00013  0.000034  1.48144       0
