2024-05-21 13:06:58 LogWrapper init() ./logs/EUR_NOK.log
2024-05-21 13:06:58 {'n_ma': 12, 'n_std': 2.5, 'maxspread': 0.04, 'mingain': 0.14, 'riskreward': 1.4}
2024-05-21 13:07:03 CandleManager() init last_candle: last_candle:2024-05-21 17:06 is_ready:False
2024-05-21 13:08:14 CandleManager() new candle:last_candle:2024-05-21 17:07 is_ready:True
2024-05-21 13:08:18 tech_manager: max_rows:32 candle_time2024-05-21 17:07:00+00:00 granularity:M1
2024-05-21 13:08:18 process_candles:
       PAIR                      time     mid_c     mid_o   SL   TP   SPREAD      GAIN      LOSS  SIGNAL
26  EUR_NOK 2024-05-21 17:03:00+00:00  11.58015  11.58205  0.0  0.0  0.00250  0.002520  11.58015       0
27  EUR_NOK 2024-05-21 17:04:00+00:00  11.58035  11.58020  0.0  0.0  0.00210  0.001936  11.58035       0
28  EUR_NOK 2024-05-21 17:05:00+00:00  11.58015  11.58030  0.0  0.0  0.00270  0.001749  11.58015       0
29  EUR_NOK 2024-05-21 17:06:00+00:00  11.57960  11.58020  0.0  0.0  0.00360  0.001902  11.57960       0
30  EUR_NOK 2024-05-21 17:07:00+00:00  11.58011  11.57955  0.0  0.0  0.00382  0.001094  11.58011       0
2024-05-21 13:09:01 CandleManager() new candle:last_candle:2024-05-21 17:08 is_ready:True
2024-05-21 13:09:06 tech_manager: max_rows:32 candle_time2024-05-21 17:08:00+00:00 granularity:M1
2024-05-21 13:09:06 process_candles:
       PAIR                      time     mid_c     mid_o   SL   TP   SPREAD      GAIN      LOSS  SIGNAL
26  EUR_NOK 2024-05-21 17:04:00+00:00  11.58035  11.58020  0.0  0.0  0.00210  0.001936  11.58035       0
27  EUR_NOK 2024-05-21 17:05:00+00:00  11.58015  11.58030  0.0  0.0  0.00270  0.001749  11.58015       0
28  EUR_NOK 2024-05-21 17:06:00+00:00  11.57960  11.58020  0.0  0.0  0.00360  0.001902  11.57960       0
29  EUR_NOK 2024-05-21 17:07:00+00:00  11.58011  11.57955  0.0  0.0  0.00382  0.001094  11.58011       0
30  EUR_NOK 2024-05-21 17:08:00+00:00  11.57880  11.58000  0.0  0.0  0.00280  0.002157  11.57880       0
2024-05-21 13:10:04 CandleManager() new candle:last_candle:2024-05-21 17:09 is_ready:True
2024-05-21 13:10:10 tech_manager: max_rows:32 candle_time2024-05-21 17:09:00+00:00 granularity:M1
2024-05-21 13:10:10 process_candles:
       PAIR                      time     mid_c     mid_o   SL   TP   SPREAD      GAIN      LOSS  SIGNAL
26  EUR_NOK 2024-05-21 17:05:00+00:00  11.58015  11.58030  0.0  0.0  0.00270  0.001749  11.58015       0
27  EUR_NOK 2024-05-21 17:06:00+00:00  11.57960  11.58020  0.0  0.0  0.00360  0.001902  11.57960       0
28  EUR_NOK 2024-05-21 17:07:00+00:00  11.58011  11.57955  0.0  0.0  0.00382  0.001094  11.58011       0
29  EUR_NOK 2024-05-21 17:08:00+00:00  11.57880  11.58000  0.0  0.0  0.00280  0.002157  11.57880       0
30  EUR_NOK 2024-05-21 17:09:00+00:00  11.57932  11.57885  0.0  0.0  0.00384  0.001394  11.57932       0
2024-05-21 13:11:13 CandleManager() new candle:last_candle:2024-05-21 17:10 is_ready:True
2024-05-21 13:11:17 tech_manager: max_rows:32 candle_time2024-05-21 17:10:00+00:00 granularity:M1
2024-05-21 13:11:17 process_candles:
       PAIR                      time     mid_c     mid_o   SL   TP   SPREAD      GAIN      LOSS  SIGNAL
26  EUR_NOK 2024-05-21 17:06:00+00:00  11.57960  11.58020  0.0  0.0  0.00360  0.001902  11.57960       0
27  EUR_NOK 2024-05-21 17:07:00+00:00  11.58011  11.57955  0.0  0.0  0.00382  0.001094  11.58011       0
28  EUR_NOK 2024-05-21 17:08:00+00:00  11.57880  11.58000  0.0  0.0  0.00280  0.002157  11.57880       0
29  EUR_NOK 2024-05-21 17:09:00+00:00  11.57932  11.57885  0.0  0.0  0.00384  0.001394  11.57932       0
30  EUR_NOK 2024-05-21 17:10:00+00:00  11.57962  11.57930  0.0  0.0  0.00384  0.000838  11.57962       0
