2024-05-21 13:06:58 LogWrapper init() ./logs/EUR_DKK.log
2024-05-21 13:06:58 {'n_ma': 12, 'n_std': 2.5, 'maxspread': 0.04, 'mingain': 0.14, 'riskreward': 1.4}
2024-05-21 13:07:03 CandleManager() init last_candle: last_candle:2024-05-21 17:02 is_ready:False
2024-05-21 13:10:04 CandleManager() new candle:last_candle:2024-05-21 17:09 is_ready:True
2024-05-21 13:10:11 tech_manager: max_rows:32 candle_time2024-05-21 17:09:00+00:00 granularity:M1
2024-05-21 13:10:11 process_candles:
       PAIR                      time    mid_c    mid_o   SL   TP   SPREAD      GAIN     LOSS  SIGNAL
27  EUR_DKK 2024-05-21 16:58:00+00:00  7.46128  7.46128  0.0  0.0  0.00117  0.000007  7.46128       0
28  EUR_DKK 2024-05-21 16:59:00+00:00  7.46130  7.46129  0.0  0.0  0.00119  0.000014  7.46130       0
29  EUR_DKK 2024-05-21 17:01:00+00:00  7.46127  7.46128  0.0  0.0  0.00122  0.000014  7.46127       0
30  EUR_DKK 2024-05-21 17:02:00+00:00  7.46127  7.46126  0.0  0.0  0.00122  0.000011  7.46127       0
31  EUR_DKK 2024-05-21 17:09:00+00:00  7.46124  7.46124  0.0  0.0  0.00125  0.000036  7.46124       0
2024-05-21 13:11:13 CandleManager() new candle:last_candle:2024-05-21 17:10 is_ready:True
2024-05-21 13:11:18 tech_manager: max_rows:32 candle_time2024-05-21 17:10:00+00:00 granularity:M1
2024-05-21 13:11:18 process_candles:
       PAIR                      time    mid_c    mid_o   SL   TP   SPREAD      GAIN     LOSS  SIGNAL
26  EUR_DKK 2024-05-21 16:59:00+00:00  7.46130  7.46129  0.0  0.0  0.00119  0.000014  7.46130       0
27  EUR_DKK 2024-05-21 17:01:00+00:00  7.46127  7.46128  0.0  0.0  0.00122  0.000014  7.46127       0
28  EUR_DKK 2024-05-21 17:02:00+00:00  7.46127  7.46126  0.0  0.0  0.00122  0.000011  7.46127       0
29  EUR_DKK 2024-05-21 17:09:00+00:00  7.46124  7.46124  0.0  0.0  0.00125  0.000036  7.46124       0
30  EUR_DKK 2024-05-21 17:10:00+00:00  7.46124  7.46124  0.0  0.0  0.00124  0.000031  7.46124       0
