2024-05-21 13:06:58 LogWrapper init() ./logs/EUR_SEK.log
2024-05-21 13:06:58 {'n_ma': 12, 'n_std': 2.5, 'maxspread': 0.04, 'mingain': 0.14, 'riskreward': 1.4}
2024-05-21 13:07:03 CandleManager() init last_candle: last_candle:2024-05-21 17:06 is_ready:False
2024-05-21 13:08:00 CandleManager() new candle:last_candle:2024-05-21 17:07 is_ready:True
2024-05-21 13:08:02 tech_manager: max_rows:32 candle_time2024-05-21 17:07:00+00:00 granularity:M1
2024-05-21 13:08:02 process_candles:
       PAIR                      time     mid_c     mid_o   SL   TP   SPREAD      GAIN      LOSS  SIGNAL
26  EUR_SEK 2024-05-21 17:03:00+00:00  11.60676  11.60665  0.0  0.0  0.00371  0.000027  11.60676       0
27  EUR_SEK 2024-05-21 17:04:00+00:00  11.60660  11.60664  0.0  0.0  0.00339  0.000177  11.60660       0
28  EUR_SEK 2024-05-21 17:05:00+00:00  11.60700  11.60652  0.0  0.0  0.00379  0.000175  11.60700       0
29  EUR_SEK 2024-05-21 17:06:00+00:00  11.60655  11.60705  0.0  0.0  0.00370  0.000306  11.60655       0
30  EUR_SEK 2024-05-21 17:07:00+00:00  11.60708  11.60662  0.0  0.0  0.00343  0.000185  11.60708       0
2024-05-21 13:09:03 CandleManager() new candle:last_candle:2024-05-21 17:08 is_ready:True
2024-05-21 13:09:08 tech_manager: max_rows:32 candle_time2024-05-21 17:08:00+00:00 granularity:M1
2024-05-21 13:09:08 process_candles:
       PAIR                      time     mid_c     mid_o   SL   TP   SPREAD      GAIN      LOSS  SIGNAL
26  EUR_SEK 2024-05-21 17:04:00+00:00  11.60660  11.60664  0.0  0.0  0.00339  0.000177  11.60660       0
27  EUR_SEK 2024-05-21 17:05:00+00:00  11.60700  11.60652  0.0  0.0  0.00379  0.000175  11.60700       0
28  EUR_SEK 2024-05-21 17:06:00+00:00  11.60655  11.60705  0.0  0.0  0.00370  0.000306  11.60655       0
29  EUR_SEK 2024-05-21 17:07:00+00:00  11.60708  11.60662  0.0  0.0  0.00343  0.000185  11.60708       0
30  EUR_SEK 2024-05-21 17:08:00+00:00  11.60766  11.60713  0.0  0.0  0.00349  0.000696  11.60766       0
2024-05-21 13:10:05 CandleManager() new candle:last_candle:2024-05-21 17:09 is_ready:True
2024-05-21 13:10:12 tech_manager: max_rows:32 candle_time2024-05-21 17:09:00+00:00 granularity:M1
2024-05-21 13:10:13 process_candles:
       PAIR                      time     mid_c     mid_o   SL   TP   SPREAD      GAIN      LOSS  SIGNAL
26  EUR_SEK 2024-05-21 17:05:00+00:00  11.60700  11.60652  0.0  0.0  0.00379  0.000175  11.60700       0
27  EUR_SEK 2024-05-21 17:06:00+00:00  11.60655  11.60705  0.0  0.0  0.00370  0.000306  11.60655       0
28  EUR_SEK 2024-05-21 17:07:00+00:00  11.60708  11.60662  0.0  0.0  0.00343  0.000185  11.60708       0
29  EUR_SEK 2024-05-21 17:08:00+00:00  11.60766  11.60713  0.0  0.0  0.00349  0.000696  11.60766       0
30  EUR_SEK 2024-05-21 17:09:00+00:00  11.60741  11.60756  0.0  0.0  0.00378  0.000440  11.60741       0
2024-05-21 13:11:14 CandleManager() new candle:last_candle:2024-05-21 17:10 is_ready:True
2024-05-21 13:11:19 tech_manager: max_rows:32 candle_time2024-05-21 17:10:00+00:00 granularity:M1
2024-05-21 13:11:19 process_candles:
       PAIR                      time     mid_c     mid_o   SL   TP   SPREAD      GAIN      LOSS  SIGNAL
26  EUR_SEK 2024-05-21 17:06:00+00:00  11.60655  11.60705  0.0  0.0  0.00370  0.000306  11.60655       0
27  EUR_SEK 2024-05-21 17:07:00+00:00  11.60708  11.60662  0.0  0.0  0.00343  0.000185  11.60708       0
28  EUR_SEK 2024-05-21 17:08:00+00:00  11.60766  11.60713  0.0  0.0  0.00349  0.000696  11.60766       0
29  EUR_SEK 2024-05-21 17:09:00+00:00  11.60741  11.60756  0.0  0.0  0.00378  0.000440  11.60741       0
30  EUR_SEK 2024-05-21 17:10:00+00:00  11.60780  11.60736  0.0  0.0  0.00339  0.000785  11.60780       0
