2024-05-21 13:06:58 LogWrapper init() ./logs/EUR_PLN.log
2024-05-21 13:06:58 {'n_ma': 12, 'n_std': 2.5, 'maxspread': 0.04, 'mingain': 0.14, 'riskreward': 1.4}
2024-05-21 13:07:03 CandleManager() init last_candle: last_candle:2024-05-21 17:05 is_ready:False
2024-05-21 13:07:15 CandleManager() new candle:last_candle:2024-05-21 17:06 is_ready:True
2024-05-21 13:07:18 tech_manager: max_rows:32 candle_time2024-05-21 17:06:00+00:00 granularity:M1
2024-05-21 13:07:18 process_candles:
       PAIR                      time    mid_c    mid_o   SL   TP   SPREAD      GAIN     LOSS  SIGNAL
26  EUR_PLN 2024-05-21 17:01:00+00:00  4.25132  4.25128  0.0  0.0  0.00191  0.000163  4.25132       0
27  EUR_PLN 2024-05-21 17:02:00+00:00  4.25113  4.25124  0.0  0.0  0.00174  0.000038  4.25113       0
28  EUR_PLN 2024-05-21 17:04:00+00:00  4.25106  4.25107  0.0  0.0  0.00187  0.000105  4.25106       0
29  EUR_PLN 2024-05-21 17:05:00+00:00  4.25098  4.25108  0.0  0.0  0.00164  0.000186  4.25098       0
30  EUR_PLN 2024-05-21 17:06:00+00:00  4.25102  4.25102  0.0  0.0  0.00156  0.000146  4.25102       0
2024-05-21 13:08:14 CandleManager() new candle:last_candle:2024-05-21 17:07 is_ready:True
2024-05-21 13:08:19 tech_manager: max_rows:32 candle_time2024-05-21 17:07:00+00:00 granularity:M1
2024-05-21 13:08:19 process_candles:
       PAIR                      time    mid_c    mid_o   SL   TP   SPREAD      GAIN     LOSS  SIGNAL
26  EUR_PLN 2024-05-21 17:02:00+00:00  4.25113  4.25124  0.0  0.0  0.00174  0.000038  4.25113       0
27  EUR_PLN 2024-05-21 17:04:00+00:00  4.25106  4.25107  0.0  0.0  0.00187  0.000105  4.25106       0
28  EUR_PLN 2024-05-21 17:05:00+00:00  4.25098  4.25108  0.0  0.0  0.00164  0.000186  4.25098       0
29  EUR_PLN 2024-05-21 17:06:00+00:00  4.25102  4.25102  0.0  0.0  0.00156  0.000146  4.25102       0
30  EUR_PLN 2024-05-21 17:07:00+00:00  4.25097  4.25098  0.0  0.0  0.00166  0.000184  4.25097       0
2024-05-21 13:09:02 CandleManager() new candle:last_candle:2024-05-21 17:08 is_ready:True
2024-05-21 13:09:06 tech_manager: max_rows:32 candle_time2024-05-21 17:08:00+00:00 granularity:M1
2024-05-21 13:09:07 process_candles:
       PAIR                      time    mid_c    mid_o   SL   TP   SPREAD      GAIN     LOSS  SIGNAL
26  EUR_PLN 2024-05-21 17:04:00+00:00  4.25106  4.25107  0.0  0.0  0.00187  0.000105  4.25106       0
27  EUR_PLN 2024-05-21 17:05:00+00:00  4.25098  4.25108  0.0  0.0  0.00164  0.000186  4.25098       0
28  EUR_PLN 2024-05-21 17:06:00+00:00  4.25102  4.25102  0.0  0.0  0.00156  0.000146  4.25102       0
29  EUR_PLN 2024-05-21 17:07:00+00:00  4.25097  4.25098  0.0  0.0  0.00166  0.000184  4.25097       0
30  EUR_PLN 2024-05-21 17:08:00+00:00  4.25100  4.25101  0.0  0.0  0.00160  0.000136  4.25100       0
2024-05-21 13:10:04 CandleManager() new candle:last_candle:2024-05-21 17:09 is_ready:True
2024-05-21 13:10:11 tech_manager: max_rows:32 candle_time2024-05-21 17:09:00+00:00 granularity:M1
2024-05-21 13:10:11 process_candles:
       PAIR                      time    mid_c    mid_o   SL   TP   SPREAD      GAIN     LOSS  SIGNAL
26  EUR_PLN 2024-05-21 17:05:00+00:00  4.25098  4.25108  0.0  0.0  0.00164  0.000186  4.25098       0
27  EUR_PLN 2024-05-21 17:06:00+00:00  4.25102  4.25102  0.0  0.0  0.00156  0.000146  4.25102       0
28  EUR_PLN 2024-05-21 17:07:00+00:00  4.25097  4.25098  0.0  0.0  0.00166  0.000184  4.25097       0
29  EUR_PLN 2024-05-21 17:08:00+00:00  4.25100  4.25101  0.0  0.0  0.00160  0.000136  4.25100       0
30  EUR_PLN 2024-05-21 17:09:00+00:00  4.25102  4.25102  0.0  0.0  0.00156  0.000102  4.25102       0
2024-05-21 13:11:13 CandleManager() new candle:last_candle:2024-05-21 17:10 is_ready:True
2024-05-21 13:11:18 tech_manager: max_rows:32 candle_time2024-05-21 17:10:00+00:00 granularity:M1
2024-05-21 13:11:18 process_candles:
       PAIR                      time    mid_c    mid_o   SL   TP   SPREAD      GAIN     LOSS  SIGNAL
27  EUR_PLN 2024-05-21 17:06:00+00:00  4.25102  4.25102  0.0  0.0  0.00156  0.000146  4.25102       0
28  EUR_PLN 2024-05-21 17:07:00+00:00  4.25097  4.25098  0.0  0.0  0.00166  0.000184  4.25097       0
29  EUR_PLN 2024-05-21 17:08:00+00:00  4.25100  4.25101  0.0  0.0  0.00160  0.000136  4.25100       0
30  EUR_PLN 2024-05-21 17:09:00+00:00  4.25102  4.25102  0.0  0.0  0.00156  0.000102  4.25102       0
31  EUR_PLN 2024-05-21 17:10:00+00:00  4.25108  4.25108  0.0  0.0  0.00164  0.000026  4.25108       0
