2024-05-21 13:06:58 LogWrapper init() ./logs/EUR_SGD.log
2024-05-21 13:06:58 {'n_ma': 12, 'n_std': 2.5, 'maxspread': 0.04, 'mingain': 0.14, 'riskreward': 1.4}
2024-05-21 13:07:03 CandleManager() init last_candle: last_candle:2024-05-21 17:06 is_ready:False
2024-05-21 13:08:16 CandleManager() new candle:last_candle:2024-05-21 17:07 is_ready:True
2024-05-21 13:08:21 tech_manager: max_rows:32 candle_time2024-05-21 17:07:00+00:00 granularity:M1
2024-05-21 13:08:21 process_candles:
       PAIR                      time    mid_c    mid_o   SL   TP   SPREAD      GAIN     LOSS  SIGNAL
26  EUR_SGD 2024-05-21 17:03:00+00:00  1.46252  1.46244  0.0  0.0  0.00027  0.000113  1.46252       0
27  EUR_SGD 2024-05-21 17:04:00+00:00  1.46253  1.46252  0.0  0.0  0.00024  0.000127  1.46253       0
28  EUR_SGD 2024-05-21 17:05:00+00:00  1.46247  1.46252  0.0  0.0  0.00026  0.000072  1.46247       0
29  EUR_SGD 2024-05-21 17:06:00+00:00  1.46244  1.46245  0.0  0.0  0.00023  0.000046  1.46244       0
30  EUR_SGD 2024-05-21 17:07:00+00:00  1.46233  1.46246  0.0  0.0  0.00024  0.000060  1.46233       0
2024-05-21 13:09:04 CandleManager() new candle:last_candle:2024-05-21 17:08 is_ready:True
2024-05-21 13:09:09 tech_manager: max_rows:32 candle_time2024-05-21 17:08:00+00:00 granularity:M1
2024-05-21 13:09:09 process_candles:
       PAIR                      time    mid_c    mid_o   SL   TP   SPREAD      GAIN     LOSS  SIGNAL
26  EUR_SGD 2024-05-21 17:04:00+00:00  1.46253  1.46252  0.0  0.0  0.00024  0.000128  1.46253       0
27  EUR_SGD 2024-05-21 17:05:00+00:00  1.46247  1.46252  0.0  0.0  0.00026  0.000072  1.46247       0
28  EUR_SGD 2024-05-21 17:06:00+00:00  1.46244  1.46245  0.0  0.0  0.00023  0.000046  1.46244       0
29  EUR_SGD 2024-05-21 17:07:00+00:00  1.46233  1.46246  0.0  0.0  0.00024  0.000060  1.46233       0
30  EUR_SGD 2024-05-21 17:08:00+00:00  1.46220  1.46232  0.0  0.0  0.00028  0.000180  1.46220       0
2024-05-21 13:10:07 CandleManager() new candle:last_candle:2024-05-21 17:09 is_ready:True
2024-05-21 13:10:15 tech_manager: max_rows:32 candle_time2024-05-21 17:09:00+00:00 granularity:M1
2024-05-21 13:10:15 process_candles:
       PAIR                      time    mid_c    mid_o   SL   TP   SPREAD      GAIN     LOSS  SIGNAL
26  EUR_SGD 2024-05-21 17:05:00+00:00  1.46247  1.46252  0.0  0.0  0.00026  0.000072  1.46247       0
27  EUR_SGD 2024-05-21 17:06:00+00:00  1.46244  1.46245  0.0  0.0  0.00023  0.000046  1.46244       0
28  EUR_SGD 2024-05-21 17:07:00+00:00  1.46233  1.46246  0.0  0.0  0.00024  0.000060  1.46233       0
29  EUR_SGD 2024-05-21 17:08:00+00:00  1.46220  1.46232  0.0  0.0  0.00028  0.000180  1.46220       0
30  EUR_SGD 2024-05-21 17:09:00+00:00  1.46222  1.46220  0.0  0.0  0.00027  0.000150  1.46222       0
2024-05-21 13:11:15 CandleManager() new candle:last_candle:2024-05-21 17:10 is_ready:True
2024-05-21 13:11:20 tech_manager: max_rows:32 candle_time2024-05-21 17:10:00+00:00 granularity:M1
2024-05-21 13:11:20 process_candles:
       PAIR                      time    mid_c    mid_o   SL   TP   SPREAD      GAIN     LOSS  SIGNAL
26  EUR_SGD 2024-05-21 17:06:00+00:00  1.46244  1.46245  0.0  0.0  0.00023  0.000046  1.46244       0
27  EUR_SGD 2024-05-21 17:07:00+00:00  1.46233  1.46246  0.0  0.0  0.00024  0.000060  1.46233       0
28  EUR_SGD 2024-05-21 17:08:00+00:00  1.46220  1.46232  0.0  0.0  0.00028  0.000180  1.46220       0
29  EUR_SGD 2024-05-21 17:09:00+00:00  1.46222  1.46220  0.0  0.0  0.00027  0.000150  1.46222       0
30  EUR_SGD 2024-05-21 17:10:00+00:00  1.46216  1.46217  0.0  0.0  0.00026  0.000191  1.46216       0
