2024-05-21 13:06:58 LogWrapper init() ./logs/EUR_NZD.log
2024-05-21 13:06:58 {'n_ma': 12, 'n_std': 2.5, 'maxspread': 0.0004, 'mingain': 0.0014, 'riskreward': 1.4}
2024-05-21 13:07:03 CandleManager() init last_candle: last_candle:2024-05-21 17:06 is_ready:False
2024-05-21 13:08:15 CandleManager() new candle:last_candle:2024-05-21 17:07 is_ready:True
2024-05-21 13:08:19 tech_manager: max_rows:32 candle_time2024-05-21 17:07:00+00:00 granularity:M1
2024-05-21 13:08:19 process_candles:
       PAIR                      time    mid_c    mid_o   SL   TP   SPREAD      GAIN     LOSS  SIGNAL
26  EUR_NZD 2024-05-21 17:03:00+00:00  1.78082  1.78066  0.0  0.0  0.00049  0.000045  1.78082       0
27  EUR_NZD 2024-05-21 17:04:00+00:00  1.78081  1.78080  0.0  0.0  0.00050  0.000052  1.78081       0
28  EUR_NZD 2024-05-21 17:05:00+00:00  1.78090  1.78086  0.0  0.0  0.00047  0.000043  1.78090       0
29  EUR_NZD 2024-05-21 17:06:00+00:00  1.78083  1.78088  0.0  0.0  0.00044  0.000019  1.78083       0
30  EUR_NZD 2024-05-21 17:07:00+00:00  1.78084  1.78086  0.0  0.0  0.00045  0.000006  1.78084       0
2024-05-21 13:09:02 CandleManager() new candle:last_candle:2024-05-21 17:08 is_ready:True
2024-05-21 13:09:07 tech_manager: max_rows:32 candle_time2024-05-21 17:08:00+00:00 granularity:M1
2024-05-21 13:09:07 process_candles:
       PAIR                      time    mid_c    mid_o   SL   TP   SPREAD      GAIN     LOSS  SIGNAL
26  EUR_NZD 2024-05-21 17:04:00+00:00  1.78081  1.78080  0.0  0.0  0.00050  0.000052  1.78081       0
27  EUR_NZD 2024-05-21 17:05:00+00:00  1.78090  1.78086  0.0  0.0  0.00047  0.000043  1.78090       0
28  EUR_NZD 2024-05-21 17:06:00+00:00  1.78083  1.78088  0.0  0.0  0.00044  0.000019  1.78083       0
29  EUR_NZD 2024-05-21 17:07:00+00:00  1.78084  1.78086  0.0  0.0  0.00045  0.000006  1.78084       0
30  EUR_NZD 2024-05-21 17:08:00+00:00  1.78062  1.78078  0.0  0.0  0.00046  0.000200  1.78062       0
2024-05-21 13:10:05 CandleManager() new candle:last_candle:2024-05-21 17:09 is_ready:True
2024-05-21 13:10:11 tech_manager: max_rows:32 candle_time2024-05-21 17:09:00+00:00 granularity:M1
2024-05-21 13:10:11 process_candles:
       PAIR                      time    mid_c    mid_o   SL   TP   SPREAD      GAIN     LOSS  SIGNAL
26  EUR_NZD 2024-05-21 17:05:00+00:00  1.78090  1.78086  0.0  0.0  0.00047  0.000043  1.78090       0
27  EUR_NZD 2024-05-21 17:06:00+00:00  1.78083  1.78088  0.0  0.0  0.00044  0.000019  1.78083       0
28  EUR_NZD 2024-05-21 17:07:00+00:00  1.78084  1.78086  0.0  0.0  0.00045  0.000006  1.78084       0
29  EUR_NZD 2024-05-21 17:08:00+00:00  1.78062  1.78078  0.0  0.0  0.00046  0.000200  1.78062       0
30  EUR_NZD 2024-05-21 17:09:00+00:00  1.78062  1.78060  0.0  0.0  0.00047  0.000164  1.78062       0
2024-05-21 13:11:14 CandleManager() new candle:last_candle:2024-05-21 17:10 is_ready:True
2024-05-21 13:11:18 tech_manager: max_rows:32 candle_time2024-05-21 17:10:00+00:00 granularity:M1
2024-05-21 13:11:18 process_candles:
       PAIR                      time    mid_c    mid_o   SL   TP   SPREAD      GAIN     LOSS  SIGNAL
26  EUR_NZD 2024-05-21 17:06:00+00:00  1.78083  1.78088  0.0  0.0  0.00044  0.000019  1.78083       0
27  EUR_NZD 2024-05-21 17:07:00+00:00  1.78084  1.78086  0.0  0.0  0.00045  0.000006  1.78084       0
28  EUR_NZD 2024-05-21 17:08:00+00:00  1.78062  1.78078  0.0  0.0  0.00046  0.000200  1.78062       0
29  EUR_NZD 2024-05-21 17:09:00+00:00  1.78062  1.78060  0.0  0.0  0.00047  0.000164  1.78062       0
30  EUR_NZD 2024-05-21 17:10:00+00:00  1.78094  1.78066  0.0  0.0  0.00045  0.000168  1.78094       0
