2024-05-21 13:06:58 LogWrapper init() ./logs/EUR_TRY.log
2024-05-21 13:06:58 {'n_ma': 12, 'n_std': 2.5, 'maxspread': 0.04, 'mingain': 0.14, 'riskreward': 1.4}
2024-05-21 13:07:03 CandleManager() init last_candle: last_candle:2024-05-21 17:06 is_ready:False
2024-05-21 13:08:16 CandleManager() new candle:last_candle:2024-05-21 17:07 is_ready:True
2024-05-21 13:08:20 tech_manager: max_rows:32 candle_time2024-05-21 17:07:00+00:00 granularity:M1
2024-05-21 13:08:20 process_candles:
       PAIR                      time     mid_c     mid_o   SL   TP   SPREAD      GAIN      LOSS  SIGNAL
26  EUR_TRY 2024-05-21 17:03:00+00:00  34.97175  34.96951  0.0  0.0  0.02430  0.002484  34.97175       0
27  EUR_TRY 2024-05-21 17:04:00+00:00  34.96932  34.96952  0.0  0.0  0.02025  0.000647  34.96932       0
28  EUR_TRY 2024-05-21 17:05:00+00:00  34.96810  34.96578  0.0  0.0  0.02440  0.000031  34.96810       0
29  EUR_TRY 2024-05-21 17:06:00+00:00  34.96548  34.96588  0.0  0.0  0.01995  0.001929  34.96548       0
30  EUR_TRY 2024-05-21 17:07:00+00:00  34.96142  34.96628  0.0  0.0  0.02245  0.005314  34.96142       0
2024-05-21 13:09:04 CandleManager() new candle:last_candle:2024-05-21 17:08 is_ready:True
2024-05-21 13:09:08 tech_manager: max_rows:32 candle_time2024-05-21 17:08:00+00:00 granularity:M1
2024-05-21 13:09:08 process_candles:
       PAIR                      time     mid_c     mid_o   SL   TP   SPREAD      GAIN      LOSS  SIGNAL
26  EUR_TRY 2024-05-21 17:04:00+00:00  34.96932  34.96952  0.0  0.0  0.02025  0.000647  34.96932       0
27  EUR_TRY 2024-05-21 17:05:00+00:00  34.96810  34.96578  0.0  0.0  0.02440  0.000031  34.96810       0
28  EUR_TRY 2024-05-21 17:06:00+00:00  34.96548  34.96588  0.0  0.0  0.01995  0.001929  34.96548       0
29  EUR_TRY 2024-05-21 17:07:00+00:00  34.96142  34.96628  0.0  0.0  0.02245  0.005314  34.96142       0
30  EUR_TRY 2024-05-21 17:08:00+00:00  34.96125  34.96304  0.0  0.0  0.02610  0.004762  34.96125       0
2024-05-21 13:10:06 CandleManager() new candle:last_candle:2024-05-21 17:09 is_ready:True
2024-05-21 13:10:14 tech_manager: max_rows:32 candle_time2024-05-21 17:09:00+00:00 granularity:M1
2024-05-21 13:10:14 process_candles:
       PAIR                      time     mid_c     mid_o   SL   TP   SPREAD      GAIN      LOSS  SIGNAL
26  EUR_TRY 2024-05-21 17:05:00+00:00  34.96810  34.96578  0.0  0.0  0.02440  0.000031  34.96810       0
27  EUR_TRY 2024-05-21 17:06:00+00:00  34.96548  34.96588  0.0  0.0  0.01995  0.001929  34.96548       0
28  EUR_TRY 2024-05-21 17:07:00+00:00  34.96142  34.96628  0.0  0.0  0.02245  0.005314  34.96142       0
29  EUR_TRY 2024-05-21 17:08:00+00:00  34.96125  34.96304  0.0  0.0  0.02610  0.004762  34.96125       0
30  EUR_TRY 2024-05-21 17:09:00+00:00  34.96012  34.95962  0.0  0.0  0.02265  0.005546  34.96012       0
2024-05-21 13:10:59 CandleManager() new candle:last_candle:2024-05-21 17:10 is_ready:True
2024-05-21 13:11:00 tech_manager: max_rows:32 candle_time2024-05-21 17:10:00+00:00 granularity:M1
2024-05-21 13:11:00 process_candles:
       PAIR                      time     mid_c     mid_o   SL   TP   SPREAD      GAIN      LOSS  SIGNAL
26  EUR_TRY 2024-05-21 17:06:00+00:00  34.96548  34.96588  0.0  0.0  0.01995  0.001929  34.96548       0
27  EUR_TRY 2024-05-21 17:07:00+00:00  34.96142  34.96628  0.0  0.0  0.02245  0.005314  34.96142       0
28  EUR_TRY 2024-05-21 17:08:00+00:00  34.96125  34.96304  0.0  0.0  0.02610  0.004762  34.96125       0
29  EUR_TRY 2024-05-21 17:09:00+00:00  34.96012  34.95962  0.0  0.0  0.02265  0.005546  34.96012       0
30  EUR_TRY 2024-05-21 17:10:00+00:00  34.95358  34.96185  0.0  0.0  0.02215  0.011233  34.95358       0
