2024-05-21 13:06:58 LogWrapper init() ./logs/EUR_AUD.log
2024-05-21 13:06:58 {'n_ma': 12, 'n_std': 2.5, 'maxspread': 0.0004, 'mingain': 0.0014, 'riskreward': 1.4}
2024-05-21 13:07:03 CandleManager() init last_candle: last_candle:2024-05-21 17:05 is_ready:False
2024-05-21 13:07:14 CandleManager() new candle:last_candle:2024-05-21 17:06 is_ready:True
2024-05-21 13:07:18 tech_manager: max_rows:32 candle_time2024-05-21 17:06:00+00:00 granularity:M1
2024-05-21 13:07:18 process_candles:
       PAIR                      time    mid_c    mid_o   SL   TP   SPREAD      GAIN     LOSS  SIGNAL
26  EUR_AUD 2024-05-21 17:02:00+00:00  1.62848  1.62824  0.0  0.0  0.00019  0.000061  1.62848       0
27  EUR_AUD 2024-05-21 17:03:00+00:00  1.62850  1.62849  0.0  0.0  0.00021  0.000044  1.62850       0
28  EUR_AUD 2024-05-21 17:04:00+00:00  1.62854  1.62851  0.0  0.0  0.00021  0.000008  1.62854       0
29  EUR_AUD 2024-05-21 17:05:00+00:00  1.62856  1.62855  0.0  0.0  0.00018  0.000016  1.62856       0
30  EUR_AUD 2024-05-21 17:06:00+00:00  1.62854  1.62854  0.0  0.0  0.00021  0.000003  1.62854       0
2024-05-21 13:08:14 CandleManager() new candle:last_candle:2024-05-21 17:07 is_ready:True
2024-05-21 13:08:18 tech_manager: max_rows:32 candle_time2024-05-21 17:07:00+00:00 granularity:M1
2024-05-21 13:08:18 process_candles:
       PAIR                      time    mid_c    mid_o   SL   TP   SPREAD      GAIN     LOSS  SIGNAL
26  EUR_AUD 2024-05-21 17:03:00+00:00  1.62850  1.62849  0.0  0.0  0.00021  0.000044  1.62850       0
27  EUR_AUD 2024-05-21 17:04:00+00:00  1.62854  1.62851  0.0  0.0  0.00021  0.000008  1.62854       0
28  EUR_AUD 2024-05-21 17:05:00+00:00  1.62856  1.62855  0.0  0.0  0.00018  0.000016  1.62856       0
29  EUR_AUD 2024-05-21 17:06:00+00:00  1.62854  1.62854  0.0  0.0  0.00021  0.000003  1.62854       0
30  EUR_AUD 2024-05-21 17:07:00+00:00  1.62844  1.62857  0.0  0.0  0.00019  0.000105  1.62844       0
2024-05-21 13:09:01 CandleManager() new candle:last_candle:2024-05-21 17:08 is_ready:True
2024-05-21 13:09:06 tech_manager: max_rows:32 candle_time2024-05-21 17:08:00+00:00 granularity:M1
2024-05-21 13:09:06 process_candles:
       PAIR                      time    mid_c    mid_o   SL   TP   SPREAD      GAIN     LOSS  SIGNAL
26  EUR_AUD 2024-05-21 17:04:00+00:00  1.62854  1.62851  0.0  0.0  0.00021  0.000008  1.62854       0
27  EUR_AUD 2024-05-21 17:05:00+00:00  1.62856  1.62855  0.0  0.0  0.00018  0.000016  1.62856       0
28  EUR_AUD 2024-05-21 17:06:00+00:00  1.62854  1.62854  0.0  0.0  0.00021  0.000003  1.62854       0
29  EUR_AUD 2024-05-21 17:07:00+00:00  1.62844  1.62857  0.0  0.0  0.00019  0.000105  1.62844       0
30  EUR_AUD 2024-05-21 17:08:00+00:00  1.62832  1.62843  0.0  0.0  0.00021  0.000208  1.62832       0
2024-05-21 13:10:03 CandleManager() new candle:last_candle:2024-05-21 17:09 is_ready:True
2024-05-21 13:10:10 tech_manager: max_rows:32 candle_time2024-05-21 17:09:00+00:00 granularity:M1
2024-05-21 13:10:10 process_candles:
       PAIR                      time    mid_c    mid_o   SL   TP   SPREAD      GAIN     LOSS  SIGNAL
26  EUR_AUD 2024-05-21 17:05:00+00:00  1.62856  1.62855  0.0  0.0  0.00018  0.000016  1.62856       0
27  EUR_AUD 2024-05-21 17:06:00+00:00  1.62854  1.62854  0.0  0.0  0.00021  0.000003  1.62854       0
28  EUR_AUD 2024-05-21 17:07:00+00:00  1.62844  1.62857  0.0  0.0  0.00019  0.000105  1.62844       0
29  EUR_AUD 2024-05-21 17:08:00+00:00  1.62832  1.62843  0.0  0.0  0.00021  0.000208  1.62832       0
30  EUR_AUD 2024-05-21 17:09:00+00:00  1.62833  1.62828  0.0  0.0  0.00018  0.000169  1.62833       0
2024-05-21 13:11:12 CandleManager() new candle:last_candle:2024-05-21 17:10 is_ready:True
2024-05-21 13:11:17 tech_manager: max_rows:32 candle_time2024-05-21 17:10:00+00:00 granularity:M1
2024-05-21 13:11:17 process_candles:
       PAIR                      time    mid_c    mid_o   SL   TP   SPREAD      GAIN     LOSS  SIGNAL
26  EUR_AUD 2024-05-21 17:06:00+00:00  1.62854  1.62854  0.0  0.0  0.00021  0.000003  1.62854       0
27  EUR_AUD 2024-05-21 17:07:00+00:00  1.62844  1.62857  0.0  0.0  0.00019  0.000105  1.62844       0
28  EUR_AUD 2024-05-21 17:08:00+00:00  1.62832  1.62843  0.0  0.0  0.00021  0.000208  1.62832       0
29  EUR_AUD 2024-05-21 17:09:00+00:00  1.62833  1.62828  0.0  0.0  0.00018  0.000169  1.62833       0
30  EUR_AUD 2024-05-21 17:10:00+00:00  1.62852  1.62832  0.0  0.0  0.00021  0.000041  1.62852       0
