2024-05-21 13:06:58 LogWrapper init() ./logs/EUR_USD.log
2024-05-21 13:06:58 {'n_ma': 12, 'n_std': 2.5, 'maxspread': 0.0004, 'mingain': 0.0014, 'riskreward': 1.4}
2024-05-21 13:07:03 CandleManager() init last_candle: last_candle:2024-05-21 17:06 is_ready:False
2024-05-21 13:08:13 CandleManager() new candle:last_candle:2024-05-21 17:07 is_ready:True
2024-05-21 13:08:17 tech_manager: max_rows:32 candle_time2024-05-21 17:07:00+00:00 granularity:M1
2024-05-21 13:08:17 process_candles:
       PAIR                      time    mid_c    mid_o   SL   TP   SPREAD      GAIN     LOSS  SIGNAL
26  EUR_USD 2024-05-21 17:03:00+00:00  1.08544  1.08536  0.0  0.0  0.00015  0.000056  1.08544       0
27  EUR_USD 2024-05-21 17:04:00+00:00  1.08543  1.08543  0.0  0.0  0.00014  0.000063  1.08543       0
28  EUR_USD 2024-05-21 17:05:00+00:00  1.08531  1.08542  0.0  0.0  0.00014  0.000038  1.08531       0
29  EUR_USD 2024-05-21 17:06:00+00:00  1.08529  1.08529  0.0  0.0  0.00014  0.000039  1.08529       0
30  EUR_USD 2024-05-21 17:07:00+00:00  1.08521  1.08530  0.0  0.0  0.00014  0.000102  1.08521       0
2024-05-21 13:09:00 CandleManager() new candle:last_candle:2024-05-21 17:08 is_ready:True
2024-05-21 13:09:05 tech_manager: max_rows:32 candle_time2024-05-21 17:08:00+00:00 granularity:M1
2024-05-21 13:09:05 process_candles:
       PAIR                      time    mid_c    mid_o   SL   TP   SPREAD      GAIN     LOSS  SIGNAL
26  EUR_USD 2024-05-21 17:04:00+00:00  1.08543  1.08543  0.0  0.0  0.00014  0.000063  1.08543       0
27  EUR_USD 2024-05-21 17:05:00+00:00  1.08531  1.08542  0.0  0.0  0.00014  0.000038  1.08531       0
28  EUR_USD 2024-05-21 17:06:00+00:00  1.08529  1.08529  0.0  0.0  0.00014  0.000039  1.08529       0
29  EUR_USD 2024-05-21 17:07:00+00:00  1.08521  1.08530  0.0  0.0  0.00014  0.000102  1.08521       0
30  EUR_USD 2024-05-21 17:08:00+00:00  1.08514  1.08522  0.0  0.0  0.00015  0.000152  1.08514       0
2024-05-21 13:10:02 CandleManager() new candle:last_candle:2024-05-21 17:09 is_ready:True
2024-05-21 13:10:08 tech_manager: max_rows:32 candle_time2024-05-21 17:09:00+00:00 granularity:M1
2024-05-21 13:10:09 process_candles:
       PAIR                      time    mid_c    mid_o   SL   TP   SPREAD      GAIN     LOSS  SIGNAL
26  EUR_USD 2024-05-21 17:05:00+00:00  1.08531  1.08542  0.0  0.0  0.00014  0.000038  1.08531       0
27  EUR_USD 2024-05-21 17:06:00+00:00  1.08529  1.08529  0.0  0.0  0.00014  0.000039  1.08529       0
28  EUR_USD 2024-05-21 17:07:00+00:00  1.08521  1.08530  0.0  0.0  0.00014  0.000102  1.08521       0
29  EUR_USD 2024-05-21 17:08:00+00:00  1.08514  1.08522  0.0  0.0  0.00015  0.000152  1.08514       0
30  EUR_USD 2024-05-21 17:09:00+00:00  1.08515  1.08514  0.0  0.0  0.00014  0.000131  1.08515       0
2024-05-21 13:11:11 CandleManager() new candle:last_candle:2024-05-21 17:10 is_ready:True
2024-05-21 13:11:16 tech_manager: max_rows:32 candle_time2024-05-21 17:10:00+00:00 granularity:M1
2024-05-21 13:11:16 process_candles:
       PAIR                      time    mid_c    mid_o   SL   TP   SPREAD      GAIN     LOSS  SIGNAL
26  EUR_USD 2024-05-21 17:06:00+00:00  1.08529  1.08529  0.0  0.0  0.00014  0.000039  1.08529       0
27  EUR_USD 2024-05-21 17:07:00+00:00  1.08521  1.08530  0.0  0.0  0.00014  0.000102  1.08521       0
28  EUR_USD 2024-05-21 17:08:00+00:00  1.08514  1.08522  0.0  0.0  0.00015  0.000152  1.08514       0
29  EUR_USD 2024-05-21 17:09:00+00:00  1.08515  1.08514  0.0  0.0  0.00014  0.000131  1.08515       0
30  EUR_USD 2024-05-21 17:10:00+00:00  1.08495  1.08512  0.0  0.0  0.00014  0.000304  1.08495       0
