2024-05-21 13:06:58 LogWrapper init() ./logs/GBP_HKD.log
2024-05-21 13:06:58 {'n_ma': 12, 'n_std': 2.5, 'maxspread': 0.04, 'mingain': 0.14, 'riskreward': 1.4}
2024-05-21 13:07:03 CandleManager() init last_candle: last_candle:2024-05-21 17:06 is_ready:False
2024-05-21 13:08:01 CandleManager() new candle:last_candle:2024-05-21 17:07 is_ready:True
2024-05-21 13:08:02 tech_manager: max_rows:32 candle_time2024-05-21 17:07:00+00:00 granularity:M1
2024-05-21 13:08:02 process_candles:
       PAIR                      time    mid_c    mid_o   SL   TP   SPREAD      GAIN     LOSS  SIGNAL
26  GBP_HKD 2024-05-21 17:03:00+00:00  9.91829  9.91738  0.0  0.0  0.00152  0.000401  9.91829       0
27  GBP_HKD 2024-05-21 17:04:00+00:00  9.91902  9.91824  0.0  0.0  0.00174  0.001254  9.91902       0
28  GBP_HKD 2024-05-21 17:05:00+00:00  9.91762  9.91894  0.0  0.0  0.00167  0.000047  9.91762       0
29  GBP_HKD 2024-05-21 17:06:00+00:00  9.91781  9.91752  0.0  0.0  0.00152  0.000247  9.91781       0
30  GBP_HKD 2024-05-21 17:07:00+00:00  9.91714  9.91771  0.0  0.0  0.00173  0.000322  9.91714       0
2024-05-21 13:09:04 CandleManager() new candle:last_candle:2024-05-21 17:08 is_ready:True
2024-05-21 13:09:08 tech_manager: max_rows:32 candle_time2024-05-21 17:08:00+00:00 granularity:M1
2024-05-21 13:09:08 process_candles:
       PAIR                      time    mid_c    mid_o   SL   TP   SPREAD      GAIN     LOSS  SIGNAL
26  GBP_HKD 2024-05-21 17:04:00+00:00  9.91902  9.91824  0.0  0.0  0.00174  0.001254  9.91902       0
27  GBP_HKD 2024-05-21 17:05:00+00:00  9.91762  9.91894  0.0  0.0  0.00167  0.000047  9.91762       0
28  GBP_HKD 2024-05-21 17:06:00+00:00  9.91781  9.91752  0.0  0.0  0.00152  0.000247  9.91781       0
29  GBP_HKD 2024-05-21 17:07:00+00:00  9.91714  9.91771  0.0  0.0  0.00173  0.000322  9.91714       0
30  GBP_HKD 2024-05-21 17:08:00+00:00  9.91642  9.91712  0.0  0.0  0.00187  0.000941  9.91642       0
2024-05-21 13:10:06 CandleManager() new candle:last_candle:2024-05-21 17:09 is_ready:True
2024-05-21 13:10:14 tech_manager: max_rows:32 candle_time2024-05-21 17:09:00+00:00 granularity:M1
2024-05-21 13:10:14 process_candles:
       PAIR                      time    mid_c    mid_o   SL   TP   SPREAD      GAIN     LOSS  SIGNAL
26  GBP_HKD 2024-05-21 17:05:00+00:00  9.91762  9.91894  0.0  0.0  0.00167  0.000047  9.91762       0
27  GBP_HKD 2024-05-21 17:06:00+00:00  9.91781  9.91752  0.0  0.0  0.00152  0.000247  9.91781       0
28  GBP_HKD 2024-05-21 17:07:00+00:00  9.91714  9.91771  0.0  0.0  0.00173  0.000322  9.91714       0
29  GBP_HKD 2024-05-21 17:08:00+00:00  9.91642  9.91712  0.0  0.0  0.00187  0.000941  9.91642       0
30  GBP_HKD 2024-05-21 17:09:00+00:00  9.91629  9.91648  0.0  0.0  0.00172  0.001029  9.91629       0
2024-05-21 13:10:59 CandleManager() new candle:last_candle:2024-05-21 17:10 is_ready:True
2024-05-21 13:11:00 tech_manager: max_rows:32 candle_time2024-05-21 17:10:00+00:00 granularity:M1
2024-05-21 13:11:00 process_candles:
       PAIR                      time    mid_c    mid_o   SL   TP   SPREAD      GAIN     LOSS  SIGNAL
26  GBP_HKD 2024-05-21 17:06:00+00:00  9.91781  9.91752  0.0  0.0  0.00152  0.000247  9.91781       0
27  GBP_HKD 2024-05-21 17:07:00+00:00  9.91714  9.91771  0.0  0.0  0.00173  0.000322  9.91714       0
28  GBP_HKD 2024-05-21 17:08:00+00:00  9.91642  9.91712  0.0  0.0  0.00187  0.000941  9.91642       0
29  GBP_HKD 2024-05-21 17:09:00+00:00  9.91629  9.91648  0.0  0.0  0.00172  0.001029  9.91629       0
30  GBP_HKD 2024-05-21 17:10:00+00:00  9.91472  9.91624  0.0  0.0  0.00169  0.002394  9.91472       0
