2024-05-21 13:06:58 LogWrapper init() ./logs/GBP_USD.log
2024-05-21 13:06:58 {'n_ma': 12, 'n_std': 2.5, 'maxspread': 0.0004, 'mingain': 0.0014, 'riskreward': 1.4}
2024-05-21 13:07:03 CandleManager() init last_candle: last_candle:2024-05-21 17:06 is_ready:False
2024-05-21 13:08:13 CandleManager() new candle:last_candle:2024-05-21 17:07 is_ready:True
2024-05-21 13:08:17 tech_manager: max_rows:32 candle_time2024-05-21 17:07:00+00:00 granularity:M1
2024-05-21 13:08:17 process_candles:
       PAIR                      time    mid_c    mid_o   SL   TP   SPREAD      GAIN     LOSS  SIGNAL
26  GBP_USD 2024-05-21 17:03:00+00:00  1.27089  1.27074  0.0  0.0  0.00016  0.000069  1.27089       0
27  GBP_USD 2024-05-21 17:04:00+00:00  1.27097  1.27090  0.0  0.0  0.00016  0.000166  1.27097       0
28  GBP_USD 2024-05-21 17:05:00+00:00  1.27078  1.27096  0.0  0.0  0.00017  0.000011  1.27078       0
29  GBP_USD 2024-05-21 17:06:00+00:00  1.27080  1.27079  0.0  0.0  0.00015  0.000023  1.27080       0
30  GBP_USD 2024-05-21 17:07:00+00:00  1.27072  1.27081  0.0  0.0  0.00017  0.000044  1.27072       0
2024-05-21 13:09:00 CandleManager() new candle:last_candle:2024-05-21 17:08 is_ready:True
2024-05-21 13:09:05 tech_manager: max_rows:32 candle_time2024-05-21 17:08:00+00:00 granularity:M1
2024-05-21 13:09:05 process_candles:
       PAIR                      time    mid_c    mid_o   SL   TP   SPREAD      GAIN     LOSS  SIGNAL
26  GBP_USD 2024-05-21 17:04:00+00:00  1.27097  1.27090  0.0  0.0  0.00016  0.000166  1.27097       0
27  GBP_USD 2024-05-21 17:05:00+00:00  1.27078  1.27096  0.0  0.0  0.00017  0.000011  1.27078       0
28  GBP_USD 2024-05-21 17:06:00+00:00  1.27080  1.27079  0.0  0.0  0.00015  0.000022  1.27080       0
29  GBP_USD 2024-05-21 17:07:00+00:00  1.27072  1.27081  0.0  0.0  0.00017  0.000044  1.27072       0
30  GBP_USD 2024-05-21 17:08:00+00:00  1.27064  1.27072  0.0  0.0  0.00017  0.000111  1.27064       0
2024-05-21 13:10:02 CandleManager() new candle:last_candle:2024-05-21 17:09 is_ready:True
2024-05-21 13:10:09 tech_manager: max_rows:32 candle_time2024-05-21 17:09:00+00:00 granularity:M1
2024-05-21 13:10:09 process_candles:
       PAIR                      time    mid_c    mid_o   SL   TP   SPREAD      GAIN     LOSS  SIGNAL
26  GBP_USD 2024-05-21 17:05:00+00:00  1.27078  1.27096  0.0  0.0  0.00017  0.000011  1.27078       0
27  GBP_USD 2024-05-21 17:06:00+00:00  1.27080  1.27079  0.0  0.0  0.00015  0.000023  1.27080       0
28  GBP_USD 2024-05-21 17:07:00+00:00  1.27072  1.27081  0.0  0.0  0.00017  0.000044  1.27072       0
29  GBP_USD 2024-05-21 17:08:00+00:00  1.27064  1.27072  0.0  0.0  0.00017  0.000111  1.27064       0
30  GBP_USD 2024-05-21 17:09:00+00:00  1.27064  1.27063  0.0  0.0  0.00016  0.000106  1.27064       0
2024-05-21 13:11:11 CandleManager() new candle:last_candle:2024-05-21 17:10 is_ready:True
2024-05-21 13:11:16 tech_manager: max_rows:32 candle_time2024-05-21 17:10:00+00:00 granularity:M1
2024-05-21 13:11:16 process_candles:
       PAIR                      time    mid_c    mid_o   SL   TP   SPREAD      GAIN     LOSS  SIGNAL
26  GBP_USD 2024-05-21 17:06:00+00:00  1.27080  1.27079  0.0  0.0  0.00015  0.000022  1.27080       0
27  GBP_USD 2024-05-21 17:07:00+00:00  1.27072  1.27081  0.0  0.0  0.00017  0.000044  1.27072       0
28  GBP_USD 2024-05-21 17:08:00+00:00  1.27064  1.27072  0.0  0.0  0.00017  0.000111  1.27064       0
29  GBP_USD 2024-05-21 17:09:00+00:00  1.27064  1.27063  0.0  0.0  0.00016  0.000106  1.27064       0
30  GBP_USD 2024-05-21 17:10:00+00:00  1.27042  1.27060  0.0  0.0  0.00017  0.000300  1.27042       0
