2024-05-21 13:06:58 LogWrapper init() ./logs/GBP_CAD.log
2024-05-21 13:06:58 {'n_ma': 12, 'n_std': 2.5, 'maxspread': 0.0004, 'mingain': 0.0014, 'riskreward': 1.4}
2024-05-21 13:07:03 CandleManager() init last_candle: last_candle:2024-05-21 17:06 is_ready:False
2024-05-21 13:08:15 CandleManager() new candle:last_candle:2024-05-21 17:07 is_ready:True
2024-05-21 13:08:19 tech_manager: max_rows:32 candle_time2024-05-21 17:07:00+00:00 granularity:M1
2024-05-21 13:08:19 process_candles:
       PAIR                      time    mid_c    mid_o   SL   TP   SPREAD      GAIN     LOSS  SIGNAL
26  GBP_CAD 2024-05-21 17:03:00+00:00  1.73456  1.73444  0.0  0.0  0.00018  0.000091  1.73456       0
27  GBP_CAD 2024-05-21 17:04:00+00:00  1.73472  1.73455  0.0  0.0  0.00021  0.000249  1.73472       0
28  GBP_CAD 2024-05-21 17:05:00+00:00  1.73457  1.73472  0.0  0.0  0.00020  0.000095  1.73457       0
29  GBP_CAD 2024-05-21 17:06:00+00:00  1.73470  1.73460  0.0  0.0  0.00021  0.000218  1.73470       0
30  GBP_CAD 2024-05-21 17:07:00+00:00  1.73470  1.73472  0.0  0.0  0.00021  0.000198  1.73470       0
2024-05-21 13:09:02 CandleManager() new candle:last_candle:2024-05-21 17:08 is_ready:True
2024-05-21 13:09:07 tech_manager: max_rows:32 candle_time2024-05-21 17:08:00+00:00 granularity:M1
2024-05-21 13:09:07 process_candles:
       PAIR                      time    mid_c    mid_o   SL   TP   SPREAD      GAIN     LOSS  SIGNAL
26  GBP_CAD 2024-05-21 17:04:00+00:00  1.73472  1.73455  0.0  0.0  0.00021  0.000249  1.73472       0
27  GBP_CAD 2024-05-21 17:05:00+00:00  1.73457  1.73472  0.0  0.0  0.00020  0.000095  1.73457       0
28  GBP_CAD 2024-05-21 17:06:00+00:00  1.73470  1.73460  0.0  0.0  0.00021  0.000218  1.73470       0
29  GBP_CAD 2024-05-21 17:07:00+00:00  1.73470  1.73472  0.0  0.0  0.00021  0.000198  1.73470       0
30  GBP_CAD 2024-05-21 17:08:00+00:00  1.73463  1.73471  0.0  0.0  0.00020  0.000106  1.73463       0
2024-05-21 13:10:05 CandleManager() new candle:last_candle:2024-05-21 17:09 is_ready:True
2024-05-21 13:10:12 tech_manager: max_rows:32 candle_time2024-05-21 17:09:00+00:00 granularity:M1
2024-05-21 13:10:12 process_candles:
       PAIR                      time    mid_c    mid_o   SL   TP   SPREAD      GAIN     LOSS  SIGNAL
26  GBP_CAD 2024-05-21 17:05:00+00:00  1.73457  1.73472  0.0  0.0  0.00020  0.000095  1.73457       0
27  GBP_CAD 2024-05-21 17:06:00+00:00  1.73470  1.73460  0.0  0.0  0.00021  0.000218  1.73470       0
28  GBP_CAD 2024-05-21 17:07:00+00:00  1.73470  1.73472  0.0  0.0  0.00021  0.000198  1.73470       0
29  GBP_CAD 2024-05-21 17:08:00+00:00  1.73463  1.73471  0.0  0.0  0.00020  0.000106  1.73463       0
30  GBP_CAD 2024-05-21 17:09:00+00:00  1.73469  1.73462  0.0  0.0  0.00022  0.000140  1.73469       0
2024-05-21 13:11:14 CandleManager() new candle:last_candle:2024-05-21 17:10 is_ready:True
2024-05-21 13:11:19 tech_manager: max_rows:32 candle_time2024-05-21 17:10:00+00:00 granularity:M1
2024-05-21 13:11:19 process_candles:
       PAIR                      time    mid_c    mid_o   SL   TP   SPREAD      GAIN     LOSS  SIGNAL
26  GBP_CAD 2024-05-21 17:06:00+00:00  1.73470  1.73460  0.0  0.0  0.00021  0.000218  1.73470       0
27  GBP_CAD 2024-05-21 17:07:00+00:00  1.73470  1.73472  0.0  0.0  0.00021  0.000198  1.73470       0
28  GBP_CAD 2024-05-21 17:08:00+00:00  1.73463  1.73471  0.0  0.0  0.00020  0.000106  1.73463       0
29  GBP_CAD 2024-05-21 17:09:00+00:00  1.73469  1.73462  0.0  0.0  0.00022  0.000140  1.73469       0
30  GBP_CAD 2024-05-21 17:10:00+00:00  1.73465  1.73466  0.0  0.0  0.00018  0.000082  1.73465       0
