2024-05-21 13:06:58 LogWrapper init() ./logs/GBP_PLN.log
2024-05-21 13:06:58 {'n_ma': 12, 'n_std': 2.5, 'maxspread': 0.04, 'mingain': 0.14, 'riskreward': 1.4}
2024-05-21 13:07:03 CandleManager() init last_candle: last_candle:2024-05-21 17:06 is_ready:False
2024-05-21 13:08:15 CandleManager() new candle:last_candle:2024-05-21 17:07 is_ready:True
2024-05-21 13:08:20 tech_manager: max_rows:32 candle_time2024-05-21 17:07:00+00:00 granularity:M1
2024-05-21 13:08:20 process_candles:
       PAIR                      time    mid_c    mid_o   SL   TP   SPREAD      GAIN     LOSS  SIGNAL
26  GBP_PLN 2024-05-21 17:03:00+00:00  4.97732  4.97728  0.0  0.0  0.00357  0.000093  4.97732       0
27  GBP_PLN 2024-05-21 17:04:00+00:00  4.97788  4.97736  0.0  0.0  0.00415  0.000442  4.97788       0
28  GBP_PLN 2024-05-21 17:05:00+00:00  4.97747  4.97786  0.0  0.0  0.00326  0.000010  4.97747       0
29  GBP_PLN 2024-05-21 17:06:00+00:00  4.97780  4.97752  0.0  0.0  0.00359  0.000282  4.97780       0
30  GBP_PLN 2024-05-21 17:07:00+00:00  4.97780  4.97792  0.0  0.0  0.00360  0.000254  4.97780       0
2024-05-21 13:09:03 CandleManager() new candle:last_candle:2024-05-21 17:08 is_ready:True
2024-05-21 13:09:08 tech_manager: max_rows:32 candle_time2024-05-21 17:08:00+00:00 granularity:M1
2024-05-21 13:09:08 process_candles:
       PAIR                      time    mid_c    mid_o   SL   TP   SPREAD      GAIN     LOSS  SIGNAL
26  GBP_PLN 2024-05-21 17:04:00+00:00  4.97788  4.97736  0.0  0.0  0.00415  0.000442  4.97788       0
27  GBP_PLN 2024-05-21 17:05:00+00:00  4.97747  4.97786  0.0  0.0  0.00326  0.000010  4.97747       0
28  GBP_PLN 2024-05-21 17:06:00+00:00  4.97780  4.97752  0.0  0.0  0.00359  0.000282  4.97780       0
29  GBP_PLN 2024-05-21 17:07:00+00:00  4.97780  4.97792  0.0  0.0  0.00360  0.000254  4.97780       0
30  GBP_PLN 2024-05-21 17:08:00+00:00  4.97775  4.97789  0.0  0.0  0.00370  0.000157  4.97775       0
2024-05-21 13:10:05 CandleManager() new candle:last_candle:2024-05-21 17:09 is_ready:True
2024-05-21 13:10:13 tech_manager: max_rows:32 candle_time2024-05-21 17:09:00+00:00 granularity:M1
2024-05-21 13:10:13 process_candles:
       PAIR                      time    mid_c    mid_o   SL   TP   SPREAD      GAIN     LOSS  SIGNAL
26  GBP_PLN 2024-05-21 17:05:00+00:00  4.97747  4.97786  0.0  0.0  0.00326  0.000010  4.97747       0
27  GBP_PLN 2024-05-21 17:06:00+00:00  4.97780  4.97752  0.0  0.0  0.00359  0.000282  4.97780       0
28  GBP_PLN 2024-05-21 17:07:00+00:00  4.97780  4.97792  0.0  0.0  0.00360  0.000254  4.97780       0
29  GBP_PLN 2024-05-21 17:08:00+00:00  4.97775  4.97789  0.0  0.0  0.00370  0.000157  4.97775       0
30  GBP_PLN 2024-05-21 17:09:00+00:00  4.97774  4.97771  0.0  0.0  0.00373  0.000128  4.97774       0
2024-05-21 13:11:14 CandleManager() new candle:last_candle:2024-05-21 17:10 is_ready:True
2024-05-21 13:11:19 tech_manager: max_rows:32 candle_time2024-05-21 17:10:00+00:00 granularity:M1
2024-05-21 13:11:19 process_candles:
       PAIR                      time    mid_c    mid_o   SL   TP   SPREAD      GAIN     LOSS  SIGNAL
26  GBP_PLN 2024-05-21 17:06:00+00:00  4.97780  4.97752  0.0  0.0  0.00359  0.000282  4.97780       0
27  GBP_PLN 2024-05-21 17:07:00+00:00  4.97780  4.97792  0.0  0.0  0.00360  0.000254  4.97780       0
28  GBP_PLN 2024-05-21 17:08:00+00:00  4.97775  4.97789  0.0  0.0  0.00370  0.000157  4.97775       0
29  GBP_PLN 2024-05-21 17:09:00+00:00  4.97774  4.97771  0.0  0.0  0.00373  0.000128  4.97774       0
30  GBP_PLN 2024-05-21 17:10:00+00:00  4.97782  4.97777  0.0  0.0  0.00363  0.000182  4.97782       0
