2024-04-19 10:57:35 LogWrapper init() ./logs/GBP_JPY.log
2024-04-19 10:57:35 {'n_ma': 12, 'n_std': 2.5, 'maxspread': 0.04, 'mingain': 0.14, 'riskreward': 1.5}
2024-04-19 10:57:37 CandleManager() init last_candle: last_candle:2024-04-19 14:56 is_ready:False
2024-04-19 10:58:08 CandleManager() new candle:last_candle:2024-04-19 14:57 is_ready:True
2024-04-19 10:58:08 tech_manager: max_rows:32 candle_time2024-04-19 14:57:00+00:00 granularity:M1
2024-04-19 10:58:08 process_candles:
       PAIR                      time    mid_c    mid_o          SL          TP  SPREAD      GAIN  SIGNAL
26  GBP_JPY 2024-04-19 14:53:00+00:00  192.298  192.291    0.000000    0.000000   0.026  0.031639       0
27  GBP_JPY 2024-04-19 14:54:00+00:00  192.296  192.300    0.000000    0.000000   0.019  0.031278       0
28  GBP_JPY 2024-04-19 14:55:00+00:00  192.299  192.299    0.000000    0.000000   0.026  0.026139       0
29  GBP_JPY 2024-04-19 14:56:00+00:00  192.266  192.298  192.229241  192.321139   0.025  0.055139       1
30  GBP_JPY 2024-04-19 14:57:00+00:00  192.240  192.266    0.000000    0.000000   0.028  0.071528       0
2024-04-19 10:59:00 CandleManager() new candle:last_candle:2024-04-19 14:58 is_ready:True
2024-04-19 10:59:00 tech_manager: max_rows:32 candle_time2024-04-19 14:58:00+00:00 granularity:M1
2024-04-19 10:59:00 process_candles:
       PAIR                      time    mid_c    mid_o          SL          TP  SPREAD      GAIN  SIGNAL
26  GBP_JPY 2024-04-19 14:54:00+00:00  192.296  192.300    0.000000    0.000000   0.019  0.031278       0
27  GBP_JPY 2024-04-19 14:55:00+00:00  192.299  192.299    0.000000    0.000000   0.026  0.026139       0
28  GBP_JPY 2024-04-19 14:56:00+00:00  192.266  192.298  192.229241  192.321139   0.025  0.055139       1
29  GBP_JPY 2024-04-19 14:57:00+00:00  192.240  192.266    0.000000    0.000000   0.028  0.071528       0
30  GBP_JPY 2024-04-19 14:58:00+00:00  192.232  192.240    0.000000    0.000000   0.026  0.070750       0
2024-04-19 11:00:03 CandleManager() new candle:last_candle:2024-04-19 14:59 is_ready:True
2024-04-19 11:00:03 tech_manager: max_rows:32 candle_time2024-04-19 14:59:00+00:00 granularity:M1
2024-04-19 11:00:03 process_candles:
       PAIR                      time    mid_c    mid_o          SL          TP  SPREAD      GAIN  SIGNAL
26  GBP_JPY 2024-04-19 14:55:00+00:00  192.299  192.299    0.000000    0.000000   0.026  0.026139       0
27  GBP_JPY 2024-04-19 14:56:00+00:00  192.266  192.298  192.229241  192.321139   0.025  0.055139       1
28  GBP_JPY 2024-04-19 14:57:00+00:00  192.240  192.266    0.000000    0.000000   0.028  0.071528       0
29  GBP_JPY 2024-04-19 14:58:00+00:00  192.232  192.240    0.000000    0.000000   0.026  0.070750       0
30  GBP_JPY 2024-04-19 14:59:00+00:00  192.224  192.232    0.000000    0.000000   0.024  0.071000       0
2024-04-19 11:01:05 CandleManager() new candle:last_candle:2024-04-19 15:00 is_ready:True
2024-04-19 11:01:06 tech_manager: max_rows:32 candle_time2024-04-19 15:00:00+00:00 granularity:M1
2024-04-19 11:01:06 process_candles:
       PAIR                      time    mid_c    mid_o          SL          TP  SPREAD      GAIN  SIGNAL
26  GBP_JPY 2024-04-19 14:56:00+00:00  192.266  192.298  192.229241  192.321139   0.025  0.055139       1
27  GBP_JPY 2024-04-19 14:57:00+00:00  192.240  192.266    0.000000    0.000000   0.028  0.071528       0
28  GBP_JPY 2024-04-19 14:58:00+00:00  192.232  192.240    0.000000    0.000000   0.026  0.070750       0
29  GBP_JPY 2024-04-19 14:59:00+00:00  192.224  192.232    0.000000    0.000000   0.024  0.071000       0
30  GBP_JPY 2024-04-19 15:00:00+00:00  192.194  192.222    0.000000    0.000000   0.025  0.089361       0
2024-04-19 11:02:08 CandleManager() new candle:last_candle:2024-04-19 15:01 is_ready:True
2024-04-19 11:02:08 tech_manager: max_rows:32 candle_time2024-04-19 15:01:00+00:00 granularity:M1
2024-04-19 11:02:08 process_candles:
       PAIR                      time    mid_c    mid_o   SL   TP  SPREAD      GAIN  SIGNAL
26  GBP_JPY 2024-04-19 14:57:00+00:00  192.240  192.266  0.0  0.0   0.028  0.071528       0
27  GBP_JPY 2024-04-19 14:58:00+00:00  192.232  192.240  0.0  0.0   0.026  0.070750       0
28  GBP_JPY 2024-04-19 14:59:00+00:00  192.224  192.232  0.0  0.0   0.024  0.071000       0
29  GBP_JPY 2024-04-19 15:00:00+00:00  192.194  192.222  0.0  0.0   0.025  0.089361       0
30  GBP_JPY 2024-04-19 15:01:00+00:00  192.202  192.188  0.0  0.0   0.021  0.070194       0
2024-04-19 11:03:00 CandleManager() new candle:last_candle:2024-04-19 15:02 is_ready:True
2024-04-19 11:03:01 tech_manager: max_rows:32 candle_time2024-04-19 15:02:00+00:00 granularity:M1
2024-04-19 11:03:01 process_candles:
       PAIR                      time    mid_c    mid_o   SL   TP  SPREAD      GAIN  SIGNAL
26  GBP_JPY 2024-04-19 14:58:00+00:00  192.232  192.240  0.0  0.0   0.026  0.070750       0
27  GBP_JPY 2024-04-19 14:59:00+00:00  192.224  192.232  0.0  0.0   0.024  0.071000       0
28  GBP_JPY 2024-04-19 15:00:00+00:00  192.194  192.222  0.0  0.0   0.025  0.089361       0
29  GBP_JPY 2024-04-19 15:01:00+00:00  192.202  192.188  0.0  0.0   0.021  0.070194       0
30  GBP_JPY 2024-04-19 15:02:00+00:00  192.238  192.204  0.0  0.0   0.023  0.025750       0
2024-04-19 11:04:03 CandleManager() new candle:last_candle:2024-04-19 15:03 is_ready:True
2024-04-19 11:04:03 tech_manager: max_rows:32 candle_time2024-04-19 15:03:00+00:00 granularity:M1
2024-04-19 11:04:03 process_candles:
       PAIR                      time    mid_c    mid_o   SL   TP  SPREAD      GAIN  SIGNAL
26  GBP_JPY 2024-04-19 14:59:00+00:00  192.224  192.232  0.0  0.0   0.024  0.071000       0
27  GBP_JPY 2024-04-19 15:00:00+00:00  192.194  192.222  0.0  0.0   0.025  0.089361       0
28  GBP_JPY 2024-04-19 15:01:00+00:00  192.202  192.188  0.0  0.0   0.021  0.070194       0
29  GBP_JPY 2024-04-19 15:02:00+00:00  192.238  192.204  0.0  0.0   0.023  0.025750       0
30  GBP_JPY 2024-04-19 15:03:00+00:00  192.172  192.240  0.0  0.0   0.027  0.080528       0
2024-04-19 11:05:06 CandleManager() new candle:last_candle:2024-04-19 15:04 is_ready:True
2024-04-19 11:05:06 tech_manager: max_rows:32 candle_time2024-04-19 15:04:00+00:00 granularity:M1
2024-04-19 11:05:06 process_candles:
       PAIR                      time    mid_c    mid_o   SL   TP  SPREAD      GAIN  SIGNAL
26  GBP_JPY 2024-04-19 15:00:00+00:00  192.194  192.222  0.0  0.0   0.025  0.089361       0
27  GBP_JPY 2024-04-19 15:01:00+00:00  192.202  192.188  0.0  0.0   0.021  0.070194       0
28  GBP_JPY 2024-04-19 15:02:00+00:00  192.238  192.204  0.0  0.0   0.023  0.025750       0
29  GBP_JPY 2024-04-19 15:03:00+00:00  192.172  192.240  0.0  0.0   0.027  0.080528       0
30  GBP_JPY 2024-04-19 15:04:00+00:00  192.160  192.172  0.0  0.0   0.029  0.080528       0
2024-04-19 11:06:08 CandleManager() new candle:last_candle:2024-04-19 15:05 is_ready:True
2024-04-19 11:06:09 tech_manager: max_rows:32 candle_time2024-04-19 15:05:00+00:00 granularity:M1
2024-04-19 11:06:09 process_candles:
       PAIR                      time    mid_c    mid_o   SL   TP  SPREAD      GAIN  SIGNAL
26  GBP_JPY 2024-04-19 15:01:00+00:00  192.202  192.188  0.0  0.0   0.021  0.070194       0
27  GBP_JPY 2024-04-19 15:02:00+00:00  192.238  192.204  0.0  0.0   0.023  0.025750       0
28  GBP_JPY 2024-04-19 15:03:00+00:00  192.172  192.240  0.0  0.0   0.027  0.080528       0
29  GBP_JPY 2024-04-19 15:04:00+00:00  192.160  192.172  0.0  0.0   0.029  0.080528       0
30  GBP_JPY 2024-04-19 15:05:00+00:00  192.188  192.159  0.0  0.0   0.023  0.042250       0
2024-04-19 11:07:01 CandleManager() new candle:last_candle:2024-04-19 15:06 is_ready:True
2024-04-19 11:07:01 tech_manager: max_rows:32 candle_time2024-04-19 15:06:00+00:00 granularity:M1
2024-04-19 11:07:01 process_candles:
       PAIR                      time    mid_c    mid_o   SL   TP  SPREAD      GAIN  SIGNAL
26  GBP_JPY 2024-04-19 15:02:00+00:00  192.238  192.204  0.0  0.0   0.023  0.025750       0
27  GBP_JPY 2024-04-19 15:03:00+00:00  192.172  192.240  0.0  0.0   0.027  0.080528       0
28  GBP_JPY 2024-04-19 15:04:00+00:00  192.160  192.172  0.0  0.0   0.029  0.080528       0
29  GBP_JPY 2024-04-19 15:05:00+00:00  192.188  192.159  0.0  0.0   0.023  0.042250       0
30  GBP_JPY 2024-04-19 15:06:00+00:00  192.138  192.189  0.0  0.0   0.025  0.080194       0
2024-04-19 11:08:04 CandleManager() new candle:last_candle:2024-04-19 15:07 is_ready:True
2024-04-19 11:08:04 tech_manager: max_rows:32 candle_time2024-04-19 15:07:00+00:00 granularity:M1
2024-04-19 11:08:04 process_candles:
       PAIR                      time    mid_c    mid_o   SL   TP  SPREAD      GAIN  SIGNAL
26  GBP_JPY 2024-04-19 15:03:00+00:00  192.172  192.240  0.0  0.0   0.027  0.080528       0
27  GBP_JPY 2024-04-19 15:04:00+00:00  192.160  192.172  0.0  0.0   0.029  0.080528       0
28  GBP_JPY 2024-04-19 15:05:00+00:00  192.188  192.159  0.0  0.0   0.023  0.042250       0
29  GBP_JPY 2024-04-19 15:06:00+00:00  192.138  192.189  0.0  0.0   0.025  0.080194       0
30  GBP_JPY 2024-04-19 15:07:00+00:00  192.155  192.141  0.0  0.0   0.024  0.050389       0
2024-04-19 11:09:06 CandleManager() new candle:last_candle:2024-04-19 15:08 is_ready:True
2024-04-19 11:09:07 tech_manager: max_rows:32 candle_time2024-04-19 15:08:00+00:00 granularity:M1
2024-04-19 11:09:07 process_candles:
       PAIR                      time    mid_c    mid_o   SL   TP  SPREAD      GAIN  SIGNAL
26  GBP_JPY 2024-04-19 15:04:00+00:00  192.160  192.172  0.0  0.0   0.029  0.080528       0
27  GBP_JPY 2024-04-19 15:05:00+00:00  192.188  192.159  0.0  0.0   0.023  0.042250       0
28  GBP_JPY 2024-04-19 15:06:00+00:00  192.138  192.189  0.0  0.0   0.025  0.080194       0
29  GBP_JPY 2024-04-19 15:07:00+00:00  192.155  192.141  0.0  0.0   0.024  0.050389       0
30  GBP_JPY 2024-04-19 15:08:00+00:00  192.137  192.154  0.0  0.0   0.026  0.056028       0
2024-04-19 11:10:09 CandleManager() new candle:last_candle:2024-04-19 15:09 is_ready:True
2024-04-19 11:10:09 tech_manager: max_rows:32 candle_time2024-04-19 15:09:00+00:00 granularity:M1
2024-04-19 11:10:09 process_candles:
       PAIR                      time    mid_c    mid_o   SL   TP  SPREAD      GAIN  SIGNAL
26  GBP_JPY 2024-04-19 15:05:00+00:00  192.188  192.159  0.0  0.0   0.023  0.042250       0
27  GBP_JPY 2024-04-19 15:06:00+00:00  192.138  192.189  0.0  0.0   0.025  0.080194       0
28  GBP_JPY 2024-04-19 15:07:00+00:00  192.155  192.141  0.0  0.0   0.024  0.050389       0
29  GBP_JPY 2024-04-19 15:08:00+00:00  192.137  192.154  0.0  0.0   0.026  0.056028       0
30  GBP_JPY 2024-04-19 15:09:00+00:00  192.086  192.136  0.0  0.0   0.026  0.095806       0
2024-04-19 11:11:01 CandleManager() new candle:last_candle:2024-04-19 15:10 is_ready:True
2024-04-19 11:11:02 tech_manager: max_rows:32 candle_time2024-04-19 15:10:00+00:00 granularity:M1
2024-04-19 11:11:02 process_candles:
       PAIR                      time    mid_c    mid_o   SL   TP  SPREAD      GAIN  SIGNAL
26  GBP_JPY 2024-04-19 15:06:00+00:00  192.138  192.189  0.0  0.0   0.025  0.080194       0
27  GBP_JPY 2024-04-19 15:07:00+00:00  192.155  192.141  0.0  0.0   0.024  0.050389       0
28  GBP_JPY 2024-04-19 15:08:00+00:00  192.137  192.154  0.0  0.0   0.026  0.056028       0
29  GBP_JPY 2024-04-19 15:09:00+00:00  192.086  192.136  0.0  0.0   0.026  0.095806       0
30  GBP_JPY 2024-04-19 15:10:00+00:00  192.059  192.086  0.0  0.0   0.024  0.108889       0
2024-04-19 11:12:04 CandleManager() new candle:last_candle:2024-04-19 15:11 is_ready:True
2024-04-19 11:12:04 tech_manager: max_rows:32 candle_time2024-04-19 15:11:00+00:00 granularity:M1
2024-04-19 11:12:04 process_candles:
       PAIR                      time    mid_c    mid_o   SL   TP  SPREAD      GAIN  SIGNAL
26  GBP_JPY 2024-04-19 15:07:00+00:00  192.155  192.141  0.0  0.0   0.024  0.050389       0
27  GBP_JPY 2024-04-19 15:08:00+00:00  192.137  192.154  0.0  0.0   0.026  0.056028       0
28  GBP_JPY 2024-04-19 15:09:00+00:00  192.086  192.136  0.0  0.0   0.026  0.095806       0
29  GBP_JPY 2024-04-19 15:10:00+00:00  192.059  192.086  0.0  0.0   0.024  0.108889       0
30  GBP_JPY 2024-04-19 15:11:00+00:00  192.014  192.058  0.0  0.0   0.024  0.136972       0
2024-04-19 11:13:07 CandleManager() new candle:last_candle:2024-04-19 15:12 is_ready:True
2024-04-19 11:13:07 tech_manager: max_rows:32 candle_time2024-04-19 15:12:00+00:00 granularity:M1
2024-04-19 11:13:07 process_candles:
       PAIR                      time    mid_c    mid_o   SL   TP  SPREAD      GAIN  SIGNAL
26  GBP_JPY 2024-04-19 15:08:00+00:00  192.137  192.154  0.0  0.0   0.026  0.056028       0
27  GBP_JPY 2024-04-19 15:09:00+00:00  192.086  192.136  0.0  0.0   0.026  0.095806       0
28  GBP_JPY 2024-04-19 15:10:00+00:00  192.059  192.086  0.0  0.0   0.024  0.108889       0
29  GBP_JPY 2024-04-19 15:11:00+00:00  192.014  192.058  0.0  0.0   0.024  0.136972       0
30  GBP_JPY 2024-04-19 15:12:00+00:00  192.003  192.016  0.0  0.0   0.028  0.131528       0
2024-04-19 11:14:09 CandleManager() new candle:last_candle:2024-04-19 15:13 is_ready:True
2024-04-19 11:14:09 tech_manager: max_rows:32 candle_time2024-04-19 15:13:00+00:00 granularity:M1
2024-04-19 11:14:09 process_candles:
       PAIR                      time    mid_c    mid_o   SL   TP  SPREAD      GAIN  SIGNAL
26  GBP_JPY 2024-04-19 15:09:00+00:00  192.086  192.136  0.0  0.0   0.026  0.095806       0
27  GBP_JPY 2024-04-19 15:10:00+00:00  192.059  192.086  0.0  0.0   0.024  0.108889       0
28  GBP_JPY 2024-04-19 15:11:00+00:00  192.014  192.058  0.0  0.0   0.024  0.136972       0
29  GBP_JPY 2024-04-19 15:12:00+00:00  192.003  192.016  0.0  0.0   0.028  0.131528       0
30  GBP_JPY 2024-04-19 15:13:00+00:00  191.988  192.006  0.0  0.0   0.023  0.129778       0
2024-04-19 11:15:01 CandleManager() new candle:last_candle:2024-04-19 15:14 is_ready:True
2024-04-19 11:15:02 tech_manager: max_rows:32 candle_time2024-04-19 15:14:00+00:00 granularity:M1
2024-04-19 11:15:02 process_candles:
       PAIR                      time    mid_c    mid_o   SL   TP  SPREAD      GAIN  SIGNAL
26  GBP_JPY 2024-04-19 15:10:00+00:00  192.059  192.086  0.0  0.0   0.024  0.108889       0
27  GBP_JPY 2024-04-19 15:11:00+00:00  192.014  192.058  0.0  0.0   0.024  0.136972       0
28  GBP_JPY 2024-04-19 15:12:00+00:00  192.003  192.016  0.0  0.0   0.028  0.131528       0
29  GBP_JPY 2024-04-19 15:13:00+00:00  191.988  192.006  0.0  0.0   0.023  0.129778       0
30  GBP_JPY 2024-04-19 15:14:00+00:00  191.988  191.988  0.0  0.0   0.025  0.109167       0
2024-04-19 11:16:04 CandleManager() new candle:last_candle:2024-04-19 15:15 is_ready:True
2024-04-19 11:16:04 tech_manager: max_rows:32 candle_time2024-04-19 15:15:00+00:00 granularity:M1
2024-04-19 11:16:04 process_candles:
       PAIR                      time    mid_c    mid_o   SL   TP  SPREAD      GAIN  SIGNAL
26  GBP_JPY 2024-04-19 15:11:00+00:00  192.014  192.058  0.0  0.0   0.024  0.136972       0
27  GBP_JPY 2024-04-19 15:12:00+00:00  192.003  192.016  0.0  0.0   0.028  0.131528       0
28  GBP_JPY 2024-04-19 15:13:00+00:00  191.988  192.006  0.0  0.0   0.023  0.129778       0
29  GBP_JPY 2024-04-19 15:14:00+00:00  191.988  191.988  0.0  0.0   0.025  0.109167       0
30  GBP_JPY 2024-04-19 15:15:00+00:00  191.962  191.987  0.0  0.0   0.025  0.116889       0
2024-04-19 11:17:06 CandleManager() new candle:last_candle:2024-04-19 15:16 is_ready:True
2024-04-19 11:17:07 tech_manager: max_rows:32 candle_time2024-04-19 15:16:00+00:00 granularity:M1
2024-04-19 11:17:07 process_candles:
       PAIR                      time    mid_c    mid_o   SL   TP  SPREAD      GAIN  SIGNAL
26  GBP_JPY 2024-04-19 15:12:00+00:00  192.003  192.016  0.0  0.0   0.028  0.131528       0
27  GBP_JPY 2024-04-19 15:13:00+00:00  191.988  192.006  0.0  0.0   0.023  0.129778       0
28  GBP_JPY 2024-04-19 15:14:00+00:00  191.988  191.988  0.0  0.0   0.025  0.109167       0
29  GBP_JPY 2024-04-19 15:15:00+00:00  191.962  191.987  0.0  0.0   0.025  0.116889       0
30  GBP_JPY 2024-04-19 15:16:00+00:00  191.964  191.960  0.0  0.0   0.026  0.098472       0
2024-04-19 11:18:09 CandleManager() new candle:last_candle:2024-04-19 15:17 is_ready:True
2024-04-19 11:18:09 tech_manager: max_rows:32 candle_time2024-04-19 15:17:00+00:00 granularity:M1
2024-04-19 11:18:09 process_candles:
       PAIR                      time    mid_c    mid_o   SL   TP  SPREAD      GAIN  SIGNAL
26  GBP_JPY 2024-04-19 15:13:00+00:00  191.988  192.006  0.0  0.0   0.023  0.129778       0
27  GBP_JPY 2024-04-19 15:14:00+00:00  191.988  191.988  0.0  0.0   0.025  0.109167       0
28  GBP_JPY 2024-04-19 15:15:00+00:00  191.962  191.987  0.0  0.0   0.025  0.116889       0
29  GBP_JPY 2024-04-19 15:16:00+00:00  191.964  191.960  0.0  0.0   0.026  0.098472       0
30  GBP_JPY 2024-04-19 15:17:00+00:00  191.905  191.964  0.0  0.0   0.026  0.136222       0
2024-04-19 11:19:01 CandleManager() new candle:last_candle:2024-04-19 15:18 is_ready:True
2024-04-19 11:19:02 tech_manager: max_rows:32 candle_time2024-04-19 15:18:00+00:00 granularity:M1
2024-04-19 11:19:02 process_candles:
       PAIR                      time    mid_c    mid_o   SL   TP  SPREAD      GAIN  SIGNAL
26  GBP_JPY 2024-04-19 15:14:00+00:00  191.988  191.988  0.0  0.0   0.025  0.109167       0
27  GBP_JPY 2024-04-19 15:15:00+00:00  191.962  191.987  0.0  0.0   0.025  0.116889       0
28  GBP_JPY 2024-04-19 15:16:00+00:00  191.964  191.960  0.0  0.0   0.026  0.098472       0
29  GBP_JPY 2024-04-19 15:17:00+00:00  191.905  191.964  0.0  0.0   0.026  0.136222       0
30  GBP_JPY 2024-04-19 15:18:00+00:00  191.908  191.904  0.0  0.0   0.029  0.113250       0
2024-04-19 11:20:04 CandleManager() new candle:last_candle:2024-04-19 15:19 is_ready:True
2024-04-19 11:20:04 tech_manager: max_rows:32 candle_time2024-04-19 15:19:00+00:00 granularity:M1
2024-04-19 11:20:04 process_candles:
       PAIR                      time    mid_c    mid_o   SL   TP  SPREAD      GAIN  SIGNAL
26  GBP_JPY 2024-04-19 15:15:00+00:00  191.962  191.987  0.0  0.0   0.025  0.116889       0
27  GBP_JPY 2024-04-19 15:16:00+00:00  191.964  191.960  0.0  0.0   0.026  0.098472       0
28  GBP_JPY 2024-04-19 15:17:00+00:00  191.905  191.964  0.0  0.0   0.026  0.136222       0
29  GBP_JPY 2024-04-19 15:18:00+00:00  191.908  191.904  0.0  0.0   0.029  0.113250       0
30  GBP_JPY 2024-04-19 15:19:00+00:00  191.898  191.909  0.0  0.0   0.024  0.102361       0
2024-04-19 11:21:07 CandleManager() new candle:last_candle:2024-04-19 15:20 is_ready:True
2024-04-19 11:21:07 tech_manager: max_rows:32 candle_time2024-04-19 15:20:00+00:00 granularity:M1
2024-04-19 11:21:07 process_candles:
       PAIR                      time    mid_c    mid_o   SL   TP  SPREAD      GAIN  SIGNAL
26  GBP_JPY 2024-04-19 15:16:00+00:00  191.964  191.960  0.0  0.0   0.026  0.098472       0
27  GBP_JPY 2024-04-19 15:17:00+00:00  191.905  191.964  0.0  0.0   0.026  0.136222       0
28  GBP_JPY 2024-04-19 15:18:00+00:00  191.908  191.904  0.0  0.0   0.029  0.113250       0
29  GBP_JPY 2024-04-19 15:19:00+00:00  191.898  191.909  0.0  0.0   0.024  0.102361       0
30  GBP_JPY 2024-04-19 15:20:00+00:00  191.856  191.898  0.0  0.0   0.023  0.122361       0
2024-04-19 11:22:10 CandleManager() new candle:last_candle:2024-04-19 15:21 is_ready:True
2024-04-19 11:22:10 tech_manager: max_rows:32 candle_time2024-04-19 15:21:00+00:00 granularity:M1
2024-04-19 11:22:10 process_candles:
       PAIR                      time    mid_c    mid_o          SL          TP  SPREAD      GAIN  SIGNAL
26  GBP_JPY 2024-04-19 15:17:00+00:00  191.905  191.964    0.000000    0.000000   0.026  0.136222       0
27  GBP_JPY 2024-04-19 15:18:00+00:00  191.908  191.904    0.000000    0.000000   0.029  0.113250       0
28  GBP_JPY 2024-04-19 15:19:00+00:00  191.898  191.909    0.000000    0.000000   0.024  0.102361       0
29  GBP_JPY 2024-04-19 15:20:00+00:00  191.856  191.898    0.000000    0.000000   0.023  0.122361       0
30  GBP_JPY 2024-04-19 15:21:00+00:00  191.740  191.852  191.599519  191.950722   0.025  0.210722       1
2024-04-19 11:22:10 Place Trade: TradeDecision(): GBP_JPY dir:1 gain:0.2107 sl:191.5995 tp:191.9507
2024-04-19 11:22:10 Placed trade_id:434 for TradeDecision(): GBP_JPY dir:1 gain:0.2107 sl:191.5995 tp:191.9507
2024-04-19 11:23:02 CandleManager() new candle:last_candle:2024-04-19 15:22 is_ready:True
2024-04-19 11:23:02 tech_manager: max_rows:32 candle_time2024-04-19 15:22:00+00:00 granularity:M1
2024-04-19 11:23:03 process_candles:
       PAIR                      time    mid_c    mid_o          SL          TP  SPREAD      GAIN  SIGNAL
26  GBP_JPY 2024-04-19 15:18:00+00:00  191.908  191.904    0.000000    0.000000   0.029  0.113250       0
27  GBP_JPY 2024-04-19 15:19:00+00:00  191.898  191.909    0.000000    0.000000   0.024  0.102361       0
28  GBP_JPY 2024-04-19 15:20:00+00:00  191.856  191.898    0.000000    0.000000   0.023  0.122361       0
29  GBP_JPY 2024-04-19 15:21:00+00:00  191.740  191.852  191.599519  191.950722   0.025  0.210722       1
30  GBP_JPY 2024-04-19 15:22:00+00:00  191.676  191.732    0.000000    0.000000   0.025  0.242972       0
2024-04-19 11:24:05 CandleManager() new candle:last_candle:2024-04-19 15:23 is_ready:True
2024-04-19 11:24:05 tech_manager: max_rows:32 candle_time2024-04-19 15:23:00+00:00 granularity:M1
2024-04-19 11:24:06 process_candles:
       PAIR                      time    mid_c    mid_o          SL          TP  SPREAD      GAIN  SIGNAL
26  GBP_JPY 2024-04-19 15:19:00+00:00  191.898  191.909    0.000000    0.000000   0.024  0.102361       0
27  GBP_JPY 2024-04-19 15:20:00+00:00  191.856  191.898    0.000000    0.000000   0.023  0.122361       0
28  GBP_JPY 2024-04-19 15:21:00+00:00  191.740  191.852  191.599519  191.950722   0.025  0.210722       1
29  GBP_JPY 2024-04-19 15:22:00+00:00  191.676  191.732    0.000000    0.000000   0.025  0.242972       0
30  GBP_JPY 2024-04-19 15:23:00+00:00  191.756  191.676    0.000000    0.000000   0.028  0.138111       0
2024-04-19 11:25:08 CandleManager() new candle:last_candle:2024-04-19 15:24 is_ready:True
2024-04-19 11:25:08 tech_manager: max_rows:32 candle_time2024-04-19 15:24:00+00:00 granularity:M1
2024-04-19 11:25:09 process_candles:
       PAIR                      time    mid_c    mid_o          SL          TP  SPREAD      GAIN  SIGNAL
26  GBP_JPY 2024-04-19 15:20:00+00:00  191.856  191.898    0.000000    0.000000   0.023  0.122361       0
27  GBP_JPY 2024-04-19 15:21:00+00:00  191.740  191.852  191.599519  191.950722   0.025  0.210722       1
28  GBP_JPY 2024-04-19 15:22:00+00:00  191.676  191.732    0.000000    0.000000   0.025  0.242972       0
29  GBP_JPY 2024-04-19 15:23:00+00:00  191.756  191.676    0.000000    0.000000   0.028  0.138111       0
30  GBP_JPY 2024-04-19 15:24:00+00:00  191.787  191.756    0.000000    0.000000   0.024  0.088833       0
2024-04-19 11:26:01 CandleManager() new candle:last_candle:2024-04-19 15:25 is_ready:True
2024-04-19 11:26:01 tech_manager: max_rows:32 candle_time2024-04-19 15:25:00+00:00 granularity:M1
2024-04-19 11:26:01 process_candles:
       PAIR                      time    mid_c    mid_o          SL          TP  SPREAD      GAIN  SIGNAL
26  GBP_JPY 2024-04-19 15:21:00+00:00  191.740  191.852  191.599519  191.950722   0.025  0.210722       1
27  GBP_JPY 2024-04-19 15:22:00+00:00  191.676  191.732    0.000000    0.000000   0.025  0.242972       0
28  GBP_JPY 2024-04-19 15:23:00+00:00  191.756  191.676    0.000000    0.000000   0.028  0.138111       0
29  GBP_JPY 2024-04-19 15:24:00+00:00  191.787  191.756    0.000000    0.000000   0.024  0.088833       0
30  GBP_JPY 2024-04-19 15:25:00+00:00  191.787  191.788    0.000000    0.000000   0.026  0.071083       0
2024-04-19 11:27:04 CandleManager() new candle:last_candle:2024-04-19 15:26 is_ready:True
2024-04-19 11:27:04 tech_manager: max_rows:32 candle_time2024-04-19 15:26:00+00:00 granularity:M1
2024-04-19 11:27:04 process_candles:
       PAIR                      time    mid_c    mid_o   SL   TP  SPREAD      GAIN  SIGNAL
26  GBP_JPY 2024-04-19 15:22:00+00:00  191.676  191.732  0.0  0.0   0.025  0.242972       0
27  GBP_JPY 2024-04-19 15:23:00+00:00  191.756  191.676  0.0  0.0   0.028  0.138111       0
28  GBP_JPY 2024-04-19 15:24:00+00:00  191.787  191.756  0.0  0.0   0.024  0.088833       0
29  GBP_JPY 2024-04-19 15:25:00+00:00  191.787  191.788  0.0  0.0   0.026  0.071083       0
30  GBP_JPY 2024-04-19 15:26:00+00:00  191.800  191.788  0.0  0.0   0.027  0.042361       0
2024-04-19 11:28:07 CandleManager() new candle:last_candle:2024-04-19 15:27 is_ready:True
2024-04-19 11:28:07 tech_manager: max_rows:32 candle_time2024-04-19 15:27:00+00:00 granularity:M1
2024-04-19 11:28:07 process_candles:
       PAIR                      time    mid_c    mid_o   SL   TP  SPREAD      GAIN  SIGNAL
26  GBP_JPY 2024-04-19 15:23:00+00:00  191.756  191.676  0.0  0.0   0.028  0.138111       0
27  GBP_JPY 2024-04-19 15:24:00+00:00  191.787  191.756  0.0  0.0   0.024  0.088833       0
28  GBP_JPY 2024-04-19 15:25:00+00:00  191.787  191.788  0.0  0.0   0.026  0.071083       0
29  GBP_JPY 2024-04-19 15:26:00+00:00  191.800  191.788  0.0  0.0   0.027  0.042361       0
30  GBP_JPY 2024-04-19 15:27:00+00:00  191.782  191.801  0.0  0.0   0.023  0.045000       0
2024-04-19 11:29:09 CandleManager() new candle:last_candle:2024-04-19 15:28 is_ready:True
2024-04-19 11:29:10 tech_manager: max_rows:32 candle_time2024-04-19 15:28:00+00:00 granularity:M1
2024-04-19 11:29:10 process_candles:
       PAIR                      time    mid_c    mid_o   SL   TP  SPREAD      GAIN  SIGNAL
26  GBP_JPY 2024-04-19 15:24:00+00:00  191.787  191.756  0.0  0.0   0.024  0.088833       0
27  GBP_JPY 2024-04-19 15:25:00+00:00  191.787  191.788  0.0  0.0   0.026  0.071083       0
28  GBP_JPY 2024-04-19 15:26:00+00:00  191.800  191.788  0.0  0.0   0.027  0.042361       0
29  GBP_JPY 2024-04-19 15:27:00+00:00  191.782  191.801  0.0  0.0   0.023  0.045000       0
30  GBP_JPY 2024-04-19 15:28:00+00:00  191.790  191.784  0.0  0.0   0.027  0.022389       0
2024-04-19 11:30:02 CandleManager() new candle:last_candle:2024-04-19 15:29 is_ready:True
2024-04-19 11:30:02 tech_manager: max_rows:32 candle_time2024-04-19 15:29:00+00:00 granularity:M1
2024-04-19 11:30:02 process_candles:
       PAIR                      time    mid_c    mid_o   SL   TP  SPREAD      GAIN  SIGNAL
26  GBP_JPY 2024-04-19 15:25:00+00:00  191.787  191.788  0.0  0.0   0.026  0.071083       0
27  GBP_JPY 2024-04-19 15:26:00+00:00  191.800  191.788  0.0  0.0   0.027  0.042361       0
28  GBP_JPY 2024-04-19 15:27:00+00:00  191.782  191.801  0.0  0.0   0.023  0.045000       0
29  GBP_JPY 2024-04-19 15:28:00+00:00  191.790  191.784  0.0  0.0   0.027  0.022389       0
30  GBP_JPY 2024-04-19 15:29:00+00:00  191.814  191.789  0.0  0.0   0.027  0.011472       0
2024-04-19 11:31:04 CandleManager() new candle:last_candle:2024-04-19 15:30 is_ready:True
2024-04-19 11:31:05 tech_manager: max_rows:32 candle_time2024-04-19 15:30:00+00:00 granularity:M1
2024-04-19 11:31:05 process_candles:
       PAIR                      time    mid_c    mid_o   SL   TP  SPREAD      GAIN  SIGNAL
26  GBP_JPY 2024-04-19 15:26:00+00:00  191.800  191.788  0.0  0.0   0.027  0.042361       0
27  GBP_JPY 2024-04-19 15:27:00+00:00  191.782  191.801  0.0  0.0   0.023  0.045000       0
28  GBP_JPY 2024-04-19 15:28:00+00:00  191.790  191.784  0.0  0.0   0.027  0.022389       0
29  GBP_JPY 2024-04-19 15:29:00+00:00  191.814  191.789  0.0  0.0   0.027  0.011472       0
30  GBP_JPY 2024-04-19 15:30:00+00:00  191.847  191.815  0.0  0.0   0.028  0.050944       0
2024-04-19 11:32:07 CandleManager() new candle:last_candle:2024-04-19 15:31 is_ready:True
2024-04-19 11:32:08 tech_manager: max_rows:32 candle_time2024-04-19 15:31:00+00:00 granularity:M1
2024-04-19 11:32:08 process_candles:
       PAIR                      time    mid_c    mid_o   SL   TP  SPREAD      GAIN  SIGNAL
26  GBP_JPY 2024-04-19 15:27:00+00:00  191.782  191.801  0.0  0.0   0.023  0.045000       0
27  GBP_JPY 2024-04-19 15:28:00+00:00  191.790  191.784  0.0  0.0   0.027  0.022389       0
28  GBP_JPY 2024-04-19 15:29:00+00:00  191.814  191.789  0.0  0.0   0.027  0.011472       0
29  GBP_JPY 2024-04-19 15:30:00+00:00  191.847  191.815  0.0  0.0   0.028  0.050944       0
30  GBP_JPY 2024-04-19 15:31:00+00:00  191.796  191.848  0.0  0.0   0.022  0.006750       0
2024-04-19 11:33:00 CandleManager() new candle:last_candle:2024-04-19 15:32 is_ready:True
2024-04-19 11:33:00 tech_manager: max_rows:32 candle_time2024-04-19 15:32:00+00:00 granularity:M1
2024-04-19 11:33:00 process_candles:
       PAIR                      time    mid_c    mid_o   SL   TP  SPREAD      GAIN  SIGNAL
27  GBP_JPY 2024-04-19 15:28:00+00:00  191.790  191.784  0.0  0.0   0.027  0.022389       0
28  GBP_JPY 2024-04-19 15:29:00+00:00  191.814  191.789  0.0  0.0   0.027  0.011472       0
29  GBP_JPY 2024-04-19 15:30:00+00:00  191.847  191.815  0.0  0.0   0.028  0.050944       0
30  GBP_JPY 2024-04-19 15:31:00+00:00  191.796  191.848  0.0  0.0   0.022  0.006750       0
31  GBP_JPY 2024-04-19 15:32:00+00:00  191.802  191.794  0.0  0.0   0.023  0.019417       0
2024-04-19 11:34:02 CandleManager() new candle:last_candle:2024-04-19 15:33 is_ready:True
2024-04-19 11:34:02 tech_manager: max_rows:32 candle_time2024-04-19 15:33:00+00:00 granularity:M1
2024-04-19 11:34:02 process_candles:
       PAIR                      time    mid_c    mid_o   SL   TP  SPREAD      GAIN  SIGNAL
26  GBP_JPY 2024-04-19 15:29:00+00:00  191.814  191.789  0.0  0.0   0.027  0.011472       0
27  GBP_JPY 2024-04-19 15:30:00+00:00  191.847  191.815  0.0  0.0   0.028  0.050944       0
28  GBP_JPY 2024-04-19 15:31:00+00:00  191.796  191.848  0.0  0.0   0.022  0.006750       0
29  GBP_JPY 2024-04-19 15:32:00+00:00  191.802  191.794  0.0  0.0   0.023  0.019417       0
30  GBP_JPY 2024-04-19 15:33:00+00:00  191.784  191.802  0.0  0.0   0.021  0.000306       0
2024-04-19 11:35:04 CandleManager() new candle:last_candle:2024-04-19 15:34 is_ready:True
2024-04-19 11:35:05 tech_manager: max_rows:32 candle_time2024-04-19 15:34:00+00:00 granularity:M1
2024-04-19 11:35:05 process_candles:
       PAIR                      time    mid_c    mid_o   SL   TP  SPREAD      GAIN  SIGNAL
26  GBP_JPY 2024-04-19 15:30:00+00:00  191.847  191.815  0.0  0.0   0.028  0.050944       0
27  GBP_JPY 2024-04-19 15:31:00+00:00  191.796  191.848  0.0  0.0   0.022  0.006750       0
28  GBP_JPY 2024-04-19 15:32:00+00:00  191.802  191.794  0.0  0.0   0.023  0.019417       0
29  GBP_JPY 2024-04-19 15:33:00+00:00  191.784  191.802  0.0  0.0   0.021  0.000306       0
30  GBP_JPY 2024-04-19 15:34:00+00:00  191.757  191.784  0.0  0.0   0.026  0.032167       0
2024-04-19 11:36:07 CandleManager() new candle:last_candle:2024-04-19 15:35 is_ready:True
2024-04-19 11:36:07 tech_manager: max_rows:32 candle_time2024-04-19 15:35:00+00:00 granularity:M1
2024-04-19 11:36:07 process_candles:
       PAIR                      time    mid_c    mid_o   SL   TP  SPREAD      GAIN  SIGNAL
26  GBP_JPY 2024-04-19 15:31:00+00:00  191.796  191.848  0.0  0.0   0.022  0.006750       0
27  GBP_JPY 2024-04-19 15:32:00+00:00  191.802  191.794  0.0  0.0   0.023  0.019417       0
28  GBP_JPY 2024-04-19 15:33:00+00:00  191.784  191.802  0.0  0.0   0.021  0.000306       0
29  GBP_JPY 2024-04-19 15:34:00+00:00  191.757  191.784  0.0  0.0   0.026  0.032167       0
30  GBP_JPY 2024-04-19 15:35:00+00:00  191.746  191.757  0.0  0.0   0.025  0.044944       0
2024-04-19 11:36:59 CandleManager() new candle:last_candle:2024-04-19 15:36 is_ready:True
2024-04-19 11:36:59 tech_manager: max_rows:32 candle_time2024-04-19 15:36:00+00:00 granularity:M1
2024-04-19 11:36:59 process_candles:
       PAIR                      time    mid_c    mid_o   SL   TP  SPREAD      GAIN  SIGNAL
27  GBP_JPY 2024-04-19 15:32:00+00:00  191.802  191.794  0.0  0.0   0.023  0.019417       0
28  GBP_JPY 2024-04-19 15:33:00+00:00  191.784  191.802  0.0  0.0   0.021  0.000306       0
29  GBP_JPY 2024-04-19 15:34:00+00:00  191.757  191.784  0.0  0.0   0.026  0.032167       0
30  GBP_JPY 2024-04-19 15:35:00+00:00  191.746  191.757  0.0  0.0   0.025  0.044944       0
31  GBP_JPY 2024-04-19 15:36:00+00:00  191.744  191.746  0.0  0.0   0.024  0.043389       0
2024-04-19 11:38:02 CandleManager() new candle:last_candle:2024-04-19 15:37 is_ready:True
2024-04-19 11:38:02 tech_manager: max_rows:32 candle_time2024-04-19 15:37:00+00:00 granularity:M1
2024-04-19 11:38:02 process_candles:
       PAIR                      time    mid_c    mid_o   SL   TP  SPREAD      GAIN  SIGNAL
26  GBP_JPY 2024-04-19 15:33:00+00:00  191.784  191.802  0.0  0.0   0.021  0.000306       0
27  GBP_JPY 2024-04-19 15:34:00+00:00  191.757  191.784  0.0  0.0   0.026  0.032167       0
28  GBP_JPY 2024-04-19 15:35:00+00:00  191.746  191.757  0.0  0.0   0.025  0.044944       0
29  GBP_JPY 2024-04-19 15:36:00+00:00  191.744  191.746  0.0  0.0   0.024  0.043389       0
30  GBP_JPY 2024-04-19 15:37:00+00:00  191.752  191.744  0.0  0.0   0.024  0.032194       0
2024-04-19 11:39:04 CandleManager() new candle:last_candle:2024-04-19 15:38 is_ready:True
2024-04-19 11:39:05 tech_manager: max_rows:32 candle_time2024-04-19 15:38:00+00:00 granularity:M1
2024-04-19 11:39:05 process_candles:
       PAIR                      time    mid_c    mid_o   SL   TP  SPREAD      GAIN  SIGNAL
26  GBP_JPY 2024-04-19 15:34:00+00:00  191.757  191.784  0.0  0.0   0.026  0.032167       0
27  GBP_JPY 2024-04-19 15:35:00+00:00  191.746  191.757  0.0  0.0   0.025  0.044944       0
28  GBP_JPY 2024-04-19 15:36:00+00:00  191.744  191.746  0.0  0.0   0.024  0.043389       0
29  GBP_JPY 2024-04-19 15:37:00+00:00  191.752  191.744  0.0  0.0   0.024  0.032194       0
30  GBP_JPY 2024-04-19 15:38:00+00:00  191.746  191.752  0.0  0.0   0.026  0.034250       0
2024-04-19 11:40:07 CandleManager() new candle:last_candle:2024-04-19 15:39 is_ready:True
2024-04-19 11:40:07 tech_manager: max_rows:32 candle_time2024-04-19 15:39:00+00:00 granularity:M1
2024-04-19 11:40:07 process_candles:
       PAIR                      time    mid_c    mid_o   SL   TP  SPREAD      GAIN  SIGNAL
26  GBP_JPY 2024-04-19 15:35:00+00:00  191.746  191.757  0.0  0.0   0.025  0.044944       0
27  GBP_JPY 2024-04-19 15:36:00+00:00  191.744  191.746  0.0  0.0   0.024  0.043389       0
28  GBP_JPY 2024-04-19 15:37:00+00:00  191.752  191.744  0.0  0.0   0.024  0.032194       0
29  GBP_JPY 2024-04-19 15:38:00+00:00  191.746  191.752  0.0  0.0   0.026  0.034250       0
30  GBP_JPY 2024-04-19 15:39:00+00:00  191.790  191.745  0.0  0.0   0.024  0.011083       0
2024-04-19 11:41:10 CandleManager() new candle:last_candle:2024-04-19 15:40 is_ready:True
2024-04-19 11:41:10 tech_manager: max_rows:32 candle_time2024-04-19 15:40:00+00:00 granularity:M1
2024-04-19 11:41:10 process_candles:
       PAIR                      time    mid_c    mid_o   SL   TP  SPREAD      GAIN  SIGNAL
26  GBP_JPY 2024-04-19 15:36:00+00:00  191.744  191.746  0.0  0.0   0.024  0.043389       0
27  GBP_JPY 2024-04-19 15:37:00+00:00  191.752  191.744  0.0  0.0   0.024  0.032194       0
28  GBP_JPY 2024-04-19 15:38:00+00:00  191.746  191.752  0.0  0.0   0.026  0.034250       0
29  GBP_JPY 2024-04-19 15:39:00+00:00  191.790  191.745  0.0  0.0   0.024  0.011083       0
30  GBP_JPY 2024-04-19 15:40:00+00:00  191.824  191.790  0.0  0.0   0.025  0.042806       0
2024-04-19 11:42:02 CandleManager() new candle:last_candle:2024-04-19 15:41 is_ready:True
2024-04-19 11:42:02 tech_manager: max_rows:32 candle_time2024-04-19 15:41:00+00:00 granularity:M1
2024-04-19 11:42:02 process_candles:
       PAIR                      time    mid_c    mid_o   SL   TP  SPREAD      GAIN  SIGNAL
26  GBP_JPY 2024-04-19 15:37:00+00:00  191.752  191.744  0.0  0.0   0.024  0.032194       0
27  GBP_JPY 2024-04-19 15:38:00+00:00  191.746  191.752  0.0  0.0   0.026  0.034250       0
28  GBP_JPY 2024-04-19 15:39:00+00:00  191.790  191.745  0.0  0.0   0.024  0.011083       0
29  GBP_JPY 2024-04-19 15:40:00+00:00  191.824  191.790  0.0  0.0   0.025  0.042806       0
30  GBP_JPY 2024-04-19 15:41:00+00:00  191.830  191.827  0.0  0.0   0.020  0.046361       0
2024-04-19 11:43:04 CandleManager() new candle:last_candle:2024-04-19 15:42 is_ready:True
2024-04-19 11:43:05 tech_manager: max_rows:32 candle_time2024-04-19 15:42:00+00:00 granularity:M1
2024-04-19 11:43:05 process_candles:
       PAIR                      time    mid_c    mid_o   SL   TP  SPREAD      GAIN  SIGNAL
26  GBP_JPY 2024-04-19 15:38:00+00:00  191.746  191.752  0.0  0.0   0.026  0.034250       0
27  GBP_JPY 2024-04-19 15:39:00+00:00  191.790  191.745  0.0  0.0   0.024  0.011083       0
28  GBP_JPY 2024-04-19 15:40:00+00:00  191.824  191.790  0.0  0.0   0.025  0.042806       0
29  GBP_JPY 2024-04-19 15:41:00+00:00  191.830  191.827  0.0  0.0   0.020  0.046361       0
30  GBP_JPY 2024-04-19 15:42:00+00:00  191.814  191.830  0.0  0.0   0.021  0.031611       0
2024-04-19 11:44:07 CandleManager() new candle:last_candle:2024-04-19 15:43 is_ready:True
2024-04-19 11:44:07 tech_manager: max_rows:32 candle_time2024-04-19 15:43:00+00:00 granularity:M1
2024-04-19 11:44:08 process_candles:
       PAIR                      time    mid_c    mid_o   SL   TP  SPREAD      GAIN  SIGNAL
26  GBP_JPY 2024-04-19 15:39:00+00:00  191.790  191.745  0.0  0.0   0.024  0.011083       0
27  GBP_JPY 2024-04-19 15:40:00+00:00  191.824  191.790  0.0  0.0   0.025  0.042806       0
28  GBP_JPY 2024-04-19 15:41:00+00:00  191.830  191.827  0.0  0.0   0.020  0.046361       0
29  GBP_JPY 2024-04-19 15:42:00+00:00  191.814  191.830  0.0  0.0   0.021  0.031611       0
30  GBP_JPY 2024-04-19 15:43:00+00:00  191.794  191.813  0.0  0.0   0.027  0.013361       0
2024-04-19 11:44:59 CandleManager() new candle:last_candle:2024-04-19 15:44 is_ready:True
2024-04-19 11:44:59 tech_manager: max_rows:32 candle_time2024-04-19 15:44:00+00:00 granularity:M1
2024-04-19 11:45:00 process_candles:
       PAIR                      time    mid_c    mid_o   SL   TP  SPREAD      GAIN  SIGNAL
27  GBP_JPY 2024-04-19 15:40:00+00:00  191.824  191.790  0.0  0.0   0.025  0.042806       0
28  GBP_JPY 2024-04-19 15:41:00+00:00  191.830  191.827  0.0  0.0   0.020  0.046361       0
29  GBP_JPY 2024-04-19 15:42:00+00:00  191.814  191.830  0.0  0.0   0.021  0.031611       0
30  GBP_JPY 2024-04-19 15:43:00+00:00  191.794  191.813  0.0  0.0   0.027  0.013361       0
31  GBP_JPY 2024-04-19 15:44:00+00:00  191.828  191.794  0.0  0.0   0.023  0.045417       0
2024-04-19 11:46:02 CandleManager() new candle:last_candle:2024-04-19 15:45 is_ready:True
2024-04-19 11:46:02 tech_manager: max_rows:32 candle_time2024-04-19 15:45:00+00:00 granularity:M1
2024-04-19 11:46:02 process_candles:
       PAIR                      time    mid_c    mid_o   SL   TP  SPREAD      GAIN  SIGNAL
26  GBP_JPY 2024-04-19 15:41:00+00:00  191.830  191.827  0.0  0.0   0.020  0.046361       0
27  GBP_JPY 2024-04-19 15:42:00+00:00  191.814  191.830  0.0  0.0   0.021  0.031611       0
28  GBP_JPY 2024-04-19 15:43:00+00:00  191.794  191.813  0.0  0.0   0.027  0.013361       0
29  GBP_JPY 2024-04-19 15:44:00+00:00  191.828  191.794  0.0  0.0   0.023  0.045417       0
30  GBP_JPY 2024-04-19 15:45:00+00:00  191.812  191.826  0.0  0.0   0.025  0.027361       0
2024-04-19 11:47:04 CandleManager() new candle:last_candle:2024-04-19 15:46 is_ready:True
2024-04-19 11:47:04 tech_manager: max_rows:32 candle_time2024-04-19 15:46:00+00:00 granularity:M1
2024-04-19 11:47:04 process_candles:
       PAIR                      time    mid_c    mid_o   SL   TP  SPREAD      GAIN  SIGNAL
26  GBP_JPY 2024-04-19 15:42:00+00:00  191.814  191.830  0.0  0.0   0.021  0.031611       0
27  GBP_JPY 2024-04-19 15:43:00+00:00  191.794  191.813  0.0  0.0   0.027  0.013361       0
28  GBP_JPY 2024-04-19 15:44:00+00:00  191.828  191.794  0.0  0.0   0.023  0.045417       0
29  GBP_JPY 2024-04-19 15:45:00+00:00  191.812  191.826  0.0  0.0   0.025  0.027361       0
30  GBP_JPY 2024-04-19 15:46:00+00:00  191.829  191.816  0.0  0.0   0.026  0.038472       0
2024-04-19 11:48:06 CandleManager() new candle:last_candle:2024-04-19 15:47 is_ready:True
2024-04-19 11:48:07 tech_manager: max_rows:32 candle_time2024-04-19 15:47:00+00:00 granularity:M1
2024-04-19 11:48:07 process_candles:
       PAIR                      time    mid_c    mid_o   SL   TP  SPREAD      GAIN  SIGNAL
26  GBP_JPY 2024-04-19 15:43:00+00:00  191.794  191.813  0.0  0.0   0.027  0.013361       0
27  GBP_JPY 2024-04-19 15:44:00+00:00  191.828  191.794  0.0  0.0   0.023  0.045417       0
28  GBP_JPY 2024-04-19 15:45:00+00:00  191.812  191.826  0.0  0.0   0.025  0.027361       0
29  GBP_JPY 2024-04-19 15:46:00+00:00  191.829  191.816  0.0  0.0   0.026  0.038472       0
30  GBP_JPY 2024-04-19 15:47:00+00:00  191.838  191.828  0.0  0.0   0.020  0.040556       0
2024-04-19 11:49:09 CandleManager() new candle:last_candle:2024-04-19 15:48 is_ready:True
2024-04-19 11:49:09 tech_manager: max_rows:32 candle_time2024-04-19 15:48:00+00:00 granularity:M1
2024-04-19 11:49:09 process_candles:
       PAIR                      time    mid_c    mid_o   SL   TP  SPREAD      GAIN  SIGNAL
26  GBP_JPY 2024-04-19 15:44:00+00:00  191.828  191.794  0.0  0.0   0.023  0.045417       0
27  GBP_JPY 2024-04-19 15:45:00+00:00  191.812  191.826  0.0  0.0   0.025  0.027361       0
28  GBP_JPY 2024-04-19 15:46:00+00:00  191.829  191.816  0.0  0.0   0.026  0.038472       0
29  GBP_JPY 2024-04-19 15:47:00+00:00  191.838  191.828  0.0  0.0   0.020  0.040556       0
30  GBP_JPY 2024-04-19 15:48:00+00:00  191.786  191.840  0.0  0.0   0.025  0.016389       0
2024-04-19 11:50:01 CandleManager() new candle:last_candle:2024-04-19 15:49 is_ready:True
2024-04-19 11:50:01 tech_manager: max_rows:32 candle_time2024-04-19 15:49:00+00:00 granularity:M1
2024-04-19 11:50:01 process_candles:
       PAIR                      time    mid_c    mid_o   SL   TP  SPREAD      GAIN  SIGNAL
26  GBP_JPY 2024-04-19 15:45:00+00:00  191.812  191.826  0.0  0.0   0.025  0.027361       0
27  GBP_JPY 2024-04-19 15:46:00+00:00  191.829  191.816  0.0  0.0   0.026  0.038472       0
28  GBP_JPY 2024-04-19 15:47:00+00:00  191.838  191.828  0.0  0.0   0.020  0.040556       0
29  GBP_JPY 2024-04-19 15:48:00+00:00  191.786  191.840  0.0  0.0   0.025  0.016389       0
30  GBP_JPY 2024-04-19 15:49:00+00:00  191.768  191.786  0.0  0.0   0.025  0.036611       0
2024-04-19 11:51:04 CandleManager() new candle:last_candle:2024-04-19 15:50 is_ready:True
2024-04-19 11:51:04 tech_manager: max_rows:32 candle_time2024-04-19 15:50:00+00:00 granularity:M1
2024-04-19 11:51:04 process_candles:
       PAIR                      time    mid_c    mid_o   SL   TP  SPREAD      GAIN  SIGNAL
26  GBP_JPY 2024-04-19 15:46:00+00:00  191.829  191.816  0.0  0.0   0.026  0.038472       0
27  GBP_JPY 2024-04-19 15:47:00+00:00  191.838  191.828  0.0  0.0   0.020  0.040556       0
28  GBP_JPY 2024-04-19 15:48:00+00:00  191.786  191.840  0.0  0.0   0.025  0.016389       0
29  GBP_JPY 2024-04-19 15:49:00+00:00  191.768  191.786  0.0  0.0   0.025  0.036611       0
30  GBP_JPY 2024-04-19 15:50:00+00:00  191.764  191.768  0.0  0.0   0.028  0.042611       0
2024-04-19 11:52:06 CandleManager() new candle:last_candle:2024-04-19 15:51 is_ready:True
2024-04-19 11:52:07 tech_manager: max_rows:32 candle_time2024-04-19 15:51:00+00:00 granularity:M1
2024-04-19 11:52:07 process_candles:
       PAIR                      time    mid_c    mid_o   SL   TP  SPREAD      GAIN  SIGNAL
26  GBP_JPY 2024-04-19 15:47:00+00:00  191.838  191.828  0.0  0.0   0.020  0.040556       0
27  GBP_JPY 2024-04-19 15:48:00+00:00  191.786  191.840  0.0  0.0   0.025  0.016389       0
28  GBP_JPY 2024-04-19 15:49:00+00:00  191.768  191.786  0.0  0.0   0.025  0.036611       0
29  GBP_JPY 2024-04-19 15:50:00+00:00  191.764  191.768  0.0  0.0   0.028  0.042611       0
30  GBP_JPY 2024-04-19 15:51:00+00:00  191.740  191.762  0.0  0.0   0.028  0.064667       0
