2024-05-21 13:06:58 LogWrapper init() ./logs/GBP_ZAR.log
2024-05-21 13:06:58 {'n_ma': 12, 'n_std': 2.5, 'maxspread': 0.04, 'mingain': 0.14, 'riskreward': 1.4}
2024-05-21 13:07:03 CandleManager() init last_candle: last_candle:2024-05-21 17:06 is_ready:False
2024-05-21 13:08:16 CandleManager() new candle:last_candle:2024-05-21 17:07 is_ready:True
2024-05-21 13:08:21 tech_manager: max_rows:32 candle_time2024-05-21 17:07:00+00:00 granularity:M1
2024-05-21 13:08:21 process_candles:
       PAIR                      time     mid_c     mid_o   SL   TP   SPREAD      GAIN      LOSS  SIGNAL
26  GBP_ZAR 2024-05-21 17:03:00+00:00  22.96054  22.95824  0.0  0.0  0.01433  0.000662  22.96054       0
27  GBP_ZAR 2024-05-21 17:04:00+00:00  22.96480  22.96024  0.0  0.0  0.01460  0.004886  22.96480       0
28  GBP_ZAR 2024-05-21 17:05:00+00:00  22.96208  22.96550  0.0  0.0  0.01383  0.002089  22.96208       0
29  GBP_ZAR 2024-05-21 17:06:00+00:00  22.96315  22.96224  0.0  0.0  0.01430  0.002888  22.96315       0
30  GBP_ZAR 2024-05-21 17:07:00+00:00  22.96150  22.96320  0.0  0.0  0.01460  0.000921  22.96150       0
2024-05-21 13:09:04 CandleManager() new candle:last_candle:2024-05-21 17:08 is_ready:True
2024-05-21 13:09:08 tech_manager: max_rows:32 candle_time2024-05-21 17:08:00+00:00 granularity:M1
2024-05-21 13:09:08 process_candles:
       PAIR                      time     mid_c     mid_o   SL   TP   SPREAD      GAIN      LOSS  SIGNAL
26  GBP_ZAR 2024-05-21 17:04:00+00:00  22.96480  22.96024  0.0  0.0  0.01460  0.004886  22.96480       0
27  GBP_ZAR 2024-05-21 17:05:00+00:00  22.96208  22.96550  0.0  0.0  0.01383  0.002089  22.96208       0
28  GBP_ZAR 2024-05-21 17:06:00+00:00  22.96315  22.96224  0.0  0.0  0.01430  0.002888  22.96315       0
29  GBP_ZAR 2024-05-21 17:07:00+00:00  22.96150  22.96320  0.0  0.0  0.01460  0.000921  22.96150       0
30  GBP_ZAR 2024-05-21 17:08:00+00:00  22.95960  22.95970  0.0  0.0  0.01500  0.001139  22.95960       0
2024-05-21 13:10:07 CandleManager() new candle:last_candle:2024-05-21 17:09 is_ready:True
2024-05-21 13:10:14 tech_manager: max_rows:32 candle_time2024-05-21 17:09:00+00:00 granularity:M1
2024-05-21 13:10:15 process_candles:
       PAIR                      time     mid_c     mid_o   SL   TP   SPREAD      GAIN      LOSS  SIGNAL
26  GBP_ZAR 2024-05-21 17:05:00+00:00  22.96208  22.96550  0.0  0.0  0.01383  0.002089  22.96208       0
27  GBP_ZAR 2024-05-21 17:06:00+00:00  22.96315  22.96224  0.0  0.0  0.01430  0.002888  22.96315       0
28  GBP_ZAR 2024-05-21 17:07:00+00:00  22.96150  22.96320  0.0  0.0  0.01460  0.000921  22.96150       0
29  GBP_ZAR 2024-05-21 17:08:00+00:00  22.95960  22.95970  0.0  0.0  0.01500  0.001139  22.95960       0
30  GBP_ZAR 2024-05-21 17:09:00+00:00  22.95970  22.95830  0.0  0.0  0.01440  0.001104  22.95970       0
2024-05-21 13:10:59 CandleManager() new candle:last_candle:2024-05-21 17:10 is_ready:True
2024-05-21 13:11:00 tech_manager: max_rows:32 candle_time2024-05-21 17:10:00+00:00 granularity:M1
2024-05-21 13:11:01 process_candles:
       PAIR                      time     mid_c     mid_o   SL   TP   SPREAD      GAIN      LOSS  SIGNAL
26  GBP_ZAR 2024-05-21 17:06:00+00:00  22.96315  22.96224  0.0  0.0  0.01430  0.002888  22.96315       0
27  GBP_ZAR 2024-05-21 17:07:00+00:00  22.96150  22.96320  0.0  0.0  0.01460  0.000921  22.96150       0
28  GBP_ZAR 2024-05-21 17:08:00+00:00  22.95960  22.95970  0.0  0.0  0.01500  0.001139  22.95960       0
29  GBP_ZAR 2024-05-21 17:09:00+00:00  22.95970  22.95830  0.0  0.0  0.01440  0.001104  22.95970       0
30  GBP_ZAR 2024-05-21 17:10:00+00:00  22.96658  22.95930  0.0  0.0  0.01356  0.005550  22.96658       0
