2024-05-21 13:06:58 LogWrapper init() ./logs/GBP_AUD.log
2024-05-21 13:06:58 {'n_ma': 12, 'n_std': 2.5, 'maxspread': 0.0004, 'mingain': 0.0014, 'riskreward': 1.4}
2024-05-21 13:07:03 CandleManager() init last_candle: last_candle:2024-05-21 17:06 is_ready:False
2024-05-21 13:07:59 CandleManager() new candle:last_candle:2024-05-21 17:07 is_ready:True
2024-05-21 13:08:02 tech_manager: max_rows:32 candle_time2024-05-21 17:07:00+00:00 granularity:M1
2024-05-21 13:08:02 process_candles:
       PAIR                      time    mid_c    mid_o   SL   TP   SPREAD      GAIN     LOSS  SIGNAL
26  GBP_AUD 2024-05-21 17:03:00+00:00  1.90673  1.90662  0.0  0.0  0.00016  0.000058  1.90673       0
27  GBP_AUD 2024-05-21 17:04:00+00:00  1.90694  1.90676  0.0  0.0  0.00010  0.000142  1.90694       0
28  GBP_AUD 2024-05-21 17:05:00+00:00  1.90692  1.90693  0.0  0.0  0.00017  0.000112  1.90692       0
29  GBP_AUD 2024-05-21 17:06:00+00:00  1.90692  1.90694  0.0  0.0  0.00017  0.000101  1.90692       0
30  GBP_AUD 2024-05-21 17:07:00+00:00  1.90680  1.90694  0.0  0.0  0.00015  0.000028  1.90680       0
2024-05-21 13:09:02 CandleManager() new candle:last_candle:2024-05-21 17:08 is_ready:True
2024-05-21 13:09:07 tech_manager: max_rows:32 candle_time2024-05-21 17:08:00+00:00 granularity:M1
2024-05-21 13:09:07 process_candles:
       PAIR                      time    mid_c    mid_o   SL   TP   SPREAD      GAIN     LOSS  SIGNAL
26  GBP_AUD 2024-05-21 17:04:00+00:00  1.90694  1.90676  0.0  0.0  0.00010  0.000142  1.90694       0
27  GBP_AUD 2024-05-21 17:05:00+00:00  1.90692  1.90693  0.0  0.0  0.00017  0.000112  1.90692       0
28  GBP_AUD 2024-05-21 17:06:00+00:00  1.90692  1.90694  0.0  0.0  0.00017  0.000101  1.90692       0
29  GBP_AUD 2024-05-21 17:07:00+00:00  1.90680  1.90694  0.0  0.0  0.00015  0.000028  1.90680       0
30  GBP_AUD 2024-05-21 17:08:00+00:00  1.90666  1.90680  0.0  0.0  0.00015  0.000162  1.90666       0
2024-05-21 13:10:05 CandleManager() new candle:last_candle:2024-05-21 17:09 is_ready:True
2024-05-21 13:10:11 tech_manager: max_rows:32 candle_time2024-05-21 17:09:00+00:00 granularity:M1
2024-05-21 13:10:12 process_candles:
       PAIR                      time    mid_c    mid_o   SL   TP   SPREAD      GAIN     LOSS  SIGNAL
26  GBP_AUD 2024-05-21 17:05:00+00:00  1.90692  1.90693  0.0  0.0  0.00017  0.000112  1.90692       0
27  GBP_AUD 2024-05-21 17:06:00+00:00  1.90692  1.90694  0.0  0.0  0.00017  0.000101  1.90692       0
28  GBP_AUD 2024-05-21 17:07:00+00:00  1.90680  1.90694  0.0  0.0  0.00015  0.000028  1.90680       0
29  GBP_AUD 2024-05-21 17:08:00+00:00  1.90666  1.90680  0.0  0.0  0.00015  0.000162  1.90666       0
30  GBP_AUD 2024-05-21 17:09:00+00:00  1.90666  1.90666  0.0  0.0  0.00016  0.000142  1.90666       0
2024-05-21 13:11:14 CandleManager() new candle:last_candle:2024-05-21 17:10 is_ready:True
2024-05-21 13:11:18 tech_manager: max_rows:32 candle_time2024-05-21 17:10:00+00:00 granularity:M1
2024-05-21 13:11:19 process_candles:
       PAIR                      time    mid_c    mid_o   SL   TP   SPREAD      GAIN     LOSS  SIGNAL
26  GBP_AUD 2024-05-21 17:06:00+00:00  1.90692  1.90694  0.0  0.0  0.00017  0.000101  1.90692       0
27  GBP_AUD 2024-05-21 17:07:00+00:00  1.90680  1.90694  0.0  0.0  0.00015  0.000028  1.90680       0
28  GBP_AUD 2024-05-21 17:08:00+00:00  1.90666  1.90680  0.0  0.0  0.00015  0.000162  1.90666       0
29  GBP_AUD 2024-05-21 17:09:00+00:00  1.90666  1.90666  0.0  0.0  0.00016  0.000142  1.90666       0
30  GBP_AUD 2024-05-21 17:10:00+00:00  1.90694  1.90668  0.0  0.0  0.00017  0.000153  1.90694       0
