2024-05-21 13:06:58 LogWrapper init() ./logs/GBP_SGD.log
2024-05-21 13:06:58 {'n_ma': 12, 'n_std': 2.5, 'maxspread': 0.04, 'mingain': 0.14, 'riskreward': 1.4}
2024-05-21 13:07:03 CandleManager() init last_candle: last_candle:2024-05-21 17:06 is_ready:False
2024-05-21 13:08:01 CandleManager() new candle:last_candle:2024-05-21 17:07 is_ready:True
2024-05-21 13:08:02 tech_manager: max_rows:32 candle_time2024-05-21 17:07:00+00:00 granularity:M1
2024-05-21 13:08:02 process_candles:
       PAIR                      time    mid_c    mid_o   SL   TP   SPREAD      GAIN     LOSS  SIGNAL
26  GBP_SGD 2024-05-21 17:03:00+00:00  1.71234  1.71215  0.0  0.0  0.00031  0.000136  1.71234       0
27  GBP_SGD 2024-05-21 17:04:00+00:00  1.71250  1.71233  0.0  0.0  0.00031  0.000296  1.71250       0
28  GBP_SGD 2024-05-21 17:05:00+00:00  1.71239  1.71248  0.0  0.0  0.00036  0.000178  1.71239       0
29  GBP_SGD 2024-05-21 17:06:00+00:00  1.71238  1.71235  0.0  0.0  0.00035  0.000160  1.71238       0
30  GBP_SGD 2024-05-21 17:07:00+00:00  1.71226  1.71239  0.0  0.0  0.00033  0.000033  1.71226       0
2024-05-21 13:09:04 CandleManager() new candle:last_candle:2024-05-21 17:08 is_ready:True
2024-05-21 13:09:09 tech_manager: max_rows:32 candle_time2024-05-21 17:08:00+00:00 granularity:M1
2024-05-21 13:09:09 process_candles:
       PAIR                      time    mid_c    mid_o   SL   TP   SPREAD      GAIN     LOSS  SIGNAL
26  GBP_SGD 2024-05-21 17:04:00+00:00  1.71250  1.71233  0.0  0.0  0.00031  0.000296  1.71250       0
27  GBP_SGD 2024-05-21 17:05:00+00:00  1.71239  1.71248  0.0  0.0  0.00036  0.000178  1.71239       0
28  GBP_SGD 2024-05-21 17:06:00+00:00  1.71238  1.71235  0.0  0.0  0.00035  0.000160  1.71238       0
29  GBP_SGD 2024-05-21 17:07:00+00:00  1.71226  1.71239  0.0  0.0  0.00033  0.000033  1.71226       0
30  GBP_SGD 2024-05-21 17:08:00+00:00  1.71208  1.71226  0.0  0.0  0.00041  0.000146  1.71208       0
2024-05-21 13:10:07 CandleManager() new candle:last_candle:2024-05-21 17:09 is_ready:True
2024-05-21 13:10:16 tech_manager: max_rows:32 candle_time2024-05-21 17:09:00+00:00 granularity:M1
2024-05-21 13:10:16 process_candles:
       PAIR                      time    mid_c    mid_o   SL   TP   SPREAD      GAIN     LOSS  SIGNAL
26  GBP_SGD 2024-05-21 17:05:00+00:00  1.71239  1.71248  0.0  0.0  0.00036  0.000178  1.71239       0
27  GBP_SGD 2024-05-21 17:06:00+00:00  1.71238  1.71235  0.0  0.0  0.00035  0.000160  1.71238       0
28  GBP_SGD 2024-05-21 17:07:00+00:00  1.71226  1.71239  0.0  0.0  0.00033  0.000033  1.71226       0
29  GBP_SGD 2024-05-21 17:08:00+00:00  1.71208  1.71226  0.0  0.0  0.00041  0.000146  1.71208       0
30  GBP_SGD 2024-05-21 17:09:00+00:00  1.71209  1.71210  0.0  0.0  0.00038  0.000137  1.71209       0
2024-05-21 13:11:00 CandleManager() new candle:last_candle:2024-05-21 17:10 is_ready:True
2024-05-21 13:11:01 tech_manager: max_rows:32 candle_time2024-05-21 17:10:00+00:00 granularity:M1
2024-05-21 13:11:01 process_candles:
       PAIR                      time    mid_c    mid_o   SL   TP   SPREAD      GAIN     LOSS  SIGNAL
26  GBP_SGD 2024-05-21 17:06:00+00:00  1.71238  1.71235  0.0  0.0  0.00035  0.000160  1.71238       0
27  GBP_SGD 2024-05-21 17:07:00+00:00  1.71226  1.71239  0.0  0.0  0.00033  0.000033  1.71226       0
28  GBP_SGD 2024-05-21 17:08:00+00:00  1.71208  1.71226  0.0  0.0  0.00041  0.000146  1.71208       0
29  GBP_SGD 2024-05-21 17:09:00+00:00  1.71209  1.71210  0.0  0.0  0.00038  0.000137  1.71209       0
30  GBP_SGD 2024-05-21 17:10:00+00:00  1.71202  1.71202  0.0  0.0  0.00039  0.000191  1.71202       0
