2024-05-21 13:06:58 LogWrapper init() ./logs/GBP_CHF.log
2024-05-21 13:06:58 {'n_ma': 12, 'n_std': 2.5, 'maxspread': 0.0004, 'mingain': 0.0014, 'riskreward': 1.4}
2024-05-21 13:07:03 CandleManager() init last_candle: last_candle:2024-05-21 17:06 is_ready:False
2024-05-21 13:08:13 CandleManager() new candle:last_candle:2024-05-21 17:07 is_ready:True
2024-05-21 13:08:18 tech_manager: max_rows:32 candle_time2024-05-21 17:07:00+00:00 granularity:M1
2024-05-21 13:08:18 process_candles:
       PAIR                      time    mid_c    mid_o   SL   TP   SPREAD      GAIN     LOSS  SIGNAL
26  GBP_CHF 2024-05-21 17:03:00+00:00  1.15750  1.15738  0.0  0.0  0.00013  0.000166  1.15750       0
27  GBP_CHF 2024-05-21 17:04:00+00:00  1.15772  1.15752  0.0  0.0  0.00016  0.000377  1.15772       0
28  GBP_CHF 2024-05-21 17:05:00+00:00  1.15780  1.15772  0.0  0.0  0.00019  0.000427  1.15780       0
29  GBP_CHF 2024-05-21 17:06:00+00:00  1.15773  1.15781  0.0  0.0  0.00018  0.000329  1.15773       0
30  GBP_CHF 2024-05-21 17:07:00+00:00  1.15772  1.15772  0.0  0.0  0.00016  0.000292  1.15772       0
2024-05-21 13:09:01 CandleManager() new candle:last_candle:2024-05-21 17:08 is_ready:True
2024-05-21 13:09:05 tech_manager: max_rows:32 candle_time2024-05-21 17:08:00+00:00 granularity:M1
2024-05-21 13:09:06 process_candles:
       PAIR                      time    mid_c    mid_o   SL   TP   SPREAD      GAIN     LOSS  SIGNAL
26  GBP_CHF 2024-05-21 17:04:00+00:00  1.15772  1.15752  0.0  0.0  0.00016  0.000377  1.15772       0
27  GBP_CHF 2024-05-21 17:05:00+00:00  1.15780  1.15772  0.0  0.0  0.00019  0.000427  1.15780       0
28  GBP_CHF 2024-05-21 17:06:00+00:00  1.15773  1.15781  0.0  0.0  0.00018  0.000329  1.15773       0
29  GBP_CHF 2024-05-21 17:07:00+00:00  1.15772  1.15772  0.0  0.0  0.00016  0.000292  1.15772       0
30  GBP_CHF 2024-05-21 17:08:00+00:00  1.15768  1.15772  0.0  0.0  0.00018  0.000221  1.15768       0
2024-05-21 13:10:03 CandleManager() new candle:last_candle:2024-05-21 17:09 is_ready:True
2024-05-21 13:10:10 tech_manager: max_rows:32 candle_time2024-05-21 17:09:00+00:00 granularity:M1
2024-05-21 13:10:10 process_candles:
       PAIR                      time    mid_c    mid_o   SL   TP   SPREAD      GAIN     LOSS  SIGNAL
26  GBP_CHF 2024-05-21 17:05:00+00:00  1.15780  1.15772  0.0  0.0  0.00019  0.000427  1.15780       0
27  GBP_CHF 2024-05-21 17:06:00+00:00  1.15773  1.15781  0.0  0.0  0.00018  0.000329  1.15773       0
28  GBP_CHF 2024-05-21 17:07:00+00:00  1.15772  1.15772  0.0  0.0  0.00016  0.000292  1.15772       0
29  GBP_CHF 2024-05-21 17:08:00+00:00  1.15768  1.15772  0.0  0.0  0.00018  0.000221  1.15768       0
30  GBP_CHF 2024-05-21 17:09:00+00:00  1.15768  1.15768  0.0  0.0  0.00017  0.000190  1.15768       0
2024-05-21 13:11:12 CandleManager() new candle:last_candle:2024-05-21 17:10 is_ready:True
2024-05-21 13:11:17 tech_manager: max_rows:32 candle_time2024-05-21 17:10:00+00:00 granularity:M1
2024-05-21 13:11:17 process_candles:
       PAIR                      time    mid_c    mid_o   SL   TP   SPREAD      GAIN     LOSS  SIGNAL
26  GBP_CHF 2024-05-21 17:06:00+00:00  1.15773  1.15781  0.0  0.0  0.00018  0.000329  1.15773       0
27  GBP_CHF 2024-05-21 17:07:00+00:00  1.15772  1.15772  0.0  0.0  0.00016  0.000292  1.15772       0
28  GBP_CHF 2024-05-21 17:08:00+00:00  1.15768  1.15772  0.0  0.0  0.00018  0.000221  1.15768       0
29  GBP_CHF 2024-05-21 17:09:00+00:00  1.15768  1.15768  0.0  0.0  0.00017  0.000190  1.15768       0
30  GBP_CHF 2024-05-21 17:10:00+00:00  1.15782  1.15768  0.0  0.0  0.00017  0.000290  1.15782       0
