2024-05-21 13:06:58 LogWrapper init() ./logs/GBP_NZD.log
2024-05-21 13:06:58 {'n_ma': 12, 'n_std': 2.5, 'maxspread': 0.0004, 'mingain': 0.0014, 'riskreward': 1.4}
2024-05-21 13:07:03 CandleManager() init last_candle: last_candle:2024-05-21 17:06 is_ready:False
2024-05-21 13:08:00 CandleManager() new candle:last_candle:2024-05-21 17:07 is_ready:True
2024-05-21 13:08:02 tech_manager: max_rows:32 candle_time2024-05-21 17:07:00+00:00 granularity:M1
2024-05-21 13:08:02 process_candles:
       PAIR                      time    mid_c    mid_o   SL   TP   SPREAD      GAIN     LOSS  SIGNAL
26  GBP_NZD 2024-05-21 17:03:00+00:00  2.08510  2.08483  0.0  0.0  0.00056  0.000014  2.08510       0
27  GBP_NZD 2024-05-21 17:04:00+00:00  2.08520  2.08507  0.0  0.0  0.00056  0.000084  2.08520       0
28  GBP_NZD 2024-05-21 17:05:00+00:00  2.08524  2.08522  0.0  0.0  0.00057  0.000116  2.08524       0
29  GBP_NZD 2024-05-21 17:06:00+00:00  2.08526  2.08525  0.0  0.0  0.00063  0.000131  2.08526       0
30  GBP_NZD 2024-05-21 17:07:00+00:00  2.08527  2.08526  0.0  0.0  0.00062  0.000130  2.08527       0
2024-05-21 13:09:03 CandleManager() new candle:last_candle:2024-05-21 17:08 is_ready:True
2024-05-21 13:09:07 tech_manager: max_rows:32 candle_time2024-05-21 17:08:00+00:00 granularity:M1
2024-05-21 13:09:07 process_candles:
       PAIR                      time    mid_c    mid_o   SL   TP   SPREAD      GAIN     LOSS  SIGNAL
26  GBP_NZD 2024-05-21 17:04:00+00:00  2.08520  2.08507  0.0  0.0  0.00056  0.000084  2.08520       0
27  GBP_NZD 2024-05-21 17:05:00+00:00  2.08524  2.08522  0.0  0.0  0.00057  0.000116  2.08524       0
28  GBP_NZD 2024-05-21 17:06:00+00:00  2.08526  2.08525  0.0  0.0  0.00063  0.000131  2.08526       0
29  GBP_NZD 2024-05-21 17:07:00+00:00  2.08527  2.08526  0.0  0.0  0.00062  0.000130  2.08527       0
30  GBP_NZD 2024-05-21 17:08:00+00:00  2.08502  2.08526  0.0  0.0  0.00061  0.000107  2.08502       0
2024-05-21 13:10:05 CandleManager() new candle:last_candle:2024-05-21 17:09 is_ready:True
2024-05-21 13:10:12 tech_manager: max_rows:32 candle_time2024-05-21 17:09:00+00:00 granularity:M1
2024-05-21 13:10:12 process_candles:
       PAIR                      time    mid_c    mid_o   SL   TP   SPREAD      GAIN     LOSS  SIGNAL
26  GBP_NZD 2024-05-21 17:05:00+00:00  2.08524  2.08522  0.0  0.0  0.00057  0.000116  2.08524       0
27  GBP_NZD 2024-05-21 17:06:00+00:00  2.08526  2.08525  0.0  0.0  0.00063  0.000131  2.08526       0
28  GBP_NZD 2024-05-21 17:07:00+00:00  2.08527  2.08526  0.0  0.0  0.00062  0.000130  2.08527       0
29  GBP_NZD 2024-05-21 17:08:00+00:00  2.08502  2.08526  0.0  0.0  0.00061  0.000107  2.08502       0
30  GBP_NZD 2024-05-21 17:09:00+00:00  2.08496  2.08498  0.0  0.0  0.00064  0.000143  2.08496       0
2024-05-21 13:11:14 CandleManager() new candle:last_candle:2024-05-21 17:10 is_ready:True
2024-05-21 13:11:19 tech_manager: max_rows:32 candle_time2024-05-21 17:10:00+00:00 granularity:M1
2024-05-21 13:11:19 process_candles:
       PAIR                      time    mid_c    mid_o   SL   TP   SPREAD      GAIN     LOSS  SIGNAL
26  GBP_NZD 2024-05-21 17:06:00+00:00  2.08526  2.08525  0.0  0.0  0.00063  0.000131  2.08526       0
27  GBP_NZD 2024-05-21 17:07:00+00:00  2.08527  2.08526  0.0  0.0  0.00062  0.000130  2.08527       0
28  GBP_NZD 2024-05-21 17:08:00+00:00  2.08502  2.08526  0.0  0.0  0.00061  0.000107  2.08502       0
29  GBP_NZD 2024-05-21 17:09:00+00:00  2.08496  2.08498  0.0  0.0  0.00064  0.000143  2.08496       0
30  GBP_NZD 2024-05-21 17:10:00+00:00  2.08533  2.08506  0.0  0.0  0.00062  0.000235  2.08533       0
