2024-05-21 13:06:58 LogWrapper init() ./logs/HKD_JPY.log
2024-05-21 13:06:58 {'n_ma': 12, 'n_std': 2.5, 'maxspread': 0.04, 'mingain': 0.14, 'riskreward': 1.4}
2024-05-21 13:07:03 CandleManager() init last_candle: last_candle:2024-05-21 17:05 is_ready:False
2024-05-21 13:07:16 CandleManager() new candle:last_candle:2024-05-21 17:06 is_ready:True
2024-05-21 13:07:18 tech_manager: max_rows:32 candle_time2024-05-21 17:06:00+00:00 granularity:M1
2024-05-21 13:07:18 process_candles:
       PAIR                      time     mid_c     mid_o   SL   TP  SPREAD      GAIN      LOSS  SIGNAL
26  HKD_JPY 2024-05-21 17:02:00+00:00  20.00578  20.00538  0.0  0.0   0.002  0.000937  20.00578       0
27  HKD_JPY 2024-05-21 17:03:00+00:00  20.00616  20.00590  0.0  0.0   0.002  0.000477  20.00616       0
28  HKD_JPY 2024-05-21 17:04:00+00:00  20.00666  20.00601  0.0  0.0   0.002  0.000109  20.00666       0
29  HKD_JPY 2024-05-21 17:05:00+00:00  20.00943  20.00675  0.0  0.0   0.002  0.002870  20.00943       0
30  HKD_JPY 2024-05-21 17:06:00+00:00  20.01043  20.00914  0.0  0.0   0.002  0.003707  20.01043       0
2024-05-21 13:08:15 CandleManager() new candle:last_candle:2024-05-21 17:07 is_ready:True
2024-05-21 13:08:20 tech_manager: max_rows:32 candle_time2024-05-21 17:07:00+00:00 granularity:M1
2024-05-21 13:08:20 process_candles:
       PAIR                      time     mid_c     mid_o   SL   TP  SPREAD      GAIN      LOSS  SIGNAL
26  HKD_JPY 2024-05-21 17:03:00+00:00  20.00616  20.00590  0.0  0.0   0.002  0.000477  20.00616       0
27  HKD_JPY 2024-05-21 17:04:00+00:00  20.00666  20.00601  0.0  0.0   0.002  0.000109  20.00666       0
28  HKD_JPY 2024-05-21 17:05:00+00:00  20.00943  20.00675  0.0  0.0   0.002  0.002870  20.00943       0
29  HKD_JPY 2024-05-21 17:06:00+00:00  20.01043  20.00914  0.0  0.0   0.002  0.003707  20.01043       0
30  HKD_JPY 2024-05-21 17:07:00+00:00  20.01103  20.01050  0.0  0.0   0.002  0.004007  20.01103       0
2024-05-21 13:09:03 CandleManager() new candle:last_candle:2024-05-21 17:08 is_ready:True
2024-05-21 13:09:07 tech_manager: max_rows:32 candle_time2024-05-21 17:08:00+00:00 granularity:M1
2024-05-21 13:09:08 process_candles:
       PAIR                      time     mid_c     mid_o   SL   TP  SPREAD      GAIN      LOSS  SIGNAL
26  HKD_JPY 2024-05-21 17:04:00+00:00  20.00666  20.00601  0.0  0.0   0.002  0.000109  20.00666       0
27  HKD_JPY 2024-05-21 17:05:00+00:00  20.00943  20.00675  0.0  0.0   0.002  0.002870  20.00943       0
28  HKD_JPY 2024-05-21 17:06:00+00:00  20.01043  20.00914  0.0  0.0   0.002  0.003707  20.01043       0
29  HKD_JPY 2024-05-21 17:07:00+00:00  20.01103  20.01050  0.0  0.0   0.002  0.004007  20.01103       0
30  HKD_JPY 2024-05-21 17:08:00+00:00  20.01285  20.01086  0.0  0.0   0.002  0.005402  20.01285       0
2024-05-21 13:10:05 CandleManager() new candle:last_candle:2024-05-21 17:09 is_ready:True
2024-05-21 13:10:12 tech_manager: max_rows:32 candle_time2024-05-21 17:09:00+00:00 granularity:M1
2024-05-21 13:10:12 process_candles:
       PAIR                      time     mid_c     mid_o   SL   TP  SPREAD      GAIN      LOSS  SIGNAL
26  HKD_JPY 2024-05-21 17:05:00+00:00  20.00943  20.00675  0.0  0.0   0.002  0.002870  20.00943       0
27  HKD_JPY 2024-05-21 17:06:00+00:00  20.01043  20.00914  0.0  0.0   0.002  0.003707  20.01043       0
28  HKD_JPY 2024-05-21 17:07:00+00:00  20.01103  20.01050  0.0  0.0   0.002  0.004007  20.01103       0
29  HKD_JPY 2024-05-21 17:08:00+00:00  20.01285  20.01086  0.0  0.0   0.002  0.005402  20.01285       0
30  HKD_JPY 2024-05-21 17:09:00+00:00  20.01219  20.01265  0.0  0.0   0.002  0.004427  20.01219       0
2024-05-21 13:11:14 CandleManager() new candle:last_candle:2024-05-21 17:10 is_ready:True
2024-05-21 13:11:19 tech_manager: max_rows:32 candle_time2024-05-21 17:10:00+00:00 granularity:M1
2024-05-21 13:11:19 process_candles:
       PAIR                      time     mid_c     mid_o   SL   TP  SPREAD      GAIN      LOSS  SIGNAL
26  HKD_JPY 2024-05-21 17:06:00+00:00  20.01043  20.00914  0.0  0.0   0.002  0.003707  20.01043       0
27  HKD_JPY 2024-05-21 17:07:00+00:00  20.01103  20.01050  0.0  0.0   0.002  0.004007  20.01103       0
28  HKD_JPY 2024-05-21 17:08:00+00:00  20.01285  20.01086  0.0  0.0   0.002  0.005402  20.01285       0
29  HKD_JPY 2024-05-21 17:09:00+00:00  20.01219  20.01265  0.0  0.0   0.002  0.004427  20.01219       0
30  HKD_JPY 2024-05-21 17:10:00+00:00  20.01530  20.01250  0.0  0.0   0.002  0.006947  20.01530       0
