2024-04-19 10:57:35 LogWrapper init() ./logs/main.log
2024-04-19 10:57:35 Bot started with Trade Settings:
{'n_ma': 12, 'n_std': 2.5, 'maxspread': 0.0004, 'mingain': 0.0014, 'riskreward': 1.5}
{'n_ma': 12, 'n_std': 2.5, 'maxspread': 0.0004, 'mingain': 0.0014, 'riskreward': 1.5}
{'n_ma': 12, 'n_std': 2.5, 'maxspread': 0.04, 'mingain': 0.14, 'riskreward': 1.5}
{'n_ma': 12, 'n_std': 2.5, 'maxspread': 0.0004, 'mingain': 0.0014, 'riskreward': 1.5}
{'n_ma': 12, 'n_std': 2.5, 'maxspread': 0.0004, 'mingain': 0.0014, 'riskreward': 1.5}

2024-04-19 10:57:37 Bot started
2024-04-19 10:58:08 process_candles triggered: ['GBP_CHF', 'EUR_CHF', 'GBP_JPY', 'GBP_USD', 'EUR_GBP']
2024-04-19 10:59:00 process_candles triggered: ['GBP_CHF', 'EUR_CHF', 'GBP_JPY', 'GBP_USD', 'EUR_GBP']
2024-04-19 11:00:03 process_candles triggered: ['GBP_CHF', 'EUR_CHF', 'GBP_JPY', 'GBP_USD', 'EUR_GBP']
2024-04-19 11:01:05 process_candles triggered: ['GBP_CHF', 'EUR_CHF', 'GBP_JPY', 'GBP_USD', 'EUR_GBP']
2024-04-19 11:02:08 process_candles triggered: ['GBP_CHF', 'EUR_CHF', 'GBP_JPY', 'GBP_USD', 'EUR_GBP']
2024-04-19 11:03:01 process_candles triggered: ['GBP_CHF', 'GBP_JPY', 'GBP_USD', 'EUR_GBP']
2024-04-19 11:03:11 process_candles triggered: ['EUR_CHF']
2024-04-19 11:04:03 process_candles triggered: ['GBP_CHF', 'EUR_CHF', 'GBP_JPY', 'GBP_USD']
2024-04-19 11:04:14 process_candles triggered: ['EUR_GBP']
2024-04-19 11:05:06 process_candles triggered: ['GBP_CHF', 'EUR_CHF', 'GBP_JPY', 'GBP_USD', 'EUR_GBP']
2024-04-19 11:06:08 process_candles triggered: ['GBP_CHF', 'EUR_CHF', 'GBP_JPY', 'GBP_USD', 'EUR_GBP']
2024-04-19 11:07:01 process_candles triggered: ['GBP_CHF', 'EUR_CHF', 'GBP_JPY', 'GBP_USD', 'EUR_GBP']
2024-04-19 11:08:04 process_candles triggered: ['GBP_CHF', 'EUR_CHF', 'GBP_JPY', 'GBP_USD', 'EUR_GBP']
2024-04-19 11:09:06 process_candles triggered: ['GBP_CHF', 'EUR_CHF', 'GBP_JPY', 'GBP_USD', 'EUR_GBP']
2024-04-19 11:10:09 process_candles triggered: ['GBP_CHF', 'EUR_CHF', 'GBP_JPY', 'GBP_USD', 'EUR_GBP']
2024-04-19 11:10:10 Place Trade: TradeDecision(): EUR_GBP dir:-1 gain:0.0004 sl:0.8588 tp:0.8582
2024-04-19 11:11:01 process_candles triggered: ['EUR_CHF', 'GBP_JPY', 'GBP_USD']
2024-04-19 11:11:12 process_candles triggered: ['GBP_CHF', 'EUR_GBP']
2024-04-19 11:12:04 process_candles triggered: ['GBP_CHF', 'EUR_CHF', 'GBP_JPY', 'GBP_USD', 'EUR_GBP']
2024-04-19 11:13:07 process_candles triggered: ['GBP_CHF', 'EUR_CHF', 'GBP_JPY', 'GBP_USD', 'EUR_GBP']
2024-04-19 11:14:09 process_candles triggered: ['GBP_CHF', 'EUR_CHF', 'GBP_JPY', 'GBP_USD', 'EUR_GBP']
2024-04-19 11:15:01 process_candles triggered: ['GBP_CHF', 'EUR_CHF', 'GBP_JPY', 'GBP_USD', 'EUR_GBP']
2024-04-19 11:16:04 process_candles triggered: ['GBP_CHF', 'EUR_CHF', 'GBP_JPY', 'GBP_USD', 'EUR_GBP']
2024-04-19 11:17:06 process_candles triggered: ['GBP_CHF', 'EUR_CHF', 'GBP_JPY', 'GBP_USD', 'EUR_GBP']
2024-04-19 11:18:09 process_candles triggered: ['GBP_CHF', 'EUR_CHF', 'GBP_JPY', 'GBP_USD', 'EUR_GBP']
2024-04-19 11:19:01 process_candles triggered: ['GBP_CHF', 'EUR_CHF', 'GBP_JPY', 'GBP_USD', 'EUR_GBP']
2024-04-19 11:20:04 process_candles triggered: ['GBP_CHF', 'EUR_CHF', 'GBP_JPY', 'GBP_USD', 'EUR_GBP']
2024-04-19 11:21:07 process_candles triggered: ['GBP_CHF', 'EUR_CHF', 'GBP_JPY', 'GBP_USD', 'EUR_GBP']
2024-04-19 11:21:59 process_candles triggered: ['GBP_USD', 'EUR_GBP']
2024-04-19 11:22:10 process_candles triggered: ['GBP_CHF', 'EUR_CHF', 'GBP_JPY']
2024-04-19 11:22:10 Place Trade: TradeDecision(): GBP_JPY dir:1 gain:0.2107 sl:191.5995 tp:191.9507
2024-04-19 11:23:02 process_candles triggered: ['GBP_CHF', 'EUR_CHF', 'GBP_JPY', 'GBP_USD', 'EUR_GBP']
2024-04-19 11:23:02 Place Trade: TradeDecision(): GBP_CHF dir:1 gain:0.0010 sl:1.1270 tp:1.1286
2024-04-19 11:23:02 Place Trade: TradeDecision(): EUR_CHF dir:1 gain:0.0003 sl:0.9690 tp:0.9695
2024-04-19 11:24:05 process_candles triggered: ['GBP_CHF', 'EUR_CHF', 'GBP_JPY', 'GBP_USD', 'EUR_GBP']
2024-04-19 11:25:08 process_candles triggered: ['GBP_CHF', 'EUR_CHF', 'GBP_JPY', 'GBP_USD', 'EUR_GBP']
2024-04-19 11:26:01 process_candles triggered: ['GBP_CHF', 'GBP_JPY', 'GBP_USD']
2024-04-19 11:26:11 process_candles triggered: ['EUR_CHF', 'EUR_GBP']
2024-04-19 11:27:04 process_candles triggered: ['GBP_CHF', 'EUR_CHF', 'GBP_JPY', 'GBP_USD', 'EUR_GBP']
2024-04-19 11:28:07 process_candles triggered: ['GBP_CHF', 'EUR_CHF', 'GBP_JPY', 'GBP_USD', 'EUR_GBP']
2024-04-19 11:29:10 process_candles triggered: ['GBP_CHF', 'EUR_CHF', 'GBP_JPY', 'GBP_USD', 'EUR_GBP']
2024-04-19 11:30:02 process_candles triggered: ['GBP_CHF', 'EUR_CHF', 'GBP_JPY', 'GBP_USD', 'EUR_GBP']
2024-04-19 11:31:05 process_candles triggered: ['GBP_CHF', 'EUR_CHF', 'GBP_JPY', 'GBP_USD', 'EUR_GBP']
2024-04-19 11:32:07 process_candles triggered: ['GBP_CHF', 'EUR_CHF', 'GBP_JPY', 'GBP_USD', 'EUR_GBP']
2024-04-19 11:33:00 process_candles triggered: ['EUR_CHF', 'GBP_JPY', 'GBP_USD', 'EUR_GBP']
2024-04-19 11:33:10 process_candles triggered: ['GBP_CHF']
2024-04-19 11:34:02 process_candles triggered: ['GBP_CHF', 'EUR_CHF', 'GBP_JPY', 'GBP_USD']
2024-04-19 11:34:13 process_candles triggered: ['EUR_GBP']
2024-04-19 11:35:05 process_candles triggered: ['GBP_CHF', 'EUR_CHF', 'GBP_JPY', 'GBP_USD', 'EUR_GBP']
2024-04-19 11:35:05 Place Trade: TradeDecision(): EUR_CHF dir:1 gain:0.0003 sl:0.9688 tp:0.9693
2024-04-19 11:36:07 process_candles triggered: ['GBP_CHF', 'EUR_CHF', 'GBP_JPY', 'GBP_USD', 'EUR_GBP']
2024-04-19 11:36:59 process_candles triggered: ['GBP_JPY', 'GBP_USD', 'EUR_GBP']
2024-04-19 11:37:10 process_candles triggered: ['GBP_CHF', 'EUR_CHF']
2024-04-19 11:38:02 process_candles triggered: ['GBP_CHF', 'GBP_JPY', 'GBP_USD', 'EUR_GBP']
2024-04-19 11:38:12 process_candles triggered: ['EUR_CHF']
2024-04-19 11:39:04 process_candles triggered: ['GBP_CHF', 'EUR_CHF', 'GBP_JPY', 'GBP_USD', 'EUR_GBP']
2024-04-19 11:40:07 process_candles triggered: ['GBP_CHF', 'EUR_CHF', 'GBP_JPY', 'GBP_USD', 'EUR_GBP']
2024-04-19 11:40:59 process_candles triggered: ['EUR_CHF', 'GBP_USD']
2024-04-19 11:41:10 process_candles triggered: ['GBP_CHF', 'GBP_JPY', 'EUR_GBP']
2024-04-19 11:42:02 process_candles triggered: ['GBP_CHF', 'EUR_CHF', 'GBP_JPY', 'GBP_USD', 'EUR_GBP']
2024-04-19 11:43:04 process_candles triggered: ['GBP_CHF', 'EUR_CHF', 'GBP_JPY', 'GBP_USD', 'EUR_GBP']
2024-04-19 11:44:07 process_candles triggered: ['GBP_CHF', 'EUR_CHF', 'GBP_JPY', 'GBP_USD', 'EUR_GBP']
2024-04-19 11:44:59 process_candles triggered: ['GBP_JPY', 'GBP_USD']
2024-04-19 11:45:10 process_candles triggered: ['GBP_CHF', 'EUR_CHF', 'EUR_GBP']
2024-04-19 11:46:02 process_candles triggered: ['GBP_CHF', 'EUR_CHF', 'GBP_JPY', 'GBP_USD', 'EUR_GBP']
2024-04-19 11:47:04 process_candles triggered: ['GBP_CHF', 'EUR_CHF', 'GBP_JPY', 'GBP_USD', 'EUR_GBP']
2024-04-19 11:48:07 process_candles triggered: ['GBP_CHF', 'EUR_CHF', 'GBP_JPY', 'GBP_USD', 'EUR_GBP']
2024-04-19 11:49:09 process_candles triggered: ['GBP_CHF', 'EUR_CHF', 'GBP_JPY', 'GBP_USD', 'EUR_GBP']
2024-04-19 11:50:01 process_candles triggered: ['GBP_CHF', 'EUR_CHF', 'GBP_JPY', 'GBP_USD']
2024-04-19 11:50:12 process_candles triggered: ['EUR_GBP']
2024-04-19 11:51:04 process_candles triggered: ['GBP_CHF', 'EUR_CHF', 'GBP_JPY', 'GBP_USD']
2024-04-19 11:51:15 process_candles triggered: ['EUR_GBP']
2024-04-19 11:52:06 process_candles triggered: ['GBP_CHF', 'EUR_CHF', 'GBP_JPY', 'GBP_USD', 'EUR_GBP']
2024-04-19 11:52:06 Place Trade: TradeDecision(): GBP_CHF dir:1 gain:0.0004 sl:1.1273 tp:1.1279
2024-04-19 11:52:06 Place Trade: TradeDecision(): EUR_CHF dir:1 gain:0.0002 sl:0.9686 tp:0.9690
