2024-05-21 13:06:58 LogWrapper init() ./logs/NZD_HKD.log
2024-05-21 13:06:58 {'n_ma': 12, 'n_std': 2.5, 'maxspread': 0.04, 'mingain': 0.14, 'riskreward': 1.4}
2024-05-21 13:07:03 CandleManager() init last_candle: last_candle:2024-05-21 17:06 is_ready:False
2024-05-21 13:08:02 CandleManager() new candle:last_candle:2024-05-21 17:07 is_ready:True
2024-05-21 13:08:02 tech_manager: max_rows:32 candle_time2024-05-21 17:07:00+00:00 granularity:M1
2024-05-21 13:08:03 process_candles:
       PAIR                      time    mid_c    mid_o   SL   TP   SPREAD      GAIN     LOSS  SIGNAL
26  NZD_HKD 2024-05-21 17:03:00+00:00  4.75686  4.75692  0.0  0.0  0.00139  0.000351  4.75686       0
27  NZD_HKD 2024-05-21 17:04:00+00:00  4.75680  4.75692  0.0  0.0  0.00130  0.000358  4.75680       0
28  NZD_HKD 2024-05-21 17:05:00+00:00  4.75606  4.75675  0.0  0.0  0.00142  0.000327  4.75606       0
29  NZD_HKD 2024-05-21 17:06:00+00:00  4.75612  4.75611  0.0  0.0  0.00133  0.000206  4.75612       0
30  NZD_HKD 2024-05-21 17:07:00+00:00  4.75573  4.75607  0.0  0.0  0.00144  0.000522  4.75573       0
2024-05-21 13:09:05 CandleManager() new candle:last_candle:2024-05-21 17:08 is_ready:True
2024-05-21 13:09:09 tech_manager: max_rows:32 candle_time2024-05-21 17:08:00+00:00 granularity:M1
2024-05-21 13:09:09 process_candles:
       PAIR                      time    mid_c    mid_o   SL   TP   SPREAD      GAIN     LOSS  SIGNAL
26  NZD_HKD 2024-05-21 17:04:00+00:00  4.75680  4.75692  0.0  0.0  0.00130  0.000358  4.75680       0
27  NZD_HKD 2024-05-21 17:05:00+00:00  4.75606  4.75675  0.0  0.0  0.00142  0.000327  4.75606       0
28  NZD_HKD 2024-05-21 17:06:00+00:00  4.75612  4.75611  0.0  0.0  0.00133  0.000206  4.75612       0
29  NZD_HKD 2024-05-21 17:07:00+00:00  4.75573  4.75607  0.0  0.0  0.00144  0.000522  4.75573       0
30  NZD_HKD 2024-05-21 17:08:00+00:00  4.75610  4.75575  0.0  0.0  0.00130  0.000129  4.75610       0
2024-05-21 13:10:08 CandleManager() new candle:last_candle:2024-05-21 17:09 is_ready:True
2024-05-21 13:10:16 tech_manager: max_rows:32 candle_time2024-05-21 17:09:00+00:00 granularity:M1
2024-05-21 13:10:16 process_candles:
       PAIR                      time    mid_c    mid_o   SL   TP   SPREAD      GAIN     LOSS  SIGNAL
26  NZD_HKD 2024-05-21 17:05:00+00:00  4.75606  4.75675  0.0  0.0  0.00142  0.000327  4.75606       0
27  NZD_HKD 2024-05-21 17:06:00+00:00  4.75612  4.75611  0.0  0.0  0.00133  0.000206  4.75612       0
28  NZD_HKD 2024-05-21 17:07:00+00:00  4.75573  4.75607  0.0  0.0  0.00144  0.000522  4.75573       0
29  NZD_HKD 2024-05-21 17:08:00+00:00  4.75610  4.75575  0.0  0.0  0.00130  0.000129  4.75610       0
30  NZD_HKD 2024-05-21 17:09:00+00:00  4.75620  4.75617  0.0  0.0  0.00147  0.000076  4.75620       0
2024-05-21 13:11:16 CandleManager() new candle:last_candle:2024-05-21 17:10 is_ready:True
2024-05-21 13:11:20 tech_manager: max_rows:32 candle_time2024-05-21 17:10:00+00:00 granularity:M1
2024-05-21 13:11:20 process_candles:
       PAIR                      time    mid_c    mid_o   SL   TP   SPREAD      GAIN     LOSS  SIGNAL
26  NZD_HKD 2024-05-21 17:06:00+00:00  4.75612  4.75611  0.0  0.0  0.00133  0.000206  4.75612       0
27  NZD_HKD 2024-05-21 17:07:00+00:00  4.75573  4.75607  0.0  0.0  0.00144  0.000522  4.75573       0
28  NZD_HKD 2024-05-21 17:08:00+00:00  4.75610  4.75575  0.0  0.0  0.00130  0.000129  4.75610       0
29  NZD_HKD 2024-05-21 17:09:00+00:00  4.75620  4.75617  0.0  0.0  0.00147  0.000076  4.75620       0
30  NZD_HKD 2024-05-21 17:10:00+00:00  4.75452  4.75594  0.0  0.0  0.00146  0.001685  4.75452       0
