2024-05-21 13:06:58 LogWrapper init() ./logs/NZD_CAD.log
2024-05-21 13:06:58 {'n_ma': 12, 'n_std': 2.5, 'maxspread': 0.0004, 'mingain': 0.0014, 'riskreward': 1.4}
2024-05-21 13:07:03 CandleManager() init last_candle: last_candle:2024-05-21 17:06 is_ready:False
2024-05-21 13:08:15 CandleManager() new candle:last_candle:2024-05-21 17:07 is_ready:True
2024-05-21 13:08:19 tech_manager: max_rows:32 candle_time2024-05-21 17:07:00+00:00 granularity:M1
2024-05-21 13:08:19 process_candles:
       PAIR                      time    mid_c    mid_o   SL   TP   SPREAD      GAIN     LOSS  SIGNAL
26  NZD_CAD 2024-05-21 17:03:00+00:00  0.83190  0.83195  0.0  0.0  0.00025  0.000059  0.83190       0
27  NZD_CAD 2024-05-21 17:04:00+00:00  0.83191  0.83190  0.0  0.0  0.00022  0.000071  0.83191       0
28  NZD_CAD 2024-05-21 17:05:00+00:00  0.83184  0.83191  0.0  0.0  0.00022  0.000002  0.83184       0
29  NZD_CAD 2024-05-21 17:06:00+00:00  0.83188  0.83186  0.0  0.0  0.00021  0.000041  0.83188       0
30  NZD_CAD 2024-05-21 17:07:00+00:00  0.83187  0.83190  0.0  0.0  0.00024  0.000026  0.83187       0
2024-05-21 13:09:03 CandleManager() new candle:last_candle:2024-05-21 17:08 is_ready:True
2024-05-21 13:09:07 tech_manager: max_rows:32 candle_time2024-05-21 17:08:00+00:00 granularity:M1
2024-05-21 13:09:07 process_candles:
       PAIR                      time    mid_c    mid_o   SL   TP   SPREAD      GAIN     LOSS  SIGNAL
26  NZD_CAD 2024-05-21 17:04:00+00:00  0.83191  0.83190  0.0  0.0  0.00022  0.000071  0.83191       0
27  NZD_CAD 2024-05-21 17:05:00+00:00  0.83184  0.83191  0.0  0.0  0.00022  0.000002  0.83184       0
28  NZD_CAD 2024-05-21 17:06:00+00:00  0.83188  0.83186  0.0  0.0  0.00021  0.000041  0.83188       0
29  NZD_CAD 2024-05-21 17:07:00+00:00  0.83187  0.83190  0.0  0.0  0.00024  0.000026  0.83187       0
30  NZD_CAD 2024-05-21 17:08:00+00:00  0.83194  0.83192  0.0  0.0  0.00024  0.000081  0.83194       0
2024-05-21 13:10:05 CandleManager() new candle:last_candle:2024-05-21 17:09 is_ready:True
2024-05-21 13:10:12 tech_manager: max_rows:32 candle_time2024-05-21 17:09:00+00:00 granularity:M1
2024-05-21 13:10:12 process_candles:
       PAIR                      time    mid_c    mid_o   SL   TP   SPREAD      GAIN     LOSS  SIGNAL
26  NZD_CAD 2024-05-21 17:05:00+00:00  0.83184  0.83191  0.0  0.0  0.00022  0.000002  0.83184       0
27  NZD_CAD 2024-05-21 17:06:00+00:00  0.83188  0.83186  0.0  0.0  0.00021  0.000041  0.83188       0
28  NZD_CAD 2024-05-21 17:07:00+00:00  0.83187  0.83190  0.0  0.0  0.00024  0.000026  0.83187       0
29  NZD_CAD 2024-05-21 17:08:00+00:00  0.83194  0.83192  0.0  0.0  0.00024  0.000081  0.83194       0
30  NZD_CAD 2024-05-21 17:09:00+00:00  0.83197  0.83196  0.0  0.0  0.00024  0.000090  0.83197       0
2024-05-21 13:11:14 CandleManager() new candle:last_candle:2024-05-21 17:10 is_ready:True
2024-05-21 13:11:19 tech_manager: max_rows:32 candle_time2024-05-21 17:10:00+00:00 granularity:M1
2024-05-21 13:11:19 process_candles:
       PAIR                      time    mid_c    mid_o   SL   TP   SPREAD      GAIN     LOSS  SIGNAL
26  NZD_CAD 2024-05-21 17:06:00+00:00  0.83188  0.83186  0.0  0.0  0.00021  0.000041  0.83188       0
27  NZD_CAD 2024-05-21 17:07:00+00:00  0.83187  0.83190  0.0  0.0  0.00024  0.000026  0.83187       0
28  NZD_CAD 2024-05-21 17:08:00+00:00  0.83194  0.83192  0.0  0.0  0.00024  0.000081  0.83194       0
29  NZD_CAD 2024-05-21 17:09:00+00:00  0.83197  0.83196  0.0  0.0  0.00024  0.000090  0.83197       0
30  NZD_CAD 2024-05-21 17:10:00+00:00  0.83184  0.83194  0.0  0.0  0.00023  0.000051  0.83184       0
