2024-05-21 13:06:58 LogWrapper init() ./logs/NZD_JPY.log
2024-05-21 13:06:58 {'n_ma': 12, 'n_std': 2.5, 'maxspread': 0.04, 'mingain': 0.14, 'riskreward': 1.4}
2024-05-21 13:07:03 CandleManager() init last_candle: last_candle:2024-05-21 17:05 is_ready:False
2024-05-21 13:07:16 CandleManager() new candle:last_candle:2024-05-21 17:06 is_ready:True
2024-05-21 13:07:18 tech_manager: max_rows:32 candle_time2024-05-21 17:06:00+00:00 granularity:M1
2024-05-21 13:07:18 process_candles:
       PAIR                      time   mid_c   mid_o   SL   TP  SPREAD      GAIN    LOSS  SIGNAL
26  NZD_JPY 2024-05-21 17:02:00+00:00  95.164  95.150  0.0  0.0   0.023  0.001500  95.164       0
27  NZD_JPY 2024-05-21 17:03:00+00:00  95.167  95.166  0.0  0.0   0.022  0.006111  95.167       0
28  NZD_JPY 2024-05-21 17:04:00+00:00  95.168  95.168  0.0  0.0   0.021  0.008833  95.168       0
29  NZD_JPY 2024-05-21 17:05:00+00:00  95.165  95.166  0.0  0.0   0.022  0.006889  95.165       0
30  NZD_JPY 2024-05-21 17:06:00+00:00  95.172  95.166  0.0  0.0   0.023  0.014444  95.172       0
2024-05-21 13:08:15 CandleManager() new candle:last_candle:2024-05-21 17:07 is_ready:True
2024-05-21 13:08:19 tech_manager: max_rows:32 candle_time2024-05-21 17:07:00+00:00 granularity:M1
2024-05-21 13:08:20 process_candles:
       PAIR                      time   mid_c   mid_o   SL   TP  SPREAD      GAIN    LOSS  SIGNAL
26  NZD_JPY 2024-05-21 17:03:00+00:00  95.167  95.166  0.0  0.0   0.022  0.006111  95.167       0
27  NZD_JPY 2024-05-21 17:04:00+00:00  95.168  95.168  0.0  0.0   0.021  0.008833  95.168       0
28  NZD_JPY 2024-05-21 17:05:00+00:00  95.165  95.166  0.0  0.0   0.022  0.006889  95.165       0
29  NZD_JPY 2024-05-21 17:06:00+00:00  95.172  95.166  0.0  0.0   0.023  0.014444  95.172       0
30  NZD_JPY 2024-05-21 17:07:00+00:00  95.168  95.172  0.0  0.0   0.023  0.010250  95.168       0
2024-05-21 13:09:03 CandleManager() new candle:last_candle:2024-05-21 17:08 is_ready:True
2024-05-21 13:09:07 tech_manager: max_rows:32 candle_time2024-05-21 17:08:00+00:00 granularity:M1
2024-05-21 13:09:07 process_candles:
       PAIR                      time   mid_c   mid_o   SL   TP  SPREAD      GAIN    LOSS  SIGNAL
26  NZD_JPY 2024-05-21 17:04:00+00:00  95.168  95.168  0.0  0.0   0.021  0.008833  95.168       0
27  NZD_JPY 2024-05-21 17:05:00+00:00  95.165  95.166  0.0  0.0   0.022  0.006889  95.165       0
28  NZD_JPY 2024-05-21 17:06:00+00:00  95.172  95.166  0.0  0.0   0.023  0.014444  95.172       0
29  NZD_JPY 2024-05-21 17:07:00+00:00  95.168  95.172  0.0  0.0   0.023  0.010250  95.168       0
30  NZD_JPY 2024-05-21 17:08:00+00:00  95.184  95.172  0.0  0.0   0.022  0.024472  95.184       0
2024-05-21 13:10:05 CandleManager() new candle:last_candle:2024-05-21 17:09 is_ready:True
2024-05-21 13:10:12 tech_manager: max_rows:32 candle_time2024-05-21 17:09:00+00:00 granularity:M1
2024-05-21 13:10:12 process_candles:
       PAIR                      time   mid_c   mid_o   SL   TP  SPREAD      GAIN    LOSS  SIGNAL
26  NZD_JPY 2024-05-21 17:05:00+00:00  95.165  95.166  0.0  0.0   0.022  0.006889  95.165       0
27  NZD_JPY 2024-05-21 17:06:00+00:00  95.172  95.166  0.0  0.0   0.023  0.014444  95.172       0
28  NZD_JPY 2024-05-21 17:07:00+00:00  95.168  95.172  0.0  0.0   0.023  0.010250  95.168       0
29  NZD_JPY 2024-05-21 17:08:00+00:00  95.184  95.172  0.0  0.0   0.022  0.024472  95.184       0
30  NZD_JPY 2024-05-21 17:09:00+00:00  95.180  95.182  0.0  0.0   0.023  0.018028  95.180       0
2024-05-21 13:11:14 CandleManager() new candle:last_candle:2024-05-21 17:10 is_ready:True
2024-05-21 13:11:19 tech_manager: max_rows:32 candle_time2024-05-21 17:10:00+00:00 granularity:M1
2024-05-21 13:11:19 process_candles:
       PAIR                      time   mid_c   mid_o   SL   TP  SPREAD      GAIN    LOSS  SIGNAL
26  NZD_JPY 2024-05-21 17:06:00+00:00  95.172  95.166  0.0  0.0   0.023  0.014444  95.172       0
27  NZD_JPY 2024-05-21 17:07:00+00:00  95.168  95.172  0.0  0.0   0.023  0.010250  95.168       0
28  NZD_JPY 2024-05-21 17:08:00+00:00  95.184  95.172  0.0  0.0   0.022  0.024472  95.184       0
29  NZD_JPY 2024-05-21 17:09:00+00:00  95.180  95.182  0.0  0.0   0.023  0.018028  95.180       0
30  NZD_JPY 2024-05-21 17:10:00+00:00  95.162  95.175  0.0  0.0   0.023  0.001528  95.162       0
