2024-05-21 13:06:58 LogWrapper init() ./logs/NZD_USD.log
2024-05-21 13:06:58 {'n_ma': 12, 'n_std': 2.5, 'maxspread': 0.0004, 'mingain': 0.0014, 'riskreward': 1.4}
2024-05-21 13:07:03 CandleManager() init last_candle: last_candle:2024-05-21 17:06 is_ready:False
2024-05-21 13:08:13 CandleManager() new candle:last_candle:2024-05-21 17:07 is_ready:True
2024-05-21 13:08:18 tech_manager: max_rows:32 candle_time2024-05-21 17:07:00+00:00 granularity:M1
2024-05-21 13:08:18 process_candles:
       PAIR                      time    mid_c    mid_o   SL   TP   SPREAD      GAIN     LOSS  SIGNAL
26  NZD_USD 2024-05-21 17:03:00+00:00  0.60953  0.60952  0.0  0.0  0.00014  0.000054  0.60953       0
27  NZD_USD 2024-05-21 17:04:00+00:00  0.60952  0.60948  0.0  0.0  0.00013  0.000054  0.60952       0
28  NZD_USD 2024-05-21 17:05:00+00:00  0.60942  0.60950  0.0  0.0  0.00014  0.000038  0.60942       0
29  NZD_USD 2024-05-21 17:06:00+00:00  0.60942  0.60942  0.0  0.0  0.00013  0.000029  0.60942       0
30  NZD_USD 2024-05-21 17:07:00+00:00  0.60938  0.60942  0.0  0.0  0.00015  0.000059  0.60938       0
2024-05-21 13:09:01 CandleManager() new candle:last_candle:2024-05-21 17:08 is_ready:True
2024-05-21 13:09:05 tech_manager: max_rows:32 candle_time2024-05-21 17:08:00+00:00 granularity:M1
2024-05-21 13:09:05 process_candles:
       PAIR                      time    mid_c    mid_o   SL   TP   SPREAD      GAIN     LOSS  SIGNAL
26  NZD_USD 2024-05-21 17:04:00+00:00  0.60952  0.60948  0.0  0.0  0.00013  0.000054  0.60952       0
27  NZD_USD 2024-05-21 17:05:00+00:00  0.60942  0.60950  0.0  0.0  0.00014  0.000038  0.60942       0
28  NZD_USD 2024-05-21 17:06:00+00:00  0.60942  0.60942  0.0  0.0  0.00013  0.000029  0.60942       0
29  NZD_USD 2024-05-21 17:07:00+00:00  0.60938  0.60942  0.0  0.0  0.00015  0.000059  0.60938       0
30  NZD_USD 2024-05-21 17:08:00+00:00  0.60943  0.60940  0.0  0.0  0.00014  0.000007  0.60943       0
2024-05-21 13:10:03 CandleManager() new candle:last_candle:2024-05-21 17:09 is_ready:True
2024-05-21 13:10:09 tech_manager: max_rows:32 candle_time2024-05-21 17:09:00+00:00 granularity:M1
2024-05-21 13:10:09 process_candles:
       PAIR                      time    mid_c    mid_o   SL   TP   SPREAD      GAIN     LOSS  SIGNAL
26  NZD_USD 2024-05-21 17:05:00+00:00  0.60942  0.60950  0.0  0.0  0.00014  0.000038  0.60942       0
27  NZD_USD 2024-05-21 17:06:00+00:00  0.60942  0.60942  0.0  0.0  0.00013  0.000029  0.60942       0
28  NZD_USD 2024-05-21 17:07:00+00:00  0.60938  0.60942  0.0  0.0  0.00015  0.000059  0.60938       0
29  NZD_USD 2024-05-21 17:08:00+00:00  0.60943  0.60940  0.0  0.0  0.00014  0.000007  0.60943       0
30  NZD_USD 2024-05-21 17:09:00+00:00  0.60943  0.60942  0.0  0.0  0.00014  0.000013  0.60943       0
2024-05-21 13:11:12 CandleManager() new candle:last_candle:2024-05-21 17:10 is_ready:True
2024-05-21 13:11:17 tech_manager: max_rows:32 candle_time2024-05-21 17:10:00+00:00 granularity:M1
2024-05-21 13:11:17 process_candles:
       PAIR                      time    mid_c    mid_o   SL   TP   SPREAD      GAIN     LOSS  SIGNAL
26  NZD_USD 2024-05-21 17:06:00+00:00  0.60942  0.60942  0.0  0.0  0.00013  0.000029  0.60942       0
27  NZD_USD 2024-05-21 17:07:00+00:00  0.60938  0.60942  0.0  0.0  0.00015  0.000059  0.60938       0
28  NZD_USD 2024-05-21 17:08:00+00:00  0.60943  0.60940  0.0  0.0  0.00014  0.000007  0.60943       0
29  NZD_USD 2024-05-21 17:09:00+00:00  0.60943  0.60942  0.0  0.0  0.00014  0.000013  0.60943       0
30  NZD_USD 2024-05-21 17:10:00+00:00  0.60922  0.60942  0.0  0.0  0.00015  0.000215  0.60922       0
