2024-05-21 13:06:58 LogWrapper init() ./logs/NZD_SGD.log
2024-05-21 13:06:58 {'n_ma': 12, 'n_std': 2.5, 'maxspread': 0.04, 'mingain': 0.14, 'riskreward': 1.4}
2024-05-21 13:07:03 CandleManager() init last_candle: last_candle:2024-05-21 17:06 is_ready:False
2024-05-21 13:08:01 CandleManager() new candle:last_candle:2024-05-21 17:07 is_ready:True
2024-05-21 13:08:02 tech_manager: max_rows:32 candle_time2024-05-21 17:07:00+00:00 granularity:M1
2024-05-21 13:08:02 process_candles:
       PAIR                      time    mid_c    mid_o   SL   TP   SPREAD      GAIN     LOSS  SIGNAL
26  NZD_SGD 2024-05-21 17:03:00+00:00  0.82124  0.82126  0.0  0.0  0.00026  0.000087  0.82124       0
27  NZD_SGD 2024-05-21 17:04:00+00:00  0.82124  0.82123  0.0  0.0  0.00023  0.000089  0.82124       0
28  NZD_SGD 2024-05-21 17:05:00+00:00  0.82118  0.82124  0.0  0.0  0.00026  0.000028  0.82118       0
29  NZD_SGD 2024-05-21 17:06:00+00:00  0.82118  0.82119  0.0  0.0  0.00025  0.000026  0.82118       0
30  NZD_SGD 2024-05-21 17:07:00+00:00  0.82112  0.82119  0.0  0.0  0.00027  0.000033  0.82112       0
2024-05-21 13:09:04 CandleManager() new candle:last_candle:2024-05-21 17:08 is_ready:True
2024-05-21 13:09:09 tech_manager: max_rows:32 candle_time2024-05-21 17:08:00+00:00 granularity:M1
2024-05-21 13:09:09 process_candles:
       PAIR                      time    mid_c    mid_o   SL   TP   SPREAD      GAIN     LOSS  SIGNAL
26  NZD_SGD 2024-05-21 17:04:00+00:00  0.82124  0.82123  0.0  0.0  0.00023  0.000089  0.82124       0
27  NZD_SGD 2024-05-21 17:05:00+00:00  0.82118  0.82124  0.0  0.0  0.00026  0.000028  0.82118       0
28  NZD_SGD 2024-05-21 17:06:00+00:00  0.82118  0.82119  0.0  0.0  0.00025  0.000026  0.82118       0
29  NZD_SGD 2024-05-21 17:07:00+00:00  0.82112  0.82119  0.0  0.0  0.00027  0.000033  0.82112       0
30  NZD_SGD 2024-05-21 17:08:00+00:00  0.82114  0.82111  0.0  0.0  0.00030  0.000017  0.82114       0
2024-05-21 13:10:07 CandleManager() new candle:last_candle:2024-05-21 17:09 is_ready:True
2024-05-21 13:10:15 tech_manager: max_rows:32 candle_time2024-05-21 17:09:00+00:00 granularity:M1
2024-05-21 13:10:15 process_candles:
       PAIR                      time    mid_c    mid_o   SL   TP   SPREAD      GAIN     LOSS  SIGNAL
26  NZD_SGD 2024-05-21 17:05:00+00:00  0.82118  0.82124  0.0  0.0  0.00026  0.000028  0.82118       0
27  NZD_SGD 2024-05-21 17:06:00+00:00  0.82118  0.82119  0.0  0.0  0.00025  0.000026  0.82118       0
28  NZD_SGD 2024-05-21 17:07:00+00:00  0.82112  0.82119  0.0  0.0  0.00027  0.000033  0.82112       0
29  NZD_SGD 2024-05-21 17:08:00+00:00  0.82114  0.82111  0.0  0.0  0.00030  0.000017  0.82114       0
30  NZD_SGD 2024-05-21 17:09:00+00:00  0.82116  0.82115  0.0  0.0  0.00027  0.000007  0.82116       0
2024-05-21 13:10:59 CandleManager() new candle:last_candle:2024-05-21 17:10 is_ready:True
2024-05-21 13:11:01 tech_manager: max_rows:32 candle_time2024-05-21 17:10:00+00:00 granularity:M1
2024-05-21 13:11:01 process_candles:
       PAIR                      time    mid_c    mid_o   SL   TP   SPREAD      GAIN     LOSS  SIGNAL
26  NZD_SGD 2024-05-21 17:06:00+00:00  0.82118  0.82119  0.0  0.0  0.00025  0.000026  0.82118       0
27  NZD_SGD 2024-05-21 17:07:00+00:00  0.82112  0.82119  0.0  0.0  0.00027  0.000033  0.82112       0
28  NZD_SGD 2024-05-21 17:08:00+00:00  0.82114  0.82111  0.0  0.0  0.00030  0.000017  0.82114       0
29  NZD_SGD 2024-05-21 17:09:00+00:00  0.82116  0.82115  0.0  0.0  0.00027  0.000007  0.82116       0
30  NZD_SGD 2024-05-21 17:10:00+00:00  0.82096  0.82111  0.0  0.0  0.00028  0.000200  0.82096       0
