2024-05-21 13:06:58 LogWrapper init() ./logs/NZD_CHF.log
2024-05-21 13:06:58 {'n_ma': 12, 'n_std': 2.5, 'maxspread': 0.0004, 'mingain': 0.0014, 'riskreward': 1.4}
2024-05-21 13:07:03 CandleManager() init last_candle: last_candle:2024-05-21 17:05 is_ready:False
2024-05-21 13:07:16 CandleManager() new candle:last_candle:2024-05-21 17:06 is_ready:True
2024-05-21 13:07:18 tech_manager: max_rows:32 candle_time2024-05-21 17:06:00+00:00 granularity:M1
2024-05-21 13:07:18 process_candles:
       PAIR                      time    mid_c    mid_o   SL   TP   SPREAD      GAIN     LOSS  SIGNAL
26  NZD_CHF 2024-05-21 17:02:00+00:00  0.55514  0.55504  0.0  0.0  0.00017  0.000100  0.55514       0
27  NZD_CHF 2024-05-21 17:03:00+00:00  0.55515  0.55512  0.0  0.0  0.00016  0.000110  0.55515       0
28  NZD_CHF 2024-05-21 17:04:00+00:00  0.55521  0.55514  0.0  0.0  0.00016  0.000165  0.55521       0
29  NZD_CHF 2024-05-21 17:05:00+00:00  0.55522  0.55520  0.0  0.0  0.00017  0.000163  0.55522       0
30  NZD_CHF 2024-05-21 17:06:00+00:00  0.55518  0.55523  0.0  0.0  0.00017  0.000111  0.55518       0
2024-05-21 13:08:15 CandleManager() new candle:last_candle:2024-05-21 17:07 is_ready:True
2024-05-21 13:08:19 tech_manager: max_rows:32 candle_time2024-05-21 17:07:00+00:00 granularity:M1
2024-05-21 13:08:19 process_candles:
       PAIR                      time    mid_c    mid_o   SL   TP   SPREAD      GAIN     LOSS  SIGNAL
26  NZD_CHF 2024-05-21 17:03:00+00:00  0.55515  0.55512  0.0  0.0  0.00016  0.000110  0.55515       0
27  NZD_CHF 2024-05-21 17:04:00+00:00  0.55521  0.55514  0.0  0.0  0.00016  0.000165  0.55521       0
28  NZD_CHF 2024-05-21 17:05:00+00:00  0.55522  0.55520  0.0  0.0  0.00017  0.000163  0.55522       0
29  NZD_CHF 2024-05-21 17:06:00+00:00  0.55518  0.55523  0.0  0.0  0.00017  0.000111  0.55518       0
30  NZD_CHF 2024-05-21 17:07:00+00:00  0.55518  0.55520  0.0  0.0  0.00017  0.000099  0.55518       0
2024-05-21 13:09:22 CandleManager() new candle:last_candle:2024-05-21 17:08 is_ready:True
2024-05-21 13:09:24 tech_manager: max_rows:32 candle_time2024-05-21 17:08:00+00:00 granularity:M1
2024-05-21 13:09:24 process_candles:
       PAIR                      time    mid_c    mid_o   SL   TP   SPREAD      GAIN     LOSS  SIGNAL
27  NZD_CHF 2024-05-21 17:04:00+00:00  0.55521  0.55514  0.0  0.0  0.00016  0.000165  0.55521       0
28  NZD_CHF 2024-05-21 17:05:00+00:00  0.55522  0.55520  0.0  0.0  0.00017  0.000163  0.55522       0
29  NZD_CHF 2024-05-21 17:06:00+00:00  0.55518  0.55523  0.0  0.0  0.00017  0.000111  0.55518       0
30  NZD_CHF 2024-05-21 17:07:00+00:00  0.55518  0.55520  0.0  0.0  0.00017  0.000099  0.55518       0
31  NZD_CHF 2024-05-21 17:08:00+00:00  0.55524  0.55518  0.0  0.0  0.00017  0.000141  0.55524       0
2024-05-21 13:10:05 CandleManager() new candle:last_candle:2024-05-21 17:09 is_ready:True
2024-05-21 13:10:12 tech_manager: max_rows:32 candle_time2024-05-21 17:09:00+00:00 granularity:M1
2024-05-21 13:10:12 process_candles:
       PAIR                      time    mid_c    mid_o   SL   TP   SPREAD      GAIN     LOSS  SIGNAL
26  NZD_CHF 2024-05-21 17:05:00+00:00  0.55522  0.55520  0.0  0.0  0.00017  0.000163  0.55522       0
27  NZD_CHF 2024-05-21 17:06:00+00:00  0.55518  0.55523  0.0  0.0  0.00017  0.000111  0.55518       0
28  NZD_CHF 2024-05-21 17:07:00+00:00  0.55518  0.55520  0.0  0.0  0.00017  0.000099  0.55518       0
29  NZD_CHF 2024-05-21 17:08:00+00:00  0.55524  0.55518  0.0  0.0  0.00017  0.000141  0.55524       0
30  NZD_CHF 2024-05-21 17:09:00+00:00  0.55524  0.55524  0.0  0.0  0.00019  0.000119  0.55524       0
2024-05-21 13:11:14 CandleManager() new candle:last_candle:2024-05-21 17:10 is_ready:True
2024-05-21 13:11:19 tech_manager: max_rows:32 candle_time2024-05-21 17:10:00+00:00 granularity:M1
2024-05-21 13:11:19 process_candles:
       PAIR                      time    mid_c    mid_o   SL   TP   SPREAD      GAIN     LOSS  SIGNAL
26  NZD_CHF 2024-05-21 17:06:00+00:00  0.55518  0.55523  0.0  0.0  0.00017  0.000111  0.55518       0
27  NZD_CHF 2024-05-21 17:07:00+00:00  0.55518  0.55520  0.0  0.0  0.00017  0.000099  0.55518       0
28  NZD_CHF 2024-05-21 17:08:00+00:00  0.55524  0.55518  0.0  0.0  0.00017  0.000141  0.55524       0
29  NZD_CHF 2024-05-21 17:09:00+00:00  0.55524  0.55524  0.0  0.0  0.00019  0.000119  0.55524       0
30  NZD_CHF 2024-05-21 17:10:00+00:00  0.55522  0.55522  0.0  0.0  0.00017  0.000079  0.55522       0
