2024-04-26 16:55:06 LogWrapper init() ./logs/PriceStreamer.log
2024-04-26 16:55:17 
2024-04-26 16:55:17 
  instrument                             time        ask        bid
0    GBP_CHF 2024-04-26 20:55:08.696869+00:00    1.14266    1.14224
1    EUR_CHF 2024-04-26 20:55:06.549200+00:00    0.97804    0.97774
2    GBP_JPY 2024-04-26 20:55:16.900398+00:00  197.79400  197.73400
3    GBP_USD 2024-04-26 20:55:14.067349+00:00    1.24944    1.24921
4    EUR_GBP 2024-04-26 20:55:13.913103+00:00    0.85609    0.85591
2024-04-26 16:56:17 
2024-04-26 16:56:17 
  instrument                             time        ask        bid
0    GBP_CHF 2024-04-26 20:56:16.710865+00:00    1.14248    1.14207
1    EUR_CHF 2024-04-26 20:56:16.711516+00:00    0.97793    0.97767
2    GBP_JPY 2024-04-26 20:56:16.769112+00:00  197.80300  197.73700
3    GBP_USD 2024-04-26 20:56:16.760258+00:00    1.24940    1.24917
4    EUR_GBP 2024-04-26 20:56:17.063980+00:00    0.85606    0.85586
2024-04-26 16:57:17 
2024-04-26 16:57:17 
  instrument                             time        ask        bid
0    GBP_CHF 2024-04-26 20:57:16.300353+00:00    1.14275    1.14226
1    EUR_CHF 2024-04-26 20:57:17.203588+00:00    0.97807    0.97781
2    GBP_JPY 2024-04-26 20:57:16.299822+00:00  197.81100  197.74100
3    GBP_USD 2024-04-26 20:57:16.228628+00:00    1.24949    1.24920
4    EUR_GBP 2024-04-26 20:57:17.091506+00:00    0.85605    0.85583
2024-04-26 16:58:19 
2024-04-26 16:58:19 
  instrument                             time        ask        bid
0    GBP_CHF 2024-04-26 20:58:16.927214+00:00    1.14289    1.14243
1    EUR_CHF 2024-04-26 20:58:13.568072+00:00    0.97818    0.97788
2    GBP_JPY 2024-04-26 20:58:19.299978+00:00  197.90000  197.79900
3    GBP_USD 2024-04-26 20:58:09.280478+00:00    1.24948    1.24918
4    EUR_GBP 2024-04-26 20:58:05.282789+00:00    0.85600    0.85581
