2024-05-21 13:06:58 LogWrapper init() ./logs/SGD_JPY.log
2024-05-21 13:06:58 {'n_ma': 12, 'n_std': 2.5, 'maxspread': 0.04, 'mingain': 0.14, 'riskreward': 1.4}
2024-05-21 13:07:03 CandleManager() init last_candle: last_candle:2024-05-21 17:06 is_ready:False
2024-05-21 13:08:16 CandleManager() new candle:last_candle:2024-05-21 17:07 is_ready:True
2024-05-21 13:08:20 tech_manager: max_rows:32 candle_time2024-05-21 17:07:00+00:00 granularity:M1
2024-05-21 13:08:21 process_candles:
       PAIR                      time    mid_c    mid_o   SL   TP  SPREAD      GAIN     LOSS  SIGNAL
26  SGD_JPY 2024-05-21 17:03:00+00:00  115.865  115.865  0.0  0.0   0.018  0.006083  115.865       0
27  SGD_JPY 2024-05-21 17:04:00+00:00  115.866  115.866  0.0  0.0   0.021  0.003083  115.866       0
28  SGD_JPY 2024-05-21 17:05:00+00:00  115.873  115.866  0.0  0.0   0.020  0.005528  115.873       0
29  SGD_JPY 2024-05-21 17:06:00+00:00  115.880  115.871  0.0  0.0   0.019  0.013333  115.880       0
30  SGD_JPY 2024-05-21 17:07:00+00:00  115.887  115.881  0.0  0.0   0.022  0.020028  115.887       0
2024-05-21 13:09:04 CandleManager() new candle:last_candle:2024-05-21 17:08 is_ready:True
2024-05-21 13:09:08 tech_manager: max_rows:32 candle_time2024-05-21 17:08:00+00:00 granularity:M1
2024-05-21 13:09:08 process_candles:
       PAIR                      time    mid_c    mid_o   SL   TP  SPREAD      GAIN     LOSS  SIGNAL
26  SGD_JPY 2024-05-21 17:04:00+00:00  115.866  115.866  0.0  0.0   0.021  0.003083  115.866       0
27  SGD_JPY 2024-05-21 17:05:00+00:00  115.873  115.866  0.0  0.0   0.020  0.005528  115.873       0
28  SGD_JPY 2024-05-21 17:06:00+00:00  115.880  115.871  0.0  0.0   0.019  0.013333  115.880       0
29  SGD_JPY 2024-05-21 17:07:00+00:00  115.887  115.881  0.0  0.0   0.022  0.020028  115.887       0
30  SGD_JPY 2024-05-21 17:08:00+00:00  115.899  115.888  0.0  0.0   0.020  0.030639  115.899       0
2024-05-21 13:10:07 CandleManager() new candle:last_candle:2024-05-21 17:09 is_ready:True
2024-05-21 13:10:14 tech_manager: max_rows:32 candle_time2024-05-21 17:09:00+00:00 granularity:M1
2024-05-21 13:10:14 process_candles:
       PAIR                      time    mid_c    mid_o   SL   TP  SPREAD      GAIN     LOSS  SIGNAL
26  SGD_JPY 2024-05-21 17:05:00+00:00  115.873  115.866  0.0  0.0   0.020  0.005528  115.873       0
27  SGD_JPY 2024-05-21 17:06:00+00:00  115.880  115.871  0.0  0.0   0.019  0.013333  115.880       0
28  SGD_JPY 2024-05-21 17:07:00+00:00  115.887  115.881  0.0  0.0   0.022  0.020028  115.887       0
29  SGD_JPY 2024-05-21 17:08:00+00:00  115.899  115.888  0.0  0.0   0.020  0.030639  115.899       0
30  SGD_JPY 2024-05-21 17:09:00+00:00  115.892  115.898  0.0  0.0   0.020  0.022167  115.892       0
2024-05-21 13:10:59 CandleManager() new candle:last_candle:2024-05-21 17:10 is_ready:True
2024-05-21 13:11:00 tech_manager: max_rows:32 candle_time2024-05-21 17:10:00+00:00 granularity:M1
2024-05-21 13:11:00 process_candles:
       PAIR                      time    mid_c    mid_o   SL   TP  SPREAD      GAIN     LOSS  SIGNAL
26  SGD_JPY 2024-05-21 17:06:00+00:00  115.880  115.871  0.0  0.0   0.019  0.013333  115.880       0
27  SGD_JPY 2024-05-21 17:07:00+00:00  115.887  115.881  0.0  0.0   0.022  0.020028  115.887       0
28  SGD_JPY 2024-05-21 17:08:00+00:00  115.899  115.888  0.0  0.0   0.020  0.030639  115.899       0
29  SGD_JPY 2024-05-21 17:09:00+00:00  115.892  115.898  0.0  0.0   0.020  0.022167  115.892       0
30  SGD_JPY 2024-05-21 17:10:00+00:00  115.896  115.894  0.0  0.0   0.021  0.023889  115.896       0
