2024-05-21 13:06:58 LogWrapper init() ./logs/SGD_CHF.log
2024-05-21 13:06:58 {'n_ma': 12, 'n_std': 2.5, 'maxspread': 0.04, 'mingain': 0.14, 'riskreward': 1.4}
2024-05-21 13:07:03 CandleManager() init last_candle: last_candle:2024-05-21 17:06 is_ready:False
2024-05-21 13:08:16 CandleManager() new candle:last_candle:2024-05-21 17:07 is_ready:True
2024-05-21 13:08:21 tech_manager: max_rows:32 candle_time2024-05-21 17:07:00+00:00 granularity:M1
2024-05-21 13:08:21 process_candles:
       PAIR                      time    mid_c    mid_o   SL   TP   SPREAD      GAIN     LOSS  SIGNAL
26  SGD_CHF 2024-05-21 17:03:00+00:00  0.67592  0.67592  0.0  0.0  0.00015  0.000057  0.67592       0
27  SGD_CHF 2024-05-21 17:04:00+00:00  0.67599  0.67592  0.0  0.0  0.00016  0.000120  0.67599       0
28  SGD_CHF 2024-05-21 17:05:00+00:00  0.67608  0.67598  0.0  0.0  0.00018  0.000196  0.67608       0
29  SGD_CHF 2024-05-21 17:06:00+00:00  0.67602  0.67606  0.0  0.0  0.00016  0.000122  0.67602       0
30  SGD_CHF 2024-05-21 17:07:00+00:00  0.67608  0.67602  0.0  0.0  0.00017  0.000168  0.67608       0
2024-05-21 13:09:04 CandleManager() new candle:last_candle:2024-05-21 17:08 is_ready:True
2024-05-21 13:09:09 tech_manager: max_rows:32 candle_time2024-05-21 17:08:00+00:00 granularity:M1
2024-05-21 13:09:09 process_candles:
       PAIR                      time    mid_c    mid_o   SL   TP   SPREAD      GAIN     LOSS  SIGNAL
26  SGD_CHF 2024-05-21 17:04:00+00:00  0.67599  0.67592  0.0  0.0  0.00016  0.000120  0.67599       0
27  SGD_CHF 2024-05-21 17:05:00+00:00  0.67608  0.67598  0.0  0.0  0.00018  0.000196  0.67608       0
28  SGD_CHF 2024-05-21 17:06:00+00:00  0.67602  0.67606  0.0  0.0  0.00016  0.000122  0.67602       0
29  SGD_CHF 2024-05-21 17:07:00+00:00  0.67608  0.67602  0.0  0.0  0.00017  0.000168  0.67608       0
30  SGD_CHF 2024-05-21 17:08:00+00:00  0.67612  0.67606  0.0  0.0  0.00017  0.000189  0.67612       0
2024-05-21 13:10:07 CandleManager() new candle:last_candle:2024-05-21 17:09 is_ready:True
2024-05-21 13:10:15 tech_manager: max_rows:32 candle_time2024-05-21 17:09:00+00:00 granularity:M1
2024-05-21 13:10:15 process_candles:
       PAIR                      time    mid_c    mid_o   SL   TP   SPREAD      GAIN     LOSS  SIGNAL
26  SGD_CHF 2024-05-21 17:05:00+00:00  0.67608  0.67598  0.0  0.0  0.00018  0.000196  0.67608       0
27  SGD_CHF 2024-05-21 17:06:00+00:00  0.67602  0.67606  0.0  0.0  0.00016  0.000122  0.67602       0
28  SGD_CHF 2024-05-21 17:07:00+00:00  0.67608  0.67602  0.0  0.0  0.00017  0.000167  0.67608       0
29  SGD_CHF 2024-05-21 17:08:00+00:00  0.67612  0.67606  0.0  0.0  0.00017  0.000189  0.67612       0
30  SGD_CHF 2024-05-21 17:09:00+00:00  0.67610  0.67611  0.0  0.0  0.00016  0.000152  0.67610       0
2024-05-21 13:10:59 CandleManager() new candle:last_candle:2024-05-21 17:10 is_ready:True
2024-05-21 13:11:01 tech_manager: max_rows:32 candle_time2024-05-21 17:10:00+00:00 granularity:M1
2024-05-21 13:11:01 process_candles:
       PAIR                      time    mid_c    mid_o   SL   TP   SPREAD      GAIN     LOSS  SIGNAL
26  SGD_CHF 2024-05-21 17:06:00+00:00  0.67602  0.67606  0.0  0.0  0.00016  0.000122  0.67602       0
27  SGD_CHF 2024-05-21 17:07:00+00:00  0.67608  0.67602  0.0  0.0  0.00017  0.000168  0.67608       0
28  SGD_CHF 2024-05-21 17:08:00+00:00  0.67612  0.67606  0.0  0.0  0.00017  0.000189  0.67612       0
29  SGD_CHF 2024-05-21 17:09:00+00:00  0.67610  0.67611  0.0  0.0  0.00016  0.000152  0.67610       0
30  SGD_CHF 2024-05-21 17:10:00+00:00  0.67623  0.67614  0.0  0.0  0.00016  0.000252  0.67623       0
