2024-05-21 13:06:58 LogWrapper init() ./logs/TRY_JPY.log
2024-05-21 13:06:58 {'n_ma': 12, 'n_std': 2.5, 'maxspread': 0.04, 'mingain': 0.14, 'riskreward': 1.4}
2024-05-21 13:07:03 CandleManager() init last_candle: last_candle:2024-05-21 17:05 is_ready:False
2024-05-21 13:07:17 CandleManager() new candle:last_candle:2024-05-21 17:06 is_ready:True
2024-05-21 13:07:18 tech_manager: max_rows:32 candle_time2024-05-21 17:06:00+00:00 granularity:M1
2024-05-21 13:07:18 process_candles:
       PAIR                      time  mid_c  mid_o   SL   TP  SPREAD      GAIN   LOSS  SIGNAL
27  TRY_JPY 2024-05-21 16:51:00+00:00  4.847  4.846  0.0  0.0   0.014  0.000306  4.847       0
28  TRY_JPY 2024-05-21 16:53:00+00:00  4.847  4.846  0.0  0.0   0.014  0.000306  4.847       0
29  TRY_JPY 2024-05-21 16:54:00+00:00  4.846  4.846  0.0  0.0   0.013  0.001250  4.846       0
30  TRY_JPY 2024-05-21 17:05:00+00:00  4.847  4.847  0.0  0.0   0.014  0.000333  4.847       0
31  TRY_JPY 2024-05-21 17:06:00+00:00  4.848  4.848  0.0  0.0   0.013  0.000611  4.848       0
2024-05-21 13:09:04 CandleManager() new candle:last_candle:2024-05-21 17:08 is_ready:True
2024-05-21 13:09:09 tech_manager: max_rows:32 candle_time2024-05-21 17:08:00+00:00 granularity:M1
2024-05-21 13:09:09 process_candles:
       PAIR                      time  mid_c  mid_o   SL   TP  SPREAD      GAIN   LOSS  SIGNAL
27  TRY_JPY 2024-05-21 16:53:00+00:00  4.847  4.846  0.0  0.0   0.014  0.000306  4.847       0
28  TRY_JPY 2024-05-21 16:54:00+00:00  4.846  4.846  0.0  0.0   0.013  0.001250  4.846       0
29  TRY_JPY 2024-05-21 17:05:00+00:00  4.847  4.847  0.0  0.0   0.014  0.000333  4.847       0
30  TRY_JPY 2024-05-21 17:06:00+00:00  4.848  4.848  0.0  0.0   0.013  0.000611  4.848       0
31  TRY_JPY 2024-05-21 17:08:00+00:00  4.848  4.848  0.0  0.0   0.014  0.000611  4.848       0
2024-05-21 13:10:07 CandleManager() new candle:last_candle:2024-05-21 17:09 is_ready:True
2024-05-21 13:10:15 tech_manager: max_rows:32 candle_time2024-05-21 17:09:00+00:00 granularity:M1
2024-05-21 13:10:15 process_candles:
       PAIR                      time  mid_c  mid_o   SL   TP  SPREAD      GAIN   LOSS  SIGNAL
26  TRY_JPY 2024-05-21 16:54:00+00:00  4.846  4.846  0.0  0.0   0.013  0.001250  4.846       0
27  TRY_JPY 2024-05-21 17:05:00+00:00  4.847  4.847  0.0  0.0   0.014  0.000333  4.847       0
28  TRY_JPY 2024-05-21 17:06:00+00:00  4.848  4.848  0.0  0.0   0.013  0.000611  4.848       0
29  TRY_JPY 2024-05-21 17:08:00+00:00  4.848  4.848  0.0  0.0   0.014  0.000611  4.848       0
30  TRY_JPY 2024-05-21 17:09:00+00:00  4.848  4.848  0.0  0.0   0.013  0.000611  4.848       0
2024-05-21 13:11:16 CandleManager() new candle:last_candle:2024-05-21 17:10 is_ready:True
2024-05-21 13:11:20 tech_manager: max_rows:32 candle_time2024-05-21 17:10:00+00:00 granularity:M1
2024-05-21 13:11:20 process_candles:
       PAIR                      time  mid_c  mid_o   SL   TP  SPREAD      GAIN   LOSS  SIGNAL
27  TRY_JPY 2024-05-21 17:05:00+00:00  4.847  4.847  0.0  0.0   0.014  0.000333  4.847       0
28  TRY_JPY 2024-05-21 17:06:00+00:00  4.848  4.848  0.0  0.0   0.013  0.000611  4.848       0
29  TRY_JPY 2024-05-21 17:08:00+00:00  4.848  4.848  0.0  0.0   0.014  0.000611  4.848       0
30  TRY_JPY 2024-05-21 17:09:00+00:00  4.848  4.848  0.0  0.0   0.013  0.000611  4.848       0
31  TRY_JPY 2024-05-21 17:10:00+00:00  4.848  4.848  0.0  0.0   0.014  0.000528  4.848       0
