2024-05-21 13:06:58 LogWrapper init() ./logs/USD_CNH.log
2024-05-21 13:06:58 {'n_ma': 12, 'n_std': 2.5, 'maxspread': 0.04, 'mingain': 0.14, 'riskreward': 1.4}
2024-05-21 13:07:03 CandleManager() init last_candle: last_candle:2024-05-21 17:06 is_ready:False
2024-05-21 13:08:01 CandleManager() new candle:last_candle:2024-05-21 17:07 is_ready:True
2024-05-21 13:08:02 tech_manager: max_rows:32 candle_time2024-05-21 17:07:00+00:00 granularity:M1
2024-05-21 13:08:02 process_candles:
       PAIR                      time    mid_c    mid_o   SL   TP   SPREAD      GAIN     LOSS  SIGNAL
26  USD_CNH 2024-05-21 17:03:00+00:00  7.24808  7.24811  0.0  0.0  0.00120  0.000184  7.24808       0
27  USD_CNH 2024-05-21 17:04:00+00:00  7.24806  7.24809  0.0  0.0  0.00122  0.000108  7.24806       0
28  USD_CNH 2024-05-21 17:05:00+00:00  7.24818  7.24806  0.0  0.0  0.00121  0.000176  7.24818       0
29  USD_CNH 2024-05-21 17:06:00+00:00  7.24817  7.24818  0.0  0.0  0.00122  0.000115  7.24817       0
30  USD_CNH 2024-05-21 17:07:00+00:00  7.24814  7.24816  0.0  0.0  0.00127  0.000051  7.24814       0
2024-05-21 13:09:04 CandleManager() new candle:last_candle:2024-05-21 17:08 is_ready:True
2024-05-21 13:09:09 tech_manager: max_rows:32 candle_time2024-05-21 17:08:00+00:00 granularity:M1
2024-05-21 13:09:09 process_candles:
       PAIR                      time    mid_c    mid_o   SL   TP   SPREAD      GAIN     LOSS  SIGNAL
26  USD_CNH 2024-05-21 17:04:00+00:00  7.24806  7.24809  0.0  0.0  0.00122  0.000108  7.24806       0
27  USD_CNH 2024-05-21 17:05:00+00:00  7.24818  7.24806  0.0  0.0  0.00121  0.000176  7.24818       0
28  USD_CNH 2024-05-21 17:06:00+00:00  7.24817  7.24818  0.0  0.0  0.00122  0.000115  7.24817       0
29  USD_CNH 2024-05-21 17:07:00+00:00  7.24814  7.24816  0.0  0.0  0.00127  0.000051  7.24814       0
30  USD_CNH 2024-05-21 17:08:00+00:00  7.24794  7.24806  0.0  0.0  0.00124  0.000151  7.24794       0
2024-05-21 13:10:07 CandleManager() new candle:last_candle:2024-05-21 17:09 is_ready:True
2024-05-21 13:10:15 tech_manager: max_rows:32 candle_time2024-05-21 17:09:00+00:00 granularity:M1
2024-05-21 13:10:15 process_candles:
       PAIR                      time    mid_c    mid_o   SL   TP   SPREAD      GAIN     LOSS  SIGNAL
26  USD_CNH 2024-05-21 17:05:00+00:00  7.24818  7.24806  0.0  0.0  0.00121  0.000176  7.24818       0
27  USD_CNH 2024-05-21 17:06:00+00:00  7.24817  7.24818  0.0  0.0  0.00122  0.000115  7.24817       0
28  USD_CNH 2024-05-21 17:07:00+00:00  7.24814  7.24816  0.0  0.0  0.00127  0.000051  7.24814       0
29  USD_CNH 2024-05-21 17:08:00+00:00  7.24794  7.24806  0.0  0.0  0.00124  0.000151  7.24794       0
30  USD_CNH 2024-05-21 17:09:00+00:00  7.24791  7.24794  0.0  0.0  0.00126  0.000167  7.24791       0
2024-05-21 13:10:59 CandleManager() new candle:last_candle:2024-05-21 17:10 is_ready:True
2024-05-21 13:11:01 tech_manager: max_rows:32 candle_time2024-05-21 17:10:00+00:00 granularity:M1
2024-05-21 13:11:01 process_candles:
       PAIR                      time    mid_c    mid_o   SL   TP   SPREAD      GAIN     LOSS  SIGNAL
26  USD_CNH 2024-05-21 17:06:00+00:00  7.24817  7.24818  0.0  0.0  0.00122  0.000115  7.24817       0
27  USD_CNH 2024-05-21 17:07:00+00:00  7.24814  7.24816  0.0  0.0  0.00127  0.000051  7.24814       0
28  USD_CNH 2024-05-21 17:08:00+00:00  7.24794  7.24806  0.0  0.0  0.00124  0.000151  7.24794       0
29  USD_CNH 2024-05-21 17:09:00+00:00  7.24791  7.24794  0.0  0.0  0.00126  0.000167  7.24791       0
30  USD_CNH 2024-05-21 17:10:00+00:00  7.24803  7.24792  0.0  0.0  0.00122  0.000041  7.24803       0
