2024-05-21 13:06:58 LogWrapper init() ./logs/USD_HKD.log
2024-05-21 13:06:58 {'n_ma': 12, 'n_std': 2.5, 'maxspread': 0.04, 'mingain': 0.14, 'riskreward': 1.4}
2024-05-21 13:07:03 CandleManager() init last_candle: last_candle:2024-05-21 17:06 is_ready:False
2024-05-21 13:08:17 CandleManager() new candle:last_candle:2024-05-21 17:07 is_ready:True
2024-05-21 13:08:21 tech_manager: max_rows:32 candle_time2024-05-21 17:07:00+00:00 granularity:M1
2024-05-21 13:08:21 process_candles:
       PAIR                      time    mid_c    mid_o   SL   TP   SPREAD      GAIN     LOSS  SIGNAL
27  USD_HKD 2024-05-21 17:01:00+00:00  7.80440  7.80432  0.0  0.0  0.00035  0.000096  7.80440       0
28  USD_HKD 2024-05-21 17:02:00+00:00  7.80439  7.80438  0.0  0.0  0.00036  0.000075  7.80439       0
29  USD_HKD 2024-05-21 17:03:00+00:00  7.80427  7.80438  0.0  0.0  0.00038  0.000047  7.80427       0
30  USD_HKD 2024-05-21 17:06:00+00:00  7.80432  7.80427  0.0  0.0  0.00039  0.000002  7.80432       0
31  USD_HKD 2024-05-21 17:07:00+00:00  7.80432  7.80430  0.0  0.0  0.00038  0.000001  7.80432       0
2024-05-21 13:10:07 CandleManager() new candle:last_candle:2024-05-21 17:09 is_ready:True
2024-05-21 13:10:16 tech_manager: max_rows:32 candle_time2024-05-21 17:09:00+00:00 granularity:M1
2024-05-21 13:10:16 process_candles:
       PAIR                      time    mid_c    mid_o   SL   TP   SPREAD      GAIN     LOSS  SIGNAL
27  USD_HKD 2024-05-21 17:02:00+00:00  7.80439  7.80438  0.0  0.0  0.00036  0.000075  7.80439       0
28  USD_HKD 2024-05-21 17:03:00+00:00  7.80427  7.80438  0.0  0.0  0.00038  0.000047  7.80427       0
29  USD_HKD 2024-05-21 17:06:00+00:00  7.80432  7.80427  0.0  0.0  0.00039  0.000002  7.80432       0
30  USD_HKD 2024-05-21 17:07:00+00:00  7.80432  7.80430  0.0  0.0  0.00038  0.000001  7.80432       0
31  USD_HKD 2024-05-21 17:09:00+00:00  7.80430  7.80432  0.0  0.0  0.00038  0.000023  7.80430       0
2024-05-21 13:11:16 CandleManager() new candle:last_candle:2024-05-21 17:10 is_ready:True
2024-05-21 13:11:20 tech_manager: max_rows:32 candle_time2024-05-21 17:10:00+00:00 granularity:M1
2024-05-21 13:11:20 process_candles:
       PAIR                      time    mid_c    mid_o   SL   TP   SPREAD      GAIN     LOSS  SIGNAL
27  USD_HKD 2024-05-21 17:03:00+00:00  7.80427  7.80438  0.0  0.0  0.00038  0.000047  7.80427       0
28  USD_HKD 2024-05-21 17:06:00+00:00  7.80432  7.80427  0.0  0.0  0.00039  0.000002  7.80432       0
29  USD_HKD 2024-05-21 17:07:00+00:00  7.80432  7.80430  0.0  0.0  0.00038  0.000001  7.80432       0
30  USD_HKD 2024-05-21 17:09:00+00:00  7.80430  7.80432  0.0  0.0  0.00038  0.000023  7.80430       0
31  USD_HKD 2024-05-21 17:10:00+00:00  7.80429  7.80427  0.0  0.0  0.00042  0.000032  7.80429       0
