2024-05-21 13:06:58 LogWrapper init() ./logs/USD_THB.log
2024-05-21 13:06:58 {'n_ma': 12, 'n_std': 2.5, 'maxspread': 0.04, 'mingain': 0.14, 'riskreward': 1.4}
2024-05-21 13:07:03 CandleManager() init last_candle: last_candle:2024-05-21 17:05 is_ready:False
2024-05-21 13:07:16 CandleManager() new candle:last_candle:2024-05-21 17:06 is_ready:True
2024-05-21 13:07:18 tech_manager: max_rows:32 candle_time2024-05-21 17:06:00+00:00 granularity:M1
2024-05-21 13:07:18 process_candles:
       PAIR                      time   mid_c   mid_o   SL   TP  SPREAD      GAIN    LOSS  SIGNAL
27  USD_THB 2024-05-21 17:02:00+00:00  36.360  36.360  0.0  0.0   0.026  0.007417  36.360       0
28  USD_THB 2024-05-21 17:03:00+00:00  36.360  36.361  0.0  0.0   0.026  0.006444  36.360       0
29  USD_THB 2024-05-21 17:04:00+00:00  36.362  36.361  0.0  0.0   0.028  0.007056  36.362       0
30  USD_THB 2024-05-21 17:05:00+00:00  36.366  36.364  0.0  0.0   0.027  0.009333  36.366       0
31  USD_THB 2024-05-21 17:06:00+00:00  36.366  36.364  0.0  0.0   0.026  0.007750  36.366       0
2024-05-21 13:08:16 CandleManager() new candle:last_candle:2024-05-21 17:07 is_ready:True
2024-05-21 13:08:20 tech_manager: max_rows:32 candle_time2024-05-21 17:07:00+00:00 granularity:M1
2024-05-21 13:08:20 process_candles:
       PAIR                      time   mid_c   mid_o   SL   TP  SPREAD      GAIN    LOSS  SIGNAL
27  USD_THB 2024-05-21 17:03:00+00:00  36.360  36.361  0.0  0.0   0.026  0.006444  36.360       0
28  USD_THB 2024-05-21 17:04:00+00:00  36.362  36.361  0.0  0.0   0.028  0.007056  36.362       0
29  USD_THB 2024-05-21 17:05:00+00:00  36.366  36.364  0.0  0.0   0.027  0.009333  36.366       0
30  USD_THB 2024-05-21 17:06:00+00:00  36.366  36.364  0.0  0.0   0.026  0.007750  36.366       0
31  USD_THB 2024-05-21 17:07:00+00:00  36.368  36.368  0.0  0.0   0.027  0.008028  36.368       0
2024-05-21 13:11:15 CandleManager() new candle:last_candle:2024-05-21 17:10 is_ready:True
2024-05-21 13:11:20 tech_manager: max_rows:32 candle_time2024-05-21 17:10:00+00:00 granularity:M1
2024-05-21 13:11:20 process_candles:
       PAIR                      time   mid_c   mid_o   SL   TP  SPREAD      GAIN    LOSS  SIGNAL
26  USD_THB 2024-05-21 17:04:00+00:00  36.362  36.361  0.0  0.0   0.028  0.007056  36.362       0
27  USD_THB 2024-05-21 17:05:00+00:00  36.366  36.364  0.0  0.0   0.027  0.009333  36.366       0
28  USD_THB 2024-05-21 17:06:00+00:00  36.366  36.364  0.0  0.0   0.026  0.007750  36.366       0
29  USD_THB 2024-05-21 17:07:00+00:00  36.368  36.368  0.0  0.0   0.027  0.008028  36.368       0
30  USD_THB 2024-05-21 17:10:00+00:00  36.382  36.373  0.0  0.0   0.027  0.019694  36.382       0
