2024-05-21 13:06:58 LogWrapper init() ./logs/USD_ZAR.log
2024-05-21 13:06:58 {'n_ma': 12, 'n_std': 2.5, 'maxspread': 0.04, 'mingain': 0.14, 'riskreward': 1.4}
2024-05-21 13:07:03 CandleManager() init last_candle: last_candle:2024-05-21 17:06 is_ready:False
2024-05-21 13:08:14 CandleManager() new candle:last_candle:2024-05-21 17:07 is_ready:True
2024-05-21 13:08:18 tech_manager: max_rows:32 candle_time2024-05-21 17:07:00+00:00 granularity:M1
2024-05-21 13:08:18 process_candles:
       PAIR                      time     mid_c     mid_o   SL   TP   SPREAD      GAIN      LOSS  SIGNAL
26  USD_ZAR 2024-05-21 17:03:00+00:00  18.06732  18.06748  0.0  0.0  0.00955  0.000117  18.06732       0
27  USD_ZAR 2024-05-21 17:04:00+00:00  18.06892  18.06714  0.0  0.0  0.01017  0.001214  18.06892       0
28  USD_ZAR 2024-05-21 17:05:00+00:00  18.06987  18.06945  0.0  0.0  0.00906  0.001888  18.06987       0
29  USD_ZAR 2024-05-21 17:06:00+00:00  18.07006  18.06990  0.0  0.0  0.00907  0.001676  18.07006       0
30  USD_ZAR 2024-05-21 17:07:00+00:00  18.06982  18.06998  0.0  0.0  0.00976  0.001027  18.06982       0
2024-05-21 13:09:01 CandleManager() new candle:last_candle:2024-05-21 17:08 is_ready:True
2024-05-21 13:09:06 tech_manager: max_rows:32 candle_time2024-05-21 17:08:00+00:00 granularity:M1
2024-05-21 13:09:06 process_candles:
       PAIR                      time     mid_c     mid_o   SL   TP   SPREAD      GAIN      LOSS  SIGNAL
26  USD_ZAR 2024-05-21 17:04:00+00:00  18.06892  18.06714  0.0  0.0  0.01017  0.001214  18.06892       0
27  USD_ZAR 2024-05-21 17:05:00+00:00  18.06987  18.06945  0.0  0.0  0.00906  0.001888  18.06987       0
28  USD_ZAR 2024-05-21 17:06:00+00:00  18.07006  18.06990  0.0  0.0  0.00907  0.001676  18.07006       0
29  USD_ZAR 2024-05-21 17:07:00+00:00  18.06982  18.06998  0.0  0.0  0.00976  0.001027  18.06982       0
30  USD_ZAR 2024-05-21 17:08:00+00:00  18.07020  18.06980  0.0  0.0  0.00887  0.001111  18.07020       0
2024-05-21 13:10:03 CandleManager() new candle:last_candle:2024-05-21 17:09 is_ready:True
2024-05-21 13:10:10 tech_manager: max_rows:32 candle_time2024-05-21 17:09:00+00:00 granularity:M1
2024-05-21 13:10:10 process_candles:
       PAIR                      time     mid_c     mid_o   SL   TP   SPREAD      GAIN      LOSS  SIGNAL
26  USD_ZAR 2024-05-21 17:05:00+00:00  18.06987  18.06945  0.0  0.0  0.00906  0.001888  18.06987       0
27  USD_ZAR 2024-05-21 17:06:00+00:00  18.07006  18.06990  0.0  0.0  0.00907  0.001676  18.07006       0
28  USD_ZAR 2024-05-21 17:07:00+00:00  18.06982  18.06998  0.0  0.0  0.00976  0.001027  18.06982       0
29  USD_ZAR 2024-05-21 17:08:00+00:00  18.07020  18.06980  0.0  0.0  0.00887  0.001111  18.07020       0
30  USD_ZAR 2024-05-21 17:09:00+00:00  18.07095  18.07002  0.0  0.0  0.00790  0.001701  18.07095       0
2024-05-21 13:11:12 CandleManager() new candle:last_candle:2024-05-21 17:10 is_ready:True
2024-05-21 13:11:17 tech_manager: max_rows:32 candle_time2024-05-21 17:10:00+00:00 granularity:M1
2024-05-21 13:11:17 process_candles:
       PAIR                      time     mid_c     mid_o   SL   TP   SPREAD      GAIN      LOSS  SIGNAL
26  USD_ZAR 2024-05-21 17:06:00+00:00  18.07006  18.06990  0.0  0.0  0.00907  0.001676  18.07006       0
27  USD_ZAR 2024-05-21 17:07:00+00:00  18.06982  18.06998  0.0  0.0  0.00976  0.001027  18.06982       0
28  USD_ZAR 2024-05-21 17:08:00+00:00  18.07020  18.06980  0.0  0.0  0.00887  0.001111  18.07020       0
29  USD_ZAR 2024-05-21 17:09:00+00:00  18.07095  18.07002  0.0  0.0  0.00790  0.001701  18.07095       0
30  USD_ZAR 2024-05-21 17:10:00+00:00  18.07832  18.07056  0.0  0.0  0.00797  0.008520  18.07832       0
