2024-05-21 13:06:58 LogWrapper init() ./logs/USD_CZK.log
2024-05-21 13:06:58 {'n_ma': 12, 'n_std': 2.5, 'maxspread': 0.04, 'mingain': 0.14, 'riskreward': 1.4}
2024-05-21 13:07:03 CandleManager() init last_candle: last_candle:2024-05-21 17:06 is_ready:False
2024-05-21 13:08:15 CandleManager() new candle:last_candle:2024-05-21 17:07 is_ready:True
2024-05-21 13:08:20 tech_manager: max_rows:32 candle_time2024-05-21 17:07:00+00:00 granularity:M1
2024-05-21 13:08:20 process_candles:
       PAIR                      time     mid_c     mid_o   SL   TP  SPREAD      GAIN      LOSS  SIGNAL
26  USD_CZK 2024-05-21 17:03:00+00:00  22.76655  22.76845  0.0  0.0  0.0069  0.001019  22.76655       0
27  USD_CZK 2024-05-21 17:04:00+00:00  22.76695  22.76660  0.0  0.0  0.0069  0.000983  22.76695       0
28  USD_CZK 2024-05-21 17:05:00+00:00  22.76960  22.76705  0.0  0.0  0.0070  0.001274  22.76960       0
29  USD_CZK 2024-05-21 17:06:00+00:00  22.76975  22.76955  0.0  0.0  0.0073  0.001019  22.76975       0
30  USD_CZK 2024-05-21 17:07:00+00:00  22.77140  22.76965  0.0  0.0  0.0078  0.002285  22.77140       0
2024-05-21 13:09:03 CandleManager() new candle:last_candle:2024-05-21 17:08 is_ready:True
2024-05-21 13:09:08 tech_manager: max_rows:32 candle_time2024-05-21 17:08:00+00:00 granularity:M1
2024-05-21 13:09:08 process_candles:
       PAIR                      time     mid_c     mid_o   SL   TP  SPREAD      GAIN      LOSS  SIGNAL
26  USD_CZK 2024-05-21 17:04:00+00:00  22.76695  22.76660  0.0  0.0  0.0069  0.000983  22.76695       0
27  USD_CZK 2024-05-21 17:05:00+00:00  22.76960  22.76705  0.0  0.0  0.0070  0.001274  22.76960       0
28  USD_CZK 2024-05-21 17:06:00+00:00  22.76975  22.76955  0.0  0.0  0.0073  0.001019  22.76975       0
29  USD_CZK 2024-05-21 17:07:00+00:00  22.77140  22.76965  0.0  0.0  0.0078  0.002285  22.77140       0
30  USD_CZK 2024-05-21 17:08:00+00:00  22.77275  22.77170  0.0  0.0  0.0073  0.003225  22.77275       0
2024-05-21 13:10:06 CandleManager() new candle:last_candle:2024-05-21 17:09 is_ready:True
2024-05-21 13:10:13 tech_manager: max_rows:32 candle_time2024-05-21 17:09:00+00:00 granularity:M1
2024-05-21 13:10:13 process_candles:
       PAIR                      time     mid_c     mid_o   SL   TP  SPREAD      GAIN      LOSS  SIGNAL
26  USD_CZK 2024-05-21 17:05:00+00:00  22.76960  22.76705  0.0  0.0  0.0070  0.001274  22.76960       0
27  USD_CZK 2024-05-21 17:06:00+00:00  22.76975  22.76955  0.0  0.0  0.0073  0.001019  22.76975       0
28  USD_CZK 2024-05-21 17:07:00+00:00  22.77140  22.76965  0.0  0.0  0.0078  0.002285  22.77140       0
29  USD_CZK 2024-05-21 17:08:00+00:00  22.77275  22.77170  0.0  0.0  0.0073  0.003225  22.77275       0
30  USD_CZK 2024-05-21 17:09:00+00:00  22.77275  22.77295  0.0  0.0  0.0073  0.002971  22.77275       0
2024-05-21 13:11:14 CandleManager() new candle:last_candle:2024-05-21 17:10 is_ready:True
2024-05-21 13:11:19 tech_manager: max_rows:32 candle_time2024-05-21 17:10:00+00:00 granularity:M1
2024-05-21 13:11:19 process_candles:
       PAIR                      time     mid_c     mid_o   SL   TP  SPREAD      GAIN      LOSS  SIGNAL
26  USD_CZK 2024-05-21 17:06:00+00:00  22.76975  22.76955  0.0  0.0  0.0073  0.001019  22.76975       0
27  USD_CZK 2024-05-21 17:07:00+00:00  22.77140  22.76965  0.0  0.0  0.0078  0.002285  22.77140       0
28  USD_CZK 2024-05-21 17:08:00+00:00  22.77275  22.77170  0.0  0.0  0.0073  0.003225  22.77275       0
29  USD_CZK 2024-05-21 17:09:00+00:00  22.77275  22.77295  0.0  0.0  0.0073  0.002971  22.77275       0
30  USD_CZK 2024-05-21 17:10:00+00:00  22.77675  22.77270  0.0  0.0  0.0073  0.006421  22.77675       0
