2024-05-21 13:06:58 LogWrapper init() ./logs/USD_CAD.log
2024-05-21 13:06:58 {'n_ma': 12, 'n_std': 2.5, 'maxspread': 0.0004, 'mingain': 0.0014, 'riskreward': 1.4}
2024-05-21 13:07:03 CandleManager() init last_candle: last_candle:2024-05-21 17:06 is_ready:False
2024-05-21 13:08:13 CandleManager() new candle:last_candle:2024-05-21 17:07 is_ready:True
2024-05-21 13:08:17 tech_manager: max_rows:32 candle_time2024-05-21 17:07:00+00:00 granularity:M1
2024-05-21 13:08:18 process_candles:
       PAIR                      time    mid_c    mid_o   SL   TP   SPREAD      GAIN     LOSS  SIGNAL
26  USD_CAD 2024-05-21 17:03:00+00:00  1.36486  1.36492  0.0  0.0  0.00019  0.000005  1.36486       0
27  USD_CAD 2024-05-21 17:04:00+00:00  1.36488  1.36488  0.0  0.0  0.00018  0.000003  1.36488       0
28  USD_CAD 2024-05-21 17:05:00+00:00  1.36500  1.36491  0.0  0.0  0.00018  0.000099  1.36500       0
29  USD_CAD 2024-05-21 17:06:00+00:00  1.36507  1.36500  0.0  0.0  0.00016  0.000147  1.36507       0
30  USD_CAD 2024-05-21 17:07:00+00:00  1.36515  1.36508  0.0  0.0  0.00016  0.000196  1.36515       0
2024-05-21 13:09:01 CandleManager() new candle:last_candle:2024-05-21 17:08 is_ready:True
2024-05-21 13:09:05 tech_manager: max_rows:32 candle_time2024-05-21 17:08:00+00:00 granularity:M1
2024-05-21 13:09:05 process_candles:
       PAIR                      time    mid_c    mid_o   SL   TP   SPREAD      GAIN     LOSS  SIGNAL
26  USD_CAD 2024-05-21 17:04:00+00:00  1.36488  1.36488  0.0  0.0  0.00018  0.000003  1.36488       0
27  USD_CAD 2024-05-21 17:05:00+00:00  1.36500  1.36491  0.0  0.0  0.00018  0.000099  1.36500       0
28  USD_CAD 2024-05-21 17:06:00+00:00  1.36507  1.36500  0.0  0.0  0.00016  0.000147  1.36507       0
29  USD_CAD 2024-05-21 17:07:00+00:00  1.36515  1.36508  0.0  0.0  0.00016  0.000196  1.36515       0
30  USD_CAD 2024-05-21 17:08:00+00:00  1.36518  1.36516  0.0  0.0  0.00017  0.000196  1.36518       0
2024-05-21 13:10:03 CandleManager() new candle:last_candle:2024-05-21 17:09 is_ready:True
2024-05-21 13:10:09 tech_manager: max_rows:32 candle_time2024-05-21 17:09:00+00:00 granularity:M1
2024-05-21 13:10:09 process_candles:
       PAIR                      time    mid_c    mid_o   SL   TP   SPREAD      GAIN     LOSS  SIGNAL
26  USD_CAD 2024-05-21 17:05:00+00:00  1.36500  1.36491  0.0  0.0  0.00018  0.000099  1.36500       0
27  USD_CAD 2024-05-21 17:06:00+00:00  1.36507  1.36500  0.0  0.0  0.00016  0.000147  1.36507       0
28  USD_CAD 2024-05-21 17:07:00+00:00  1.36515  1.36508  0.0  0.0  0.00016  0.000196  1.36515       0
29  USD_CAD 2024-05-21 17:08:00+00:00  1.36518  1.36516  0.0  0.0  0.00017  0.000196  1.36518       0
30  USD_CAD 2024-05-21 17:09:00+00:00  1.36522  1.36518  0.0  0.0  0.00017  0.000212  1.36522       0
2024-05-21 13:11:12 CandleManager() new candle:last_candle:2024-05-21 17:10 is_ready:True
2024-05-21 13:11:16 tech_manager: max_rows:32 candle_time2024-05-21 17:10:00+00:00 granularity:M1
2024-05-21 13:11:17 process_candles:
       PAIR                      time    mid_c    mid_o   SL   TP   SPREAD      GAIN     LOSS  SIGNAL
26  USD_CAD 2024-05-21 17:06:00+00:00  1.36507  1.36500  0.0  0.0  0.00016  0.000147  1.36507       0
27  USD_CAD 2024-05-21 17:07:00+00:00  1.36515  1.36508  0.0  0.0  0.00016  0.000196  1.36515       0
28  USD_CAD 2024-05-21 17:08:00+00:00  1.36518  1.36516  0.0  0.0  0.00017  0.000196  1.36518       0
29  USD_CAD 2024-05-21 17:09:00+00:00  1.36522  1.36518  0.0  0.0  0.00017  0.000212  1.36522       0
30  USD_CAD 2024-05-21 17:10:00+00:00  1.36544  1.36526  0.0  0.0  0.00018  0.000393  1.36544       0
