2024-05-21 13:06:58 LogWrapper init() ./logs/USD_NOK.log
2024-05-21 13:06:58 {'n_ma': 12, 'n_std': 2.5, 'maxspread': 0.04, 'mingain': 0.14, 'riskreward': 1.4}
2024-05-21 13:07:03 CandleManager() init last_candle: last_candle:2024-05-21 17:06 is_ready:False
2024-05-21 13:08:00 CandleManager() new candle:last_candle:2024-05-21 17:07 is_ready:True
2024-05-21 13:08:02 tech_manager: max_rows:32 candle_time2024-05-21 17:07:00+00:00 granularity:M1
2024-05-21 13:08:02 process_candles:
       PAIR                      time     mid_c     mid_o   SL   TP   SPREAD      GAIN      LOSS  SIGNAL
26  USD_NOK 2024-05-21 17:03:00+00:00  10.66875  10.67136  0.0  0.0  0.00220  0.002823  10.66875       0
27  USD_NOK 2024-05-21 17:04:00+00:00  10.66895  10.66870  0.0  0.0  0.00200  0.002444  10.66895       0
28  USD_NOK 2024-05-21 17:05:00+00:00  10.66990  10.66900  0.0  0.0  0.00250  0.001331  10.66990       0
29  USD_NOK 2024-05-21 17:06:00+00:00  10.66970  10.67000  0.0  0.0  0.00310  0.001355  10.66970       0
30  USD_NOK 2024-05-21 17:07:00+00:00  10.67098  10.66956  0.0  0.0  0.00293  0.000019  10.67098       0
2024-05-21 13:09:03 CandleManager() new candle:last_candle:2024-05-21 17:08 is_ready:True
2024-05-21 13:09:07 tech_manager: max_rows:32 candle_time2024-05-21 17:08:00+00:00 granularity:M1
2024-05-21 13:09:07 process_candles:
       PAIR                      time     mid_c     mid_o   SL   TP   SPREAD      GAIN      LOSS  SIGNAL
26  USD_NOK 2024-05-21 17:04:00+00:00  10.66895  10.66870  0.0  0.0  0.00200  0.002444  10.66895       0
27  USD_NOK 2024-05-21 17:05:00+00:00  10.66990  10.66900  0.0  0.0  0.00250  0.001331  10.66990       0
28  USD_NOK 2024-05-21 17:06:00+00:00  10.66970  10.67000  0.0  0.0  0.00310  0.001355  10.66970       0
29  USD_NOK 2024-05-21 17:07:00+00:00  10.67098  10.66956  0.0  0.0  0.00293  0.000019  10.67098       0
30  USD_NOK 2024-05-21 17:08:00+00:00  10.67030  10.67098  0.0  0.0  0.00250  0.000622  10.67030       0
2024-05-21 13:10:05 CandleManager() new candle:last_candle:2024-05-21 17:09 is_ready:True
2024-05-21 13:10:12 tech_manager: max_rows:32 candle_time2024-05-21 17:09:00+00:00 granularity:M1
2024-05-21 13:10:12 process_candles:
       PAIR                      time     mid_c     mid_o   SL   TP   SPREAD      GAIN      LOSS  SIGNAL
26  USD_NOK 2024-05-21 17:05:00+00:00  10.66990  10.66900  0.0  0.0  0.00250  0.001331  10.66990       0
27  USD_NOK 2024-05-21 17:06:00+00:00  10.66970  10.67000  0.0  0.0  0.00310  0.001355  10.66970       0
28  USD_NOK 2024-05-21 17:07:00+00:00  10.67098  10.66956  0.0  0.0  0.00293  0.000019  10.67098       0
29  USD_NOK 2024-05-21 17:08:00+00:00  10.67030  10.67098  0.0  0.0  0.00250  0.000622  10.67030       0
30  USD_NOK 2024-05-21 17:09:00+00:00  10.67060  10.67005  0.0  0.0  0.00310  0.000223  10.67060       0
2024-05-21 13:11:14 CandleManager() new candle:last_candle:2024-05-21 17:10 is_ready:True
2024-05-21 13:11:19 tech_manager: max_rows:32 candle_time2024-05-21 17:10:00+00:00 granularity:M1
2024-05-21 13:11:19 process_candles:
       PAIR                      time     mid_c     mid_o   SL   TP   SPREAD      GAIN      LOSS  SIGNAL
26  USD_NOK 2024-05-21 17:06:00+00:00  10.66970  10.67000  0.0  0.0  0.00310  0.001355  10.66970       0
27  USD_NOK 2024-05-21 17:07:00+00:00  10.67098  10.66956  0.0  0.0  0.00293  0.000019  10.67098       0
28  USD_NOK 2024-05-21 17:08:00+00:00  10.67030  10.67098  0.0  0.0  0.00250  0.000622  10.67030       0
29  USD_NOK 2024-05-21 17:09:00+00:00  10.67060  10.67005  0.0  0.0  0.00310  0.000223  10.67060       0
30  USD_NOK 2024-05-21 17:10:00+00:00  10.67273  10.67060  0.0  0.0  0.00296  0.001903  10.67273       0
