2024-05-21 13:06:58 LogWrapper init() ./logs/USD_HUF.log
2024-05-21 13:06:58 {'n_ma': 12, 'n_std': 2.5, 'maxspread': 0.04, 'mingain': 0.14, 'riskreward': 1.4}
2024-05-21 13:07:03 CandleManager() init last_candle: last_candle:2024-05-21 17:06 is_ready:False
2024-05-21 13:08:17 CandleManager() new candle:last_candle:2024-05-21 17:07 is_ready:True
2024-05-21 13:08:21 tech_manager: max_rows:32 candle_time2024-05-21 17:07:00+00:00 granularity:M1
2024-05-21 13:08:21 process_candles:
       PAIR                      time    mid_c    mid_o   SL   TP  SPREAD      GAIN     LOSS  SIGNAL
26  USD_HUF 2024-05-21 17:03:00+00:00  355.094  355.117  0.0  0.0   0.248  0.019833  355.094       0
27  USD_HUF 2024-05-21 17:04:00+00:00  355.098  355.094  0.0  0.0   0.253  0.021250  355.098       0
28  USD_HUF 2024-05-21 17:05:00+00:00  355.136  355.100  0.0  0.0   0.243  0.011306  355.136       0
29  USD_HUF 2024-05-21 17:06:00+00:00  355.140  355.140  0.0  0.0   0.240  0.009667  355.140       0
30  USD_HUF 2024-05-21 17:07:00+00:00  355.170  355.138  0.0  0.0   0.239  0.034167  355.170       0
2024-05-21 13:09:04 CandleManager() new candle:last_candle:2024-05-21 17:08 is_ready:True
2024-05-21 13:09:09 tech_manager: max_rows:32 candle_time2024-05-21 17:08:00+00:00 granularity:M1
2024-05-21 13:09:09 process_candles:
       PAIR                      time    mid_c    mid_o   SL   TP  SPREAD      GAIN     LOSS  SIGNAL
26  USD_HUF 2024-05-21 17:04:00+00:00  355.098  355.094  0.0  0.0   0.253  0.021250  355.098       0
27  USD_HUF 2024-05-21 17:05:00+00:00  355.136  355.100  0.0  0.0   0.243  0.011306  355.136       0
28  USD_HUF 2024-05-21 17:06:00+00:00  355.140  355.140  0.0  0.0   0.240  0.009667  355.140       0
29  USD_HUF 2024-05-21 17:07:00+00:00  355.170  355.138  0.0  0.0   0.239  0.034167  355.170       0
30  USD_HUF 2024-05-21 17:08:00+00:00  355.186  355.171  0.0  0.0   0.245  0.044083  355.186       0
2024-05-21 13:10:08 CandleManager() new candle:last_candle:2024-05-21 17:09 is_ready:True
2024-05-21 13:10:16 tech_manager: max_rows:32 candle_time2024-05-21 17:09:00+00:00 granularity:M1
2024-05-21 13:10:16 process_candles:
       PAIR                      time    mid_c    mid_o   SL   TP  SPREAD      GAIN     LOSS  SIGNAL
26  USD_HUF 2024-05-21 17:05:00+00:00  355.136  355.100  0.0  0.0   0.243  0.011306  355.136       0
27  USD_HUF 2024-05-21 17:06:00+00:00  355.140  355.140  0.0  0.0   0.240  0.009667  355.140       0
28  USD_HUF 2024-05-21 17:07:00+00:00  355.170  355.138  0.0  0.0   0.239  0.034167  355.170       0
29  USD_HUF 2024-05-21 17:08:00+00:00  355.186  355.171  0.0  0.0   0.245  0.044083  355.186       0
30  USD_HUF 2024-05-21 17:09:00+00:00  355.184  355.188  0.0  0.0   0.249  0.038417  355.184       0
2024-05-21 13:11:00 CandleManager() new candle:last_candle:2024-05-21 17:10 is_ready:True
2024-05-21 13:11:01 tech_manager: max_rows:32 candle_time2024-05-21 17:10:00+00:00 granularity:M1
2024-05-21 13:11:01 process_candles:
       PAIR                      time    mid_c    mid_o   SL   TP  SPREAD      GAIN     LOSS  SIGNAL
26  USD_HUF 2024-05-21 17:06:00+00:00  355.140  355.140  0.0  0.0   0.240  0.009667  355.140       0
27  USD_HUF 2024-05-21 17:07:00+00:00  355.170  355.138  0.0  0.0   0.239  0.034167  355.170       0
28  USD_HUF 2024-05-21 17:08:00+00:00  355.186  355.171  0.0  0.0   0.245  0.044083  355.186       0
29  USD_HUF 2024-05-21 17:09:00+00:00  355.184  355.188  0.0  0.0   0.249  0.038417  355.184       0
30  USD_HUF 2024-05-21 17:10:00+00:00  355.150  355.198  0.0  0.0   0.161  0.000583  355.150       0
