2024-05-21 13:06:58 LogWrapper init() ./logs/USD_TRY.log
2024-05-21 13:06:58 {'n_ma': 12, 'n_std': 2.5, 'maxspread': 0.04, 'mingain': 0.14, 'riskreward': 1.4}
2024-05-21 13:07:03 CandleManager() init last_candle: last_candle:2024-05-21 17:03 is_ready:False
2024-05-21 13:07:15 CandleManager() new candle:last_candle:2024-05-21 17:06 is_ready:True
2024-05-21 13:07:18 tech_manager: max_rows:32 candle_time2024-05-21 17:06:00+00:00 granularity:M1
2024-05-21 13:07:18 process_candles:
       PAIR                      time     mid_c     mid_o   SL   TP   SPREAD      GAIN      LOSS  SIGNAL
26  USD_TRY 2024-05-21 17:00:00+00:00  32.19130  32.19126  0.0  0.0  0.00760  0.000421  32.19130       0
27  USD_TRY 2024-05-21 17:01:00+00:00  32.19134  32.19134  0.0  0.0  0.00767  0.000369  32.19134       0
28  USD_TRY 2024-05-21 17:02:00+00:00  32.19109  32.19200  0.0  0.0  0.00798  0.000032  32.19109       0
29  USD_TRY 2024-05-21 17:03:00+00:00  32.19114  32.19112  0.0  0.0  0.00807  0.000017  32.19114       0
30  USD_TRY 2024-05-21 17:06:00+00:00  32.19130  32.19130  0.0  0.0  0.00770  0.000096  32.19130       0
2024-05-21 13:08:14 CandleManager() new candle:last_candle:2024-05-21 17:07 is_ready:True
2024-05-21 13:08:18 tech_manager: max_rows:32 candle_time2024-05-21 17:07:00+00:00 granularity:M1
2024-05-21 13:08:18 process_candles:
       PAIR                      time     mid_c     mid_o   SL   TP   SPREAD      GAIN      LOSS  SIGNAL
27  USD_TRY 2024-05-21 17:01:00+00:00  32.19134  32.19134  0.0  0.0  0.00767  0.000369  32.19134       0
28  USD_TRY 2024-05-21 17:02:00+00:00  32.19109  32.19200  0.0  0.0  0.00798  0.000032  32.19109       0
29  USD_TRY 2024-05-21 17:03:00+00:00  32.19114  32.19112  0.0  0.0  0.00807  0.000017  32.19114       0
30  USD_TRY 2024-05-21 17:06:00+00:00  32.19130  32.19130  0.0  0.0  0.00770  0.000096  32.19130       0
31  USD_TRY 2024-05-21 17:07:00+00:00  32.19087  32.19087  0.0  0.0  0.00856  0.000297  32.19087       0
2024-05-21 13:09:20 CandleManager() new candle:last_candle:2024-05-21 17:08 is_ready:True
2024-05-21 13:09:24 tech_manager: max_rows:32 candle_time2024-05-21 17:08:00+00:00 granularity:M1
2024-05-21 13:09:24 process_candles:
       PAIR                      time     mid_c     mid_o   SL   TP   SPREAD      GAIN      LOSS  SIGNAL
27  USD_TRY 2024-05-21 17:02:00+00:00  32.19109  32.19200  0.0  0.0  0.00798  0.000032  32.19109       0
28  USD_TRY 2024-05-21 17:03:00+00:00  32.19114  32.19112  0.0  0.0  0.00807  0.000017  32.19114       0
29  USD_TRY 2024-05-21 17:06:00+00:00  32.19130  32.19130  0.0  0.0  0.00770  0.000096  32.19130       0
30  USD_TRY 2024-05-21 17:07:00+00:00  32.19087  32.19087  0.0  0.0  0.00856  0.000297  32.19087       0
31  USD_TRY 2024-05-21 17:08:00+00:00  32.19103  32.19103  0.0  0.0  0.00838  0.000154  32.19103       0
