2024-05-21 13:06:58 LogWrapper init() ./logs/USD_DKK.log
2024-05-21 13:06:58 {'n_ma': 12, 'n_std': 2.5, 'maxspread': 0.04, 'mingain': 0.14, 'riskreward': 1.4}
2024-05-21 13:07:03 CandleManager() init last_candle: last_candle:2024-05-21 17:06 is_ready:False
2024-05-21 13:08:14 CandleManager() new candle:last_candle:2024-05-21 17:07 is_ready:True
2024-05-21 13:08:19 tech_manager: max_rows:32 candle_time2024-05-21 17:07:00+00:00 granularity:M1
2024-05-21 13:08:19 process_candles:
       PAIR                      time    mid_c    mid_o   SL   TP   SPREAD      GAIN     LOSS  SIGNAL
26  USD_DKK 2024-05-21 17:03:00+00:00  6.87400  6.87455  0.0  0.0  0.00130  0.000347  6.87400       0
27  USD_DKK 2024-05-21 17:04:00+00:00  6.87410  6.87408  0.0  0.0  0.00130  0.000359  6.87410       0
28  USD_DKK 2024-05-21 17:05:00+00:00  6.87483  6.87418  0.0  0.0  0.00124  0.000259  6.87483       0
29  USD_DKK 2024-05-21 17:06:00+00:00  6.87493  6.87494  0.0  0.0  0.00124  0.000237  6.87493       0
30  USD_DKK 2024-05-21 17:07:00+00:00  6.87547  6.87490  0.0  0.0  0.00126  0.000660  6.87547       0
2024-05-21 13:09:02 CandleManager() new candle:last_candle:2024-05-21 17:08 is_ready:True
2024-05-21 13:09:06 tech_manager: max_rows:32 candle_time2024-05-21 17:08:00+00:00 granularity:M1
2024-05-21 13:09:06 process_candles:
       PAIR                      time    mid_c    mid_o   SL   TP   SPREAD      GAIN     LOSS  SIGNAL
26  USD_DKK 2024-05-21 17:04:00+00:00  6.87410  6.87408  0.0  0.0  0.00130  0.000359  6.87410       0
27  USD_DKK 2024-05-21 17:05:00+00:00  6.87483  6.87418  0.0  0.0  0.00124  0.000259  6.87483       0
28  USD_DKK 2024-05-21 17:06:00+00:00  6.87493  6.87494  0.0  0.0  0.00124  0.000237  6.87493       0
29  USD_DKK 2024-05-21 17:07:00+00:00  6.87547  6.87490  0.0  0.0  0.00126  0.000660  6.87547       0
30  USD_DKK 2024-05-21 17:08:00+00:00  6.87581  6.87548  0.0  0.0  0.00128  0.000884  6.87581       0
2024-05-21 13:10:04 CandleManager() new candle:last_candle:2024-05-21 17:09 is_ready:True
2024-05-21 13:10:11 tech_manager: max_rows:32 candle_time2024-05-21 17:09:00+00:00 granularity:M1
2024-05-21 13:10:11 process_candles:
       PAIR                      time    mid_c    mid_o   SL   TP   SPREAD      GAIN     LOSS  SIGNAL
26  USD_DKK 2024-05-21 17:05:00+00:00  6.87483  6.87418  0.0  0.0  0.00124  0.000259  6.87483       0
27  USD_DKK 2024-05-21 17:06:00+00:00  6.87493  6.87494  0.0  0.0  0.00124  0.000237  6.87493       0
28  USD_DKK 2024-05-21 17:07:00+00:00  6.87547  6.87490  0.0  0.0  0.00126  0.000660  6.87547       0
29  USD_DKK 2024-05-21 17:08:00+00:00  6.87581  6.87548  0.0  0.0  0.00128  0.000884  6.87581       0
30  USD_DKK 2024-05-21 17:09:00+00:00  6.87578  6.87584  0.0  0.0  0.00129  0.000779  6.87578       0
2024-05-21 13:11:13 CandleManager() new candle:last_candle:2024-05-21 17:10 is_ready:True
2024-05-21 13:11:18 tech_manager: max_rows:32 candle_time2024-05-21 17:10:00+00:00 granularity:M1
2024-05-21 13:11:18 process_candles:
       PAIR                      time    mid_c    mid_o   SL   TP   SPREAD      GAIN     LOSS  SIGNAL
26  USD_DKK 2024-05-21 17:06:00+00:00  6.87493  6.87494  0.0  0.0  0.00124  0.000237  6.87493       0
27  USD_DKK 2024-05-21 17:07:00+00:00  6.87547  6.87490  0.0  0.0  0.00126  0.000660  6.87547       0
28  USD_DKK 2024-05-21 17:08:00+00:00  6.87581  6.87548  0.0  0.0  0.00128  0.000884  6.87581       0
29  USD_DKK 2024-05-21 17:09:00+00:00  6.87578  6.87584  0.0  0.0  0.00129  0.000779  6.87578       0
30  USD_DKK 2024-05-21 17:10:00+00:00  6.87700  6.87580  0.0  0.0  0.00130  0.001845  6.87700       0
