2024-05-21 13:06:58 LogWrapper init() ./logs/USD_JPY.log
2024-05-21 13:06:58 {'n_ma': 12, 'n_std': 2.5, 'maxspread': 0.04, 'mingain': 0.14, 'riskreward': 1.4}
2024-05-21 13:07:03 CandleManager() init last_candle: last_candle:2024-05-21 17:05 is_ready:False
2024-05-21 13:07:14 CandleManager() new candle:last_candle:2024-05-21 17:06 is_ready:True
2024-05-21 13:07:18 tech_manager: max_rows:32 candle_time2024-05-21 17:06:00+00:00 granularity:M1
2024-05-21 13:07:18 process_candles:
       PAIR                      time    mid_c    mid_o   SL   TP  SPREAD      GAIN     LOSS  SIGNAL
26  USD_JPY 2024-05-21 17:02:00+00:00  156.132  156.129  0.0  0.0   0.017  0.005750  156.132       0
27  USD_JPY 2024-05-21 17:03:00+00:00  156.133  156.132  0.0  0.0   0.016  0.004222  156.133       0
28  USD_JPY 2024-05-21 17:04:00+00:00  156.138  156.132  0.0  0.0   0.016  0.001333  156.138       0
29  USD_JPY 2024-05-21 17:05:00+00:00  156.158  156.138  0.0  0.0   0.017  0.021139  156.158       0
30  USD_JPY 2024-05-21 17:06:00+00:00  156.167  156.157  0.0  0.0   0.016  0.028833  156.167       0
2024-05-21 13:08:13 CandleManager() new candle:last_candle:2024-05-21 17:07 is_ready:True
2024-05-21 13:08:17 tech_manager: max_rows:32 candle_time2024-05-21 17:07:00+00:00 granularity:M1
2024-05-21 13:08:17 process_candles:
       PAIR                      time    mid_c    mid_o   SL   TP  SPREAD      GAIN     LOSS  SIGNAL
26  USD_JPY 2024-05-21 17:03:00+00:00  156.133  156.132  0.0  0.0   0.016  0.004222  156.133       0
27  USD_JPY 2024-05-21 17:04:00+00:00  156.138  156.132  0.0  0.0   0.016  0.001333  156.138       0
28  USD_JPY 2024-05-21 17:05:00+00:00  156.158  156.138  0.0  0.0   0.017  0.021139  156.158       0
29  USD_JPY 2024-05-21 17:06:00+00:00  156.167  156.157  0.0  0.0   0.016  0.028833  156.167       0
30  USD_JPY 2024-05-21 17:07:00+00:00  156.173  156.166  0.0  0.0   0.016  0.032361  156.173       0
2024-05-21 13:09:00 CandleManager() new candle:last_candle:2024-05-21 17:08 is_ready:True
2024-05-21 13:09:05 tech_manager: max_rows:32 candle_time2024-05-21 17:08:00+00:00 granularity:M1
2024-05-21 13:09:05 process_candles:
       PAIR                      time    mid_c    mid_o   SL   TP  SPREAD      GAIN     LOSS  SIGNAL
26  USD_JPY 2024-05-21 17:04:00+00:00  156.138  156.132  0.0  0.0   0.016  0.001333  156.138       0
27  USD_JPY 2024-05-21 17:05:00+00:00  156.158  156.138  0.0  0.0   0.017  0.021139  156.158       0
28  USD_JPY 2024-05-21 17:06:00+00:00  156.167  156.157  0.0  0.0   0.016  0.028833  156.167       0
29  USD_JPY 2024-05-21 17:07:00+00:00  156.173  156.166  0.0  0.0   0.016  0.032361  156.173       0
30  USD_JPY 2024-05-21 17:08:00+00:00  156.184  156.172  0.0  0.0   0.015  0.040139  156.184       0
2024-05-21 13:10:02 CandleManager() new candle:last_candle:2024-05-21 17:09 is_ready:True
2024-05-21 13:10:09 tech_manager: max_rows:32 candle_time2024-05-21 17:09:00+00:00 granularity:M1
2024-05-21 13:10:09 process_candles:
       PAIR                      time    mid_c    mid_o   SL   TP  SPREAD      GAIN     LOSS  SIGNAL
26  USD_JPY 2024-05-21 17:05:00+00:00  156.158  156.138  0.0  0.0   0.017  0.021139  156.158       0
27  USD_JPY 2024-05-21 17:06:00+00:00  156.167  156.157  0.0  0.0   0.016  0.028833  156.167       0
28  USD_JPY 2024-05-21 17:07:00+00:00  156.173  156.166  0.0  0.0   0.016  0.032361  156.173       0
29  USD_JPY 2024-05-21 17:08:00+00:00  156.184  156.172  0.0  0.0   0.015  0.040139  156.184       0
30  USD_JPY 2024-05-21 17:09:00+00:00  156.178  156.183  0.0  0.0   0.014  0.031833  156.178       0
2024-05-21 13:11:12 CandleManager() new candle:last_candle:2024-05-21 17:10 is_ready:True
2024-05-21 13:11:16 tech_manager: max_rows:32 candle_time2024-05-21 17:10:00+00:00 granularity:M1
2024-05-21 13:11:16 process_candles:
       PAIR                      time    mid_c    mid_o   SL   TP  SPREAD      GAIN     LOSS  SIGNAL
26  USD_JPY 2024-05-21 17:06:00+00:00  156.167  156.157  0.0  0.0   0.016  0.028833  156.167       0
27  USD_JPY 2024-05-21 17:07:00+00:00  156.173  156.166  0.0  0.0   0.016  0.032361  156.173       0
28  USD_JPY 2024-05-21 17:08:00+00:00  156.184  156.172  0.0  0.0   0.015  0.040139  156.184       0
29  USD_JPY 2024-05-21 17:09:00+00:00  156.178  156.183  0.0  0.0   0.014  0.031833  156.178       0
30  USD_JPY 2024-05-21 17:10:00+00:00  156.204  156.180  0.0  0.0   0.014  0.053333  156.204       0
