2024-05-21 13:06:58 LogWrapper init() ./logs/USD_SGD.log
2024-05-21 13:06:58 {'n_ma': 12, 'n_std': 2.5, 'maxspread': 0.04, 'mingain': 0.14, 'riskreward': 1.4}
2024-05-21 13:07:03 CandleManager() init last_candle: last_candle:2024-05-21 17:06 is_ready:False
2024-05-21 13:08:14 CandleManager() new candle:last_candle:2024-05-21 17:07 is_ready:True
2024-05-21 13:08:19 tech_manager: max_rows:32 candle_time2024-05-21 17:07:00+00:00 granularity:M1
2024-05-21 13:08:19 process_candles:
       PAIR                      time    mid_c    mid_o   SL   TP   SPREAD      GAIN     LOSS  SIGNAL
26  USD_SGD 2024-05-21 17:03:00+00:00  1.34733  1.34736  0.0  0.0  0.00016  0.000013  1.34733       0
27  USD_SGD 2024-05-21 17:04:00+00:00  1.34736  1.34734  0.0  0.0  0.00014  0.000027  1.34736       0
28  USD_SGD 2024-05-21 17:05:00+00:00  1.34744  1.34736  0.0  0.0  0.00015  0.000089  1.34744       0
29  USD_SGD 2024-05-21 17:06:00+00:00  1.34746  1.34745  0.0  0.0  0.00016  0.000090  1.34746       0
30  USD_SGD 2024-05-21 17:07:00+00:00  1.34745  1.34745  0.0  0.0  0.00016  0.000062  1.34745       0
2024-05-21 13:09:02 CandleManager() new candle:last_candle:2024-05-21 17:08 is_ready:True
2024-05-21 13:09:06 tech_manager: max_rows:32 candle_time2024-05-21 17:08:00+00:00 granularity:M1
2024-05-21 13:09:06 process_candles:
       PAIR                      time    mid_c    mid_o   SL   TP   SPREAD      GAIN     LOSS  SIGNAL
26  USD_SGD 2024-05-21 17:04:00+00:00  1.34736  1.34734  0.0  0.0  0.00014  0.000027  1.34736       0
27  USD_SGD 2024-05-21 17:05:00+00:00  1.34744  1.34736  0.0  0.0  0.00015  0.000089  1.34744       0
28  USD_SGD 2024-05-21 17:06:00+00:00  1.34746  1.34745  0.0  0.0  0.00016  0.000090  1.34746       0
29  USD_SGD 2024-05-21 17:07:00+00:00  1.34745  1.34745  0.0  0.0  0.00016  0.000062  1.34745       0
30  USD_SGD 2024-05-21 17:08:00+00:00  1.34742  1.34744  0.0  0.0  0.00018  0.000020  1.34742       0
2024-05-21 13:10:04 CandleManager() new candle:last_candle:2024-05-21 17:09 is_ready:True
2024-05-21 13:10:11 tech_manager: max_rows:32 candle_time2024-05-21 17:09:00+00:00 granularity:M1
2024-05-21 13:10:11 process_candles:
       PAIR                      time    mid_c    mid_o   SL   TP   SPREAD      GAIN     LOSS  SIGNAL
26  USD_SGD 2024-05-21 17:05:00+00:00  1.34744  1.34736  0.0  0.0  0.00015  0.000089  1.34744       0
27  USD_SGD 2024-05-21 17:06:00+00:00  1.34746  1.34745  0.0  0.0  0.00016  0.000090  1.34746       0
28  USD_SGD 2024-05-21 17:07:00+00:00  1.34745  1.34745  0.0  0.0  0.00016  0.000062  1.34745       0
29  USD_SGD 2024-05-21 17:08:00+00:00  1.34742  1.34744  0.0  0.0  0.00018  0.000020  1.34742       0
30  USD_SGD 2024-05-21 17:09:00+00:00  1.34744  1.34743  0.0  0.0  0.00015  0.000037  1.34744       0
2024-05-21 13:11:13 CandleManager() new candle:last_candle:2024-05-21 17:10 is_ready:True
2024-05-21 13:11:18 tech_manager: max_rows:32 candle_time2024-05-21 17:10:00+00:00 granularity:M1
2024-05-21 13:11:18 process_candles:
       PAIR                      time    mid_c    mid_o   SL   TP   SPREAD      GAIN     LOSS  SIGNAL
26  USD_SGD 2024-05-21 17:06:00+00:00  1.34746  1.34745  0.0  0.0  0.00016  0.000090  1.34746       0
27  USD_SGD 2024-05-21 17:07:00+00:00  1.34745  1.34745  0.0  0.0  0.00016  0.000062  1.34745       0
28  USD_SGD 2024-05-21 17:08:00+00:00  1.34742  1.34744  0.0  0.0  0.00018  0.000020  1.34742       0
29  USD_SGD 2024-05-21 17:09:00+00:00  1.34744  1.34743  0.0  0.0  0.00015  0.000037  1.34744       0
30  USD_SGD 2024-05-21 17:10:00+00:00  1.34762  1.34746  0.0  0.0  0.00018  0.000203  1.34762       0
