2024-05-21 13:06:58 LogWrapper init() ./logs/USD_MXN.log
2024-05-21 13:06:58 {'n_ma': 12, 'n_std': 2.5, 'maxspread': 0.04, 'mingain': 0.14, 'riskreward': 1.4}
2024-05-21 13:07:03 CandleManager() init last_candle: last_candle:2024-05-21 17:06 is_ready:False
2024-05-21 13:08:14 CandleManager() new candle:last_candle:2024-05-21 17:07 is_ready:True
2024-05-21 13:08:18 tech_manager: max_rows:32 candle_time2024-05-21 17:07:00+00:00 granularity:M1
2024-05-21 13:08:19 process_candles:
       PAIR                      time     mid_c     mid_o   SL   TP   SPREAD      GAIN      LOSS  SIGNAL
26  USD_MXN 2024-05-21 17:03:00+00:00  16.66389  16.66518  0.0  0.0  0.00462  0.005396  16.66389       0
27  USD_MXN 2024-05-21 17:04:00+00:00  16.66118  16.66394  0.0  0.0  0.00425  0.000978  16.66118       0
28  USD_MXN 2024-05-21 17:05:00+00:00  16.66615  16.66122  0.0  0.0  0.00410  0.004592  16.66615       0
29  USD_MXN 2024-05-21 17:06:00+00:00  16.66382  16.66612  0.0  0.0  0.00415  0.001014  16.66382       0
30  USD_MXN 2024-05-21 17:07:00+00:00  16.65878  16.66368  0.0  0.0  0.00417  0.004376  16.65878       0
2024-05-21 13:09:02 CandleManager() new candle:last_candle:2024-05-21 17:08 is_ready:True
2024-05-21 13:09:06 tech_manager: max_rows:32 candle_time2024-05-21 17:08:00+00:00 granularity:M1
2024-05-21 13:09:06 process_candles:
       PAIR                      time     mid_c     mid_o   SL   TP   SPREAD      GAIN      LOSS  SIGNAL
26  USD_MXN 2024-05-21 17:04:00+00:00  16.66118  16.66394  0.0  0.0  0.00425  0.000978  16.66118       0
27  USD_MXN 2024-05-21 17:05:00+00:00  16.66615  16.66122  0.0  0.0  0.00410  0.004592  16.66615       0
28  USD_MXN 2024-05-21 17:06:00+00:00  16.66382  16.66612  0.0  0.0  0.00415  0.001014  16.66382       0
29  USD_MXN 2024-05-21 17:07:00+00:00  16.65878  16.66368  0.0  0.0  0.00417  0.004376  16.65878       0
30  USD_MXN 2024-05-21 17:08:00+00:00  16.65432  16.65884  0.0  0.0  0.00425  0.008635  16.65432       0
2024-05-21 13:10:04 CandleManager() new candle:last_candle:2024-05-21 17:09 is_ready:True
2024-05-21 13:10:10 tech_manager: max_rows:32 candle_time2024-05-21 17:09:00+00:00 granularity:M1
2024-05-21 13:10:10 process_candles:
       PAIR                      time     mid_c     mid_o   SL   TP   SPREAD      GAIN      LOSS  SIGNAL
26  USD_MXN 2024-05-21 17:05:00+00:00  16.66615  16.66122  0.0  0.0  0.00410  0.004592  16.66615       0
27  USD_MXN 2024-05-21 17:06:00+00:00  16.66382  16.66612  0.0  0.0  0.00415  0.001014  16.66382       0
28  USD_MXN 2024-05-21 17:07:00+00:00  16.65878  16.66368  0.0  0.0  0.00417  0.004376  16.65878       0
29  USD_MXN 2024-05-21 17:08:00+00:00  16.65432  16.65884  0.0  0.0  0.00425  0.008635  16.65432       0
30  USD_MXN 2024-05-21 17:09:00+00:00  16.65212  16.65424  0.0  0.0  0.00365  0.010079  16.65212       0
2024-05-21 13:11:13 CandleManager() new candle:last_candle:2024-05-21 17:10 is_ready:True
2024-05-21 13:11:17 tech_manager: max_rows:32 candle_time2024-05-21 17:10:00+00:00 granularity:M1
2024-05-21 13:11:18 process_candles:
       PAIR                      time     mid_c     mid_o   SL   TP   SPREAD      GAIN      LOSS  SIGNAL
26  USD_MXN 2024-05-21 17:06:00+00:00  16.66382  16.66612  0.0  0.0  0.00415  0.001014  16.66382       0
27  USD_MXN 2024-05-21 17:07:00+00:00  16.65878  16.66368  0.0  0.0  0.00417  0.004376  16.65878       0
28  USD_MXN 2024-05-21 17:08:00+00:00  16.65432  16.65884  0.0  0.0  0.00425  0.008635  16.65432       0
29  USD_MXN 2024-05-21 17:09:00+00:00  16.65212  16.65424  0.0  0.0  0.00365  0.010079  16.65212       0
30  USD_MXN 2024-05-21 17:10:00+00:00  16.65910  16.65209  0.0  0.0  0.00460  0.002535  16.65910       0
