2024-05-21 13:06:58 LogWrapper init() ./logs/USD_CHF.log
2024-05-21 13:06:58 {'n_ma': 12, 'n_std': 2.5, 'maxspread': 0.0004, 'mingain': 0.0014, 'riskreward': 1.4}
2024-05-21 13:07:03 CandleManager() init last_candle: last_candle:2024-05-21 17:06 is_ready:False
2024-05-21 13:08:13 CandleManager() new candle:last_candle:2024-05-21 17:07 is_ready:True
2024-05-21 13:08:17 tech_manager: max_rows:32 candle_time2024-05-21 17:07:00+00:00 granularity:M1
2024-05-21 13:08:17 process_candles:
       PAIR                      time    mid_c    mid_o   SL   TP   SPREAD      GAIN     LOSS  SIGNAL
26  USD_CHF 2024-05-21 17:03:00+00:00  0.91080  0.91077  0.0  0.0  0.00013  0.000108  0.91080       0
27  USD_CHF 2024-05-21 17:04:00+00:00  0.91089  0.91081  0.0  0.0  0.00016  0.000178  0.91089       0
28  USD_CHF 2024-05-21 17:05:00+00:00  0.91108  0.91090  0.0  0.0  0.00016  0.000334  0.91108       0
29  USD_CHF 2024-05-21 17:06:00+00:00  0.91101  0.91107  0.0  0.0  0.00014  0.000232  0.91101       0
30  USD_CHF 2024-05-21 17:07:00+00:00  0.91108  0.91102  0.0  0.0  0.00015  0.000271  0.91108       0
2024-05-21 13:09:00 CandleManager() new candle:last_candle:2024-05-21 17:08 is_ready:True
2024-05-21 13:09:05 tech_manager: max_rows:32 candle_time2024-05-21 17:08:00+00:00 granularity:M1
2024-05-21 13:09:05 process_candles:
       PAIR                      time    mid_c    mid_o   SL   TP   SPREAD      GAIN     LOSS  SIGNAL
26  USD_CHF 2024-05-21 17:04:00+00:00  0.91089  0.91081  0.0  0.0  0.00016  0.000178  0.91089       0
27  USD_CHF 2024-05-21 17:05:00+00:00  0.91108  0.91090  0.0  0.0  0.00016  0.000334  0.91108       0
28  USD_CHF 2024-05-21 17:06:00+00:00  0.91101  0.91107  0.0  0.0  0.00014  0.000232  0.91101       0
29  USD_CHF 2024-05-21 17:07:00+00:00  0.91108  0.91102  0.0  0.0  0.00015  0.000271  0.91108       0
30  USD_CHF 2024-05-21 17:08:00+00:00  0.91111  0.91108  0.0  0.0  0.00014  0.000267  0.91111       0
2024-05-21 13:10:02 CandleManager() new candle:last_candle:2024-05-21 17:09 is_ready:True
2024-05-21 13:10:09 tech_manager: max_rows:32 candle_time2024-05-21 17:09:00+00:00 granularity:M1
2024-05-21 13:10:09 process_candles:
       PAIR                      time    mid_c    mid_o   SL   TP   SPREAD      GAIN     LOSS  SIGNAL
26  USD_CHF 2024-05-21 17:05:00+00:00  0.91108  0.91090  0.0  0.0  0.00016  0.000334  0.91108       0
27  USD_CHF 2024-05-21 17:06:00+00:00  0.91101  0.91107  0.0  0.0  0.00014  0.000232  0.91101       0
28  USD_CHF 2024-05-21 17:07:00+00:00  0.91108  0.91102  0.0  0.0  0.00015  0.000271  0.91108       0
29  USD_CHF 2024-05-21 17:08:00+00:00  0.91111  0.91108  0.0  0.0  0.00014  0.000267  0.91111       0
30  USD_CHF 2024-05-21 17:09:00+00:00  0.91110  0.91110  0.0  0.0  0.00015  0.000229  0.91110       0
2024-05-21 13:11:12 CandleManager() new candle:last_candle:2024-05-21 17:10 is_ready:True
2024-05-21 13:11:16 tech_manager: max_rows:32 candle_time2024-05-21 17:10:00+00:00 granularity:M1
2024-05-21 13:11:16 process_candles:
       PAIR                      time    mid_c    mid_o   SL   TP   SPREAD      GAIN     LOSS  SIGNAL
26  USD_CHF 2024-05-21 17:06:00+00:00  0.91101  0.91107  0.0  0.0  0.00014  0.000232  0.91101       0
27  USD_CHF 2024-05-21 17:07:00+00:00  0.91108  0.91102  0.0  0.0  0.00015  0.000271  0.91108       0
28  USD_CHF 2024-05-21 17:08:00+00:00  0.91111  0.91108  0.0  0.0  0.00014  0.000267  0.91111       0
29  USD_CHF 2024-05-21 17:09:00+00:00  0.91110  0.91110  0.0  0.0  0.00015  0.000229  0.91110       0
30  USD_CHF 2024-05-21 17:10:00+00:00  0.91134  0.91110  0.0  0.0  0.00015  0.000424  0.91134       0
