2024-05-21 13:06:58 LogWrapper init() ./logs/USD_PLN.log
2024-05-21 13:06:58 {'n_ma': 12, 'n_std': 2.5, 'maxspread': 0.04, 'mingain': 0.14, 'riskreward': 1.4}
2024-05-21 13:07:03 CandleManager() init last_candle: last_candle:2024-05-21 17:06 is_ready:False
2024-05-21 13:08:14 CandleManager() new candle:last_candle:2024-05-21 17:07 is_ready:True
2024-05-21 13:08:19 tech_manager: max_rows:32 candle_time2024-05-21 17:07:00+00:00 granularity:M1
2024-05-21 13:08:19 process_candles:
       PAIR                      time    mid_c    mid_o   SL   TP   SPREAD      GAIN     LOSS  SIGNAL
26  USD_PLN 2024-05-21 17:03:00+00:00  3.91660  3.91686  0.0  0.0  0.00159  0.000194  3.91660       0
27  USD_PLN 2024-05-21 17:04:00+00:00  3.91660  3.91666  0.0  0.0  0.00179  0.000261  3.91660       0
28  USD_PLN 2024-05-21 17:05:00+00:00  3.91691  3.91666  0.0  0.0  0.00158  0.000023  3.91691       0
29  USD_PLN 2024-05-21 17:06:00+00:00  3.91701  3.91702  0.0  0.0  0.00158  0.000009  3.91701       0
30  USD_PLN 2024-05-21 17:07:00+00:00  3.91732  3.91696  0.0  0.0  0.00156  0.000262  3.91732       0
2024-05-21 13:09:21 CandleManager() new candle:last_candle:2024-05-21 17:08 is_ready:True
2024-05-21 13:09:24 tech_manager: max_rows:32 candle_time2024-05-21 17:08:00+00:00 granularity:M1
2024-05-21 13:09:24 process_candles:
       PAIR                      time    mid_c    mid_o   SL   TP   SPREAD      GAIN     LOSS  SIGNAL
26  USD_PLN 2024-05-21 17:04:00+00:00  3.91660  3.91666  0.0  0.0  0.00179  0.000261  3.91660       0
27  USD_PLN 2024-05-21 17:05:00+00:00  3.91691  3.91666  0.0  0.0  0.00158  0.000023  3.91691       0
28  USD_PLN 2024-05-21 17:06:00+00:00  3.91701  3.91702  0.0  0.0  0.00158  0.000009  3.91701       0
29  USD_PLN 2024-05-21 17:07:00+00:00  3.91732  3.91696  0.0  0.0  0.00156  0.000262  3.91732       0
30  USD_PLN 2024-05-21 17:08:00+00:00  3.91755  3.91731  0.0  0.0  0.00150  0.000425  3.91755       0
2024-05-21 13:10:04 CandleManager() new candle:last_candle:2024-05-21 17:09 is_ready:True
2024-05-21 13:10:10 tech_manager: max_rows:32 candle_time2024-05-21 17:09:00+00:00 granularity:M1
2024-05-21 13:10:10 process_candles:
       PAIR                      time    mid_c    mid_o   SL   TP   SPREAD      GAIN     LOSS  SIGNAL
26  USD_PLN 2024-05-21 17:05:00+00:00  3.91691  3.91666  0.0  0.0  0.00158  0.000023  3.91691       0
27  USD_PLN 2024-05-21 17:06:00+00:00  3.91701  3.91702  0.0  0.0  0.00158  0.000009  3.91701       0
28  USD_PLN 2024-05-21 17:07:00+00:00  3.91732  3.91696  0.0  0.0  0.00156  0.000262  3.91732       0
29  USD_PLN 2024-05-21 17:08:00+00:00  3.91755  3.91731  0.0  0.0  0.00150  0.000425  3.91755       0
30  USD_PLN 2024-05-21 17:09:00+00:00  3.91755  3.91770  0.0  0.0  0.00150  0.000390  3.91755       0
2024-05-21 13:11:13 CandleManager() new candle:last_candle:2024-05-21 17:10 is_ready:True
2024-05-21 13:11:18 tech_manager: max_rows:32 candle_time2024-05-21 17:10:00+00:00 granularity:M1
2024-05-21 13:11:18 process_candles:
       PAIR                      time    mid_c    mid_o   SL   TP   SPREAD      GAIN     LOSS  SIGNAL
26  USD_PLN 2024-05-21 17:06:00+00:00  3.91701  3.91702  0.0  0.0  0.00158  0.000009  3.91701       0
27  USD_PLN 2024-05-21 17:07:00+00:00  3.91732  3.91696  0.0  0.0  0.00156  0.000262  3.91732       0
28  USD_PLN 2024-05-21 17:08:00+00:00  3.91755  3.91731  0.0  0.0  0.00150  0.000425  3.91755       0
29  USD_PLN 2024-05-21 17:09:00+00:00  3.91755  3.91770  0.0  0.0  0.00150  0.000390  3.91755       0
30  USD_PLN 2024-05-21 17:10:00+00:00  3.91827  3.91765  0.0  0.0  0.00146  0.001026  3.91827       0
