2024-05-21 13:06:58 LogWrapper init() ./logs/USD_SEK.log
2024-05-21 13:06:58 {'n_ma': 12, 'n_std': 2.5, 'maxspread': 0.04, 'mingain': 0.14, 'riskreward': 1.4}
2024-05-21 13:07:03 CandleManager() init last_candle: last_candle:2024-05-21 17:06 is_ready:False
2024-05-21 13:08:14 CandleManager() new candle:last_candle:2024-05-21 17:07 is_ready:True
2024-05-21 13:08:19 tech_manager: max_rows:32 candle_time2024-05-21 17:07:00+00:00 granularity:M1
2024-05-21 13:08:19 process_candles:
       PAIR                      time     mid_c     mid_o   SL   TP   SPREAD      GAIN      LOSS  SIGNAL
26  USD_SEK 2024-05-21 17:03:00+00:00  10.69325  10.69430  0.0  0.0  0.00320  0.000508  10.69325       0
27  USD_SEK 2024-05-21 17:04:00+00:00  10.69330  10.69319  0.0  0.0  0.00330  0.000681  10.69330       0
28  USD_SEK 2024-05-21 17:05:00+00:00  10.69466  10.69322  0.0  0.0  0.00301  0.000461  10.69466       0
29  USD_SEK 2024-05-21 17:06:00+00:00  10.69455  10.69450  0.0  0.0  0.00320  0.000133  10.69455       0
30  USD_SEK 2024-05-21 17:07:00+00:00  10.69584  10.69460  0.0  0.0  0.00243  0.001196  10.69584       0
2024-05-21 13:09:02 CandleManager() new candle:last_candle:2024-05-21 17:08 is_ready:True
2024-05-21 13:09:06 tech_manager: max_rows:32 candle_time2024-05-21 17:08:00+00:00 granularity:M1
2024-05-21 13:09:06 process_candles:
       PAIR                      time     mid_c     mid_o   SL   TP   SPREAD      GAIN      LOSS  SIGNAL
26  USD_SEK 2024-05-21 17:04:00+00:00  10.69330  10.69319  0.0  0.0  0.00330  0.000681  10.69330       0
27  USD_SEK 2024-05-21 17:05:00+00:00  10.69466  10.69322  0.0  0.0  0.00301  0.000461  10.69466       0
28  USD_SEK 2024-05-21 17:06:00+00:00  10.69455  10.69450  0.0  0.0  0.00320  0.000133  10.69455       0
29  USD_SEK 2024-05-21 17:07:00+00:00  10.69584  10.69460  0.0  0.0  0.00243  0.001196  10.69584       0
30  USD_SEK 2024-05-21 17:08:00+00:00  10.69678  10.69584  0.0  0.0  0.00313  0.001903  10.69678       0
2024-05-21 13:10:04 CandleManager() new candle:last_candle:2024-05-21 17:09 is_ready:True
2024-05-21 13:10:10 tech_manager: max_rows:32 candle_time2024-05-21 17:09:00+00:00 granularity:M1
2024-05-21 13:10:11 process_candles:
       PAIR                      time     mid_c     mid_o   SL   TP   SPREAD      GAIN      LOSS  SIGNAL
26  USD_SEK 2024-05-21 17:05:00+00:00  10.69466  10.69322  0.0  0.0  0.00301  0.000461  10.69466       0
27  USD_SEK 2024-05-21 17:06:00+00:00  10.69455  10.69450  0.0  0.0  0.00320  0.000133  10.69455       0
28  USD_SEK 2024-05-21 17:07:00+00:00  10.69584  10.69460  0.0  0.0  0.00243  0.001196  10.69584       0
29  USD_SEK 2024-05-21 17:08:00+00:00  10.69678  10.69584  0.0  0.0  0.00313  0.001903  10.69678       0
30  USD_SEK 2024-05-21 17:09:00+00:00  10.69655  10.69658  0.0  0.0  0.00280  0.001557  10.69655       0
2024-05-21 13:11:13 CandleManager() new candle:last_candle:2024-05-21 17:10 is_ready:True
2024-05-21 13:11:18 tech_manager: max_rows:32 candle_time2024-05-21 17:10:00+00:00 granularity:M1
2024-05-21 13:11:18 process_candles:
       PAIR                      time     mid_c     mid_o   SL   TP   SPREAD      GAIN      LOSS  SIGNAL
26  USD_SEK 2024-05-21 17:06:00+00:00  10.69455  10.69450  0.0  0.0  0.00320  0.000133  10.69455       0
27  USD_SEK 2024-05-21 17:07:00+00:00  10.69584  10.69460  0.0  0.0  0.00243  0.001196  10.69584       0
28  USD_SEK 2024-05-21 17:08:00+00:00  10.69678  10.69584  0.0  0.0  0.00313  0.001903  10.69678       0
29  USD_SEK 2024-05-21 17:09:00+00:00  10.69655  10.69658  0.0  0.0  0.00280  0.001557  10.69655       0
30  USD_SEK 2024-05-21 17:10:00+00:00  10.69900  10.69654  0.0  0.0  0.00290  0.003715  10.69900       0
