2024-04-26 16:55:07 LogWrapper init() ./logs/WorkProcessor.log
2024-04-26 16:55:12 New work: LiveApiPrice() GBP_USD ask: 1.24943 bid: 1.24921
2024-04-26 16:55:19 New work: LiveApiPrice() GBP_JPY ask: 197.795 bid: 197.731
2024-04-26 16:55:26 New work: LiveApiPrice() GBP_JPY ask: 197.79 bid: 197.73
2024-04-26 16:55:33 New work: LiveApiPrice() GBP_USD ask: 1.24943 bid: 1.24921
2024-04-26 16:55:40 New work: LiveApiPrice() EUR_CHF ask: 0.97804 bid: 0.97776
2024-04-26 16:55:47 New work: LiveApiPrice() GBP_USD ask: 1.24943 bid: 1.24921
2024-04-26 16:55:54 New work: LiveApiPrice() GBP_USD ask: 1.24943 bid: 1.24921
2024-04-26 16:56:09 New work: LiveApiPrice() GBP_JPY ask: 197.801 bid: 197.736
2024-04-26 16:56:24 New work: LiveApiPrice() GBP_CHF ask: 1.14264 bid: 1.14207
2024-04-26 16:56:31 New work: LiveApiPrice() GBP_JPY ask: 197.806 bid: 197.741
2024-04-26 16:56:38 New work: LiveApiPrice() GBP_CHF ask: 1.14258 bid: 1.14207
2024-04-26 16:56:45 New work: LiveApiPrice() GBP_CHF ask: 1.14251 bid: 1.14203
2024-04-26 16:56:52 New work: LiveApiPrice() GBP_USD ask: 1.2494 bid: 1.24916
2024-04-26 16:56:59 New work: LiveApiPrice() GBP_JPY ask: 197.796 bid: 197.732
2024-04-26 16:57:06 New work: LiveApiPrice() GBP_CHF ask: 1.14258 bid: 1.14204
2024-04-26 16:57:13 New work: LiveApiPrice() EUR_CHF ask: 0.97799 bid: 0.97766
2024-04-26 16:57:20 New work: LiveApiPrice() GBP_CHF ask: 1.14292 bid: 1.14224
2024-04-26 16:57:27 New work: LiveApiPrice() GBP_USD ask: 1.24948 bid: 1.24919
2024-04-26 16:57:34 New work: LiveApiPrice() GBP_JPY ask: 197.811 bid: 197.741
2024-04-26 16:57:41 New work: LiveApiPrice() GBP_CHF ask: 1.14269 bid: 1.14221
2024-04-26 16:57:48 New work: LiveApiPrice() GBP_JPY ask: 197.809 bid: 197.739
2024-04-26 16:57:55 New work: LiveApiPrice() EUR_GBP ask: 0.85604 bid: 0.85583
2024-04-26 16:58:02 New work: LiveApiPrice() GBP_CHF ask: 1.14272 bid: 1.14223
2024-04-26 16:58:09 New work: LiveApiPrice() EUR_GBP ask: 0.85601 bid: 0.85582
2024-04-26 16:58:16 New work: LiveApiPrice() GBP_CHF ask: 1.14272 bid: 1.14224
2024-04-26 16:58:23 New work: LiveApiPrice() GBP_JPY ask: 197.86 bid: 197.792
2024-04-26 16:58:30 New work: LiveApiPrice() EUR_GBP ask: 0.85604 bid: 0.85582
2024-04-26 16:58:37 New work: LiveApiPrice() GBP_USD ask: 1.24947 bid: 1.24918
2024-04-26 16:58:44 New work: LiveApiPrice() GBP_CHF ask: 1.14289 bid: 1.14247
2024-04-26 16:58:51 New work: LiveApiPrice() EUR_CHF ask: 0.9782 bid: 0.97792
2024-04-26 16:58:58 New work: LiveApiPrice() GBP_JPY ask: 197.886 bid: 197.804
2024-04-26 16:59:05 New work: LiveApiPrice() GBP_USD ask: 1.24948 bid: 1.24918
2024-04-26 16:59:12 New work: LiveApiPrice() GBP_CHF ask: 1.14289 bid: 1.14243
