2024-05-21 13:06:58 LogWrapper init() ./logs/ZAR_JPY.log
2024-05-21 13:06:58 {'n_ma': 12, 'n_std': 2.5, 'maxspread': 0.04, 'mingain': 0.14, 'riskreward': 1.4}
2024-05-21 13:07:03 CandleManager() init last_candle: last_candle:2024-05-21 17:05 is_ready:False
2024-05-21 13:09:04 CandleManager() new candle:last_candle:2024-05-21 17:08 is_ready:True
2024-05-21 13:09:08 tech_manager: max_rows:32 candle_time2024-05-21 17:08:00+00:00 granularity:M1
2024-05-21 13:09:09 process_candles:
       PAIR                      time  mid_c  mid_o   SL   TP  SPREAD      GAIN   LOSS  SIGNAL
26  ZAR_JPY 2024-05-21 17:00:00+00:00  8.640  8.640  0.0  0.0   0.014  0.001556  8.640       0
27  ZAR_JPY 2024-05-21 17:01:00+00:00  8.640  8.640  0.0  0.0   0.013  0.001694  8.640       0
28  ZAR_JPY 2024-05-21 17:04:00+00:00  8.642  8.642  0.0  0.0   0.011  0.000056  8.642       0
29  ZAR_JPY 2024-05-21 17:05:00+00:00  8.642  8.642  0.0  0.0   0.012  0.000139  8.642       0
30  ZAR_JPY 2024-05-21 17:08:00+00:00  8.644  8.644  0.0  0.0   0.012  0.001556  8.644       0
2024-05-21 13:10:07 CandleManager() new candle:last_candle:2024-05-21 17:09 is_ready:True
2024-05-21 13:10:15 tech_manager: max_rows:32 candle_time2024-05-21 17:09:00+00:00 granularity:M1
2024-05-21 13:10:15 process_candles:
       PAIR                      time  mid_c  mid_o   SL   TP  SPREAD      GAIN   LOSS  SIGNAL
26  ZAR_JPY 2024-05-21 17:01:00+00:00  8.640  8.640  0.0  0.0   0.013  0.001694  8.640       0
27  ZAR_JPY 2024-05-21 17:04:00+00:00  8.642  8.642  0.0  0.0   0.011  0.000056  8.642       0
28  ZAR_JPY 2024-05-21 17:05:00+00:00  8.642  8.642  0.0  0.0   0.012  0.000139  8.642       0
29  ZAR_JPY 2024-05-21 17:08:00+00:00  8.644  8.644  0.0  0.0   0.012  0.001556  8.644       0
30  ZAR_JPY 2024-05-21 17:09:00+00:00  8.642  8.642  0.0  0.0   0.012  0.000333  8.642       0
2024-05-21 13:11:15 CandleManager() new candle:last_candle:2024-05-21 17:10 is_ready:True
2024-05-21 13:11:20 tech_manager: max_rows:32 candle_time2024-05-21 17:10:00+00:00 granularity:M1
2024-05-21 13:11:20 process_candles:
       PAIR                      time  mid_c  mid_o   SL   TP  SPREAD      GAIN   LOSS  SIGNAL
27  ZAR_JPY 2024-05-21 17:04:00+00:00  8.642  8.642  0.0  0.0   0.011  0.000056  8.642       0
28  ZAR_JPY 2024-05-21 17:05:00+00:00  8.642  8.642  0.0  0.0   0.012  0.000139  8.642       0
29  ZAR_JPY 2024-05-21 17:08:00+00:00  8.644  8.644  0.0  0.0   0.012  0.001556  8.644       0
30  ZAR_JPY 2024-05-21 17:09:00+00:00  8.642  8.642  0.0  0.0   0.012  0.000333  8.642       0
31  ZAR_JPY 2024-05-21 17:10:00+00:00  8.642  8.642  0.0  0.0   0.014  0.000250  8.642       0
